272670
142063
106969
557907
195906
419533
398663
295580
56939
180333
491219
0
247664
526255
702911
147724
313257
114700
226168
864841
0
55344
281983
214170
0
1.1165e+06
568079
179889
341198
23525
0
0
1.07359e+06
256124
0
415893
473619
686019
387627
541395
469570
192046
0
211636
124828
378806
336439
603310
9967
281378
22058
498767
0
25994
196845
0
0
174098
294359
0
73249
22300
0
926611
1.36588e+06
0
34128
47505
176043
0
41841
0
0
51005
19498
0
0
0
0
0
92276
0
0
183812
0
0
42770
71653
640717
398928
435609
195400
385968
568593
127542
142362
645921
408102
184870
875330
175010
409966
51464
370026
170255
701831
0
62215
1.03642e+06
233850
395868
2.07431e+06
249549
470595
298852
305200
248297
1.27557e+06
196923
0
20551
646698
0
1.52905e+06
86955
668362
403211
537045
124345
265347
521813
218113
21018
54107
141949
233633
138395
165468
1.09564e+06
120246
611796
389051
451582
650342
248792
426939
207451
472248
954017
358921
106783
381300
317676
273716
0
579673
779229
0
2.94046e+06
503333
369898
965676
277161
189440
0
867336
72250
307047
378166
229536
20999
155756
580676
108047
107742
421396
833409
281255
1.57203e+06
0
0
194320
81678
0
0
66369
78785
0
0
0
0
0
0
0
0
0
21407
0
20584
135176
110925
0
0
0
0
0
35175
55557
0
0
62458
28644
0
79425
0
127523
150349
0
159808
292736
339229
0
185194
0
356591
102111
0
12142
19780
110422
0
0
87545
256908
52398
0
186616
26217
51748
98221
248218
97027
0
762981
251869
70272
216610
29323
41170
0
114875
275415
198403
745013
68693
421344
0
991227
398187
135950
122648
745965
506079
0
453039
669992
579102
555530
194993
779290
213428
0
0
428113
0
28575
677619
36594
1.10902e+06
21862
0
0
27345
0
25035
382331
101222
0
365314
410203
399044
106190
291642
0
38483
180968
326285
73900
217779
23650
96548
172409
118988
142420
313191
280829
0
100491
0
467838
155869
1.07356e+06
0
81312
500263
365649
154959
196811
1.50659e+06
299779
393255
303553
75207
0
133197
26479
0
0
103678
9790
145835
80781
45539
20404
70259
0
175553
215898
626029
0
306613
252928
230386
22168
124532
1.0883e+06
576972
111265
0
215072
353081
112373
130944
157694
97647
241437
63260
70578
81945
169322
88638
169979
87275
188159
261192
0
255345
324636
80077
720526
531012
454542
117529
115937
56129
801041
103971
887675
73691
150061
487500
285942
97296
71049
55088
72373
0
390496
0
341254
0
85393
0
0
387152
259528
0
73031
0
180517
437475
130167
96018
263532
77380
51230
0
81155
117786
190200
49099
70486
105925
200776
0
187398
56014
442177
156353
48427
152777
170566
3.31653e+06
0
0
0
0
272141
706240
89368
212781
91857
153351
161867
0
98153
337014
587015
415384
32229
506121
263170
1.36425e+06
77416
48519
629179
353258
143757
364091
0
1.27055e+06
39041
430793
95605
201165
501771
161589
0
409711
93402
44938
197475
46866
323737
202408
42577
272797
89634
9945
69296
57191
237877
243292
75743
47107
0
69416
70555
15488
128914
0
324872
130444
0
208457
274675
167914
180734
126922
82785
70879
0
119036
0
26868
13281
970550
71600
0
20526
122916
10106
19633
241436
9886
59001
0
62429
0
25519
0
0
263081
0
23005
20497
41493
134781
0
88078
39359
9889
28153
14498
24239
22572
55771
290530
411905
30845
102952
32776
0
0
71566
325955
85453
44692
123671
219904
10754
107037
92142
482564
12569
259829
1.11179e+06
478649
0
0
77865
176609
109601
189096
98114
18121
103420
252308
0
91263
110679
232791
0
221642
885023
85589
0
432787
98345
22355
0
0
0
136382
49291
243185
82023
0
611235
801709
89630
65480
0
175768
127123
0
97515
45701
0
273832
28718
35849
0
324546
304896
132166
20167
526299
126763
25733
48440
22845
169730
23397
68533
20410
56878
38831
70173
14533
17125
179516
146037
34928
37323
69596
121212
23267
109042
352258
189089
412525
19609
202320
213039
91650
54695
36405
21358
24581
9816
74550
67202
48129
0
0
32715
44956
79088
65006
0
63781
51959
0
0
0
72100
24107
0
0
217252
43883
35127
40054
384464
498090
178821
28902
279449
0
98984
0
0
27872
0
135182
64429
0
62001
0
229037
190717
101016
0
0
131156
114995
0
70320
244053
37963
100719
345640
63916
0
42755
204989
89463
39518
167569
42093
371367
164326
185584
60286
0
9704
55708
285202
0
0
15543
57207
0
23010
10030
152296
40758
391481
275977
51729
21655
0
0
543646
149402
103264
22425
46575
83868
130275
371449
19328
481597
73340
0
415098
176616
23207
192604
71717
496577
82938
0
165121
0
117121
0
0
165749
45478
0
67901
176607
66998
156588
299416
0
0
42524
191372
0
0
64073
438569
43529
107684
303769
196012
384001
259009
20705
10997
0
0
0
1.46051e+06
1.9457e+06
140975
55782
303248
0
249096
0
152177
0
0
0
139549
0
498797
114335
650879
1.78789e+06
2.57785e+06
519707
147559
138173
158428
257622
252779
85811
27482
17409
168580
0
35669
0
0
0
0
0
0
21706
0
0
0
0
24469
0
0
0
38606
0
0
13655
296142
44943
0
0
0
0
0
0
0
0
0
132199
52026
0
0
0
0
9564
22565
0
32060
0
0
43579
0
55441
0
0
0
48980
77308
0
0
0
19503
0
0
0
55240
19902
0
0
0
29813
0
0
0
0
0
0
0
0
0
25029
0
0
0
0
0
0
0
0
0
0
0
0
0
109925
591026
220892
283856
433069
197405
25343
216991
188632
0
0
24837
0
47371
57272
60752
54466
57851
0
137963
28679
143118
0
0
0
0
0
27146
190705
18904
182848
279165
23301
420033
34864
0
0
23858
388740
94480
179313
420545
52237
166763
106424
119934
24066
11183
89485
280621
25202
0
0
76923
0
22553
0
133505
0
328060
81025
58825
118239
60225
539193
84668
90181
134807
519511
0
284886
35799
633768
0
76006
0
0
225315
0
0
14214
139985
23788
0
56483
53605
30792
0
0
0
64289
524968
62022
87307
28069
0
34315
73712
58330
30165
0
96579
61560
0
166460
68129
16503
306684
0
0
148661
74274
28328
0
0
52352
0
203669
303135
0
309848
292002
0
51477
0
57237
301126
0
474833
113438
0
99255
0
0
0
111469
0
61068
182571
30160
0
59349
70094
260263
119836
76868
57523
104652
0
21551
0
0
0
0
0
0
21423
35223
0
0
36480
0
0
0
0
13719
0
0
0
0
0
0
0
50709
0
0
0
0
0
0
0
13302
0
0
0
0
0
0
0
0
0
0
0
9465
0
50195
0
41763
75920
29639
29663
0
487342
121766
0
0
216053
0
225156
0
9783
44672
438309
0
501468
389840
0
0
346605
66798
51209
53589
0
0
63685
413727
0
0
0
47921
539130
0
0
0
616368
0
0
23901
0
32512
457175
0
22267
25157
0
0
10544
9852
22442
23708
330620
122876
18946
0
25097
0
345989
316896
45801
0
57027
51067
0
226559
0
0
0
10798
90510
0
23182
522876
421965
241401
53320
155928
103180
140681
13585
0
0
0
61679
270692
60061
9962
140944
21526
63623
0
166841
66488
0
43479
0
56045
356079
81843
62496
36452
298529
0
145224
0
0
0
0
72506
54595
13288
416988
0
0
0
0
176088
0
604149
0
0
20575
0
0
271194
0
92959
330139
73509
646196
23508
0
0
207764
0
402908
74891
56230
50892
0
281093
0
496823
158167
429621
0
0
0
0
0
0
0
0
86265
0
22676
23229
0
0
61149
256516
0
0
20261
20195
44332
0
0
108473
289013
245730
0
460332
0
22185
143560
0
273019
301521
183265
45770
0
0
0
0
183837
129172
45471
134011
0
0
0
0
0
0
0
39560
0
0
0
0
20574
123996
0
0
0
0
0
0
0
358759
78007
0
102911
0
198682
65902
98080
0
29640
24444
97308
114495
318527
10033
2.0471e+06
270626
377699
181119
577276
40703
39029
38928
298730
59545
0
105671
19895
10693
0
683836
0
136843
0
242748
28069
0
0
19937
99955
48351
36789
1.34391e+06
0
138279
0
12098
13383
81995
19257
229886
0
118725
0
23337
68235
102001
0
141126
33816
22215
0
29616
0
23342
108939
51692
12259
154075
0
21120
22517
0
0
236943
55822
28810
150701
79336
0
196236
52204
218039
169291
159916
10284
10143
247190
43477
24646
78075
0
50672
0
22525
26192
152347
89239
0
0
111671
0
26712
119979
107411
0
0
39479
42491
78656
0
0
0
0
70625
39406
32921
0
0
0
0
0
0
0
0
153271
86386
0
37130
0
0
197362
0
0
21731
13427
50370
0
0
0
0
0
120695
0
0
0
9877
0
28526
0
1.88096e+06
0
305064
104607
13555
0
60731
119619
0
129027
91100
152393
91487
38445
0
0
173542
0
140567
0
0
10076
0
265139
53088
30891
55077
0
52637
58763
0
0
80517
191110
0
249910
25217
113470
0
0
38144
0
0
166018
51939
0
0
0
0
0
0
0
0
67994
28486
222060
60052
0
0
0
23047
20085
10918
10168
44024
0
0
0
74609
0
49719
0
0
0
30288
0
0
0
0
0
0
0
0
65480
0
0
24046
33832
0
0
0
30257
0
0
0
0
0
33021
0
50564
0
0
0
19627
55199
22395
0
0
0
0
42372
0
11612
0
0
110845
0
102343
0
0
0
0
0
0
0
0
31921
0
0
141863
0
22042
71230
0
0
66266
111138
0
0
155071
0
0
0
0
0
58307
0
0
0
0
0
0
0
0
26326
165934
0
22706
0
29592
41626
0
60380
48687
53175
9822
64590
0
0
0
0
52029
0
0
35949
161462
0
0
0
70853
0
33528
0
0
28427
24016
0
217821
0
26955
0
129607
0
53551
0
71896
71365
0
0
0
34586
145717
225422
56950
0
20473
20955
15879
62217
129664
96027
0
247337
97754
29039
9657
45527
98117
0
0
0
61788
22849
135789
0
24749
37658
0
22094
0
170256
0
0
0
0
0
0
27007
0
0
0
22210
434549
22388
19621
198792
528586
0
0
0
121791
0
479763
123029
288127
109211
0
0
0
145126
0
359553
172023
36831
129916
31747
0
10644
67633
69011
40412
0
0
101364
120123
115988
231378
0
10026
0
0
0
0
0
0
60310
66893
21942
163810
96305
29615
148915
0
155494
0
49273
86792
198927
0
0
0
44406
0
0
91860
0
0
0
241936
0
76285
92646
96277
82826
151163
0
252708
84494
0
11817
0
156024
235882
45401
137123
235159
86484
236591
100778
308095
0
202657
56986
0
277620
20324
0
11250
46017
64434
96595
65267
106017
0
0
0
14042
25486
21290
304180
0
19239
0
97504
203303
0
0
166376
227097
12285
183896
140636
0
0
46434
331887
44578
48473
551165
162534
0
135497
46139
167885
229526
77436
26597
80729
121978
0
0
72462
0
44733
45707
0
94809
0
197390
112378
463964
80177
0
0
122347
0
127484
0
0
191000
0
22096
0
94669
0
0
0
113543
59230
0
0
0
79967
275274
153414
145725
288424
149538
74868
10291
73785
28774
78256
19202
154956
0
48342
20462
0
0
0
34494
90189
90467
49442
37103
0
0
0
0
0
0
64356
252381
11817
50570
65263
0
104878
0
9968
104362
0
0
0
42639
19292
43068
22349
112502
14969
34213
0
0
47098
156711
0
59151
14852
51688
42738
82419
0
0
0
0
0
0
22357
0
54909
49359
246613
73045
0
273519
58981
103660
0
313550
0
0
35692
0
0
45084
66183
83261
0
74736
95257
89617
0
35305
141516
0
0
243509
452796
49626
0
112785
111432
56541
0
54628
26772
0
26805
0
0
0
87611
71124
504489
0
82918
0
74484
0
157069
208027
17659
23486
0
0
137701
234892
29507
39660
0
557115
75270
13228
12875
98949
0
24393
157054
0
56817
0
77396
29167
77351
199220
0
67878
0
0
317533
19047
67408
30747
0
411387
0
115299
204403
46794
53869
0
41994
244183
444006
296186
13288
27398
20224
49609
0
163119
39148
19937
327466
0
281397
69911
331046
168499
19940
455314
138522
1.04563e+06
49670
219161
0
151397
0
48523
0
148049
67284
582288
0
75416
0
335660
0
0
0
153143
52979
0
255613
193579
89405
603817
1.74839e+06
492274
113454
137167
571465
0
279296
34428
236059
98140
74227
0
123787
119171
19162
0
152358
52240
54193
0
193908
231976
0
227655
223033
294498
0
22413
12279
0
0
9472
87822
0
229457
26186
0
133512
0
55730
285730
0
206820
68804
0
0
0
55237
0
26895
0
234475
135862
52672
0
87762
251614
0
0
606686
23096
0
21744
0
201980
11559
0
51335
28061
110071
0
24554
116036
69987
108313
9987
37710
162823
0
67926
0
0
76259
0
26702
27561
0
44802
0
323292
138250
0
39981
0
12700
25485
63946
108684
9731
9845
165007
11844
0
0
159239
143497
0
48028
0
37420
0
267561
73229
0
40967
0
0
0
41626
0
24887
37022
0
0
31062
30536
0
0
0
67524
0
217546
20478
64191
77438
30517
0
24109
0
0
72058
0
23104
0
0
109274
95783
0
40896
0
17617
0
10914
180720
0
43315
0
52372
230600
55594
0
34700
164781
36249
0
0
19569
0
0
53881
239976
528421
0
31251
84108
41310
177993
23593
86165
80354
77907
0
75422
0
156320
197025
91885
33858
0
0
10417
0
0
91001
52744
93080
51121
53519
0
130140
0
34005
154989
19304
59372
59060
0
262690
92033
270958
29534
0
485121
0
78218
42626
452534
120659
129793
225119
0
238658
0
144246
51578
137112
0
59034
26882
11857
0
18668
0
0
0
0
31029
20716
10724
65721
34688
39435
0
79685
80620
0
72324
38004
0
0
0
0
140079
140611
0
0
0
59494
44718
0
0
62933
61752
0
49873
69472
261172
133450
77334
0
25981
41512
21537
25596
16608
38099
112844
22014
214839
181661
0
49923
0
33914
0
61386
25678
30873
0
87690
0
29172
29830
40770
49949
213712
157744
99298
113908
44371
117096
76482
260391
47128
64235
0
0
204934
14539
66232
13314
0
11196
27738
10268
38271
60827
21071
51832
90788
10907
0
0
0
0
0
0
0
0
0
83213
0
0
85330
40073
69804
0
47531
0
26142
193902
30858
0
153609
45953
0
0
26947
56842
56926
107471
136292
0
77976
22510
23103
42904
43099
37674
38444
0
0
266276
21488
0
0
0
64742
0
21604
31480
9770
11314
46704
14095
325380
353802
10865
11108
0
0
0
0
0
233213
112790
64925
0
253879
0
249916
58928
23905
39131
0
64391
0
34581
0
127262
0
0
21303
64589
0
0
0
0
213898
0
23043
270388
59240
148628
0
9716
0
0
0
91876
21135
87904
0
0
0
0
60887
0
0
0
0
59387
10473
0
0
0
127229
47057
88161
0
0
0
144038
77966
121023
91770
0
105225
0
0
0
80740
787356
0
91290
0
40276
87238
14219
77299
0
37975
673188
0
0
49213
161548
17783
0
47961
48529
226376
20396
0
30534
207877
0
96331
19111
0
74362
0
71737
0
0
26309
9770
103481
42735
48409
51711
19525
188047
0
0
41142
11035
78910
159193
111156
23969
0
0
21209
0
46554
27292
71613
0
76960
159136
0
78665
56169
0
69788
0
203038
120933
0
23794
45424
0
50150
48231
147481
0
59179
254437
77693
0
100788
238417
0
21394
0
84811
0
0
0
51440
31950
60822
115190
22299
0
0
0
0
0
0
0
87137
124102
0
37598
0
74700
0
115091
0
69129
31515
12638
53237
0
0
192970
0
19184
84619
63848
84125
38698
259717
23431
29946
0
73082
11943
31374
145056
24287
128385
0
11578
128905
56472
64393
54436
87186
24867
25364
0
0
115037
0
0
0
0
388791
172923
704355
65157
47440
0
64145
35305
0
0
58226
130963
0
60037
26542
92372
9907
29087
9672
155149
0
0
145108
58648
21842
28775
58428
25658
98035
9491
40339
0
0
38950
0
27550
53575
67392
38823
24848
0
0
10586
24706
19587
107533
0
76076
35901
19885
0
187971
367484
0
31853
70250
0
31538
132378
27166
135311
136856
0
105694
0
153000
40053
76852
74756
89469
0
11127
0
0
0
0
0
19527
22479
27944
0
0
99734
0
115609
0
35005
53088
18570
161658
154285
28740
0
0
40964
0
131109
0
10377
252504
10690
39963
33305
202300
60151
90587
272882
54708
122724
183298
10158
0
15592
0
202536
0
0
100235
170808
0
286069
102433
106636
256218
72908
151570
0
55776
34905
13710
0
0
151662
0
58610
10626
93584
227955
0
13688
87559
12639
796827
12074
0
0
0
85516
32790
0
115336
0
389434
64664
269405
43505
107930
113643
196808
45699
294565
71492
19813
127551
261204
48531
143712
164108
0
315429
209349
48220
0
80441
41967
42438
0
85931
36474
259428
0
73431
131893
388188
9206
46398
52011
101456
124163
64036
59435
66644
59167
40042
51103
9779
102988
0
28903
705356
0
35113
53066
0
603070
0
74765
54106
30861
0
11416
89732
0
120035
42538
0
81869
0
0
37624
0
0
37410
151139
73779
79049
0
105081
35254
55307
117958
162190
0
109798
30328
60241
0
14280
197713
0
0
0
0
12225
0
110351
25441
60563
96773
73845
21410
0
0
0
0
60002
0
0
0
63310
0
0
31514
0
99288
0
0
0
0
0
226543
0
337711
0
11829
0
0
0
226882
171738
24203
0
22962
0
938366
0
12363
0
249657
320587
0
148650
0
199206
0
0
0
0
44091
0
46675
0
195375
12360
0
0
10895
32470
0
42054
30772
0
36063
0
0
0
212240
0
33047
0
0
73901
32135
230288
185001
33459
60743
60108
25980
0
437330
82826
40542
0
10667
27192
0
69881
0
0
77059
0
0
0
136627
101342
25229
50412
0
25736
53592
71750
109002
0
0
72535
0
45355
25017
96278
0
27028
57024
18711
0
51648
0
0
47416
53885
0
302347
53485
0
0
286122
0
0
0
0
0
0
90453
84289
49564
0
25733
0
0
71078
0
0
0
272045
52453
0
79717
0
0
58717
0
25181
0
33006
0
0
10582
167193
82613
0
110962
131669
20128
0
0
0
0
0
30689
88968
0
14584
0
0
0
0
30904
256301
0
142704
0
29966
59548
87054
0
0
31165
40217
0
37842
86252
0
108124
0
80219
112936
0
247379
67128
0
0
81853
0
82279
180368
108876
38225
139795
0
40186
0
30282
0
217026
48580
145923
0
180677
56651
188892
69362
169952
165031
0
232623
565033
871863
65080
0
0
101235
0
10015
0
72431
86135
91506
0
127738
486174
13456
162204
207585
21653
0
78786
0
0
119528
0
34885
12568
21770
0
73702
0
0
0
0
103645
0
113681
0
235941
34082
38287
98984
173479
103057
35623
474820
54065
0
24307
0
27920
26818
87913
79040
114420
0
0
11463
56014
0
0
116475
25559
0
164438
115873
20593
0
50307
0
0
47807
0
153289
94244
188175
122597
0
20139
160592
0
0
132931
0
0
95287
210473
0
27530
0
0
238591
66535
365358
0
62125
324802
0
0
0
35788
24167
240932
62285
21217
0
90734
1.00582e+06
134501
0
83272
0
33390
36186
120973
0
62911
119493
0
0
0
14114
71471
0
73957
103244
67525
0
25580
106969
62018
0
226636
0
46076
0
72890
0
0
0
0
54844
149207
0
0
0
114522
198435
0
148457
12570
0
187720
54869
25432
0
0
0
79645
0
71189
1.413e+06
0
0
0
0
69347
50305
0
21702
0
21985
0
170297
0
262013
13879
0
24541
513166
0
10075
0
65917
0
12790
0
0
19029
49650
0
10654
47898
49050
0
83728
0
0
0
0
0
503458
0
10963
84843
31877
0
0
111269
0
52438
26061
129375
0
0
14296
0
24256
47227
0
46704
18018
24417
0
0
102959
147383
0
117096
0
67092
0
0
14522
0
0
46559
0
225552
20929
40355
0
39888
45272
0
0
0
121550
118623
0
58960
0
279196
0
24377
20556
37013
0
116716
0
13741
0
15016
51934
80492
146120
0
0
50425
0
0
136935
13314
0
46742
0
0
0
63409
19494
119668
24962
44802
0
155203
51759
30884
217557
36150
0
47168
63286
0
71749
40789
0
0
66979
63088
125938
0
107332
0
114099
0
0
72186
57771
523414
11142
53496
0
30889
102630
59013
220021
24644
140483
104870
163820
22499
0
21629
133080
473749
0
66799
46265
35741
220346
31349
11454
68533
181574
46703
83092
254414
293327
0
30496
0
0
128084
296070
0
0
154718
22572
15898
56138
0
263336
0
0
264094
171072
14322
22322
132602
307610
17068
49201
96533
213830
155573
15628
0
0
28927
0
0
0
0
45460
81630
104480
0
29631
0
42945
40698
0
265037
0
0
46426
0
21235
27637
78364
39278
0
53394
47457
47923
0
0
141022
146771
32453
0
0
93492
54429
760328
0
44540
48016
89034
26323
403378
15846
154118
104899
65958
115085
21542
48974
118001
126152
32092
226839
43946
71863
0
0
0
80117
98720
10997
216123
146034
0
0
9905
17917
121269
0
0
44150
0
0
0
194563
93657
227612
0
75324
0
24941
21373
106772
0
50263
252630
10165
88657
53163
223262
103969
0
0
0
37973
145508
79713
117684
0
10271
10527
0
271490
73011
21143
0
0
0
53866
129140
23519
12869
55009
0
15015
109917
9657
131701
64529
137341
54358
0
115736
9704
162507
94109
0
19680
26541
0
193732
0
123530
101874
46857
136053
0
0
0
29451
70554
0
0
22871
42470
154148
65333
81996
0
83384
194498
0
23780
0
46465
95437
154434
197211
0
106384
0
15656
51647
0
15152
0
72854
69007
0
0
73286
0
0
19942
205208
11898
176995
63135
0
0
556787
0
345066
19743
42078
192732
40385
19793
26806
654367
84128
0
0
35273
22333
376220
76880
90773
37296
129324
21068
0
98472
23925
55815
0
10007
31484
10357
0
0
28695
164711
0
0
0
0
38819
51070
232548
0
148275
468850
82597
247970
0
50201
328589
32466
25885
0
0
0
0
0
0
34790
33273
0
0
0
0
0
12902
27033
0
0
0
19526
69988
20479
0
55552
9922
0
212532
62981
0
41501
0
0
18760
319434
11853
121706
9519
0
119147
0
0
16672
0
0
0
0
20146
0
0
0
56975
0
0
0
12688
0
0
50842
0
0
0
0
0
20770
55971
0
0
41216
0
0
38056
11311
0
0
0
0
0
0
0
0
0
72798
19005
0
63438
0
0
23573
34825
130667
205072
0
0
0
35534
0
0
0
0
233356
341412
0
0
0
28388
0
13791
0
0
0
0
0
40383
0
58458
20405
33933
34774
137995
0
0
22900
32841
68303
39575
0
66276
106653
0
0
0
22642
113981
23776
28376
0
30564
92763
0
0
25488
0
0
48736
0
0
43255
0
0
21956
37213
38418
0
31405
121004
49528
0
0
0
394086
0
46036
0
117623
0
0
0
0
0
0
0
33932
77759
0
0
0
0
0
0
9996
19575
9626
0
0
58642
62235
0
0
0
69722
0
0
51822
40967
0
0
55973
0
138074
55381
0
10143
36574
74230
0
0
0
0
32379
58871
0
49914
26421
34868
0
20315
0
33230
0
139651
0
0
0
0
70698
29153
44686
52364
0
0
46802
0
43756
51216
18538
73635
0
0
0
0
133159
0
32375
0
0
161598
56075
190424
67817
0
88387
51013
33241
0
54760
0
0
86679
0
0
11776
67042
0
10693
56542
147513
0
33184
37822
0
0
206233
76107
0
0
0
0
0
86712
0
184750
217802
183822
0
0
0
0
0
0
0
0
28832
10078
0
34894
39186
45752
0
60186
0
70363
32715
146282
0
123729
28356
22979
0
0
21466
572618
52104
72928
0
0
0
0
226590
120451
0
66370
0
42657
0
49994
185604
13568
24418
112857
422236
0
31620
230645
69543
89162
0
107267
60797
23710
135517
56984
0
11844
52823
39299
0
0
67930
28565
0
0
0
23177
97376
86015
36054
59902
59142
0
347182
161761
178024
423723
461893
55599
26572
159157
0
527092
0
71454
34037
59039
130326
151405
103649
94821
0
122523
0
20446
0
0
134104
81832
107860
71334
58634
129642
0
0
166145
201345
0
0
0
36244
41212
143937
54450
95746
0
83698
0
34337
10072
0
0
0
10920
0
18481
0
24025
57703
103168
118622
86171
81884
21452
76243
10223
39708
402433
307146
169966
49173
0
33683
0
105230
0
30225
67613
13188
0
56644
0
0
11870
0
95689
11558
30566
25056
0
0
58381
0
0
0
0
0
0
0
0
0
0
103638
0
62653
88482
0
0
79154
182982
23038
211715
0
91694
58704
20152
64476
112292
36023
95784
17693
49388
0
0
76738
0
125654
43772
65369
0
0
35175
10774
207679
224336
0
0
17806
142140
10269
0
81289
100137
125281
66203
0
56088
0
84219
102218
151016
0
88029
55117
63703
18225
107385
135397
21935
39021
21052
72905
103826
0
115456
22855
184801
24351
49277
127429
0
75923
0
80486
193790
80498
58350
16838
24428
0
0
72798
22587
72306
0
0
368827
50542
474253
10727
69671
161388
0
170819
0
95223
89260
0
255603
68758
0
0
10849
42999
10563
110066
44520
160633
121371
34058
60937
271644
50921
111077
289624
23253
112403
0
107332
81939
56525
15443
0
0
0
0
304694
51658
37426
19832
0
0
13059
202381
0
60552
58776
0
146661
91195
531392
0
516234
469886
73670
23621
0
97999
103131
27921
74461
103989
0
0
149097
29803
0
144445
0
0
27221
0
24982
29782
28463
204155
244047
59928
0
0
25916
262208
0
701105
0
160200
349410
20598
0
135058
218054
167873
133789
84978
43452
32746
65492
241387
137435
21836
128819
30458
136385
85008
47156
133280
171542
277627
167337
0
35760
217544
104685
68921
23545
215668
11051
552385
0
0
0
324842
150052
0
0
183359
181471
126638
85567
145549
199764
258560
0
220087
10442
0
76353
105970
0
193699
0
0
131248
425176
99204
0
0
181689
19801
217846
12888
169257
21711
95929
299736
0
133494
266560
45731
67033
78950
78548
215807
0
48870
76845
79746
168344
49597
0
0
91991
88675
686888
39194
0
118106
33785
25678
59974
258446
344778
249106
229089
57697
254372
189227
250530
20287
150192
40191
239785
94754
23448
43722
0
0
89611
108679
393665
86864
0
50846
29903
25766
421476
0
29110
68428
70972
92072
67835
0
419599
27083
0
38967
0
21112
316956
205432
0
149428
0
29579
84798
0
114870
255138
219070
41102
93184
63629
38975
328511
9944
11505
0
114645
65627
168769
77905
191840
77425
292893
1.08225e+06
0
170862
319935
46505
0
143166
0
0
92260
164868
387124
74448
0
347205
0
56138
177477
182344
235451
117609
115430
13979
82608
30173
397580
10194
186793
191468
83500
45786
25018
0
110787
234558
0
90263
22227
208199
154145
0
111572
40844
265405
44543
26941
56584
184410
59039
148251
0
0
76489
99554
135804
34184
22738
359974
96573
14459
96145
0
259409
254606
150087
233062
538817
218767
0
69088
0
22744
152036
156306
0
204386
20567
189965
0
0
30942
81040
164787
33077
333459
59855
585868
0
38969
129952
67773
59031
0
29598
25760
0
13835
0
0
54979
100162
74542
229432
10029
228843
40341
0
0
53771
23408
0
66027
27179
47390
32085
52038
232978
0
0
0
0
0
0
0
0
0
142917
78965
49768
0
139635
80898
0
956954
337784
130017
95549
50440
203632
728024
52740
314300
214426
37829
269999
68226
0
163322
82870
57349
37897
0
0
0
160154
24509
94947
210208
257382
169446
0
99899
0
350838
234535
76354
522642
152319
321141
19907
274588
40340
12561
243953
70211
346482
237630
638867
62027
41681
0
75437
81934
38105
0
0
287822
51689
85087
51949
126092
0
0
0
30475
166931
0
0
104084
474772
0
90326
107905
196743
27505
0
68713
40701
157260
138443
10246
360470
24032
38218
118121
207306
49360
81048
61454
22653
157274
50222
372491
14316
234255
180169
444682
0
19433
146159
132541
0
115838
599444
0
83920
11605
0
0
83844
98052
98035
97944
496930
269654
12184
0
25984
58711
330677
58557
488600
111243
143414
157408
0
20171
236384
261314
44316
0
467597
0
0
10070
69042
45559
181449
