112112
658544
146809
557904
65400
21749
266054
556033
408119
369430
792599
249314
139768
778100
230487
459118
774107
529514
867778
131194
408340
225342
985714
67367
177703
56438
1.64056e+06
936029
712664
181855
1.30585e+06
213759
757318
232371
193122
453054
628869
385762
955522
395584
443782
287325
560510
524308
185937
458707
104816
906530
26394
25105
47150
480026
47388
73782
90241
0
25637
665054
137043
1.75361e+06
184063
678502
489280
266593
410384
21087
14102
334326
270266
0
20256
157627
0
197865
0
0
43671
19487
0
550409
181737
0
0
776903
78244
584932
0
458813
258246
863708
575221
193222
1.09734e+06
858863
75899
699642
152070
0
307022
515364
102057
319852
418026
532227
20668
1.14632e+06
55475
300473
60451
200183
276143
1.14116e+06
856568
451337
36452
1.00844e+06
182254
1.16701e+06
0
201594
591422
70325
277326
986251
345803
1.71404e+06
1.84929e+06
618281
0
16919
329692
75800
0
29070
276338
146311
0
116227
1.10351e+06
1.15413e+06
544915
388852
393807
505450
416113
346483
44967
281235
844726
774077
235512
135653
117472
285743
163088
454909
74554
788161
40514
162073
156105
235796
76050
293317
45160
233238
161874
81669
366759
456323
240037
309955
148449
208644
245082
290740
246259
849473
1.44811e+06
299731
0
582533
313814
581936
9377
0
10970
35126
24606
0
44525
9724
24553
600737
199700
0
667029
86450
534115
236937
217007
150609
66700
20693
0
128699
480153
488739
0
36262
0
194292
23426
702469
91366
82921
299103
0
26008
115934
204836
175672
56378
0
0
44574
0
133855
0
0
0
228718
0
25792
106280
239249
0
218046
104705
180831
150260
84507
117447
200139
223147
302582
647717
78006
190382
0
195226
47302
287892
312276
293254
213021
384618
860560
206103
0
40939
165201
321880
121051
230963
313328
521740
591395
148693
530201
510933
1.61344e+06
2.16586e+06
138576
0
0
0
36059
150965
20066
0
0
15596
0
68561
51388
0
0
78212
32731
167386
256949
337921
9599
340186
140257
0
10137
101401
127875
76338
96260
10264
58632
336072
272889
0
167899
26711
153062
53924
343788
76576
100871
136731
167607
967248
0
0
195351
66878
169997
447919
0
21064
11609
97671
16160
715026
0
356562
238095
23948
0
0
26783
239684
0
0
213313
85166
402179
0
19687
68894
75947
924713
192729
129578
148173
340513
56383
32436
42240
37593
0
70704
71980
172809
516222
25755
74854
172247
353883
0
332030
166253
171040
134461
17375
806992
171571
127680
65474
134115
566493
0
0
173221
217142
276998
461214
0
139193
260575
126870
88171
0
405805
98349
156425
11274
42865
289305
104851
1.38944e+06
434690
174676
18942
155801
122978
0
36538
45048
160277
0
45897
97502
159093
70212
206502
21928
96129
151438
284974
517772
56720
545882
343155
43010
185959
145526
243437
471182
346213
344422
243815
131447
161691
154601
533000
125353
224427
208571
298556
0
64609
162291
233968
1.38392e+06
688342
0
595778
199845
0
417363
265420
0
31974
92476
279036
228689
0
50645
535252
951923
44077
655906
0
206201
187756
253984
156893
365509
36809
0
88168
63292
0
145160
308661
258377
93436
166524
40670
75901
69708
76947
148369
72941
0
194254
215616
0
183772
63359
83917
79018
0
337211
271480
21212
232838
74811
303813
287237
255062
301120
230018
0
293514
298153
44323
103419
50997
73989
160132
171197
95368
179738
0
0
387822
140079
72845
290739
190568
141256
173397
211348
702273
45515
172854
398653
144452
0
382484
456742
243771
88586
98384
130989
155074
178129
182611
397241
268882
68380
530468
59652
33761
46027
574745
178962
265240
17701
69366
47265
23369
0
225122
72228
1.42356e+06
278643
157377
19609
23849
189965
0
33774
485433
257679
156892
0
456258
51697
0
101493
170512
0
80568
35015
104264
29854
51848
59249
79412
0
121718
244173
197473
0
59680
0
9419
271404
0
0
393048
0
253286
0
0
54882
57886
65958
118782
79286
163796
49702
109958
115230
110938
22593
0
10579
284186
569129
658774
56330
480973
129475
71735
123629
145321
36416
0
70585
0
100376
12950
10807
335415
276850
61269
0
10834
21843
67278
14244
0
90891
76607
29557
118424
10336
14886
30688
0
139806
26953
44427
200375
181051
120965
10319
220959
560008
42922
0
352494
323550
66170
75124
1.11204e+06
14046
0
494287
161293
0
87630
9359
0
41546
9491
12546
0
0
59135
37643
101051
168736
0
127739
0
69387
0
38418
51070
74154
98584
232505
51069
0
99162
76595
213987
96739
25808
109453
9728
0
122726
146963
0
0
79394
0
52076
0
0
113240
158962
183619
56718
56458
99513
57633
172604
40499
65089
176244
107651
0
152440
442551
86090
50663
259090
0
225295
110627
19568
0
128211
133834
64953
163600
68166
217817
80396
58375
108856
22853
219923
190144
91912
874581
0
0
255718
350342
194468
137861
0
207443
106012
269688
1.02765e+06
13707
108428
209812
43110
46532
103349
130578
0
20841
445718
192814
159798
92931
251851
121041
22860
0
844666
927246
36918
408887
164046
386734
69989
118600
306364
39056
0
69407
0
1.16705e+06
0
70148
82468
312941
597892
227303
168261
291052
116715
202534
566663
61932
0
270227
46454
102072
402214
34354
77986
246420
0
0
1.53554e+06
0
89398
0
0
0
100905
0
645766
23238
499192
290519
325118
172740
612762
233780
0
0
0
0
705164
0
10943
0
26024
689791
94208
28265
0
448158
0
0
149134
234887
44023
233146
65579
0
266001
344478
0
342081
0
34655
208364
22717
434333
402760
50688
0
108903
0
682270
0
16253
0
0
520497
0
236464
11205
0
110910
0
940667
0
472550
485478
0
222585
557758
0
572127
650490
299901
0
149966
0
581635
91022
0
179082
226470
66062
0
151111
11364
92730
184524
60752
71285
285639
137102
37925
23165
82124
324556
103553
0
26080
181225
0
39076
18968
0
95403
22971
48921
0
63196
0
75944
72482
0
394133
0
0
24400
0
0
1.18924e+06
76324
130256
277763
39444
259290
910003
223548
273527
112348
234174
54381
220829
9748
0
294883
195765
203416
80006
0
307953
91873
106230
175311
53236
229414
0
361802
62591
189917
77990
26019
22775
183833
21590
0
23851
26679
218040
442261
321469
71067
191650
153953
22326
150095
76578
50226
203026
287600
97374
146512
81255
173635
139470
93070
849005
235084
625776
47184
66530
176548
22089
29467
226431
154389
122703
143542
76765
109957
12821
145522
94706
127183
150894
0
51825
14693
106958
0
46706
314107
0
1.12412e+06
22878
820996
0
0
132779
251039
538790
0
113289
113461
11277
81455
234765
22792
74957
208649
0
12429
101619
9754
0
165477
33266
64041
83983
88436
0
0
0
0
0
0
0
0
34609
0
29650
12034
16753
0
0
0
0
0
26541
39318
0
0
41593
0
0
0
0
60925
0
0
0
22760
13950
0
0
0
0
0
0
0
0
0
0
0
43125
0
195536
205664
634702
0
27173
11008
0
0
0
0
0
11160
0
0
0
0
295403
87659
0
38064
183908
0
125314
25221
203330
23674
27013
0
51410
0
0
45937
0
58336
0
105643
23204
0
0
0
0
208943
37215
0
0
13987
37661
0
0
0
0
34812
364750
194506
206476
22688
26585
0
27461
0
67571
0
46786
0
143955
168061
11073
33179
0
50677
0
443444
174210
109641
46953
107340
483559
164625
223388
114459
194014
234267
365918
109493
245354
149268
279049
262136
212505
123343
0
77983
167721
135242
0
191559
191943
76783
52877
264105
289644
911847
1.04346e+06
174058
128291
179033
49720
309006
125667
22592
0
0
327471
76189
136018
117947
154645
0
0
0
46023
240439
215316
327794
119395
112503
190943
19046
40479
0
159648
11901
395045
0
81161
0
135621
621469
117588
74822
555774
0
26673
12468
37984
270921
0
0
35838
0
35391
0
0
0
0
0
0
53349
0
0
0
0
0
0
11367
0
0
0
282077
0
0
0
59694
0
17973
98692
71945
48665
72472
224141
0
96133
593492
72072
402718
145672
0
1.00167e+06
144218
373242
564843
43288
429636
0
22089
0
0
0
0
0
0
0
0
0
0
0
0
0
0
0
0
0
0
0
112455
0
0
36337
0
639092
358030
240200
0
306573
229194
159406
196441
0
211654
183750
322854
137581
249467
180762
233242
37721
41284
55460
0
135004
321565
92005
111565
0
241744
40857
304495
0
229157
1.15722e+06
229562
202756
0
329268
92893
46330
1.68156e+06
47182
450888
506998
317971
123314
106483
0
222118
49506
0
92248
117086
230520
78539
77105
290696
214028
0
41785
91649
0
30572
678633
70689
503541
757264
335768
16724
195243
63071
652180
189179
9457
123687
317237
231638
257975
150301
146093
131928
871930
493839
117689
52186
93052
0
29379
87407
46786
50881
11137
0
39984
193103
185837
94953
116366
54365
21809
10210
62750
61059
0
0
409967
0
28641
0
81601
132964
0
147029
9665
9473
0
0
67307
48951
0
36156
26411
100501
127121
57090
136675
274648
0
196421
81089
258393
0
552394
0
0
29112
0
10150
73410
11105
203699
234317
0
192676
0
180686
93306
39211
1.40337e+06
0
205827
61367
0
9782
0
0
128264
97086
96061
51637
64105
33796
0
0
196801
0
75917
13588
0
21932
0
46586
0
0
0
202027
0
0
0
30093
0
0
349249
127967
0
0
0
95354
0
20149
0
23842
245353
0
0
80532
0
0
0
0
0
33944
106057
57164
184542
0
0
0
0
0
0
0
0
0
0
0
0
0
40670
58160
0
0
296839
0
0
71423
30612
44005
84957
0
0
0
26669
26048
20883
16996
92985
0
18434
0
0
0
40128
0
168628
244443
68651
193328
0
143053
33459
104591
164215
174051
10039
163720
0
12855
0
14488
0
59524
124555
0
29100
0
0
0
86492
0
0
0
20819
0
96159
10282
0
60059
0
62500
0
0
10263
118970
89842
195725
20783
0
45775
13285
0
0
0
0
81634
0
0
57108
153530
11639
0
29325
0
0
52556
39439
46891
114045
90165
0
26964
37791
26771
74497
62056
45859
217490
0
0
0
14578
0
19725
12298
23165
0
20983
55939
78789
0
0
0
0
0
149709
63153
129285
0
93245
88233
0
73343
0
267054
50373
21508
0
26161
62292
350671
141306
0
11386
173542
0
0
62646
113262
19836
71227
45853
45773
23460
56550
66099
286103
110955
144584
0
0
0
321305
19510
0
20459
82834
66128
91497
242680
0
0
0
0
0
0
0
0
0
0
20517
0
0
0
43769
24731
0
28467
0
0
0
476072
607529
185048
399958
0
0
0
69707
0
321320
303866
275907
97961
0
44694
10369
321760
61133
43501
0
23534
79282
87352
98249
110807
91187
0
0
0
0
22703
39654
21707
9746
46033
50086
186760
145677
429092
0
66419
128972
42169
86867
297567
35766
144096
0
25298
105759
21439
211702
184883
137880
135273
69405
626844
78467
345509
10809
90812
0
101064
0
170812
144202
174795
212747
431983
13669
83383
61678
0
50514
150291
0
196668
97512
260996
228543
77110
0
418310
0
921452
41226
808368
54821
0
218668
154778
0
24025
0
164551
479337
0
23890
76404
205582
10420
30617
418628
379802
172606
121845
0
50988
78949
317670
0
0
117698
117214
39315
96228
372096
90904
0
148663
0
0
122438
27283
27051
14558
51163
0
0
0
47270
0
0
50179
152616
0
0
0
30489
23929
0
33374
69498
46041
20024
0
0
126280
0
0
19310
0
9753
27425
0
0
79482
82551
0
134515
145892
216582
97780
18384
90214
29905
137596
49743
159377
71719
121069
212922
104719
26923
747120
149636
53865
43552
133836
120515
0
109719
359777
544138
169366
48806
25481
48929
765218
223128
573501
908736
82504
423187
0
470127
418120
0
24454
422554
833262
22046
0
50616
164005
251614
507044
375661
0
373392
47973
31329
163542
260635
138550
0
0
0
51252
410242
289779
529682
0
32337
23218
0
0
0
172570
14582
696018
11525
329873
48598
219907
261672
121697
368923
143563
61938
40705
21417
146617
177009
159650
120181
0
574505
99478
1.03824e+06
0
193958
565222
290045
23325
336366
1.32431e+06
76846
296179
229439
664560
79757
0
62275
18885
106703
77251
37933
76161
1.11432e+06
77574
90900
0
0
68073
0
412886
24506
686000
265402
483365
278013
90786
0
89666
295266
280643
289657
905027
652209
383087
176715
337974
117207
47867
386282
469135
26918
98789
0
41526
199939
902328
22614
248853
21566
23233
0
187401
0
632683
273822
99017
544846
58502
238590
383369
179688
130055
319389
105841
123413
452378
212762
230736
807595
250797
154156
367368
246977
471992
50396
393702
9956
136494
91097
293293
165330
88961
437630
0
2.12587e+06
256808
0
0
50275
68390
376501
84871
129847
115161
538982
204639
269009
81457
325608
409938
182607
446463
1.79517e+06
205445
0
198217
113992
156931
160422
583889
0
115629
0
146740
10004
223630
0
50642
0
33662
77920
45149
112026
0
0
60065
0
46928
20493
31159
161247
0
275252
200131
276569
48525
88321
216519
267047
0
0
33541
25571
292679
0
351557
343219
0
21897
730877
204458
52753
384544
532210
58255
0
700669
56175
246382
9770
208446
43525
62434
0
260793
42180
166657
10260
784717
0
67119
31127
18225
144544
31718
238319
0
62289
46096
59371
95703
77445
152154
287198
113249
177331
0
99095
118177
52884
423012
0
21223
0
28540
232412
192817
0
86182
110307
0
204690
160537
356575
49634
536823
230282
198514
518620
81698
31727
225258
9448
763640
372941
85076
249257
58497
82360
201718
479439
83841
0
115341
0
0
33761
138401
101971
50941
27345
0
0
25392
0
0
12624
0
177656
177726
0
445530
0
69866
0
10273
42008
0
21079
222843
133870
44146
35279
28470
86710
110362
0
85218
0
0
0
111403
242880
96141
18481
70558
149651
116672
0
56576
183012
131679
93868
119476
209841
196246
294299
0
188582
63046
1.55481e+06
68528
14022
16368
213911
318773
73514
71098
176929
117073
10841
179740
21558
83893
146217
0
39514
178338
19294
48799
76551
143322
15048
142226
262401
323895
368948
14009
163137
0
219001
376659
64672
148332
104071
30196
277250
56507
191638
45398
22202
35013
0
275246
205192
238952
126916
54410
209102
61896
160426
112286
230020
12839
162807
10155
228383
66533
11778
27289
220018
230831
0
277109
0
0
88387
0
197630
72022
86036
82240
137750
411557
0
134816
91376
459897
113274
59009
109783
78791
248880
272423
84760
211009
206912
114389
21176
508444
59400
125606
138216
283877
822782
928233
290144
109164
98081
578751
98385
0
83766
193672
13192
578738
168328
80931
113830
34702
348989
216929
290733
80559
537904
291275
1.76076e+06
743658
66064
61620
10001
124566
413945
132590
784094
180890
1.06823e+06
270834
75390
287396
57376
738916
85886
410564
78415
384951
393419
40560
95978
311679
210660
0
259028
113898
347619
433452
152886
201194
207665
0
101024
269850
200684
580960
60752
53654
136423
0
23993
74376
10326
0
28821
74464
172606
113872
99874
239127
636182
2.128e+06
21199
0
92757
45418
0
0
0
20215
175771
213347
218902
30011
74702
103613
0
148064
43568
0
12095
137926
0
202822
79359
27063
63886
108171
113936
13742
0
138748
0
0
156731
104290
303674
145349
36702
229085
23679
97307
41431
314230
451096
305458
182352
440507
46519
240200
337529
248019
26464
135388
47816
427761
466169
68102
232635
12660
125816
240192
0
61059
65129
0
47787
0
0
98780
92387
46252
324273
113621
322072
0
0
78164
9331
0
201725
128711
216383
12123
20482
0
101036
57264
157563
0
19923
181702
169203
0
0
263567
26258
0
54892
310181
36222
38103
87861
225983
207895
115101
223554
36891
93348
37222
0
0
11072
95697
40031
321259
26119
143070
10583
55627
433646
39182
217260
531893
0
0
95414
211885
136462
194050
0
208115
681117
11894
0
81893
377220
10561
137006
180089
25700
53505
20073
318642
9324
0
47786
48879
161497
19998
149076
197590
254410
180770
98167
125429
169272
0
76715
191015
266376
48487
0
88031
107687
25473
99136
158446
74091
0
33953
207194
83534
0
115524
0
11178
102003
189039
186488
21206
0
14870
124093
545268
427775
375561
9708
147905
229533
153860
0
50873
91876
22769
302625
19510
0
19900
201160
22457
102101
103475
96437
426969
328825
99622
85773
24133
13682
23936
0
0
92426
72013
101898
222279
0
43113
0
114176
0
464528
99834
0
84258
0
0
277580
186520
315643
208678
201687
51758
123576
155438
22004
56315
0
11540
40472
228919
249579
56168
211910
9576
178613
139631
125096
74711
115780
161014
46772
166366
10069
0
186534
213363
32714
29328
0
267253
279781
862051
440509
196630
0
650760
1.05225e+06
78689
215532
69586
246493
0
242283
85219
204058
0
0
136792
67106
179049
0
122867
505114
145301
214829
215470
69218
71090
199205
191089
44008
31484
75325
69685
0
172626
47798
230466
357607
0
12928
0
69289
68503
0
27913
156015
245594
11176
36763
115261
44614
0
12688
88809
76331
45470
170218
27263
0
144021
9757
332251
127693
208413
65631
16120
52779
47876
0
94432
0
27742
11876
9404
62041
0
57037
65028
384319
46175
125004
179222
237711
0
132691
161874
0
141248
94130
268912
286449
0
33190
316393
549753
152182
981112
324716
73101
89490
106174
165806
116513
161200
413289
500848
137609
204968
25276
0
156492
124937
179226
225007
64650
426908
32209
57087
199558
121926
231763
189191
275975
165939
10027
80088
421467
81236
51093
11108
135618
69758
0
74036
353581
13983
0
58652
53834
95657
793414
22099
446933
22049
0
215027
76098
0
0
25122
356121
279958
255477
44425
105228
140318
223245
97094
199442
0
452604
1.60893e+06
393447
48542
168472
370752
147629
270643
118210
23634
59729
0
353243
80487
17904
48518
44046
338469
233865
190373
118641
59992
418855
45551
506765
26726
158730
194308
264230
610465
306493
171635
181447
0
548220
9386
118342
35946
727154
222721
218074
0
1.4497e+06
68410
220414
121920
129960
158097
21949
85436
203361
223444
23684
205883
752217
492416
20292
81460
109019
638253
202215
210247
276671
54144
260649
122312
34345
56531
34040
334036
280804
377416
70302
0
525733
219132
58235
0
42126
304728
0
11842
0
64816
29065
64908
1.05339e+06
1.05789e+06
84685
48978
39370
31557
75181
151625
49538
605727
11088
61165
43549
81659
1.19864e+06
0
1.90573e+06
19127
29632
75227
1.0981e+06
0
64856
0
175358
131172
0
9033
0
205643
103086
211230
126775
253896
405644
502853
184827
43383
0
54951
22023
41110
0
93208
24637
493796
118731
42871
0
0
63203
0
12112
0
0
87480
129770
125246
40691
137668
23321
54493
28656
16687
57195
50466
20836
35560
407577
9853
288020
26489
39370
60735
0
158598
189160
274149
496042
26777
0
10037
53822
688247
42882
28523
100325
256312
46173
212432
0
405817
98337
19494
54766
361095
197568
374321
12616
145500
0
74636
0
0
130351
0
36777
0
10854
544028
54952
0
0
0
190924
150673
0
220877
83383
38119
0
170024
0
249683
352051
0
64248
71798
0
194337
78927
0
78332
202116
792896
19469
9898
0
0
304523
10623
190795
0
85695
37986
640526
629557
28410
139913
109691
77595
173365
179045
110686
89551
122712
166491
325521
157248
443482
55434
27174
11737
359584
0
255092
0
69089
23392
0
114824
485287
0
282627
285111
210302
130159
69212
246999
80215
0
284627
10370
131174
105348
62050
32536
0
12735
74809
9313
276589
19512
214035
674892
302425
316259
288645
0
222306
118602
170551
226153
211810
20114
115605
304580
215822
217970
139016
0
56447
0
0
51530
173555
251284
169077
57703
122979
395635
211663
294780
0
53922
101742
193644
264208
187250
314092
0
410548
319182
23807
467833
274810
327442
291301
65904
35414
268266
794204
404428
112964
86983
356509
26383
180750
131345
402946
0
23936
264810
153596
37772
0
202228
10981
36891
9553
259180
336611
331589
114192
107746
203470
71397
0
0
284148
123261
68794
636064
35401
37770
0
44796
65395
65470
109627
183027
1.28184e+06
9479
0
143771
103780
96719
0
126210
92345
20814
81992
183482
0
37841
153031
24380
0
113590
27532
76129
111213
271580
154503
0
0
256617
99969
30155
108254
0
0
47168
383107
0
92710
0
0
228089
51122
173689
0
36938
201036
0
22320
45815
147458
278237
476629
0
0
22545
199753
1.52039e+06
428750
0
100833
0
81404
88957
9505
0
103853
43869
43727
12176
0
225817
162228
162056
59656
30544
51098
47274
0
361362
548766
0
122300
24915
168401
0
21259
589418
147324
0
0
469598
337457
9740
0
0
68681
255915
255703
141012
29673
0
26800
117769
0
0
0
23252
0
25337
340636
1.26875e+06
69447
20307
0
0
494848
560711
52555
508642
64202
177578
0
0
0
0
319745
0
95878
22492
227556
0
23318
31522
40268
57755
10466
25850
0
142037
0
0
99645
77240
0
172704
0
0
0
145788
0
49015
203196
108124
36894
0
0
100966
40491
91992
444952
47284
110120
15957
27968
0
0
53980
94653
90417
56471
68363
191504
51488
49345
218834
445295
0
188443
0
120739
63902
9354
27940
22289
51429
11222
28649
139548
72489
58634
0
333470
239656
0
0
30974
325701
207470
0
259011
0
564462
0
10665
0
32035
110532
350099
0
233944
20109
49078
75132
53838
147523
22345
145004
326661
0
0
755131
109538
21382
154681
10878
135007
0
238056
166809
22802
130715
29946
65227
299198
74840
38645
136726
180066
102587
177582
24543
53157
206667
447753
29413
0
64436
68227
227125
9924
52202
59381
98887
210033
0
460102
166139
186845
102066
121059
0
141821
110554
365610
65785
63077
229725
94526
326575
0
89271
127601
546388
813242
58318
1.05797e+06
56482
215938
172294
1.98501e+06
489958
41675
300216
102998
1.00341e+06
1.61944e+06
390175
180218
34686
0
99918
54753
463802
91591
86810
45787
95816
0
63188
0
732576
0
69051
91053
374099
123102
22516
460372
328515
55639
61228
129971
88894
69142
46845
0
110072
40852
13267
0
138524
0
35455
222449
191699
23569
31417
48074
24218
154998
0
266155
33474
0
358234
0
39863
0
117083
88905
0
153127
0
201301
132311
0
95437
126678
55692
140870
18887
54255
0
765831
30534
37198
166343
201443
0
131789
80891
231397
213019
322088
37237
0
33122
66971
88610
201721
188046
285393
545326
76383
49719
102098
117550
257000
0
106779
91883
0
254855
19902
286727
117818
70767
9323
104845
58556
210528
10337
0
19589
23975
0
480352
73161
184097
51550
145651
24632
237855
577231
0
332688
266980
435479
772967
132726
0
607347
25405
301023
127655
150603
0
154662
155212
70791
379278
10165
51338
21999
0
56976
238313
322019
140267
114260
66143
13418
31191
159263
0
265874
229202
253993
328648
22529
0
21074
385373
227296
272505
0
64045
136072
63192
24170
477148
316952
44832
42637
10676
40236
46241
41603
399212
39209
88849
577933
399931
785656
815668
86892
10328
32444
81519
0
205062
187955
260523
203398
317891
199998
21862
264071
191345
14020
60349
0
224237
131214
10294
159026
101254
176150
0
141325
0
69847
19473
44725
69898
12386
42323
23262
227497
0
428150
10554
514759
100736
0
0
0
495947
96564
0
0
16434
25494
72694
200564
267131
11984
502784
43217
75804
93235
247179
91966
0
0
89905
20875
0
40116
49275
84415
69545
0
0
27136
100450
11289
53806
40040
194462
24324
73130
126185
208766
0
155685
20281
180206
0
77436
25637
29828
42463
37636
86938
105418
22742
0
0
248727
0
19403
124007
107886
10677
135957
566720
225151
19794
0
519341
138754
0
335314
676033
138132
409589
0
0
0
429096
374658
157270
0
0
0
0
74905
0
45016
61018
0
135624
87557
24904
55726
18233
46103
0
33780
38075
17879
0
0
11052
95617
0
0
0
0
91705
18680
10003
70976
0
46931
44448
53433
0
0
0
0
63050
0
23718
39400
825535
0
11657
27371
0
367025
70877
102929
40399
19999
0
228234
0
30436
32763
146496
427930
0
0
11494
88961
215519
0
97549
9688
0
0
248765
24472
0
25076
16993
74226
462694
21936
273440
105252
0
0
73737
0
31394
175205
36716
167318
80264
0
31043
149304
61821
34744
67680
82922
290348
58575
89340
0
20204
39069
0
39519
64280
51275
0
0
479134
0
145619
0
54859
143315
292623
260533
72494
181874
315927
20138
383520
210687
24172
36526
197629
41155
0
114333
0
13263
0
0
10216
78760
10925
60602
20514
0
0
93209
67048
375094
0
1.25658e+06
0
9943
0
19363
108507
62498
0
30610
0
158073
60568
0
97655
136757
21757
261818
101290
11742
211766
39899
0
0
181696
92592
169959
83502
86555
0
114954
57516
69144
125626
27673
61201
61507
21495
0
11900
43621
182610
164314
98195
69082
41962
73599
0
34149
83468
0
0
150288
169426
0
112591
39356
154033
21295
0
56918
217951
164831
0
74608
141948
20407
211895
212983
151636
70805
179175
310039
67671
104013
254987
41613
57903
113287
88346
0
0
185952
45493
0
29204
268414
260610
21586
150799
72877
49168
89362
271922
180665
62904
139240
0
118266
0
91902
159487
194083
0
0
86406
552667
0
10517
135675
9939
30195
41564
124188
0
27356
85779
256219
66021
37066
101948
205703
252686
12674
178241
0
326206
141714
145780
49043
67625
0
385948
53457
169540
32655
445271
0
0
304904
918092
0
0
0
55061
50323
101843
44286
53542
0
161755
515077
24301
116775
184132
357192
89140
54324
158582
13289
82114
154129
94289
0
0
28013
51956
28843
60285
166893
27578
0
218715
103887
77971
373567
90672
208991
0
482125
229088
94235
601231
442517
578890
1.89339e+06
134270
175232
203380
0
0
0
164661
488789
671103
274773
261977
0
190188
345416
64150
513935
657765
55557
0
314874
252075
247296
146813
163708
151143
31875
11337
467293
196546
0
522407
73405
141870
87637
60918
0
0
0
50992
751766
436572
106697
0
0
192576
0
0
30792
273860
276849
351932
97972
136652
270268
353176
0
37885
56006
0
75344
190530
132075
10528
29462
19368
0
319581
21334
0
0
423263
801600
455106
0
57113
74588
66125
0
0
212515
180457
119720
0
35502
213583
51435
0
0
0
0
0
27033
0
25938
105790
0
191316
354666
0
27888
30787
123619
0
0
57993
45604
179152
75749
38573
23317
0
117681
109130
0
28622
199947
267376
0
38691
51866
100916
68874
28199
107068
0
568933
181290
29156
0
152032
68613
0
50868
78300
324912
262399
153266
21195
314013
49844
144181
0
0
28379
304015
132146
71445
147030
353111
178533
23325
753901
199360
158780
256391
21936
68250
0
166592
146227
290424
152750
58557
167576
39207
0
213037
138365
0
0
56722
0
0
377583
99524
0
18456
0
232685
208533
172461
88151
158157
362958
0
116065
146084
142309
163117
26917
105189
24494
205296
0
0
77110
0
169570
704693
259839
143692
107975
31775
149174
49190
27591
433979
0
239008
0
150623
75292
116532
125750
169036
0
0
0
31489
123617
23533
22850
78278
74675
39031
206754
147694
240192
98638
261947
61377
111518
534432
0
15170
684442
10017
0
0
0
28887
0
0
36254
0
64654
146651
94129
24270
168169
0
59671
79487
147384
0
67110
127833
45433
98961
50701
13103
138940
0
158182
160802
282204
57175
160595
0
46654
38512
135015
306294
13127
42598
0
0
78739
0
55515
46315
0
38741
36133
211138
75686
52521
33068
177828
144806
20084
0
70957
45445
77602
200176
146707
123644
40474
169011
63353
0
48357
252878
113725
71560
21065
34362
88832
222542
63206
171750
109533
0
0
11561
0
0
0
103628
24217
309467
50447
179304
155284
20412
0
0
55095
430529
49596
459115
218789
168124
111896
194006
229153
203803
175086
226264
230445
0
0
134937
151492
0
233611
0
285476
56851
21866
0
47261
10523
65545
40488
0
0
41103
897488
10819
0
103104
108427
283094
71363
0
109462
0
0
0
164734
388061
256902
780547
98189
114609
134278
0
33926
102317
84737
89112
20840
11439
141564
11318
0
22747
0
206483
159171
204310
0
0
123007
0
208435
132146
0
32448
119127
77901
0
88223
0
141544
102334
0
195407
863908
106167
50309
102897
100320
41933
191676
9408
26575
83622
50181
0
145762
110983
490128
0
126626
101203
0
127928
144880
91295
148469
164052
0
0
117637
261604
189344
177384
0
138434
0
215879
117779
86252
0
79566
42445
51275
75332
54935
165774
142876
10855
232291
87244
89851
0
12808
178050
45017
0
22693
0
810725
353079
24432
81208
130822
323538
40278
279377
0
77479
17329
99593
42645
78602
145306
0
177279
288568
15217
356181
197390
20889
80032
54476
266259
331717
201247
70577
438310
176695
0
184700
0
0
215996
157718
0
368385
35435
64742
0
13090
12558
223573
19165
95654
43243
81157
560621
1.0394e+06
451066
450862
0
87178
50667
63784
0
0
0
0
199612
20674
55962
222267
504965
9557
180257
41639
34053
115851
17258
27199
0
0
218433
36384
93477
66917
391463
100368
0
35783
0
108458
302503
42096
116237
10658
264985
28299
92944
82726
99248
347799
43864
787505
405119
70350
511330
170774
223263
181414
501556
318407
97639
0
658031
158275
0
289395
156905
1.28944e+06
119495
10731
0
0
665217
99078
318726
75469
542118
410064
52048
190772
0
279274
1.03298e+06
296233
46241
280247
342126
364364
105564
0
102649
187752
43804
251077
177842
307084
405514
179528
134158
206798
118886
29324
90119
209031
1.06929e+06
185788
139210
55927
24598
0
55284
12316
24802
1.28976e+06
0
21844
215126
886905
0
55421
23233
186521
242180
771567
0
244554
147549
65303
374979
90225
54487
449784
42573
599783
36829
291067
238764
10963
37168
357498
266028
418166
162439
153749
120824
0
65394
24850
43067
22058
193093
224490
0
47483
0
11446
128585
165113
134968
372642
106318
194406
224354
121584
38031
0
206765
191957
148106
118930
397919
0
257009
0
0
87791
90256
107306
0
89634
0
74777
429290
137025
263873
116830
