622032
115072
403771
0
817865
123166
114959
298083
293522
589557
412786
322258
542915
900105
147653
182257
249058
371072
0
30784
0
520134
471661
536951
0
171432
0
21902
144945
0
185811
296154
819564
180505
214565
93661
306391
467498
379817
630779
327256
214964
248844
892326
249145
514361
334307
488287
1.04606e+06
144791
278960
811296
0
1.14652e+06
1.20942e+06
29255
272039
62981
1.82968e+06
530922
965567
178116
545214
1.20452e+06
2.19294e+06
46281
977438
182229
125794
0
0
49648
0
0
0
0
0
0
0
28396
251493
0
0
111623
0
0
0
233073
270692
408062
478632
0
695310
386572
169221
647097
690295
332827
255781
1.3792e+06
289941
365898
362282
215593
115452
228651
47599
202507
974612
144559
513837
1.66244e+06
858183
322115
238440
571587
202794
1.14174e+06
235764
89714
241472
484368
62321
431714
304325
1.7801e+06
1.40503e+06
370076
105000
338275
378522
150708
20866
312947
93761
84633
182023
134035
1.14226e+06
607459
637343
1.04595e+06
318006
754421
80768
665205
650083
153466
757857
370520
40148
276823
379805
230336
0
166467
218129
720451
440163
502397
188684
37111
0
340366
55203
90504
82927
451192
58523
521546
113593
237725
919215
353077
296228
450283
111931
44902
20147
19195
0
0
0
32014
0
0
26883
0
0
0
0
10303
0
0
0
0
59068
0
9890
39559
0
0
10811
52720
30383
66179
28131
22656
0
185715
81448
748135
0
166781
21460
87832
27220
0
114509
155973
246391
376364
427552
92177
35373
337819
560265
378017
0
184862
9540
378589
447054
11181
195693
147972
229937
0
325707
183604
417826
295921
0
824570
204507
166382
569227
145476
236890
9578
190421
521694
93380
36649
559876
529210
147101
491547
353913
479997
357298
1.00536e+06
787475
56081
992111
708593
675714
474941
243155
550611
466717
391685
22976
0
20386
29772
0
0
9933
0
340076
19012
0
0
0
122187
0
52469
167733
22576
0
441144
69779
63386
451876
228284
166800
299115
218198
533247
251041
246874
0
253074
430782
360221
47498
301910
55457
0
12922
720641
158173
333309
254740
262254
695436
306033
615248
378610
0
183050
23799
0
166479
74484
46806
0
156192
0
358915
357041
219226
143682
31351
0
44246
822867
908657
262701
1.19488e+06
723043
338582
84208
431085
700167
117526
2.43908e+06
263228
273219
788357
230547
89995
10555
114967
377743
391093
78264
633226
522755
227029
326699
293896
176356
405277
67114
11238
30184
14350
317303
649785
786509
0
12996
56065
612812
497074
199294
327112
340756
0
569775
140514
295538
139342
0
101903
254982
136125
225689
297207
268742
0
285724
95670
222616
36379
68639
0
284789
607927
336206
159037
115880
249519
368698
19483
182588
222784
289645
601814
373591
139876
0
62928
251579
42163
165940
404402
0
302605
290918
197170
149215
47847
45457
59300
61814
288053
84319
390192
183571
299693
184619
147107
146147
532446
604870
906420
96420
2.11486e+06
9559
126480
264346
0
326236
37157
133725
142055
34390
49962
288460
166862
166061
271962
316449
402538
56918
550689
237830
89184
108725
258899
132950
186605
171508
332859
159288
24606
48082
39263
259135
268321
118867
14405
84619
350109
339465
185212
80180
29873
367919
151027
0
369598
588525
12772
157718
232477
62592
134580
358998
678441
23894
541560
65217
0
21788
33954
171031
0
216469
124828
207904
28463
276977
242612
114645
101546
278317
224440
58286
511910
0
153077
34695
152340
205751
79322
158079
239133
0
190294
72947
0
450975
119621
546429
36516
333545
340254
348922
13181
24988
0
10072
40912
312095
21226
0
0
75232
0
1.01254e+06
0
46272
0
255143
30013
81956
0
135688
606412
124777
242763
144876
77305
0
21958
85457
232509
279919
28766
311066
1.48166e+06
471876
86262
653726
0
11996
55450
36466
52972
89064
92427
92070
73976
20636
55668
11594
134634
93622
96131
0
0
92694
0
0
69347
96959
21363
75029
0
137095
148853
0
77272
122417
129136
115124
0
163421
112020
76995
162160
45268
837658
0
193488
59548
104464
104294
155129
41956
0
98092
9730
0
44667
68744
14383
153640
295721
780614
0
203442
280676
222591
536160
40086
93497
355106
368216
108906
20357
0
38035
382173
76312
60042
50788
9643
225351
29366
86450
26684
0
240786
130429
0
32058
52741
184716
55215
74200
24815
317252
65939
0
62859
502804
0
36692
847952
197905
259464
13535
23936
37579
16387
96942
1.37516e+06
99446
19405
10223
1.15097e+06
10562
0
0
14849
362692
664507
22085
607591
295434
242681
312033
82498
108281
88661
0
189913
336824
99379
87389
16809
266902
127424
305184
70300
192271
386212
81826
634151
307031
355081
179397
0
0
383588
148566
0
62753
109207
0
3.02675e+06
257891
0
105207
65244
378741
787837
169403
770852
0
79770
1.28065e+06
820641
532947
140285
122512
141968
185163
9969
960485
66753
12104
0
24412
268581
20214
44839
491503
28232
272467
57574
878573
22466
99946
21767
447858
0
77712
110776
11143
197386
11601
93951
9653
88814
150995
0
190051
243271
125109
56094
147608
572645
780335
22015
20458
265233
157428
75204
70885
522631
268233
0
232148
448017
1.05958e+06
0
228007
1.86045e+06
42159
1.0854e+06
153042
410953
361188
11142
272904
59855
110994
388267
232365
0
36977
45128
15723
0
0
20598
0
0
0
0
0
0
0
0
0
0
29555
22514
0
94240
0
0
0
0
0
0
47983
0
0
0
0
165738
148185
0
0
58454
0
0
67752
0
21940
24543
0
0
24719
0
0
0
19265
0
0
0
0
0
80185
0
30872
0
0
0
0
0
0
0
0
19844
0
0
0
0
0
0
0
33017
0
0
0
0
0
0
0
0
0
0
0
0
87715
37722
48217
0
19911
0
0
139380
136829
292384
0
48755
48267
0
72022
73281
116738
189141
68477
10623
0
206140
0
0
14534
0
68262
87821
27303
0
90840
37829
13120
155818
62411
87655
0
98083
33764
229693
10950
21707
231141
57896
0
129931
235806
111119
0
238869
520793
180674
352069
20662
170964
105675
0
357221
309059
10251
521232
159554
183325
108868
173415
857936
55246
537981
0
180208
268021
42457
44234
115965
90567
10023
81068
151681
63289
95716
40453
67304
131505
77306
82897
38888
12974
9457
66504
517246
0
130462
64711
75060
166777
0
109028
67137
80125
74745
126897
244479
87108
168728
67813
295330
182597
39100
214620
118742
36914
23883
0
107921
0
0
0
14653
0
254609
0
22887
403228
161909
0
47387
167766
622864
20871
0
64899
300559
155116
59237
11723
56411
340041
38899
94533
248100
206642
22116
194332
128654
59439
121544
114840
73289
159764
0
0
16509
9382
0
595995
0
0
0
0
0
0
466267
72412
82892
0
0
763023
9197
0
516307
0
324343
0
0
423280
0
0
391205
0
206333
0
0
476885
0
0
335081
218902
0
0
0
0
0
0
0
243558
0
347144
203274
166250
0
0
128490
0
32493
0
0
58601
0
9257
0
158922
0
93095
0
43195
0
46060
0
76869
0
35124
51158
0
0
71443
0
0
0
0
26751
0
47423
74339
0
0
77479
0
50572
80564
0
73864
29869
9804
0
10089
0
55076
145702
52026
0
0
56780
0
0
0
0
0
0
38471
0
0
50689
32266
125388
82030
20775
0
49473
0
0
149938
0
10042
148606
358559
22085
238212
316649
302563
70127
158228
90484
0
370291
112545
92871
111471
202613
110851
0
23651
147586
69501
119227
128441
42136
211336
278018
371461
122961
433038
131506
49937
97878
47173
0
28610
41948
27438
289800
12079
190880
277468
44901
0
0
40629
35927
43132
0
379419
0
22721
0
223709
111034
351011
96044
20070
12315
0
32230
46627
0
0
350189
0
0
45180
0
203103
0
0
0
30870
205886
438294
401372
134952
0
0
0
298897
325020
450689
404154
0
27635
25787
0
157475
37096
90298
499974
40069
0
0
0
164119
94429
420351
328285
199099
115619
0
66171
44288
271661
465450
431834
170085
0
44634
41976
164975
559260
272011
342663
237569
53385
0
31440
60577
109803
9402
72278
257467
259253
256159
203938
81487
9692
29980
265720
22472
15866
360659
0
0
96624
181591
105253
25300
105614
9414
240070
265342
41366
0
73071
66767
139985
291473
231867
105038
41919
505501
247090
1.2219e+06
112859
121639
23467
170344
844777
0
232645
655502
217444
111999
84487
58660
22387
414119
0
161466
0
134129
23497
0
60675
101870
17586
148817
0
0
59827
69570
55507
22239
71566
41878
0
174602
0
357508
10502
40526
61439
42732
12369
43772
18606
0
0
46663
31485
0
57046
29352
10999
64971
121922
0
172871
286442
0
202085
24037
210752
65098
156454
58357
11880
132240
208155
0
0
0
0
0
98520
93782
59387
108634
37086
9457
259655
225095
95735
119569
725863
35309
0
128009
293059
54897
113107
12856
10115
284973
37728
0
59597
46553
635578
179022
0
74915
0
506665
10756
46447
20817
39483
0
150949
124306
261943
41496
0
479823
108477
20555
0
92655
66666
23392
0
26569
10140
0
10790
28198
0
32811
55427
0
0
68580
31335
156198
130536
448690
158228
91999
94386
0
10739
0
53649
69826
193614
0
310755
111902
0
316016
21425
298617
195709
142175
0
128012
468984
52072
72215
0
20664
45794
84615
0
0
405568
62324
23040
491207
0
214878
56494
60896
667089
0
167465
398137
176574
61918
201225
0
9215
178522
0
472371
44771
11581
165354
181857
314872
0
20445
94491
61175
437104
98756
0
54034
121118
0
10390
63479
11458
117429
106581
0
163071
395798
83683
44748
28808
130338
408972
416698
0
0
0
9926
117268
51751
157303
0
9831
0
52192
0
227854
243632
83897
154732
13974
307389
242341
0
125187
138469
214823
333180
332056
19848
0
34462
26624
20132
0
298628
22027
173497
158593
86255
216832
567745
0
288867
35366
90426
0
50084
0
248817
53080
177901
117146
70057
128136
167503
188610
70183
493589
42828
262910
50899
39953
0
0
0
24093
292268
148857
314789
221175
185016
0
0
31336
11650
138382
0
0
0
395839
0
596170
512065
99035
282142
23392
157326
391612
625370
0
0
58209
0
108255
204737
56288
77815
416356
98785
224461
24018
358399
119739
31230
80512
0
209072
0
151007
378458
21350
132168
82598
0
0
221960
63207
209846
377540
103867
47379
0
84868
720579
139464
249854
174330
30825
58119
32005
172272
133943
92948
42073
55966
49254
258540
37442
29117
196333
78202
238900
49876
374424
197668
132018
0
70907
165467
287249
344047
55869
67761
0
0
0
0
0
11866
0
0
0
71468
20094
0
0
0
9955
181420
0
0
0
37974
20229
0
63295
833758
61163
95063
0
126924
15670
0
219828
70457
149964
11693
21005
246869
10803
464476
147357
652749
269551
342376
252073
9743
127203
225378
205756
0
65023
24140
106930
57345
332791
46673
241263
206744
46522
219763
264127
487619
424060
0
229767
57851
126599
411493
388125
259815
0
0
494376
0
0
527805
113858
29076
72410
116216
189929
103276
186387
344961
23912
675906
33321
164094
224072
27692
50315
266128
125030
73439
71879
345820
94609
76990
520505
0
516882
258028
0
24762
0
19645
24273
118090
331951
124482
340961
50581
110456
176858
9477
14403
88115
0
204954
168500
0
37385
170433
39513
121908
185384
0
11217
0
315240
68076
277627
58985
19085
0
295656
66626
170821
283742
561573
52865
0
873016
47875
245485
91362
29084
103712
61503
100021
32560
11958
0
24606
0
109062
19859
176164
50231
69489
57795
100460
448384
155341
0
115515
0
117971
65447
19403
209855
276654
0
51777
0
9879
158125
79347
293415
0
0
0
398890
141837
204363
12248
352689
226224
216916
284861
129725
161818
320811
123865
50541
29652
14051
103004
92345
80518
46155
39777
77479
0
77581
148062
43653
22502
67400
35411
0
184448
110186
123317
306590
229798
68693
0
379481
55198
0
12450
0
0
0
0
20876
57942
137217
184849
0
106685
44736
83029
29847
36703
151742
19872
183743
0
272735
0
36292
21469
45509
21674
348448
226356
74347
0
16894
142532
225399
250442
239416
112513
160650
0
60437
173972
28853
40306
136726
210849
20896
18697
9757
250533
13629
0
196865
0
85931
0
19456
142350
62963
22971
186318
230438
107534
65423
30655
127327
64179
0
107191
14382
17398
13893
9323
75453
131875
53693
62181
404900
19962
284788
97240
83366
22452
227085
107388
109974
130709
0
9555
161537
142655
35818
10569
115970
128297
84192
86270
363160
38938
51320
114286
117222
132353
156069
9093
11781
91275
589715
67966
182605
232628
86005
262206
130339
0
130893
192721
78209
282897
38816
79336
299802
278718
0
135052
250938
171920
412232
39424
431269
525752
0
206496
79378
146281
90673
63284
205876
34700
276690
0
300793
0
0
519659
65186
680607
147658
162948
71118
73948
359863
37249
156464
122780
88725
190799
138918
0
10702
167025
43350
76075
323338
55666
71969
103202
118340
58384
42964
201574
127082
223660
159228
170743
122572
0
84915
0
0
72098
0
21514
190837
47136
0
0
56918
10539
198841
0
113704
138605
0
406304
28669
136706
0
36876
158707
74663
10953
0
22523
0
52245
24198
45375
72074
0
119316
166846
711832
143639
19554
185141
133744
58567
144135
22698
87561
35995
69492
116410
54663
0
207647
0
0
10265
270800
0
136443
34821
58432
128545
210443
66463
47884
175111
106244
152849
28260
358065
168354
161295
130101
242021
44181
151912
0
15737
74826
75639
0
53471
42782
67490
283329
0
553415
114373
16093
27866
10217
51451
93744
117281
112931
81941
138027
59032
67014
9587
0
179568
328141
140911
106309
40824
18967
0
224407
51022
31704
15754
10723
66352
62722
654727
0
0
19935
0
26558
86807
78627
9721
84766
10525
387223
407062
118457
440602
0
0
112153
10178
60705
59816
37699
318516
22682
49200
25275
101452
113437
36808
0
69959
10852
88985
345400
230287
153267
50277
56167
112846
76296
241757
0
0
113061
284764
10138
54080
0
130439
113322
0
31179
184148
27856
24285
116172
65242
196118
405437
39824
234546
53497
21654
81111
263399
23881
39513
78051
113059
562189
237167
116686
140593
56605
83054
234862
0
251079
189631
179253
11937
224901
0
52463
134112
22040
155364
11427
28743
107880
185190
198105
239952
43996
10949
43755
228659
130317
621035
61914
139017
302127
209744
263746
174372
152915
14439
260466
55438
81193
24312
10388
0
87553
114719
0
32281
20813
28109
85154
10921
167337
208082
23003
88696
142709
118818
0
25278
0
324010
201544
44457
102830
231737
45230
35110
0
69307
89570
44569
0
139578
53334
102530
90614
96766
235972
92359
169479
80820
72166
196012
0
23791
151352
42372
77781
98394
62778
105095
180337
10060
0
0
11018
11881
70471
109597
88986
133828
76219
76723
0
152680
103668
0
234791
65826
665867
185488
181744
209484
252239
403753
131005
172044
22126
48756
212084
166812
30890
140402
204403
10559
154118
0
0
12596
126866
18814
22862
52410
19199
71046
24502
385103
52644
15914
0
238816
0
35576
30404
0
95465
56504
34725
89822
225936
41341
484977
22903
23776
356665
0
10862
0
27096
0
157933
114329
105634
179026
0
159068
0
80786
53659
45445
215833
227654
59891
115080
96963
57982
68416
96558
71098
0
0
0
56679
0
126380
225478
38683
44577
208930
0
12368
75964
204731
0
0
10737
160166
64757
0
0
106568
116615
54390
16709
77714
40016
53394
82330
117653
235197
12662
72929
181941
0
0
188126
0
48491
16548
0
314968
0
0
260778
40090
278046
26427
0
0
10348
24976
35118
83350
52972
22685
0
0
49280
68702
36962
0
86288
173705
108494
0
0
372574
23503
487767
118993
99831
35932
0
113418
82742
98840
125344
73533
0
83752
76903
0
66085
61731
847673
46967
498400
33132
62961
25516
0
334129
118772
540417
83088
0
42272
100599
25427
89415
31367
0
59943
1.04002e+06
449831
0
78349
306233
0
229098
158545
0
114074
65852
177713
59438
24973
75835
99296
186497
0
166356
110167
66954
386645
61541
125780
126486
97063
70979
99111
136949
109282
9470
88755
150908
28207
207578
87430
94853
27029
88153
135167
20264
140867
465620
31781
12651
0
133151
137744
58172
45602
29331
82341
412159
53243
604723
0
21394
213498
0
66964
167855
69349
9760
175922
139008
314702
0
57031
23206
316938
230414
176636
128311
77652
113375
87919
0
88282
21356
17691
0
310513
96548
98016
124145
0
158802
0
0
0
406069
10474
70370
295598
37278
9298
23138
204642
161149
345881
141320
123647
190101
58993
45843
82645
0
150710
77331
310409
303767
228093
611363
0
230559
59799
142336
148806
202074
111195
148325
0
22555
28148
252572
250269
0
35532
117991
228148
135772
368710
108808
190802
0
461399
936575
0
166337
209065
69750
45586
243032
0
0
0
77861
0
126822
207660
0
227874
112445
0
133612
514590
0
194468
41909
302340
0
34702
123477
126083
53738
0
107542
161663
38118
43145
96829
56886
119282
127352
58694
44012
322782
0
0
39182
565586
37623
0
48066
128620
113271
10240
47485
0
56869
553298
0
252920
38190
244187
83693
96347
51495
167788
0
254411
21104
37001
186227
0
0
10404
80534
63597
62227
182539
216771
57722
181424
62017
0
139325
38376
37565
77725
18479
138738
20333
233704
241756
113599
85733
244263
320248
66305
118482
92324
80442
100964
16696
479581
0
374691
438070
130403
19506
236797
58045
211107
162238
55716
354022
109109
98392
610344
0
136357
10369
176631
259363
0
0
95204
89939
61215
0
244279
10123
164052
57492
154326
120517
92507
0
233094
56546
69701
0
203175
0
27176
148665
80406
0
283335
0
272812
34403
250082
42008
242612
70297
133993
95247
290658
11078
503559
850428
335889
0
82740
176946
105336
37180
236617
53429
0
106099
113637
25114
63079
27122
0
266799
98441
10501
380291
649107
0
36232
153820
90934
131704
166252
111773
156363
177228
134840
283545
0
0
0
116222
631390
249749
69260
412207
0
0
11682
115261
92616
99370
48832
73531
20095
342801
445289
174919
66997
90850
93038
0
136598
249445
192411
513066
131428
1.07572e+06
335978
509248
101384
107032
107581
94866
59936
73665
297849
67473
0
140244
578225
9953
9265
721493
156917
9931
54427
56837
56834
28891
267475
40672
0
209643
430528
0
279218
44794
11346
556761
0
0
13156
0
87850
219962
19367
61050
13602
126734
10195
130198
0
161829
0
445110
71982
71723
0
0
215353
368713
87857
324810
82605
159878
87938
65402
0
170247
111714
245595
390066
0
331819
23457
655887
232359
56387
133997
21617
335270
654132
37305
28067
310775
523733
0
0
24624
135604
0
16156
0
27437
68779
190924
21791
45241
141757
21122
216100
46633
162551
178833
31409
152215
1.23266e+06
0
516477
53805
0
26587
0
852084
0
9834
120952
19174
107950
95224
0
166634
74122
0
0
250600
364439
215742
34772
394249
0
0
40195
11549
265092
0
0
129389
23255
14529
121295
51584
22771
0
401911
156052
25446
150830
12971
20667
180442
192000
0
130373
208935
0
0
49135
107057
0
0
19311
0
0
32733
0
286143
138091
560304
206477
24297
689895
239845
85402
0
198924
111555
0
285374
229522
174513
0
54317
0
25882
192818
54763
175940
0
45294
0
28024
54726
171248
22600
34766
23411
0
125677
73472
112789
213879
0
97748
159324
67452
36699
85265
177003
142309
45171
326382
40814
118968
107315
0
45618
0
49422
128133
0
582871
332216
81290
88349
328617
78212
279555
62824
310427
272457
479375
122113
268769
9960
388428
157320
381855
203167
287566
0
344998
9606
27224
9357
232255
721311
474789
312808
82823
235946
91533
231068
17662
162333
0
132991
569988
86667
774591
0
11616
122058
24522
0
322588
216373
371956
148405
96770
132048
361923
159519
92679
149080
375089
15366
71755
92243
279533
324542
0
109232
330240
92055
53037
211353
0
79692
0
76584
214202
184163
68867
216673
161022
0
115988
98916
0
13851
62342
531182
31734
20949
76094
0
36720
0
22716
302856
395880
0
0
60631
84826
38649
26246
213576
50298
9682
131399
100858
44834
9528
58375
44924
15706
163242
26059
137360
34728
125746
106286
9589
95875
209858
64420
62683
107111
17403
0
87750
319671
34578
183735
0
10224
202197
176033
277478
21581
27306
132579
0
39095
0
153966
0
482612
214836
105424
0
270320
305332
60661
0
136797
0
17215
41986
52388
0
75232
66435
0
12077
0
115658
9853
39971
21887
126579
109881
0
83481
120963
151951
0
50112
0
52586
64573
209762
270974
0
0
0
140507
123512
20744
27584
25336
157758
88786
0
190270
117735
86533
105168
64756
22146
0
0
0
129315
0
292408
41554
66923
211797
61508
9735
0
89784
24798
217922
0
71752
44415
105210
0
249273
331826
28920
697069
91635
61374
170690
124068
129909
120039
66732
0
164217
0
0
0
161836
159009
142075
0
42316
0
0
66572
0
10166
0
0
0
11158
0
0
48061
189095
45002
43376
114812
71251
22835
16777
0
0
0
98652
0
27092
44239
0
45781
97060
350863
48400
0
279062
37388
38416
20338
0
42229
0
0
63159
32758
33966
85223
39963
0
0
252851
0
25313
91697
25218
295841
0
55590
20644
108476
0
93434
50635
0
0
59244
9254
12955
0
0
0
0
343249
0
0
41390
225499
0
72448
48823
0
50796
9657
40840
0
0
0
0
19597
191048
0
0
78153
9679
0
70821
95373
165370
0
0
87715
92668
0
0
165825
57381
184872
0
0
9782
76125
11182
0
60416
65295
62503
54270
0
0
81288
114032
136113
135807
157979
119486
23021
400744
89940
206279
65297
151865
293745
0
332071
43801
156347
27047
178483
164508
87676
58340
40783
77826
98250
10530
162213
27827
0
0
74346
84718
47690
26156
131449
74446
26232
16259
14018
163088
0
0
229787
165873
11906
124949
138397
153952
0
0
30127
10882
116615
0
24949
59998
0
57709
0
70586
0
98997
205439
0
34238
0
0
112796
20435
0
211951
73904
0
0
0
0
0
213566
209223
0
0
0
56140
0
0
223346
123650
18971
53988
0
159871
135902
87727
67682
0
146989
143189
0
398793
36281
111037
115592
130811
0
10656
0
98793
68232
33206
50725
39112
39382
22925
0
55245
10713
31598
10751
37118
78061
42961
0
0
0
21737
0
0
65434
10736
101554
20616
78356
49959
0
9286
78165
25252
13039
0
151721
0
32072
144505
22751
0
105483
102030
14412
19693
0
160569
151579
67473
218998
22015
83237
29472
205013
27040
79980
75614
137460
0
0
27876
42224
360988
69112
91478
102513
30322
0
156959
74265
76826
140981
53589
143872
0
284770
0
341279
434912
38180
0
0
47014
46430
0
301026
154294
0
13501
0
76109
0
139648
313566
11178
167761
0
0
1.46411e+06
679314
20565
0
73804
0
0
83879
148936
9517
230619
248618
361682
23016
262139
12703
10862
99155
9463
114273
450337
21157
188082
154487
84500
668744
125545
0
95919
238040
14383
166223
411035
116256
75792
853602
0
190031
0
350003
249004
111885
41165
274890
138336
129695
9422
0
21261
84073
0
56701
80089
162280
503437
0
28754
0
285858
143405
35927
22539
200245
0
32037
43963
0
354091
110729
0
10653
72004
112473
0
150288
35363
240845
0
70581
402161
219057
415923
271714
0
158839
62963
67122
0
49967
62850
103221
139535
0
0
0
0
76668
0
174407
23187
66984
249167
43462
35486
73750
161798
0
0
55167
0
98453
88808
0
67089
21609
0
139105
189859
262983
148211
0
0
96051
0
27000
0
12146
9795
0
67094
532206
362428
45824
0
48802
11235
40754
0
321931
35722
0
132187
0
0
0
51476
0
0
187758
20202
94371
29750
121468
40538
27962
0
47369
44998
0
0
0
112475
21869
224195
0
46992
0
0
77830
10311
181373
90939
0
174762
411691
10725
67778
29802
34865
338046
0
0
10575
634389
122278
10408
29512
22446
149628
0
99084
23185
123074
20879
30381
0
67326
0
271645
130844
0
234210
92471
9966
76913
208938
33260
90941
126349
21879
197318
150681
144023
0
0
133474
52727
0
149907
0
112882
0
0
87487
40905
74061
0
57750
92910
22887
224825
0
24283
192982
132890
172561
21528
106676
100327
83304
630102
227978
9295
196763
169388
13819
28323
101010
0
39068
0
18318
0
179755
0
70457
134007
0
57632
0
10492
489551
0
0
61951
20505
31015
716638
0
40155
0
29435
17896
63487
23142
0
60583
225631
51274
83255
36902
29717
186704
25075
11159
0
145041
139424
123715
24718
21578
21882
306849
10674
86489
122586
26551
89509
261291
0
35044
0
110264
311907
57293
241135
87825
93672
0
0
92915
462551
0
9813
209106
51038
0
349115
9404
421996
9437
14118
422982
21276
93141
0
210959
68984
10065
278929
0
255014
153042
477170
164189
149429
66086
133714
101697
131952
578137
199261
0
0
102334
23196
0
15984
11511
349965
0
201125
113853
0
10512
240173
103467
10349
197560
0
127243
11126
0
9419
28435
334998
185721
11862
223669
65593
11030
149666
0
30425
76627
52322
22200
0
0
167096
74374
0
28681
39021
192663
0
81690
14674
256454
0
142480
0
0
0
90352
0
147791
61626
75493
0
19074
264824
456077
0
53724
0
0
0
145949
49354
13734
0
0
154756
76565
30893
331223
246973
28908
23886
65079
9994
0
88027
0
25698
34950
28829
42798
17542
72537
142195
0
0
125067
176196
145266
85744
61814
369072
0
91199
98376
170454
46775
10411
204923
159751
588549
99274
201216
0
309450
0
296804
93357
50789
111394
179845
108864
39942
0
153333
123285
0
9241
0
72981
184300
237564
79286
167471
123435
12527
0
103257
231067
10103
13419
0
167438
111339
0
0
0
0
12381
38638
51604
0
0
0
0
0
0
23380
14709
0
120040
140695
83148
69787
147470
0
272508
31877
0
0
11924
110437
0
38070
0
0
11350
0
0
42865
0
59312
98048
0
0
0
0
79780
0
110598
70936
37992
22467
125544
0
0
0
14810
0
0
0
0
0
0
81660
0
14029
208288
10426
0
25422
99242
0
28367
40354
89357
55401
41633
431902
129562
15762
118463
104194
49597
28213
52137
103757
0
64850
0
83764
0
0
72696
0
148108
63309
0
11998
0
327733
0
11999
0
48535
18513
0
0
14461
0
85621
144238
26765
0
155436
172035
34444
124371
178494
117434
0
222796
162682
106419
28491
0
409047
46836
103220
100569
119494
0
87675
37200
20054
59494
117122
99780
32887
0
0
0
0
0
0
128593
0
0
248207
516795
0
46319
32530
219128
20293
211014
38250
164830
0
0
0
46290
59637
0
115980
66821
0
33320
106435
29085
0
20620
118217
102893
0
253831
83215
22523
162953
61831
60957
99828
45924
126632
121395
0
28477
10569
174702
36896
434150
0
0
229968
56528
94276
25012
147833
119173
84841
66218
68361
34411
0
29596
189944
0
23034
0
0
57068
0
52200
63799
27354
26088
91114
0
0
0
0
59560
10579
177551
33818
38075
0
89434
72415
21404
0
40067
220767
43179
103079
575826
28525
103401
0
0
28376
31921
0
169117
0
142589
197081
22673
141115
73693
136233
10902
129161
14989
0
210268
76495
208988
274593
192984
284144
47220
85603
357434
215058
15262
168216
0
0
88933
10671
0
67075
612003
0
298262
0
147724
37742
49111
0
217278
110274
56210
0
0
10007
0
28088
426270
0
345570
0
96409
213867
229781
23414
49719
154964
192437
10169
41195
403856
0
42603
191139
50787
137300
142819
75151
141209
82790
0
86736
129801
0
43251
290255
183772
240821
0
0
31051
48507
27857
468027
11109
69651
0
81997
0
163279
164271
143954
283499
27763
0
116978
255798
39032
0
0
195970
107470
216018
0
93107
14834
9943
196803
236590
147144
189189
32666
0
237569
0
86689
0
0
93729
74478
65703
47005
0
201793
22453
30898
121355
10927
225796
13090
68245
0
160067
51304
36233
9419
0
120687
141115
239530
47959
0
73220
31692
108119
0
0
36998
193384
242214
422781
133745
77460
77246
966189
231450
21517
48649
91762
295816
79641
88308
0
30725
0
87576
0
35509
38895
44899
0
67162
94940
96396
151409
73702
62958
11024
0
0
97703
59234
56743
26201
0
0
57905
0
62457
174090
0
0
0
462300
147998
0
158661
73771
88348
42230
136510
44707
0
102455
92654
119498
0
31729
116895
51662
91934
113780
48336
345703
167861
137570
30010
276854
94447
97295
0
67717
0
27555
130927
35653
10108
54730
85121
9869
72932
0
10813
0
0
19954
10789
178349
54950
191730
0
0
0
93909
162141
216849
166356
10715
0
0
0
0
0
135203
49387
0
0
100558
0
281931
0
0
73494
107854
71007
0
118263
0
0
96894
243187
234251
30548
0
0
0
61253
0
23588
0
0
219326
0
0
116973
234293
10715
23131
188853
207465
280234
83246
112684
39767
1.01991e+06
0
109944
182926
0
339122
61784
0
164144
0
13144
24113
0
9742
0
178479
0
65469
175624
59573
229822
22839
23086
70454
61032
752404
239234
167938
127806
858892
11521
122380
20672
193701
191875
0
161194
179429
542241
69972
194751
54917
122739
175782
267829
218670
147647
45045
295605
186194
142372
68676
0
0
40802
187855
99146
353025
0
251670
97954
0
199905
10034
55025
0
96549
295514
177840
67268
0
440133
240508
42757
268732
132562
0
0
149272
56844
10003
53817
172305
153809
141621
161350
146817
32652
0
68173
0
170257
0
202902
371343
0
196787
38609
0
42018
344374
224544
156068
175743
108417
242222
435142
10851
0
536983
250690
164031
425196
511076
98740
154050
22648
31875
141052
487076
91903
0
0
0
12107
297359
222895
129735
209630
