19
6
16
3
26
0
9
39
40
50
47
3
18
105
20
56
67
57
44
0
40
49
50
68
10
0
82
121
98
21
69
38
108
0
39
86
14
35
94
144
74
62
81
146
87
190
52
230
105
0
47
120
30
116
123
0
33
148
277
124
162
114
164
50
159
29
40
212
92
91
168
38
69
34
18
101
159
153
12
135
209
40
0
242
397
130
149
471
211
226
131
81
220
169
55
44
53
178
182
277
120
492
183
306
226
278
42
217
152
125
180
477
333
160
119
260
21
469
110
134
307
92
131
467
193
587
593
347
21
353
190
180
122
145
93
77
250
62
623
575
241
793
202
380
306
534
397
209
563
398
238
113
242
119
173
267
107
524
435
148
332
0
0
299
221
166
140
347
410
612
238
810
1043
329
325
516
436
440
316
201
100
174
75
166
65
267
861
117
225
353
796
582
180
132
0
70
418
830
249
411
634
1550
657
1211
404
1343
282
393
59
226
237
705
200
1128
562
778
267
40
812
428
744
303
298
62
581
103
904
460
0
197
51
633
883
287
316
478
498
174
453
266
488
341
303
968
484
311
1019
224
335
56
301
930
228
274
447
480
967
705
411
693
699
596
869
200
1272
1141
624
734
253
287
848
812
1413
195
595
159
54
835
156
693
617
60
88
50
288
80
187
155
45
37
98
551
488
110
665
484
980
555
430
657
712
487
185
414
513
1063
98
428
156
307
140
1078
387
358
551
656
2356
475
766
606
511
678
570
281
2266
2412
1891
1124
811
1083
1582
773
461
241
162
46
935
202
649
709
823
1681
390
247
1021
433
904
675
920
583
1170
662
189
201
285
534
4012
278
1077
1394
371
491
603
974
477
1108
81
472
797
395
1533
724
237
73
170
1061
1185
646
992
981
763
1050
300
288
609
390
370
1012
1329
684
437
453
0
442
1210
645
495
197
110
1120
512
1196
574
148
922
389
257
738
908
682
349
574
599
220
317
1453
175
1105
1273
152
772
675
701
1606
840
916
378
1193
712
200
991
467
878
455
922
280
312
397
761
1547
1965
0
549
488
0
776
435
415
203
274
447
1061
1009
474
1318
1206
900
732
779
855
504
810
524
925
378
381
783
1234
64
1629
4292
601
332
3133
146
1222
645
656
908
670
186
832
480
125
1211
772
562
859
367
824
819
871
1213
178
423
457
1134
431
501
294
324
872
259
1418
203
1107
621
743
294
500
291
225
1258
797
374
916
373
1204
1042
857
1081
110
700
863
295
343
1166
1181
1241
1148
765
1291
520
296
574
219
183
831
438
326
406
228
980
865
839
704
448
649
576
99
276
368
547
1037
583
200
687
666
342
401
537
744
371
674
142
334
401
475
225
260
42
173
651
567
320
199
370
261
853
241
461
406
1649
124
0
546
260
153
963
460
1100
681
51
237
955
338
556
147
562
617
380
810
600
575
408
339
894
474
868
442
523
583
675
680
397
887
196
399
314
423
220
497
698
1061
330
699
842
521
488
716
533
427
470
1033
379
0
434
1012
470
731
696
841
844
453
534
363
1102
686
236
79
190
425
743
827
917
187
633
1933
80
888
519
199
65
716
373
624
678
92
328
179
514
1547
906
544
141
529
608
202
660
96
1396
797
543
243
362
781
452
817
585
939
550
169
466
1248
215
630
441
398
506
415
185
1849
440
845
224
208
377
518
1000
1049
872
501
604
0
1984
2195
548
634
716
979
356
1065
290
654
495
851
2183
2131
642
1028
576
569
784
160
1200
437
407
2259
0
664
1223
944
808
980
574
798
2230
727
3504
735
2586
382
305
509
406
553
83
718
1427
263
448
918
736
885
308
256
621
1138
1170
834
241
1176
1099
936
713
678
318
174
563
1254
1177
430
833
1158
2265
1454
567
1267
1098
3311
724
952
349
1086
662
1431
697
434
702
339
727
285
3930
1939
3548
327
517
103
1722
220
595
1580
517
507
399
468
656
130
1520
0
426
253
707
969
716
644
1454
958
763
1065
492
2211
673
0
2037
278
1485
321
72
332
269
429
565
34
826
344
888
787
63
493
837
354
857
484
814
440
357
481
338
553
279
270
987
1503
29
189
254
1272
550
586
171
251
568
320
1148
617
344
0
129
1250
650
227
532
2482
1933
147
578
226
826
386
427
1110
299
424
694
255
605
892
3636
629
165
191
1630
816
837
104
176
568
482
1095
1034
1151
547
0
0
603
231
4204
181
537
154
325
1042
1012
1456
1120
615
594
1469
576
366
481
855
631
1175
241
446
545
700
1232
1734
93
1153
337
1692
1077
485
1260
360
1270
1502
683
832
806
550
504
615
570
379
744
892
861
973
314
830
513
422
555
825
643
840
1264
684
461
1421
754
980
544
951
515
569
596
576
505
1341
870
685
811
924
724
957
440
598
444
290
1031
424
124
313
99
1053
782
150
369
267
1399
112
1518
550
429
902
783
1321
762
2600
597
345
543
2268
250
1141
425
2355
124
888
529
519
722
434
1130
810
1295
516
580
0
935
1126
430
508
986
781
507
790
478
1036
457
1579
2066
398
267
499
1299
78
90
836
583
0
0
85
521
912
335
2006
585
1004
1726
47
251
307
452
1019
122
417
1172
502
488
539
573
4279
633
990
297
643
579
945
854
119
589
476
238
327
706
1069
0
1429
481
260
490
394
380
539
208
830
738
571
340
699
494
498
437
350
263
381
559
903
73
341
408
380
759
599
240
764
444
792
727
1265
1326
538
817
868
629
508
201
0
228
354
395
629
258
368
97
815
758
1853
722
397
83
0
562
231
821
484
610
1425
1063
807
336
564
734
715
548
704
895
392
772
983
555
445
1055
805
352
0
781
670
485
438
719
663
1449
760
431
932
2640
89
402
1097
1087
238
147
664
1233
927
1152
928
698
138
133
421
543
1672
294
715
433
657
859
392
478
659
539
577
456
1444
227
793
897
693
377
447
0
1563
3252
248
155
565
377
293
472
665
548
299
499
933
843
231
1800
544
532
667
959
621
274
1011
49
0
734
688
460
1624
1022
768
198
735
661
271
205
242
917
188
1193
1075
855
849
314
77
751
429
799
659
457
622
95
1899
0
70
236
0
621
911
117
68
361
474
0
667
499
910
266
476
776
835
451
916
234
1632
851
0
1330
1084
694
230
1706
497
432
1675
725
719
848
1213
1025
1284
906
615
273
458
2640
205
798
2533
1056
165
250
1021
339
1488
105
2142
442
1173
1083
159
416
685
341
703
389
375
694
1272
309
1234
598
2348
739
465
780
1204
819
243
354
1615
767
520
618
1739
135
1121
891
530
745
1029
535
456
1077
442
982
3088
450
1110
1289
543
381
1611
863
1049
2684
1106
398
238
364
277
175
642
211
527
265
259
865
1328
1162
914
552
1057
490
311
666
1795
66
4059
1475
932
1305
343
1419
1382
255
1529
2774
1192
657
435
967
1461
107
232
227
287
907
945
819
1526
1096
1093
1025
1067
0
1440
0
296
44
639
1081
963
1012
745
703
102
2109
567
893
440
1440
878
276
850
565
1217
277
271
953
764
2380
1670
1087
198
877
253
715
1168
199
823
935
187
537
250
941
887
436
700
923
590
820
2880
1940
910
1189
984
1151
0
1145
73
2022
6523
903
263
1392
1002
209
507
1333
0
1392
230
796
437
567
1083
631
1123
173
1481
7055
541
812
963
457
1865
2007
1343
989
600
952
2105
322
237
235
1080
1215
994
1233
1230
835
1416
529
47
1105
423
3744
244
900
1673
0
2197
68
1591
7304
496
149
898
1193
504
1739
429
1055
456
1336
909
1001
1403
1797
725
650
922
1236
577
269
507
406
163
4648
662
194
1070
1621
1139
697
1318
182
712
292
594
1778
1762
387
1485
1677
1084
1080
1524
763
803
792
1026
1415
792
71
556
777
957
523
1076
1093
1740
1624
634
81
3975
1169
1511
858
1365
1111
859
792
1029
701
362
871
1007
1066
1814
966
657
1502
367
0
152
673
374
361
1169
2313
226
207
221
1074
613
791
2302
1023
1818
137
390
740
641
995
144
646
676
263
925
277
945
2005
1525
1101
953
1344
497
150
1029
1058
498
360
476
159
574
331
3896
1126
306
921
253
1249
451
2140
195
304
869
799
564
243
877
1122
352
165
548
215
1012
1352
509
177
203
2310
0
798
605
0
0
1241
79
1138
653
306
3346
2098
0
380
414
247
575
649
39
1036
1041
1010
1655
1210
556
0
1731
769
1247
149
499
3055
257
2188
1405
1094
1070
276
584
1154
112
746
81
557
1557
1392
753
693
4588
1510
107
1342
471
876
1340
1398
1226
628
930
1505
811
361
781
756
404
783
690
843
1422
1166
1344
231
1389
552
967
490
857
1293
1717
3156
1544
343
1172
576
468
1488
1175
1167
1394
1492
1730
70
1091
195
4065
1682
2474
874
496
481
751
236
196
711
306
1696
733
322
295
706
1168
888
1644
2106
1098
1061
803
605
1584
1530
191
0
4178
1891
655
1234
1405
1872
0
906
384
998
1484
688
351
613
680
84
295
0
514
257
457
459
1001
363
1163
397
317
281
941
1024
411
43
542
1030
280
1070
785
167
581
479
502
796
405
851
590
487
229
1039
564
1055
726
1092
1513
1933
1044
429
1004
1717
1292
2758
1592
246
1728
960
1306
392
292
183
761
3850
2318
1161
924
301
277
274
1920
1074
643
2283
1168
1201
825
816
1038
314
706
741
464
738
0
2441
2348
592
1075
533
782
329
965
150
499
919
1238
1598
1110
1112
493
692
623
1105
713
555
382
197
899
1810
359
2516
1219
1212
467
756
776
1799
1796
1286
1003
293
1431
303
359
572
1022
827
0
2294
902
1720
0
1162
1287
601
240
2283
1477
815
1329
1189
1388
388
77
976
208
322
201
647
391
728
581
3002
467
126
2325
1018
943
145
2496
1289
1028
873
509
107
1282
1142
1158
920
1559
904
1171
720
1546
260
380
1693
1042
1004
1284
279
662
1184
947
595
752
551
241
496
561
213
655
1060
1165
2030
304
1974
1103
1204
1282
1010
1827
883
1326
1078
1212
4169
1603
1086
724
1060
849
733
955
306
1277
198
1174
1027
449
794
745
1864
831
811
207
843
1352
1439
1133
1385
507
1097
1495
1018
183
1903
1076
1291
240
1139
2009
270
1652
1333
991
1042
595
753
1282
613
646
502
739
0
524
758
3843
239
1253
592
0
3165
1669
218
469
469
791
1109
86
1484
654
1006
81
765
910
1228
227
812
736
0
1287
301
3217
1376
119
616
1404
1450
1697
1147
1067
1211
369
1653
95
755
173
796
2770
474
0
927
437
273
211
1345
146
1153
794
334
1010
1217
612
419
322
435
950
533
1671
992
2123
945
969
819
735
260
212
1742
763
96
1004
264
892
1930
127
1370
1613
202
1076
737
1122
4190
959
1252
879
1421
1011
651
427
214
1815
1123
425
483
582
776
502
1262
1821
756
1861
871
84
741
2000
1355
161
294
362
925
825
707
113
1493
1126
1288
1425
1716
878
911
793
473
206
1207
544
177
1471
735
495
246
575
893
609
212
395
97
1848
1647
734
1504
552
1681
439
711
1189
243
339
1100
746
1475
279
643
500
726
0
1123
562
686
783
484
338
774
1019
504
1554
544
857
331
724
292
279
1240
803
1016
580
531
915
479
510
1360
1118
1081
1264
1565
210
1648
73
637
1335
488
823
1147
244
1281
1754
1328
1667
433
462
438
1832
881
1772
829
1104
1394
1208
1221
8930
990
598
1213
318
7225
2297
1175
63
1205
1182
128
1323
321
146
861
366
1149
1249
272
661
1213
1784
301
400
418
1575
1124
292
722
1742
2125
1114
772
678
1150
1729
541
1394
1220
1317
1248
1289
1734
903
1162
1022
1312
5896
447
254
5782
622
778
1271
816
2039
1509
446
2293
704
2079
321
769
937
1146
1396
799
227
164
902
2628
1598
1855
2143
1281
2063
1271
1255
798
2911
2459
1262
326
939
1917
872
1739
1963
1079
225
1057
326
1511
885
996
872
1574
531
370
651
377
768
388
369
557
925
0
1191
213
678
840
873
1370
346
1515
770
4689
1324
1375
798
595
113
0
431
619
930
189
1354
904
432
1793
686
868
975
775
1145
962
981
788
870
480
184
820
1346
643
0
0
2215
408
935
1397
189
559
1524
796
981
962
1665
610
605
1404
1229
798
1567
278
1798
1588
959
592
698
355
643
682
791
1010
124
478
1080
515
323
2674
218
704
299
0
2649
453
240
1857
2475
1433
353
272
668
141
1068
693
1142
2761
473
234
213
1177
493
678
84
515
1040
1222
224
185
1634
400
4176
287
1237
319
74
843
3930
1771
1307
1155
284
629
580
0
493
707
1141
432
1479
236
1039
743
383
2749
894
1231
1307
126
293
1262
1873
574
504
188
426
1629
1061
220
2630
846
0
1280
1004
142
1364
273
963
250
752
642
685
1034
1103
1535
1159
865
1146
712
686
1232
672
477
1077
1388
486
0
974
1300
238
734
1271
1049
0
363
1337
610
1377
1324
394
188
375
1832
942
380
199
2450
2505
1736
897
1651
533
319
1408
1226
258
2531
661
255
1922
419
646
250
450
217
1714
3743
1554
848
717
417
509
362
874
106
403
183
895
1267
1126
1664
352
1686
197
750
50
840
1235
1361
1501
299
436
671
508
1287
1205
1027
724
1242
721
365
608
923
636
1093
1258
1161
675
1705
0
750
1445
1905
619
1016
1100
587
230
178
200
1377
1129
208
588
1162
1506
983
2023
1776
993
320
1501
1405
348
878
2096
792
299
1335
2472
720
164
546
842
769
2142
422
1291
1409
1197
1769
922
232
1068
775
1502
317
159
1405
310
476
713
835
834
1074
113
390
372
411
769
652
63
4200
1240
396
437
1374
701
150
1510
589
1222
1061
895
0
0
1605
187
796
595
1577
384
706
655
415
231
1154
0
250
5843
196
482
235
902
746
687
1449
1237
872
1206
335
1441
776
401
2733
1741
490
1111
729
526
867
1267
343
972
1623
1120
1442
2684
1660
341
497
1402
1399
1753
1354
584
0
1276
862
1614
1017
602
1568
175
544
1970
292
2513
2833
1094
1677
346
1498
5272
823
470
294
1329
419
1179
430
1725
1039
324
628
1366
751
1455
1065
1786
120
230
761
2982
0
1100
242
3386
1028
1545
197
994
976
1479
2014
1808
0
1587
1789
1281
406
1384
1917
640
1022
1264
232
0
853
1758
157
290
304
365
1293
2196
449
1129
1455
396
492
450
1333
513
2165
1803
1885
920
1042
876
285
1592
154
1234
1646
1968
3619
1800
176
6350
871
973
1620
1191
1852
732
1463
807
1862
1114
1102
703
1032
391
1155
1884
1436
1854
1819
1551
1145
1169
800
709
557
361
1989
640
1084
588
524
572
1892
1368
62
944
1548
214
371
312
614
191
1430
1753
287
1340
1049
672
1057
2509
3278
708
444
828
1407
367
1223
1284
1140
1767
1044
988
472
930
494
974
161
2310
1183
806
192
0
1260
1484
1836
1797
1609
1991
698
563
250
625
641
642
891
237
1180
280
6276
1343
605
1808
337
543
342
188
120
1664
580
436
678
392
593
0
683
414
354
607
884
185
615
1830
343
1152
364
844
3789
1867
1574
3836
1306
1690
449
0
107
440
2485
232
239
593
868
489
483
122
636
387
571
0
1803
5893
1332
481
1880
0
4304
432
1631
1118
0
329
1171
249
1632
3647
1065
168
160
1384
1747
748
607
880
366
712
2417
303
2218
1324
128
509
442
296
0
119
0
0
0
1530
98
739
96
501
1597
209
4053
478
390
451
3195
1099
0
1851
933
1223
622
979
515
383
1999
414
1644
800
1335
0
99
434
712
122
535
116
360
423
407
1407
1631
169
768
826
1104
378
409
1010
1225
155
1458
292
696
2117
722
303
0
713
1564
136
3187
1658
404
1639
1837
5190
4381
578
1503
1568
1409
1162
1802
117
1425
1605
1481
1334
1343
0
1630
0
0
287
1234
3737
1119
1664
1572
2567
1679
1599
0
1594
344
2083
1449
1396
2122
273
1243
1808
787
2080
1405
1355
1625
925
401
1905
1794
1814
1429
2084
1903
537
1048
984
1628
1441
114
2691
1652
548
917
1786
147
305
98
1379
2477
2115
963
721
1282
623
1157
394
2799
771
326
956
2286
1337
874
1225
1195
541
1022
1602
713
170
188
755
2935
272
200
2061
5492
260
1039
2202
361
289
1034
580
207
2686
557
1052
615
1249
1009
129
796
4273
762
268
993
145
273
1549
3694
211
726
301
142
1425
720
868
117
315
575
0
176
547
1315
1662
1599
2015
1573
0
1924
1798
1057
91
1618
196
289
921
510
170
355
626
480
305
408
3444
730
784
890
358
715
236
326
860
1359
253
1566
187
4043
306
2012
1779
198
204
163
1770
1065
127
0
161
801
3889
923
1770
1218
638
1416
764
1333
132
0
0
1694
536
2931
1351
202
1611
398
307
2402
1741
248
1103
234
308
231
804
0
1367
1886
1178
834
1262
416
682
717
704
1175
653
349
835
300
412
0
871
679
1052
241
1957
124
0
651
1295
0
143
2034
820
1305
186
282
3443
2258
1408
2778
974
435
857
302
0
389
905
1670
99
902
2697
1556
219
896
1656
1427
245
1260
805
1297
408
0
751
324
269
821
184
720
581
598
254
475
1646
128
318
462
1929
3370
215
1362
0
1686
230
566
0
1038
6367
1449
181
1236
587
391
375
719
3121
361
1467
992
603
0
1670
1276
0
966
129
913
216
1535
1176
4119
788
1575
435
489
407
281
1446
1044
903
2022
412
164
1814
1258
98
145
1001
579
1347
107
835
247
1791
351
149
1339
930
1482
1736
367
0
1765
1316
1928
1592
996
2266
400
1547
2258
1156
473
1370
2557
0
3227
307
1388
1525
1835
1637
465
1044
397
1346
1369
1548
887
386
188
427
410
1470
555
287
688
340
581
1592
210
1317
174
566
1711
2874
288
896
2035
2608
767
1414
1677
574
1349
584
448
1110
776
1033
0
718
0
513
1527
1255
223
1777
183
679
719
166
887
304
140
1407
329
470
0
2082
725
0
2836
228
1058
944
237
1378
1349
370
700
238
802
428
1835
717
223
1057
842
246
3128
395
1050
740
1054
651
343
1029
1457
3945
1063
1136
1672
1151
1087
0
873
534
674
533
840
2890
697
117
831
138
3755
1091
353
1523
350
1056
330
1083
938
1651
0
1317
930
1628
402
2178
328
527
1396
0
1049
1402
2191
1254
1106
658
1489
1202
1754
1901
1245
433
493
1746
720
1339
1163
1011
226
274
69
1057
3393
2911
1526
318
141
666
1149
687
2788
1385
1761
4723
166
2590
1366
1615
1826
1946
0
584
673
3424
415
8441
1847
306
1116
439
683
308
594
1878
351
1198
866
1670
1905
1539
701
189
382
1082
0
6114
1684
991
1776
1846
2263
352
3763
1010
498
578
193
4786
2050
466
745
1849
1903
1358
695
202
434
1828
1184
761
653
2340
1450
2305
0
2166
174
979
1967
975
413
1779
2505
2665
0
0
1166
5405
3380
2182
1985
1275
2857
174
293
1270
5460
1381
0
350
1741
609
225
273
1305
2889
425
0
0
314
483
99
1606
304
1532
844
809
3032
1522
5102
1596
4316
1845
572
615
332
745
383
965
3156
655
325
191
0
1860
238
1339
0
601
359
1470
664
1026
1647
0
1593
2248
114
1328
1548
464
2451
473
0
1410
2102
1640
1406
197
67
2260
161
1811
1802
244
1400
0
1250
1547
1140
917
0
645
210
283
307
3186
169
503
744
450
130
72
128
96
703
1098
329
426
923
977
395
1041
0
435
1293
134
657
0
439
403
761
238
1770
189
345
1406
518
1761
1625
167
5741
2186
0
425
589
1644
1791
144
122
149
1640
2215
0
1079
483
1356
131
1417
133
636
299
3727
810
2365
369
1676
922
1166
2466
1729
435
1606
1677
323
1802
1069
315
2671
1851
1120
295
1308
1895
1875
357
2549
280
3900
2002
0
500
442
1112
312
821
2520
190
1167
236
383
1974
1792
1917
1221
1350
1565
785
1826
1794
329
1532
756
1221
148
1270
0
297
0
1227
193
3055
314
807
848
0
2253
660
445
1741
0
661
612
1248
161
432
658
1069
71
296
0
851
298
179
230
1315
230
1115
721
279
1542
1517
0
1148
3073
822
1388
569
491
545
2889
1735
525
963
280
801
754
386
0
1680
434
1337
973
1101
908
363
323
144
1979
1339
108
59
2732
1883
1360
5286
1506
2157
228
212
1296
1643
1653
288
583
601
367
1811
1516
2664
1185
1790
1305
982
4009
2087
1263
1017
1594
962
291
339
1814
1111
89
0
2041
1905
162
1600
446
600
497
1440
1849
1454
1454
225
520
215
1862
700
2641
1525
1434
971
1667
339
347
2231
119
4457
802
713
492
210
247
1138
815
357
861
904
1700
235
1675
294
1979
1845
6301
139
675
0
1271
342
1499
442
1765
0
0
398
1535
236
2667
0
1145
174
1536
1485
219
0
1530
1451
382
903
2487
1876
1262
403
1464
256
541
2392
508
102
1059
1029
484
191
1070
1588
236
0
1445
3207
2136
1740
2101
1963
125
1685
2237
1878
1694
1847
1751
1711
1967
1542
1728
0
1197
0
1817
2240
4381
4696
2158
1925
1962
1490
5675
2102
1580
327
0
1708
1927
1500
1709
1716
7277
660
576
1654
2118
0
2266
607
1621
7587
2366
3920
3137
0
5342
1850
827
503
646
204
888
1430
715
1283
1209
1740
1667
706
1914
1814
1437
191
1156
299
0
1612
1461
576
624
3379
5927
0
1268
306
0
3463
2987
696
1772
696
70
1262
586
941
2082
2838
1051
1114
0
843
2302
590
420
3543
0
0
299
0
235
1017
1517
391
15232
2146
479
1258
538
692
1198
662
547
2078
826
365
517
1862
624
1069
914
1803
318
4126
2512
0
433
531
1366
582
513
871
168
2222
3377
61
0
4895
2231
0
591
400
1506
1468
289
124
2077
299
1208
785
1272
102
3853
1567
322
1063
1652
1202
332
4846
1349
2439
995
460
1740
465
873
387
3349
1047
3515
3576
453
1867
1832
2679
372
0
164
1530
193
2185
635
410
297
169
1230
2195
1045
364
1061
1226
254
1778
683
1493
3790
260
267
689
2498
168
1747
551
1025
1181
1573
1014
618
492
3082
1112
461
2348
1095
239
1301
409
1154
1631
1150
2803
1015
289
163
141
1418
661
1214
174
240
389
1346
921
656
2279
1447
2203
633
700
1942
175
1947
1255
805
573
107
308
352
0
1938
459
0
1594
1579
2560
0
1100
0
404
6327
1187
2091
1051
1002
1320
903
1755
0
1001
2949
806
1748
1054
1224
1189
474
268
432
771
2013
975
863
1995
1010
1329
935
423
1446
703
674
148
1063
1277
880
919
1461
1859
1791
711
917
279
1008
2645
1383
1482
418
1723
1693
0
1204
2573
853
1676
138
2382
2506
1863
496
1895
1296
1000
0
696
165
795
395
1021
305
1577
250
3144
2019
1359
0
348
959
1795
308
1633
1753
1341
1623
2003
1697
1836
1915
1315
1694
1556
186
713
1890
84
2042
1555
1868
1590
406
109
856
1660
335
3118
70
811
835
1783
115
3007
1277
1105
1878
1555
368
981
2599
758
143
2174
1704
1248
1622
199
2375
1694
0
1662
1528
1435
1599
486
294
2758
284
998
153
0
2011
958
1369
2520
0
1085
3348
2301
1080
0
1182
549
1192
353
1685
964
2336
1922
373
2035
2562
3134
373
1106
1386
191
1725
0
177
1780
1715
2350
2046
1931
2346
2087
1279
1408
165
762
1556
2110
2052
1428
172
114
825
4281
2692
3004
494
1014
0
2069
845
1047
2771
1522
795
170
1304
1083
2886
1058
1002
1428
993
912
5803
1523
1031
982
240
912
283
1758
767
344
1471
1294
1364
3271
2023
757
6163
422
730
882
1967
1112
4516
1791
1587
674
2459
1975
1915
1013
5271
1595
1813
2200
1726
2362
1725
0
1704
271
616
2899
1790
0
1603
353
1034
70
563
1712
1345
1256
480
2182
1111
1527
1265
1037
1470
983
1684
166
1537
300
129
895
1060
1347
388
1145
1027
1839
346
980
770
1660
1454
2514
292
214
1559
1433
1869
1511
573
1884
4370
0
133
295
1285
552
428
329
4027
2362
0
2142
1466
1834
1907
203
3445
2841
3284
4038
5292
1075
3748
2543
4678
1993
3562
4315
4609
0
3993
2223
2312
1782
1946
1952
2522
3654
664
3975
3913
2084
2764
1554
1588
0
1579
3402
2949
1686
2295
2433
2232
879
622
1729
2643
1400
3529
4022
2209
2866
2734
3438
991
1804
2169
1146
2283
2159
3492
1327
2843
4729
484
266
926
4978
5529
3942
422
2777
3656
0
1893
208
751
2311
1871
5471
3922
1495
2775
3536
738
5119
4665
3236
1298
619
1620
2959
1101
2642
2378
2353
5532
3492
3603
1287
293
1140
1508
4827
803
3418
1106
122
9265
287
0
1963
3212
4326
4201
2422
1352
4246
8095
494
1098
2990
1390
2298
2572
2795
1625
2052
645
359
1758
4540
1744
196
1531
228
514
9550
3526
3876
2471
