0
5
2
10
17
15
42
48
14
47
71
0
12
6
81
102
97
78
36
77
39
10
100
9
8
69
96
87
104
16
83
14
173
62
13
105
68
72
185
41
114
235
86
150
102
66
39
163
12
73
21
28
16
26
77
0
15
152
35
289
18
183
64
255
477
42
19
97
179
57
90
251
353
91
168
389
48
23
36
245
200
96
16
523
225
195
400
371
285
319
208
144
241
326
37
123
139
242
175
339
132
389
144
506
114
209
0
0
193
83
260
657
415
368
188
283
89
712
180
65
0
215
0
927
202
210
382
487
150
556
516
217
150
88
127
824
187
152
719
230
930
398
215
126
445
656
217
368
812
601
307
296
233
372
80
1320
289
216
444
287
617
559
120
355
48
604
360
451
592
563
357
364
913
160
141
1696
425
506
533
233
463
707
433
172
99
469
1779
238
44
44
373
231
946
634
347
583
457
1711
580
390
827
523
1003
260
67
319
2545
413
63
395
188
683
138
790
898
506
623
46
863
685
769
310
50
61
1445
562
1187
426
75
171
0
0
1038
555
324
535
291
166
458
151
186
109
601
754
114
407
554
268
575
37
455
401
527
1499
438
51
236
691
460
419
130
422
740
0
1112
1325
618
636
355
527
917
73
222
564
242
153
203
997
703
876
697
65
1109
104
3709
173
252
109
178
132
529
277
727
0
723
894
1570
406
880
58
619
463
200
390
367
819
53
193
180
451
275
748
465
81
568
849
1294
224
688
690
684
476
587
898
1605
233
724
412
848
264
1458
649
591
201
388
97
928
0
227
474
338
1193
284
124
920
779
4297
78
829
1434
391
640
399
408
256
434
621
268
422
1461
260
479
700
1294
69
133
419
2961
445
380
1567
307
441
227
152
1045
1121
809
835
809
1052
937
132
343
802
548
136
1527
303
953
465
356
82
308
1531
832
95
357
134
1112
159
928
523
367
702
0
290
1064
776
809
368
480
471
584
294
1665
301
1592
713
115
959
852
652
157
182
518
289
1134
646
283
798
707
1354
1268
335
300
804
217
242
1978
301
348
825
334
58
890
610
1952
271
225
642
974
966
468
1442
1631
1030
240
1091
2163
471
2715
846
950
583
180
972
1054
141
1264
715
620
510
3367
395
1287
413
773
1249
2070
155
917
601
105
697
381
537
1082
1286
630
557
1401
608
344
478
348
953
669
229
249
700
551
196
575
693
983
424
657
71
436
92
398
1149
828
992
843
333
1136
1120
790
1019
136
800
1229
284
170
1008
888
1358
649
677
429
763
297
653
297
204
687
446
508
415
496
1184
711
482
790
432
961
612
36
323
460
412
922
576
243
879
636
411
456
513
969
324
647
723
86
386
1018
705
427
79
0
487
810
436
402
421
1072
1942
1011
556
856
1774
242
107
365
400
123
408
782
588
269
479
415
1039
438
602
804
974
312
586
1540
461
864
721
481
861
715
678
454
608
718
679
575
422
712
160
634
85
583
214
481
574
606
767
432
978
371
443
605
611
321
432
1107
377
81
524
121
527
891
766
890
955
403
645
410
1756
442
110
177
397
986
296
993
1193
776
839
887
618
842
96
180
96
396
140
440
1214
91
426
203
1898
600
883
904
106
1099
1784
423
1245
738
1261
1140
620
58
418
446
519
822
836
1012
499
451
265
1415
312
539
384
375
475
398
85
2115
544
262
451
0
481
545
2835
831
839
701
0
0
2451
1152
477
627
943
1010
927
842
73
285
1233
193
1182
1849
723
838
1193
1274
817
142
688
478
754
6143
0
485
325
166
667
1466
293
695
1598
139
235
375
2915
335
315
529
769
440
90
861
1141
406
383
1118
489
710
376
131
1576
2315
1122
722
373
1180
1079
1083
518
228
241
144
326
956
726
570
3450
1551
1792
476
649
960
759
2621
3496
1196
392
1189
540
469
709
731
1943
286
209
667
3730
699
7074
1179
239
476
403
357
725
661
1021
483
328
130
2402
564
1360
59
326
53
756
438
154
164
190
1579
2650
126
772
649
159
110
1056
236
690
254
176
979
259
398
124
782
703
486
492
192
1132
1555
358
65
921
630
1260
852
261
304
72
746
87
297
100
167
228
1787
1855
746
566
1117
106
267
701
472
1810
926
342
56
274
2876
619
123
465
919
515
1765
894
1299
891
265
504
564
380
324
1042
210
578
864
1852
639
180
103
1036
1042
727
132
428
726
530
1089
1043
1351
610
245
602
440
1059
1507
129
398
306
856
1190
1285
1033
940
530
579
1243
691
702
608
406
550
355
75
310
235
913
339
1349
92
922
259
1910
1271
487
1191
338
1068
1175
1375
842
1423
442
622
570
569
389
805
1030
1061
1457
338
906
453
333
660
797
731
601
1025
706
442
621
1226
1161
458
1021
1175
707
457
448
0
1134
883
924
233
142
715
1946
295
759
525
316
1047
162
261
677
123
1051
715
273
12126
113
1022
153
121
336
432
74
1292
1327
378
594
556
132
604
3179
227
1638
1205
628
102
796
495
632
835
960
1011
2571
507
810
525
0
220
208
408
516
467
1414
472
175
252
939
416
303
1579
57
315
571
58
761
643
159
621
1002
183
101
161
581
107
483
600
635
216
86
319
178
666
279
147
402
154
527
515
168
890
234
587
1046
327
406
3009
2952
1100
249
1876
727
297
1381
350
641
51
2321
547
92
526
437
983
526
241
1532
671
1001
801
595
478
480
1243
378
828
926
610
2612
167
303
587
432
2101
602
222
624
491
822
1042
1265
1214
526
567
1672
845
1232
478
381
464
942
949
636
293
303
176
1936
665
1866
469
599
0
90
580
218
825
515
687
1172
968
1019
437
672
723
1180
489
637
414
385
1338
970
835
482
1133
804
301
0
776
746
473
513
1090
770
1674
900
535
648
1676
100
621
1179
194
244
0
905
941
1162
1188
722
783
274
376
878
1263
811
250
377
347
651
462
134
910
42
790
513
1783
219
263
552
777
345
388
451
125
1276
642
319
179
1747
463
2149
211
0
106
64
496
99
654
76
95
70
119
555
350
646
190
1195
0
0
87
889
743
126
647
709
634
318
366
802
247
169
984
194
715
1015
419
637
111
66
935
427
327
634
846
686
102
398
0
90
83
0
867
253
0
0
209
417
155
761
62
202
184
84
803
71
797
206
133
713
350
0
1008
939
641
156
1130
811
1502
1179
806
864
907
1063
1258
918
897
681
195
387
683
247
679
3603
701
310
0
1000
123
1713
70
895
453
2120
1477
306
566
978
329
632
229
301
727
724
319
1069
757
1429
980
437
854
2354
349
271
389
1449
385
794
1997
1271
78
493
809
488
258
1609
267
801
1669
549
859
1303
325
3085
1187
399
455
4832
873
1021
957
1028
318
260
615
246
212
518
70
650
270
438
226
1204
811
1018
415
456
685
550
1058
1010
91
2690
1297
928
67
450
446
2551
0
517
996
438
88
139
81
648
0
145
148
229
632
870
223
1030
144
50
901
1550
97
2551
0
313
127
727
596
610
426
719
583
0
1113
488
294
531
541
1198
87
140
448
551
0
322
852
760
865
1190
4249
253
109
66
678
856
182
276
1716
0
437
66
93
764
383
685
1129
650
875
1258
657
71
1164
706
139
95
810
152
507
460
416
66
1046
794
175
120
365
0
473
243
0
308
312
786
517
524
224
1050
4081
550
60
1056
470
1981
1809
175
1020
646
562
1196
111
279
76
237
1330
970
767
1315
107
88
535
76
924
222
861
128
908
724
0
163
96
297
177
69
162
887
3109
270
1495
405
894
132
854
44
78
1031
892
807
254
2782
547
0
140
0
661
108
1454
120
2168
0
734
368
686
833
102
46
134
371
1236
407
101
1552
1315
1266
48
1206
254
778
873
272
496
774
0
171
604
0
103
980
1070
1447
1203
120
96
1473
1966
1451
105
636
68
62
723
60
793
69
70
102
919
1124
1076
626
1128
70
0
145
91
129
98
1223
1148
408
218
0
541
0
1624
1337
0
238
0
170
1910
1022
761
80
270
5028
93
727
197
1616
109
866
1148
625
2573
1032
89
803
5531
732
419
719
322
419
550
1504
613
264
492
0
106
121
1379
203
169
114
99
324
270
2078
1105
335
446
795
332
3063
2029
744
808
1108
1566
126
807
5217
980
1723
1432
1432
2150
1118
1531
5827
6715
408
734
287
94
148
717
111
2016
1226
1030
914
3102
412
104
365
198
189
327
317
1077
654
2499
656
815
911
88
694
96
254
258
107
115
419
1272
1192
381
739
175
256
1056
497
1726
545
702
663
548
197
772
495
348
775
392
509
926
1413
775
1412
932
1318
312
883
754
1084
879
369
798
1674
1221
1760
321
1017
744
488
785
2232
709
89
2817
672
72
3706
256
529
1227
1115
768
397
654
562
207
86
687
727
912
314
491
327
712
1579
1481
1396
158
78
1740
455
582
1030
1009
157
76
682
2060
580
778
1346
1264
87
909
266
604
1557
794
280
256
596
90
276
172
196
298
323
433
998
341
582
279
2009
79
326
1109
213
130
541
386
311
1249
0
429
251
1145
974
0
776
63
827
98
691
231
534
1266
1183
825
1517
1287
2051
217
779
700
1242
1549
1523
993
3065
1678
2346
238
113
371
1188
1550
1268
1222
1058
500
227
205
1861
1118
367
4621
785
596
748
635
823
280
1024
2625
256
612
74
1126
756
425
817
509
439
196
698
123
495
906
1064
1008
1100
512
436
633
591
864
905
100
69
110
1129
82
137
1697
1244
1655
266
783
923
1203
1062
2222
2062
241
1290
401
337
399
485
616
73
1290
918
1672
106
1554
1844
447
161
928
1190
1559
515
2771
1181
387
75
912
220
910
235
496
315
917
753
1302
454
81
942
954
681
193
2775
1298
965
1063
530
126
1229
1475
765
898
1345
952
1297
825
1301
225
245
1390
809
1279
1107
220
428
709
656
504
703
469
93
191
759
261
631
1122
1222
1906
219
2209
863
1095
756
1004
1188
1099
1366
1100
811
768
562
986
383
1271
1232
1527
1270
194
1193
252
1642
1119
408
911
860
1556
429
867
0
1230
1371
1341
1062
646
664
1941
1296
1445
207
2244
1278
1600
193
1399
1494
211
1924
1153
1322
1461
1007
702
1288
1468
1165
633
1391
183
775
690
4542
137
1959
788
167
1260
1274
332
271
477
985
1200
147
1351
2344
1468
158
986
608
1158
251
1217
333
73
1343
87
982
1563
167
763
1626
381
1042
1282
966
1145
362
1012
136
3005
501
1104
646
603
101
733
789
229
124
843
237
1132
795
282
1144
2230
638
424
211
484
932
395
1205
819
1748
1049
758
748
267
469
119
703
464
271
957
118
1019
1244
78
1371
1592
246
2292
478
740
2132
819
1575
735
0
1349
527
430
156
1246
720
455
823
96
5397
457
1326
1454
752
580
794
73
1463
151
419
685
334
1509
2248
95
259
0
1653
1656
294
336
2334
873
852
743
286
138
579
570
80
1307
390
424
199
3519
1197
975
518
279
447
1475
452
525
5644
654
938
231
1026
1096
1065
312
819
1882
705
245
605
440
866
148
1052
534
1814
434
493
571
529
781
489
645
638
737
289
180
115
486
1071
655
877
983
463
614
448
555
1168
1583
1194
1686
1024
175
1025
85
241
1247
526
927
1007
153
692
1292
1427
599
1165
790
436
1697
876
1318
867
1316
1001
1108
1006
80
867
548
957
562
5852
388
1126
138
1480
1276
127
1910
160
88
794
310
1241
91
241
474
2412
2257
253
544
525
1459
937
269
533
607
657
804
245
235
896
738
497
1801
1898
1482
929
1452
1616
773
1191
790
480
5919
403
135
1562
473
876
1098
775
811
1529
666
1297
407
303
1020
734
848
1790
2464
571
653
137
650
2814
1817
1366
1613
2199
1641
931
1104
949
2111
749
1656
312
438
2119
711
844
448
1543
306
1618
336
1252
988
866
2056
610
638
344
1935
926
936
184
262
544
1093
135
1004
216
1060
1323
928
320
331
1215
723
1103
1442
5792
1447
636
161
78
386
660
865
536
1424
538
195
1875
624
767
882
752
1047
717
1205
569
1256
526
75
1504
1110
657
123
367
5224
267
777
1463
698
1123
1690
460
609
928
710
598
551
1848
1060
983
1219
239
1566
1672
1139
420
3680
264
489
892
588
977
156
382
1142
852
1374
1998
197
626
738
197
1023
366
256
1880
802
1978
312
334
649
0
1249
497
1079
568
626
210
295
3291
522
686
106
1255
1581
1295
293
167
1271
301
2156
354
833
165
174
136
2953
1639
1324
1220
217
462
510
46
440
820
2019
539
890
78
1294
389
319
622
886
1105
1210
128
413
7862
3903
454
533
256
767
1383
977
101
373
646
134
2287
983
91
1394
154
599
426
627
958
500
795
503
1231
1077
1029
2407
826
825
1029
581
248
699
828
849
0
915
1058
314
782
374
1208
0
515
1690
489
3726
514
606
147
361
1597
1747
431
158
509
1537
1055
941
1389
144
1214
1536
673
0
895
937
170
255
97
551
234
676
124
1310
892
1072
847
657
258
371
267
514
46
345
134
603
961
1621
1231
306
859
263
767
103
812
362
779
748
169
254
798
380
1814
1107
935
679
1015
1356
498
1422
810
303
478
3584
1100
549
417
107
783
1476
1800
606
783
1572
582
497
124
198
974
2105
227
416
848
1634
503
2436
841
861
303
1087
1770
270
916
1064
667
205
1239
1361
1541
280
751
1060
634
1963
444
746
465
1190
1160
685
340
865
735
1676
439
79
1449
207
344
299
565
616
988
143
291
451
1418
502
559
0
1241
1159
428
482
2166
753
155
165
493
961
1155
977
80
676
654
149
297
549
1084
259
559
1060
208
253
450
0
134
2444
180
576
180
655
649
0
693
1031
602
86
122
745
782
4060
2487
1045
965
1105
1010
431
1015
1261
151
987
1224
1208
3518
5747
1854
432
3904
875
1319
1584
1397
322
0
1359
570
1614
1056
1020
1293
187
712
1575
750
2344
1299
1237
1502
302
2034
905
831
235
266
1237
485
608
404
526
1142
367
128
732
861
1295
548
995
166
234
407
973
98
638
259
851
1142
1532
77
1181
110
928
112
1521
355
1305
1495
1483
377
1793
1204
198
1270
4171
169
104
766
2484
514
304
480
284
1262
779
480
758
1069
255
767
563
380
1088
1097
1863
1868
660
1042
517
155
1545
211
2030
1608
1954
3244
558
389
1756
872
1146
1748
966
1839
227
1432
312
1590
753
1169
749
1210
375
910
2242
1456
1708
1724
1610
1224
937
624
468
476
454
1950
787
738
559
821
489
1673
1339
135
1120
878
150
279
304
1142
369
735
1791
266
1027
1179
628
758
1305
4086
516
332
316
3139
425
1084
489
284
1765
727
855
802
971
303
925
82
534
1190
502
228
130
461
1510
1547
450
1543
6853
509
344
274
574
555
291
597
151
852
295
6400
660
625
1681
370
559
215
226
129
948
465
941
180
472
397
86
905
528
338
659
951
127
652
2506
213
1240
413
820
2985
465
560
2436
1032
1529
346
127
104
445
761
281
114
624
859
344
498
381
742
392
296
116
1123
824
1493
580
839
93
633
319
1141
681
55
222
966
260
1419
310
1304
207
193
1019
1476
992
1508
730
494
360
1672
86
1969
754
128
395
926
136
362
244
0
195
391
1203
243
619
304
0
990
282
1580
317
394
534
1578
699
104
2050
1540
832
565
1268
413
834
1026
387
2420
768
1849
204
0
854
642
103
455
156
364
243
176
808
1423
368
835
758
637
334
209
952
1478
339
1810
208
718
1003
770
268
52
1066
6285
115
1186
1090
251
1432
1473
5301
1215
458
857
1590
991
1032
1315
59
1273
1391
1150
1154
920
80
1458
0
180
365
1380
669
998
1906
1308
1581
2189
5027
93
2913
341
1395
1392
1709
1498
144
1168
1946
776
4204
1731
1532
1136
805
287
2074
2127
3404
1498
944
1753
1290
3497
852
1711
1052
89
1306
1234
363
947
1355
102
91
76
1578
2019
999
874
583
1340
334
460
434
1290
627
239
3833
480
1257
336
522
448
664
2710
1317
1185
144
153
1415
4848
320
695
2265
440
364
1407
1333
162
495
1116
747
99
2686
620
689
719
1110
992
0
569
2083
930
146
1515
0
188
859
864
425
382
227
424
899
659
774
158
230
721
109
0
629
1425
469
988
2032
824
59
1694
1729
1083
159
710
230
312
502
527
142
617
606
263
145
328
1232
856
609
638
432
761
274
256
1157
2967
261
1883
209
976
175
1037
580
209
481
200
4204
841
188
0
100
667
1134
841
771
265
687
1190
1092
705
539
508
652
762
504
1164
1824
274
1281
169
353
1125
1802
199
938
269
786
147
770
135
620
2048
1112
746
628
358
548
836
782
4702
649
346
580
236
576
147
1124
837
515
155
1335
310
49
589
2030
0
1540
2296
804
1255
340
193
1075
1425
1520
1120
791
628
646
140
101
86
373
1823
269
2229
3320
459
343
639
993
1806
324
959
714
2278
397
98
753
198
276
2852
255
675
262
675
291
567
1328
239
332
892
979
1031
199
1213
0
2309
227
678
142
1295
223
1092
84
960
356
264
350
716
1613
130
4418
1595
334
57
1599
794
126
626
112
1438
180
980
826
496
699
462
477
824
412
308
4616
734
957
1549
325
245
1075
1304
210
185
1099
714
997
176
9120
421
1583
357
209
1557
1274
1787
4456
438
122
2600
722
1731
1227
578
2264
493
1714
388
782
170
1408
1599
132
2846
306
1148
2058
261
125
335
1229
493
1149
1224
1573
854
336
284
409
508
1593
818
263
743
250
142
2067
813
1526
227
552
1621
2072
854
513
1268
1488
360
518
1304
1171
1577
489
2169
1523
371
829
96
1102
121
611
1166
825
690
973
168
912
688
209
821
248
70
1348
356
491
120
1557
516
56
589
358
1006
267
366
714
1089
425
619
195
676
739
2124
1321
225
1002
764
251
1780
302
1135
729
1066
550
312
506
1562
2001
1548
1302
1599
1251
906
130
1157
1323
800
355
938
1559
832
154
404
419
1146
1311
342
825
483
958
605
1209
1154
1127
0
1343
753
5214
281
1443
416
352
1820
166
1243
1700
3383
1165
944
203
1429
1670
3023
1104
1334
0
346
1496
771
1514
416
1238
238
262
119
1094
856
1503
1566
109
523
536
1351
168
1587
1561
1716
1914
309
1845
1075
1179
825
5825
148
602
675
1903
454
1899
1831
457
1563
342
964
268
695
1103
390
1556
826
964
1571
1458
558
226
318
1639
142
1633
1764
787
1222
2837
1838
357
1608
141
1229
262
99
1831
1169
595
289
509
1997
1247
489
236
402
1951
674
875
822
1747
1397
2135
56
1689
191
836
3762
1138
325
2180
2120
2376
0
99
786
1687
1713
1307
1777
690
2270
439
328
1296
950
1367
0
411
1598
463
159
97
456
2235
664
70
0
239
838
1013
1560
433
5739
1644
561
2113
1525
1807
1426
6569
2130
562
87
346
221
338
954
1585
574
308
171
788
2382
194
1016
312
0
297
1854
1103
993
5405
59
1298
1915
115
1382
1507
493
1575
546
49
1126
1837
1598
2327
254
261
2311
1444
2437
1872
279
865
97
2521
128
90
1232
105
921
0
0
339
1365
0
625
586
860
115
147
96
88
693
377
54
131
204
1243
367
1325
713
163
2130
202
621
105
94
519
798
169
1895
304
619
1241
551
1434
1191
518
7914
1039
0
142
413
926
1669
146
236
193
1525
1942
0
1156
541
4151
120
1395
227
269
302
319
482
2257
394
1389
798
251
1840
1722
607
1291
1088
415
1895
714
167
1280
1693
1254
369
1295
1583
1909
355
3159
235
234
2091
103
280
173
2130
321
765
1124
281
271
88
775
1120
3050
4620
1774
1567
1716
608
1030
1480
319
1295
644
233
157
1041
93
939
71
309
229
5545
280
1574
710
110
130
812
638
1323
84
553
367
1617
107
475
614
950
133
478
0
732
377
336
230
962
235
1029
635
202
947
858
0
295
2484
856
1140
706
630
497
1318
1763
358
983
274
1640
756
317
0
966
349
554
1521
983
706
206
1176
252
1429
981
240
0
1502
670
1305
1005
404
4165
313
554
1265
1779
1740
364
341
587
448
1641
1299
2317
1043
1355
2966
820
3218
1231
1092
717
735
879
346
329
3585
840
156
104
2098
1321
74
1379
257
488
413
2781
3369
1543
1287
238
484
105
1699
968
3089
1430
1431
658
1168
365
384
2977
126
3354
743
652
486
177
293
892
604
329
727
988
1179
221
2976
150
1957
1453
1854
132
351
186
1673
332
1416
361
673
125
0
1918
1411
145
6190
156
2490
199
663
675
304
236
1359
1315
185
859
1336
1628
3323
438
1953
263
700
2030
611
0
991
376
1171
185
1034
1717
284
117
1191
1844
1954
1634
1696
1240
198
2580
1547
2105
3805
1845
1915
1663
1693
1189
1956
117
1243
104
1614
1220
3110
2090
1744
1571
2079
237
6159
3986
1772
517
112
1773
1771
1566
2227
2153
2141
0
297
1706
4485
0
959
208
1564
3113
2098
1648
1376
226
1596
3685
658
434
676
142
894
530
414
474
2308
2987
1638
577
1265
1492
1515
314
1021
96
3079
1647
2739
388
1137
888
575
539
1490
277
207
2787
2318
886
1793
174
128
1423
453
766
292
2061
726
1135
0
826
875
1594
138
1844
59
57
778
71
211
2935
3274
347
8135
2183
1178
440
261
803
246
3820
398
2620
782
2459
570
1563
989
1127
607
1957
242
3167
1367
190
345
693
1541
1080
258
868
334
2055
1395
228
0
532
2202
145
470
449
1638
1894
884
143
260
367
1511
353
1413
182
2707
1641
274
960
1970
1675
371
2330
1049
6462
1156
500
1738
474
814
289
1125
1267
2522
5517
492
1770
7593
709
570
321
590
1814
125
781
409
1012
333
251
1685
1616
1436
377
3299
1414
165
1778
1520
1126
1141
386
1759
771
1273
134
1419
937
182
2111
2718
1353
590
512
1000
1859
365
2470
1960
406
1434
370
1381
2127
2338
1158
1125
335
226
0
4336
776
1193
117
223
984
1132
3233
777
2260
3279
1459
1254
1219
1905
355
2750
1703
789
402
327
4468
673
163
6681
544
0
1584
1092
4628
230
1043
146
357
736
2367
1526
331
870
1765
1290
1805
572
1013
1679
1206
2096
1339
2069
2846
840
583
555
884
2627
913
1008
632
3527
878
1111
1454
1374
871
554
420
1227
1078
901
837
2640
1268
1752
598
1071
367
1065
2451
894
1442
705
2103
2371
128
1129
1859
1106
1261
212
1857
2266
1966
580
1352
1715
1625
134
983
164
191
720
1159
333
2204
246
2113
2365
1668
124
0
953
1540
436
1694
1577
1495
1761
1867
2439
1667
2233
1619
1869
1356
184
812
5674
287
1796
996
1747
1479
433
308
853
2134
623
2226
284
989
1282
886
211
1466
1781
7081
6776
2805
1216
1672
1419
1041
182
2115
1977
1779
713
148
2228
1862
0
1205
1404
2088
1337
349
1683
980
293
5015
156
168
1796
1152
1390
1678
150
1615
2197
3363
1258
0
1862
1973
1421
362
3678
1422
2449
1524
230
1858
2384
3153
484
1412
1390
305
1906
145
215
1773
1451
3003
1421
1870
2557
2743
2564
3383
118
1212
1623
5862
2363
1646
206
201
803
2555
3049
1718
526
1918
165
2119
936
1445
2188
1534
1620
207
1083
1378
3354
1257
1107
3004
1157
913
4755
865
1281
1110
285
885
423
2269
992
330
5510
930
1741
3344
1963
848
5172
128
1043
998
1588
1010
1087
2002
1937
658
3264
2335
1537
1057
165
2026
1763
2005
1887
2569
1980
0
1833
203
567
6504
1816
0
1788
368
1111
266
776
2955
1536
1980
461
2543
1182
1555
3884
2015
1670
1056
1262
110
1651
483
168
295
1440
1252
331
5168
1113
2360
365
1406
1020
1789
1416
1509
313
217
1673
2344
1881
1294
1357
1349
1881
116
75
156
2551
606
466
320
1168
2658
299
2069
3494
1227
3661
435
7282
2689
2920
3940
1757
3358
7089
1316
1903
2713
9033
2608
1668
113
2367
4809
2342
8999
433
613
796
3180
471
1903
2857
1798
1375
591
4901
0
3081
3561
2804
3287
2089
1418
2126
7772
1608
1798
1980
1423
3017
4967
3760
2854
2363
3153
943
1517
2374
919
3891
4648
5489
1235
1432
2352
889
237
2549
1791
3415
1099
386
4350
4190
182
1663
666
1334
4934
1750
2762
3650
1037
3196
3183
2349
2561
2471
3412
1637
533
2359
3870
1134
7545
2047
3627
3714
2869
3627
2161
286
977
1276
4197
510
2363
2607
285
2119
194
104
1899
2255
3744
5128
2210
2266
3530
1693
571
326
2596
3626
1067
2862
1665
2440
1721
779
309
3238
2977
3382
1027
3665
261
617
1698
8417
5290
1855
