30
3
7
7
21
2
9
22
13
67
17
0
56
86
90
20
16
28
53
141
9
41
11
68
0
184
27
0
27
0
98
44
318
0
81
177
14
75
57
234
240
132
105
157
149
508
146
137
198
93
69
154
0
167
208
18
52
92
483
20
231
0
182
408
885
76
91
199
273
150
380
25
122
19
138
264
350
299
17
26
299
54
12
39
579
34
234
1052
234
177
199
80
158
222
86
155
228
225
174
495
313
781
241
1294
491
119
164
197
781
420
287
972
306
282
232
217
184
738
318
311
367
407
61
687
199
689
592
668
147
875
436
334
240
316
146
348
271
184
892
454
513
1161
400
449
442
813
484
438
688
380
56
242
589
634
173
1089
577
638
696
215
348
571
256
383
196
614
49
586
494
573
149
282
1118
341
183
513
351
63
448
88
434
36
62
657
63
370
1084
134
250
476
850
642
96
131
0
559
49
2671
160
438
625
1603
276
1693
504
1639
49
107
34
442
192
890
129
622
696
1061
299
35
4210
1464
693
379
1116
181
849
248
1261
319
100
1225
69
275
1221
841
409
665
426
100
568
262
1094
468
332
1061
328
156
883
189
399
107
412
933
238
325
1148
979
1190
1322
582
707
1669
1377
1160
284
1685
1526
893
1243
397
579
841
596
832
842
678
1936
816
1724
1667
497
1003
109
288
53
544
636
479
291
756
776
834
869
560
115
595
541
5273
719
643
780
695
551
218
490
803
1428
73
465
197
374
125
1828
393
535
964
752
1110
1485
1936
1112
769
539
580
338
975
964
849
445
794
580
1476
1093
499
632
421
0
650
1091
2377
645
798
2204
512
257
769
768
1064
586
1023
727
919
659
211
316
522
1858
902
291
942
1191
945
520
821
1303
1001
1122
128
557
488
482
1325
1398
382
130
252
1565
1417
1344
961
1531
1076
1246
627
83
823
874
718
1487
1566
902
541
945
0
391
1669
426
392
130
120
1109
794
1119
635
513
881
408
361
1132
941
870
313
696
774
156
202
1696
315
583
939
115
941
745
1250
1486
890
759
470
1339
1637
304
1056
461
817
350
816
1036
1509
655
973
334
2286
312
435
426
58
893
542
505
475
229
1692
915
2152
1136
1305
789
984
446
1492
913
438
586
570
888
1085
700
436
949
127
2907
634
583
588
1442
132
1239
775
1083
881
748
188
1197
731
98
980
734
559
1145
1220
529
567
975
1019
182
353
175
679
404
604
410
430
449
250
966
440
3519
378
696
214
817
251
214
907
708
784
1092
370
1152
1239
610
584
160
776
862
234
333
1125
1138
1394
956
851
668
842
195
1088
150
164
1413
425
493
775
576
839
1215
427
833
544
716
568
152
174
393
521
803
675
350
888
515
491
459
333
833
593
872
137
360
1003
482
306
259
225
128
1078
709
461
387
528
247
2136
1105
492
367
1687
240
64
465
720
349
798
1263
397
481
478
625
969
443
616
813
616
701
308
1140
476
657
471
276
1595
307
503
367
378
779
1205
1173
559
1326
442
405
193
1024
308
587
526
1724
463
838
1151
529
598
719
600
583
768
1140
328
0
632
550
556
738
977
875
920
571
780
61
1431
817
322
172
403
306
535
904
509
756
770
735
412
858
679
233
178
882
531
609
733
117
484
265
1645
1461
972
231
251
907
874
234
490
274
1433
890
605
335
389
1032
535
1177
607
1089
552
453
641
1317
987
850
476
403
702
887
168
2136
719
1154
267
365
506
684
2117
1165
1396
455
657
76
1903
2808
577
753
771
907
476
1202
679
1911
764
695
2390
2219
714
714
503
910
921
211
1147
471
447
780
0
2591
1304
1260
761
569
601
678
2197
371
2344
801
2425
111
426
468
1278
505
210
1152
1540
962
2077
981
1828
863
436
266
1342
1734
1114
615
473
1259
1295
1196
461
795
350
120
863
681
1652
500
1817
2838
2469
1302
800
945
1016
2375
392
2643
404
1311
684
1121
247
411
1029
103
528
284
10788
968
2111
157
264
172
793
36
625
999
904
212
190
338
131
0
277
140
124
194
314
599
791
416
1244
351
905
556
312
2706
511
75
1527
147
1542
126
0
767
247
212
496
60
178
274
276
757
0
84
1046
428
119
352
206
432
267
253
249
155
230
67
880
1212
0
202
117
588
66
361
123
88
244
780
544
89
63
58
87
929
266
85
582
941
780
400
1374
355
825
220
549
973
684
243
658
160
1567
1313
2999
652
271
402
1179
862
926
125
214
90
575
1080
998
1363
787
409
739
676
627
1854
220
543
290
1001
583
1064
845
1040
505
505
1536
501
147
322
693
367
1656
144
862
466
727
1157
1417
205
1090
423
1627
1417
445
1582
478
1098
2674
837
883
2951
517
921
674
650
468
861
1035
692
986
275
1434
1502
462
449
775
2225
798
973
654
610
812
711
1202
502
382
353
107
665
596
547
1293
962
595
1069
1355
886
958
670
562
483
240
959
1551
154
388
496
820
1420
150
293
441
1434
159
1237
1144
648
831
461
527
807
648
607
377
664
1494
359
842
975
1020
252
697
608
900
830
866
682
961
834
1722
1313
76
837
745
1122
1509
1038
1246
1175
979
471
2342
1014
1132
574
1843
1909
1258
159
897
65
833
1573
120
180
110
598
311
406
1152
1360
720
1348
185
312
328
1341
547
328
1067
1017
1353
1423
620
1694
980
818
250
382
1165
527
965
2038
158
1006
1281
296
834
986
1876
115
937
1067
397
812
950
552
1301
871
1212
869
731
544
1050
1378
683
465
1243
478
357
962
976
132
1150
1054
1321
881
1390
618
1762
957
2504
560
2718
2951
1432
2036
601
654
1102
540
0
661
445
372
1854
442
549
137
799
1322
1368
920
963
0
0
663
126
783
846
573
1098
1391
941
206
497
452
815
612
568
686
110
745
961
1201
445
966
657
356
0
780
1251
462
843
455
564
470
379
411
1437
2369
77
294
1090
1243
220
106
1168
990
587
1408
1055
773
192
114
982
736
1004
85
743
278
3301
623
670
1104
553
915
167
1318
1714
413
825
998
529
874
80
130
2052
2936
715
82
1663
601
1105
555
802
625
313
1096
890
1497
626
625
709
642
1502
5632
687
712
2555
73
267
879
246
1127
1868
594
852
599
925
767
824
219
259
1010
169
1209
1084
784
393
102
75
88
253
583
685
536
1045
210
1741
48
140
223
0
1164
1010
94
811
274
589
101
1084
285
1104
504
537
1668
852
861
1000
355
822
2038
83
973
864
560
236
1135
240
1629
1430
630
1003
1853
1199
1085
1009
1010
428
204
589
909
320
767
1381
1473
0
139
682
190
1048
109
1219
410
822
1227
330
487
738
532
827
132
367
624
1397
178
1540
3019
1374
746
4489
582
1209
380
329
1131
1464
436
543
1301
765
77
1297
1010
418
297
1044
556
424
2257
497
1386
1243
390
1712
1124
578
0
2061
886
1110
785
493
163
230
625
239
231
576
627
493
347
194
261
1395
923
1065
735
1364
503
417
1019
2072
228
5857
984
1232
835
370
1817
1553
78
1625
2206
829
562
350
2326
1383
74
517
151
304
819
2887
904
1945
1193
1042
3269
1349
66
1174
337
458
0
1284
1283
1026
1545
681
720
50
1264
1156
1039
538
1120
1188
279
1036
387
610
73
481
1050
776
1862
1009
1319
287
1571
292
1542
1140
153
937
1015
240
392
288
1059
1439
560
1352
1168
1347
1149
5637
2316
859
1580
1204
1552
157
2642
113
2492
9313
840
281
2466
1155
295
448
1293
45
1528
400
853
543
247
813
982
1183
165
1592
9850
888
953
1847
1022
2956
2338
1334
2082
648
1357
2498
279
530
194
1069
1497
1743
1816
2850
1097
425
837
69
2516
456
3080
286
1031
2317
84
2564
135
726
5265
498
341
941
1112
823
1477
591
1201
455
2223
1002
795
1675
1688
1461
1378
2179
4025
592
243
213
597
140
1665
1393
2414
320
1691
1371
1457
1368
361
671
372
755
1347
3248
347
2176
2068
1393
913
923
620
911
1035
1052
2234
1159
51
1304
3102
232
130
1600
612
958
1984
423
533
2014
3447
391
1809
1572
1246
936
814
757
766
350
836
1280
458
1933
1488
1193
1690
789
253
262
1094
296
410
1789
1165
182
420
364
1366
1103
1984
1525
1615
2390
552
146
911
664
1083
144
447
3281
263
1066
340
969
1977
1106
1305
1217
1557
523
189
1067
1151
621
573
782
304
607
374
5575
743
944
1455
149
1268
399
1041
175
321
766
1124
621
709
841
1704
436
156
285
397
2056
2191
1240
838
1323
1720
1277
3177
4569
455
233
102
1498
1185
1254
2056
1278
1979
1403
569
412
284
532
611
102
1225
947
1213
909
1485
663
86
1033
342
1470
551
591
1464
1062
2536
1648
2934
2021
404
1046
761
109
159
88
769
2521
1560
1011
1853
3717
2470
134
2238
556
1512
1652
2748
1305
1151
3020
1543
608
352
622
673
518
875
929
814
1512
1742
1616
319
1711
636
1190
683
944
626
1841
1311
1865
616
1453
874
330
2516
1989
2932
1096
1331
308
56
829
413
1401
2426
1690
1210
557
445
666
256
125
639
0
1084
1043
599
239
886
549
1715
329
1932
1431
873
1785
846
1652
1015
146
0
949
2097
970
1632
2171
1429
0
1260
503
1096
1429
827
312
611
717
154
354
119
320
347
518
450
918
430
2157
2045
1368
1567
1666
900
640
118
758
1145
655
1322
649
396
902
507
488
724
922
1686
470
483
637
1336
1189
3452
977
1335
1536
2516
1344
429
2708
833
1476
1190
2260
506
862
1112
6791
686
475
135
808
2658
1482
523
1018
493
426
494
1066
1112
807
3148
2032
649
1188
512
768
283
646
776
233
419
0
1119
983
225
1181
243
562
215
1177
158
979
782
1455
1231
1193
2497
415
397
498
240
1221
532
466
174
1425
1682
469
3343
1092
1140
467
1499
169
1567
1420
1392
813
317
1466
411
323
391
620
987
0
1206
1140
1045
87
1204
1166
129
288
924
1368
1175
1032
1144
697
316
48
989
450
261
129
909
296
343
650
541
622
209
1507
1092
844
212
1584
1523
552
647
605
198
1089
995
358
465
1009
689
1031
1231
1447
1794
357
990
773
3058
1317
254
654
781
715
854
842
522
351
710
1004
333
546
1043
1134
2016
2364
1476
1006
1251
1865
909
1700
1878
1568
1565
1084
701
1831
1244
291
1248
402
768
922
310
1239
235
1625
1366
562
1185
1036
1404
1332
1243
613
1635
1753
1369
1379
855
585
1096
1756
1227
200
1673
1117
910
159
4513
1309
302
1947
3459
1593
1479
960
822
1556
5577
1720
587
1161
235
941
915
3283
166
1508
794
189
3146
2451
349
595
528
1100
1589
148
1618
894
1176
0
567
1162
1165
323
1620
257
0
1149
323
1835
1353
166
775
842
1200
1345
1354
880
1650
413
965
185
3997
297
1115
819
669
0
725
1012
307
144
1285
211
1454
688
615
1447
1362
462
484
498
525
1001
517
1436
1774
1526
951
869
1198
1109
266
0
1840
801
220
860
117
783
1831
100
1866
2051
1149
1001
683
379
1247
657
1280
519
2186
1451
506
445
204
1688
1100
534
2023
219
1239
296
1080
2053
5454
1699
1701
260
733
1820
1707
481
277
2151
1704
2240
402
135
657
1341
1244
1330
2297
955
887
777
554
241
561
647
134
2642
1832
461
70
629
612
438
358
463
432
725
991
677
1887
504
321
288
653
1418
370
184
698
578
819
662
877
393
742
0
437
1731
3825
2940
485
456
679
2967
497
1009
573
741
392
750
351
331
1574
895
1149
407
668
2459
494
436
1466
1203
1335
1090
1709
230
2537
90
221
990
540
961
997
167
4776
1251
1736
641
826
465
488
1898
780
1531
554
5039
1312
1369
1651
547
1460
643
1378
543
8713
304
1210
0
1080
889
141
1634
677
286
1505
306
1726
721
293
470
1048
1003
126
242
631
1168
1204
279
1938
2870
538
543
326
508
838
535
542
413
1030
2222
642
1112
1295
241
1029
2258
941
380
371
234
1364
1102
854
1252
762
1447
2165
913
1412
297
434
433
1467
647
4220
1352
1587
311
230
848
2143
2577
916
2016
847
1581
2151
981
816
1061
873
901
353
860
2009
835
2151
801
1076
261
1046
466
1611
382
811
596
1282
491
404
483
0
384
750
295
399
935
0
1300
164
1282
1078
3772
246
457
1561
596
1565
764
1415
2397
695
184
0
484
681
1772
94
2091
1098
803
2036
540
879
880
729
1575
892
950
893
820
388
130
1081
646
612
0
659
1647
279
1802
1241
213
691
2174
453
1651
1927
1727
701
578
1333
817
875
693
124
1553
1206
1047
690
2393
725
420
572
2005
703
274
867
833
1356
0
2278
252
648
281
139
1550
578
197
1625
425
1041
141
275
696
0
2043
344
937
796
1129
716
270
1278
284
432
146
608
1556
884
214
153
1442
541
3397
431
902
697
0
252
562
1655
2022
891
0
458
592
0
759
1298
1187
548
2320
262
1516
230
420
660
933
2846
1296
147
331
1576
1579
428
374
169
0
2462
1200
176
340
384
0
1675
876
0
1413
314
556
257
423
586
1711
1452
1181
1116
783
840
742
1327
592
954
563
496
1267
989
498
84
934
1264
314
851
361
1207
0
517
1876
568
1496
4296
483
384
207
1787
1013
298
302
1091
2450
1302
807
1772
616
452
1783
587
129
904
1077
571
802
924
824
258
423
230
1916
1291
1559
906
613
390
327
438
917
195
195
219
923
994
1370
940
377
955
215
905
79
804
289
850
1310
325
436
848
535
1167
1973
1078
833
3289
950
427
463
959
539
717
1291
1990
699
1183
0
1349
1589
2058
829
734
2230
1172
235
295
362
1738
1360
213
418
984
1529
714
2255
1419
1650
283
907
1695
309
3606
1408
858
234
857
1120
576
240
766
668
1816
2132
457
2282
636
1321
1416
843
141
1377
626
1582
357
224
2490
319
530
439
473
425
898
146
411
429
410
463
509
109
2748
945
454
481
3739
707
294
239
990
1705
1615
949
0
1373
1719
214
1651
1048
1545
1202
729
775
600
286
736
159
162
3057
0
356
190
775
724
286
1167
1495
523
1093
927
1532
1915
467
1276
1095
781
1084
841
684
1071
2068
304
795
2170
483
1118
3769
3122
1014
697
2455
995
2695
1133
4689
0
935
806
1122
1070
1180
1785
1011
585
2214
493
2064
1894
1058
1706
450
1793
6559
822
473
256
1464
355
1115
298
1332
1319
463
147
531
528
2807
863
884
0
435
838
1202
0
1121
225
985
423
1862
144
1321
412
4234
624
2146
208
1360
1271
1773
902
1328
3708
372
1333
1340
3602
0
1052
1387
131
863
1954
273
1122
1690
297
966
1321
362
344
1677
493
626
2437
2533
1093
1411
1878
1548
168
1202
122
943
1929
3513
2785
5001
358
1253
2269
1098
1745
1688
1402
140
1497
648
1298
1008
1174
721
1960
340
1232
2100
1269
1756
1506
1527
1102
1240
732
549
1041
592
1280
828
2256
643
551
531
1573
1220
148
935
1699
159
392
344
754
205
1510
1098
162
1374
1382
673
1265
1830
1169
571
267
351
1946
340
1050
1313
590
1933
991
985
481
738
402
1227
166
2088
1086
455
171
0
1433
1754
887
820
934
1453
740
526
418
656
681
436
1183
146
1471
404
2319
1582
745
2402
353
747
548
182
260
1507
542
259
749
406
481
0
1178
415
399
609
1023
141
599
1881
408
1051
5564
974
1898
424
1044
3056
609
1679
344
137
115
530
1755
330
96
465
511
446
401
234
493
218
349
0
1378
964
1005
782
1993
0
419
437
1760
973
0
726
1123
190
7590
436
1116
228
179
1170
2209
822
1631
961
228
663
1823
327
1531
1178
143
196
942
293
0
0
0
0
0
109
456
702
151
810
1005
247
4357
533
288
604
1680
982
0
1715
900
914
599
1044
540
185
1129
346
2287
696
1385
137
0
523
606
193
515
170
229
359
472
782
3838
186
736
903
712
286
369
690
1553
119
2742
323
562
2061
833
470
98
799
6905
186
1476
1692
235
1736
1946
1502
1694
1109
1316
1764
1986
3834
1441
116
3527
1906
1857
969
1918
0
1676
0
140
842
1229
4361
1320
2804
1517
1795
2172
1253
558
9693
129
1090
1857
3176
2205
252
1419
1793
811
2663
1486
1704
1210
738
404
1372
1804
1260
1612
959
1805
559
859
921
1156
2082
0
1216
1679
627
992
1311
0
98
0
1646
1825
1368
1236
653
1114
556
611
457
908
796
547
1166
574
387
507
452
344
531
1106
1182
836
162
227
1414
822
192
257
2418
548
267
1365
1626
237
381
859
4046
224
788
630
1091
419
1161
826
120
1736
1948
1579
893
1158
103
304
681
1856
227
1472
285
171
891
963
1201
217
380
609
141
160
555
1441
1005
1051
2227
1166
0
2115
1566
830
203
729
179
372
1640
646
218
343
653
388
294
364
1350
734
648
480
564
936
183
448
961
934
216
2191
182
709
698
1030
1402
139
238
155
769
766
416
143
182
1017
1882
782
978
767
696
4244
594
760
326
0
0
4231
632
1979
1270
159
1996
417
377
1346
2631
288
1095
180
378
300
923
0
1396
2338
483
882
785
329
759
856
770
2665
597
350
1001
316
218
198
698
763
1201
235
1613
113
0
1020
1650
207
2145
1876
628
1239
515
253
2622
2296
1992
896
1017
607
1956
398
120
117
1941
897
0
976
1969
255
0
872
1596
3038
322
1302
782
1848
282
0
647
408
181
1627
1081
618
773
700
726
490
1843
266
268
532
951
1402
218
1652
191
1827
205
2103
325
1026
608
858
114
1617
587
101
327
697
1622
404
1365
351
692
0
923
1411
0
345
84
172
198
1666
745
1895
584
1529
330
622
339
820
2114
601
1220
1885
292
156
705
1230
0
139
1222
560
3013
0
6652
220
1590
250
146
1250
958
1820
1803
272
0
2771
1337
1349
1709
4068
1605
564
1774
725
1393
301
1044
2018
0
1626
421
6607
2150
2285
1750
556
1112
402
835
1036
1452
1041
371
195
550
718
1197
546
126
980
228
164
1462
283
3320
203
627
1938
1752
256
789
1408
1554
437
2274
1366
1067
1353
714
402
1887
3211
720
98
651
0
1142
1731
1154
221
1047
415
918
722
144
919
549
148
1133
327
433
86
3214
747
157
640
259
920
779
337
1497
1535
225
1532
110
938
499
1443
1423
178
1308
4865
524
2036
210
1475
666
652
629
354
646
1869
1935
1990
1064
1748
762
1423
0
877
944
623
708
1068
949
822
115
791
97
1078
1007
212
770
289
895
334
1187
1009
1289
0
1078
1085
1644
147
1636
791
183
1049
261
934
1338
1246
841
1160
391
1285
9941
1670
1994
1114
726
195
1425
836
1190
818
1149
254
250
0
633
1808
3561
1227
758
1090
630
1879
865
3853
3748
1634
1406
90
11540
1198
1413
1715
2131
97
1243
527
2398
505
1427
1448
440
4181
646
664
101
691
1344
391
1105
670
871
1775
1337
1288
134
400
1468
0
2485
1582
758
1812
2248
1776
295
1952
747
470
563
208
1781
3645
668
923
2287
2863
1503
735
324
2558
7284
1006
1114
714
3577
1631
2163
133
2014
116
3799
1800
1030
513
1974
1869
2051
140
0
751
1597
1577
2468
3150
1699
3747
228
164
1345
1452
7381
167
426
1977
647
396
566
530
2325
417
108
0
359
376
143
1751
197
1611
1992
606
2753
1406
2452
1648
635
1121
521
338
822
975
7549
1205
6855
625
233
119
0
903
407
1343
0
1652
657
1557
2540
1008
1895
0
771
1524
113
907
775
247
556
502
0
2074
1683
1201
2074
300
156
2290
3841
3245
2330
252
1573
146
1035
4608
6050
897
0
588
238
541
157
1999
186
442
738
506
198
143
114
163
496
1123
247
522
632
334
304
1621
502
889
1340
231
778
0
431
506
649
222
1869
258
363
1331
335
1732
1328
228
8482
2293
0
490
513
593
1417
207
121
561
1517
1274
0
949
401
6773
141
1101
164
5661
260
1590
505
2184
315
1508
756
328
2021
2078
577
894
980
303
1553
695
356
2176
1767
1011
766
489
2121
1285
362
2451
291
1490
2177
124
571
499
191
248
1032
1247
184
771
397
213
1983
998
1427
1992
857
1304
754
1633
1361
309
1924
436
228
210
1174
0
1296
135
1630
132
3262
310
768
943
0
590
506
424
772
0
703
553
1269
171
427
420
1199
83
317
0
714
423
152
188
1444
158
661
609
91
747
790
0
309
2358
1060
1063
456
402
558
1171
1599
1630
900
180
810
1112
452
116
1178
445
1187
500
2404
743
464
623
455
2062
1610
157
131
981
602
1674
6455
178
1955
229
165
1246
1665
1552
213
414
257
225
1705
916
2337
1324
2157
1474
1030
692
2481
1438
1211
1609
880
545
513
1596
727
208
242
1337
2160
0
1883
275
370
556
1510
2262
1606
1407
238
538
150
1839
378
2095
2973
1504
979
1489
405
285
2181
224
4219
631
671
510
160
118
1021
1371
291
431
489
1786
161
1937
354
1959
2221
2351
105
624
86
1588
448
1589
476
1594
0
105
2210
1459
81
1379
167
1537
105
988
799
113
85
1284
1433
482
604
2044
1552
766
329
1402
374
1354
2965
2568
151
1229
523
168
162
930
1696
168
0
1324
1762
5859
1344
1788
2028
223
1136
2269
2130
1092
1230
1689
1662
2630
3129
1496
0
2463
0
1772
1237
1361
984
1844
1885
1974
910
2514
1537
1285
158
0
1549
1604
971
1710
2166
5551
0
672
1010
2246
0
1910
341
1746
1389
3228
1883
1584
297
4605
1599
329
411
783
192
963
898
267
457
1199
4188
1813
786
1436
1663
1164
304
1305
271
1730
4648
1698
202
612
1957
1086
0
1315
299
246
2116
2717
339
1296
367
107
777
274
692
326
2701
811
983
0
850
2005
2761
307
5608
0
0
303
0
150
1175
2051
455
11993
2325
505
375
395
670
348
3101
459
1846
1056
327
533
1824
579
1026
985
989
1179
962
1065
188
718
485
2365
1126
280
1028
311
1773
1443
184
119
312
2311
222
536
440
1679
1532
0
0
1590
127
1296
1335
1518
143
2209
2872
438
1060
1735
1173
354
1636
1266
2926
896
562
2596
624
1033
280
951
1212
643
2266
547
1781
1642
1244
496
154
546
1954
159
3563
546
596
371
218
1506
2021
1492
411
823
961
225
2130
441
1276
1268
375
635
741
814
91
1708
756
134
1816
4981
917
0
179
3834
1534
350
2527
951
347
820
397
1307
1633
354
1359
701
378
177
132
11645
840
1839
173
129
116
1061
2106
2159
2275
1532
2728
913
1448
1938
266
9750
1268
803
410
260
12327
1491
118
2113
963
635
688
913
5894
0
953
127
393
425
1161
2074
268
479
1824
1324
1926
0
3013
2250
1227
1508
923
1737
3906
890
113
520
1030
1704
1186
1592
823
6321
928
1046
1718
1584
862
905
398
806
1224
1967
922
1547
1539
2132
760
870
320
2198
2004
1456
1300
517
2887
2396
0
1280
1837
821
2099
0
1921
1975
1449
787
2586
2038
1932
0
1436
250
242
990
1041
273
1645
233
4057
1806
1939
221
539
1258
1261
0
1433
1401
1350
1842
2080
2181
1858
1711
2364
1931
2367
216
1316
2208
249
1547
1717
1672
4151
595
254
961
2109
527
2484
433
2264
1700
943
137
4003
1956
2187
1644
6641
368
3860
2183
1251
247
3183
1429
2758
1228
127
2634
1686
101
2094
1814
2028
2029
644
1699
2108
291
5527
0
178
2100
884
1193
1761
0
1852
1421
3276
1105
177
1507
1549
1602
301
1835
2098
1714
869
196
2116
2564
2481
225
1159
2118
263
1713
0
185
1944
2200
2659
2140
3377
4994
1904
2626
5650
228
851
1418
2263
1998
1686
157
136
1981
1722
2620
1462
745
5226
0
2041
931
1277
2055
1884
1015
135
1073
1738
3269
1388
2170
1797
680
780
861
976
2202
1035
203
966
366
1873
1510
416
3984
2326
1319
7647
2179
624
2212
376
1207
1067
1624
944
1390
2307
1637
923
3222
1814
2124
1044
1368
1859
1714
2290
2277
2124
1823
0
1597
281
860
10178
1819
0
1115
733
1394
363
525
1587
3773
1827
510
3205
987
1680
2900
757
1172
1309
4503
134
1787
375
229
234
671
1363
616
10822
1159
1611
337
2513
1210
1921
1937
5140
2698
228
1580
1502
2062
2157
818
2073
2147
74
0
142
3185
374
474
107
1932
2101
433
2182
2466
2063
2324
318
16078
2985
3798
3496
1838
6474
3342
1892
6512
1881
1874
2917
1421
0
4106
2382
1889
1563
1736
1097
2506
2604
599
2999
3273
1437
2645
1132
7406
167
2440
3649
4300
3754
2046
2435
2438
2094
1262
2044
2536
1486
4434
3841
4016
2462
2583
4058
992
1646
2922
1581
1482
4902
3543
3560
2223
5142
526
160
1238
3633
5889
2502
0
3007
3597
0
1894
461
1728
1611
1952
3148
4958
1101
3082
2933
2040
1315
3838
4199
1757
957
2075
2809
1040
6572
3050
3578
3221
3870
4617
2498
449
1251
2633
2640
2219
1413
2781
207
2212
271
0
1661
4152
3797
3921
2548
2416
4079
1974
176
722
2552
1649
1121
2911
2926
2095
2425
890
366
4771
4189
1849
1813
4999
327
420
1634
3455
4090
2885
