344622
562617
89762
127969
185404
125732
224127
458229
626635
871115
660269
198541
151084
1.18775e+06
440834
450447
479990
582802
193841
140499
406830
185591
727442
228354
126899
134409
1.37287e+06
898415
738916
133458
1.27494e+06
107511
1.26807e+06
338720
280892
165585
134032
283835
226538
416440
629820
250073
273116
593902
306724
453933
354010
702565
1.04006e+06
125742
260802
752514
43687
962432
140668
0
28538
726319
324924
460110
184775
626664
484868
174130
1.04924e+06
154491
49759
1.18304e+06
434375
131445
526539
23310
406733
176100
0
471454
48613
29148
0
527969
858290
0
0
201571
1.06832e+06
597822
629881
1.34243e+06
608589
321772
238376
132444
747717
430014
148480
165618
151830
168175
167558
1.16184e+06
300226
559130
390047
426497
228595
758468
95101
591086
237133
120341
513467
1.828e+06
638062
848406
361654
398917
156251
1.19728e+06
213947
218985
233754
68823
266553
668460
224699
1.06225e+06
710468
176529
0
231661
810906
353047
139208
23284
198449
77162
171033
134116
1.65338e+06
541285
488214
1.4338e+06
396866
575975
236546
905579
861931
637886
528433
1.0249e+06
171614
171495
146360
11051
116088
198281
133589
798474
150963
0
325187
237428
69076
435933
0
506478
213102
364509
334786
468607
199715
378369
563836
1.5114e+06
561221
534666
197012
840676
451876
169326
169753
668652
390005
26561
0
343556
1.56128e+06
36725
17687
0
87081
9607
45163
587709
208725
0
47586
107309
557786
102163
373400
1.54256e+06
0
113240
11694
1.05828e+06
469637
62509
0
126229
116194
330091
73764
167132
540429
50633
151258
0
75995
113980
373737
121816
11672
0
383288
64048
337769
85199
0
227333
0
338888
768986
271522
138157
341911
75130
52292
101330
48141
172808
137701
167423
1.09017e+06
245556
289473
459318
109986
148351
9176
108152
236817
22421
0
20264
78763
581158
417984
241130
524497
82134
880173
936991
113607
739067
241133
877971
730600
218600
345726
558722
583587
753144
20274
10099
43004
9655
14849
96468
50028
85742
0
9812
0
27979
96598
46620
20594
101643
20802
201587
342412
431183
0
737262
250131
227639
241662
456596
560959
314651
346317
116952
299019
369521
362151
10049
176382
69400
301231
96921
900315
285308
81740
282857
208599
802172
586402
1.03476e+06
2.03225e+06
77996
485259
454052
9863
104295
9592
985749
11045
797763
563500
918008
209548
380473
346482
239354
19104
0
921173
1.3376e+06
107865
578096
1.3838e+06
226095
203441
715813
517149
496182
1.19716e+06
366829
936887
1.11952e+06
919389
102467
625048
0
1.63876e+06
140990
281602
300849
1.36965e+06
244688
324131
162855
733099
458306
540646
133659
0
80171
258795
2.34836e+06
119215
291481
24650
37836
1.28188e+06
1.55335e+06
149433
903214
600253
728849
1.40303e+06
287664
322526
50662
97820
330380
1.15265e+06
740577
660440
157162
28967
44811
503642
2.03207e+06
629041
315594
141104
46773
607068
198126
369738
643238
120569
321293
622654
152197
475251
320458
480699
398388
383277
458084
268756
351976
1.09684e+06
102666
406265
270347
66845
485068
440391
255599
1.35279e+06
732261
754779
247140
962976
365837
149209
482431
307266
561037
360661
376584
173085
601791
686856
143233
305362
2.09126e+06
69901
623950
231864
0
534139
179616
202730
151127
77093
412103
346559
117836
0
816306
895532
674978
564267
1.18014e+06
433588
268325
354147
247747
923405
29098
20953
375433
554189
47154
1.0471e+06
1.24394e+06
252582
562123
675181
132300
659685
410605
123720
178225
607503
89410
559507
142985
0
515032
410784
182003
156246
218973
566133
220727
231355
439037
91067
683555
309376
735331
541958
13329
20896
275901
196574
98208
248540
24416
369876
311828
203875
207429
159766
109748
10799
492074
747125
462998
550316
126822
564249
753461
398914
902008
0
752917
1.41086e+06
156326
282844
258325
695555
950103
497260
584168
500427
163246
309884
480965
182725
20285
189915
46340
275635
316852
78296
354983
645702
385977
478487
328768
1.10104e+06
629465
20414
127870
176463
162496
344648
353732
210438
715443
247527
146381
88049
436678
229573
217336
379671
435476
196728
9780
941529
152001
126521
123583
116266
508062
246588
142338
87368
101717
94623
73316
506994
482183
158094
544344
58138
0
242207
123426
60650
678208
105360
321677
241477
31587
90172
237632
30051
92421
124526
166456
220047
265058
182056
156430
85623
126540
52534
287592
183120
1.78033e+06
261366
350180
420822
200329
250827
176491
506513
0
120757
26421
94820
31087
35786
528673
896509
552420
394728
448027
372680
269237
866559
789810
306065
468768
1.17993e+06
153394
0
64749
31487
501609
554390
572706
990191
166517
196888
265276
22425
587947
427474
106476
47118
150615
280016
72820
185111
734875
302131
990957
1.5691e+06
107113
18987
94942
72727
37845
766502
57554
39387
95368
41003
238906
108006
657549
190131
686364
90129
0
0
0
9835
158770
314753
304927
68960
295781
83688
50149
93160
169028
262165
60957
745495
133168
567083
170875
71305
9956
10582
334843
206686
566819
743978
232552
433281
367316
214937
413630
53479
71370
385146
864236
116432
328243
131505
429027
0
3.00188e+06
620754
218660
74545
212363
320116
729120
53459
0
0
253358
452549
2.28241e+06
1.60718e+06
549071
724225
447652
136822
640033
168208
737451
539404
585257
826940
0
0
364452
423121
256287
436576
449437
140338
1.22505e+06
424951
2.8513e+06
361464
1.21255e+06
227437
92118
212311
98630
430175
87351
398313
748628
250187
291354
621761
497548
345609
142601
94592
929949
1.61947e+06
1.10899e+06
531073
305000
677318
519057
838842
228401
741878
250373
65131
524317
1.59768e+06
923819
743357
617289
1.69538e+06
3.40997e+06
99801
466424
516776
922238
1.61759e+06
842903
831754
668886
1.79659e+06
644289
79201
815653
53263
0
0
0
20230
50878
0
792920
0
84884
0
547695
0
12695
53106
23815
163356
0
0
207475
41006
0
0
0
0
71804
0
12719
0
19795
235701
57842
19304
9701
35625
0
0
403523
0
126711
21236
0
48961
53274
43243
0
0
19431
97256
261419
0
10710
0
36524
0
113845
0
97335
20155
0
0
0
0
0
33807
0
0
0
0
0
0
0
59349
0
38745
0
0
0
0
0
0
0
0
0
0
289313
561003
610285
306434
0
585945
83390
197763
181077
105729
437820
559785
913136
0
443106
643327
116029
475550
21132
0
408456
457137
220872
37844
0
0
58780
99271
41320
195877
0
96137
146746
184255
22869
53932
0
67261
42623
83554
171920
442612
144953
89771
77374
201854
746319
278534
151126
453768
155032
110511
585890
79151
148734
331693
206628
709383
383748
59435
580264
45256
1.02293e+06
1.43393e+06
529975
622773
23236
936204
498639
627499
148996
689350
339402
219948
364348
470552
252582
1.57641e+06
527474
432200
516735
100873
431392
295562
60640
235213
268840
71326
256956
797573
0
172740
145443
169975
548089
0
0
83152
116054
288264
106871
146739
310231
236876
86715
181399
155954
23546
564618
112366
86612
251975
56565
252474
126544
0
84329
23987
55473
21665
43947
28735
602174
741495
59471
776239
10078
266009
54155
36309
865192
627090
242441
367699
25472
182386
335851
115173
618124
512789
106836
23574
449868
29882
351868
268964
391955
310911
282324
65929
0
0
0
21230
0
36055
0
0
0
0
51757
0
17715
83189
0
0
44035
0
19441
23040
0
0
41179
0
0
0
0
0
0
21124
0
42624
10250
0
0
0
0
0
0
0
0
0
22744
11281
41498
0
217988
241210
102762
99930
102866
0
0
0
0
0
59824
0
0
0
69722
0
78031
29298
31692
71736
134038
0
76060
21372
62455
22169
22125
16067
54865
0
180364
48729
0
75133
25321
20697
111029
0
0
29691
0
152007
57261
0
0
74564
0
66658
42837
24391
67151
62382
106781
56613
250055
0
26065
19361
0
0
10607
0
40037
23256
0
214665
564267
334238
10035
0
0
101698
0
149763
121548
101807
122784
285721
414073
145546
155714
290261
148425
95890
416510
201547
0
316238
370445
130364
272594
344431
187899
54060
0
248699
409405
285447
334931
283713
372510
698944
390479
232556
1.01253e+06
1.04399e+06
19935
284743
188609
22221
0
0
275766
89354
587848
448301
408830
124915
0
0
103605
93155
222027
0
200846
110719
350478
25512
250024
109049
152699
353704
57033
740602
74646
0
9484
11454
150541
51283
549744
20195
117315
9773
56861
0
62431
0
448339
220267
0
0
0
0
0
0
0
19722
0
0
0
23419
0
0
160642
0
0
51868
407503
0
27197
0
103524
117875
284658
242563
511895
100661
23864
361111
98181
591626
307918
539089
227010
119457
0
1.34667e+06
162939
241558
60646
100562
130322
0
0
0
0
0
0
52987
138074
0
0
0
121954
0
159726
0
36549
0
26021
0
0
0
93575
0
0
136271
0
339806
238376
103055
10008
211275
115641
129992
258930
76515
186426
216638
869319
287273
594376
308226
235336
87656
143654
266842
57510
280172
493180
357924
20228
52531
180717
9456
247704
0
1.0644e+06
837611
113623
510733
0
111043
261312
0
202295
74076
59966
79960
214949
172520
641566
108739
362161
137391
0
389389
49005
107596
0
358746
604322
51589
70415
154687
167337
0
654483
107279
95416
385721
1.69198e+06
368764
116148
1.0322e+06
66492
170354
536459
199340
1.07802e+06
480809
281994
217040
578379
432719
576105
339854
827599
130042
157954
178397
75091
42261
133548
44106
153300
19214
94027
97854
442707
518843
319460
169892
848496
344934
69781
505473
72672
0
362895
517214
555322
300469
139324
103054
316489
15059
403365
591693
286189
0
0
543391
100775
0
0
84329
49308
213786
120686
293364
538909
27806
555942
339809
89109
0
538780
0
180279
30174
461776
10440
82841
0
265205
239250
0
137806
366924
71844
74558
62986
283973
0
466100
65172
197615
28872
176284
58337
89864
104476
230746
60111
133520
28921
0
461295
244367
25013
336074
125405
116776
107851
22258
157123
456532
191663
464198
389668
415774
78804
336072
58464
410590
202021
147304
509053
10658
505913
0
810217
637910
48073
0
262244
423809
122783
34239
95672
0
73918
127545
521340
91645
21639
445801
287028
492009
0
86018
81792
80774
444757
662329
311236
176864
699940
9639
11833
190999
35694
406243
21761
130435
0
370839
215177
64339
88108
86653
462156
561058
267645
20749
113572
25697
513636
115260
366975
93782
0
827045
0
226029
0
230792
0
128901
92374
48147
158123
194258
206931
10045
340461
318153
374985
200497
153681
465199
35456
506249
97860
43360
41429
46021
265107
19110
94838
576791
643913
91596
52151
81702
0
223655
92614
303193
22753
240245
432489
71914
24380
701631
176068
107470
486357
276396
191437
315460
325816
9963
50178
227709
0
0
10111
93700
0
53109
120863
49089
29284
0
11750
668608
768250
56848
76920
231281
99123
469237
136683
318122
227747
51110
390401
615907
22119
163558
102587
424696
160232
10854
0
51602
422547
0
0
169769
299311
97847
0
30226
492171
38746
617095
80724
323957
138447
0
0
485501
335544
284521
0
176359
384505
9976
108965
0
431699
875016
341485
132755
209965
180824
158004
0
342049
355155
145307
0
336468
22820
799843
22903
293081
282904
10516
433405
39846
426339
0
271553
44926
57903
0
302830
159144
9697
283829
573330
0
0
38706
9723
562383
55355
0
0
99417
146169
0
34421
568390
136318
163257
0
515420
0
170202
0
163533
565521
231291
519215
83444
82145
62682
178595
19816
416743
423273
341030
815744
127283
168252
22451
439908
20513
57388
0
24176
164150
104156
233983
224657
305155
0
42365
0
31710
0
0
22913
40771
138029
228417
390199
187711
911683
415513
10522
520715
40469
324458
518073
378533
330902
357290
21968
283507
20728
106624
236020
257807
152236
205065
283820
73518
378278
335597
373381
103920
844220
45648
273750
471571
256046
71471
185143
403697
302860
91352
186892
124457
143870
241065
393467
1.57409e+06
457198
751269
0
9781
84630
122727
366481
300085
358307
264977
208248
110970
197234
33508
0
86444
246916
334053
208724
42241
136383
230220
65482
163514
505310
0
377928
1.1589e+06
37009
242084
295245
757312
9862
0
369723
200192
175737
117827
290680
331937
0
115921
64448
230078
262856
109812
110552
49324
207609
57817
94628
10116
55066
0
219514
79829
161146
29645
112242
10817
63642
448199
51910
53954
60294
0
182880
0
174144
298865
238729
100768
0
106731
0
37708
39419
328113
293953
61187
193577
415712
51680
310037
170726
273796
506965
408952
314057
114782
91258
125471
70196
197732
234252
9794
121244
222006
274078
10280
50158
0
136203
267006
537762
202713
151066
12111
68739
47129
367995
122788
115061
356466
131917
63183
0
119821
755983
37260
9494
404819
10010
0
0
105062
201350
190078
484657
23530
280380
118434
206025
0
48959
272047
200079
621075
54497
713182
57827
20948
9750
64633
336819
0
11041
0
554248
0
141316
100027
500213
621467
82808
83467
75606
1.88723e+06
167357
406402
418442
64244
926138
153952
0
862737
271184
64944
0
788681
201774
649327
0
537011
211311
59482
22399
539151
422209
55058
76291
727095
538931
39022
0
203680
20778
38347
47587
77684
200080
880556
188097
148663
105936
0
393277
360381
476319
19707
641215
695015
1.18459e+06
325832
179857
10052
138645
164922
71151
80050
318756
90638
515372
76663
551222
71633
70008
414273
114169
384560
820971
45503
804330
199350
390968
305665
490936
343573
111244
116506
297306
221638
113451
493787
894241
659402
27525
397114
287001
160290
328098
129894
274462
323113
436203
120816
288028
452365
0
56190
570886
392860
141362
11737
122713
48926
342602
76641
269094
276739
163494
349120
178579
220090
56025
52217
76419
525646
427086
700664
115304
136173
106648
216795
356530
180967
0
967723
469586
262561
89556
340315
397431
130044
227286
394243
768937
113723
51385
84490
133046
0
112857
106470
157582
0
46505
215968
153913
9819
238716
324806
0
0
98773
0
87792
0
44141
20438
0
542746
301972
238868
24839
122651
597248
547425
11126
169692
153148
0
629879
46285
492001
182188
0
56233
663579
691768
347691
252379
56173
490678
69864
285913
54118
290261
41767
498579
59942
167620
0
129879
78900
10634
0
156213
39711
0
79673
129218
131522
1.29492e+06
222946
134375
121832
172215
232725
65663
291454
270186
531371
506462
352390
266356
91526
99581
59613
390737
79580
68738
237716
58940
225842
413412
0
345365
135957
0
235277
21809
37020
56792
54415
809247
0
915472
764758
186944
68154
21858
317232
353173
86496
386592
154909
149184
95545
610839
362102
0
94702
0
0
19022
366808
67741
37370
9640
0
0
44843
0
0
114301
26324
108096
69284
165100
129639
89715
162727
31140
31489
41753
22592
0
449386
127013
48716
0
39057
112120
337044
0
71520
0
232900
285999
233403
417183
153764
137174
75729
212030
197766
65530
24305
290109
210655
160640
70176
309362
129495
171987
0
188289
215839
1.04067e+06
85190
98632
133330
181921
648378
241995
537537
201441
158974
87714
548695
0
53750
245764
264624
334405
227617
173620
84783
42043
160030
584300
1.01162e+06
337975
629396
922758
64886
291039
0
0
453556
36725
133159
155845
0
210606
342158
156832
113173
45020
65193
0
157727
126855
267218
90914
263012
280424
309644
225196
63288
199722
73815
215110
76679
93461
134505
38859
30743
308094
445960
0
297308
85583
23831
370345
40961
352665
266505
24560
202576
226381
534165
0
112663
233819
294479
307649
83928
73738
284002
547289
246541
140726
107128
386830
577610
23894
390885
121062
227386
219647
387812
740514
94339
318126
186931
103439
457338
120081
55310
716071
102161
258357
142418
241877
194818
684010
170943
517861
111867
149545
248971
142624
157114
528193
475837
379119
128341
0
560901
536516
548132
903709
1.23913e+06
339039
1.0423e+06
454338
615977
443509
159620
350384
256530
183033
301914
990092
354069
1.41166e+06
640461
1.16126e+06
428023
767573
0
2.27426e+06
296761
1.18896e+06
400261
295414
1.11222e+06
127283
83859
814781
56220
781194
42115
282314
236587
24207
487423
147325
124895
580122
1.91915e+06
0
25490
539952
344123
733236
254255
211282
352341
842903
22486
0
221549
63299
895371
267847
88865
147840
23158
257692
662755
427022
342297
20751
693491
46075
359053
170004
1.1988e+06
296553
37850
218074
204160
253968
0
0
49656
0
111812
217753
88054
87426
327810
70258
480939
522951
226110
71877
926473
1.77326e+06
220908
157622
54585
73098
167615
1.37302e+06
479237
49170
124016
475076
218964
666520
96809
457584
10159
0
306777
0
42927
212168
25611
73800
0
0
340502
57591
24368
434027
53054
393321
78176
48913
126082
0
248989
361822
388550
202156
79068
0
118714
67497
0
180641
0
159707
590370
518679
71175
9535
280784
22925
1.19753e+06
146057
307422
102166
0
581181
13623
613360
211987
506205
61150
144254
415046
0
116189
1.04664e+06
389956
123143
763653
41615
520230
10082
41902
696758
68523
204393
170221
9967
0
245528
129649
150230
252859
94070
137936
671191
202192
9920
88104
374495
0
201569
522312
19509
74472
95955
194480
66286
104494
321543
128116
349188
181303
539662
76222
285618
82683
513099
82306
343348
40558
131909
288783
447872
53705
0
113598
228923
36669
274140
135772
316069
0
111339
19457
126293
373554
340866
0
0
62765
444767
101252
61123
84543
170848
319100
566464
171138
475582
9995
129773
584465
183499
63592
281992
358363
405763
177796
114318
262324
63276
113850
42402
421784
578550
81677
596913
187389
148510
76051
128139
207895
23032
78241
10198
102152
626473
440474
366824
108979
150479
0
265441
0
258316
23774
216347
330191
319167
203377
119677
232630
251726
625882
636608
1.41947e+06
558157
937367
73550
36942
60356
127032
241778
669539
347744
87394
120748
0
352612
938257
600341
170771
411035
243689
21521
70297
78374
86472
475508
583570
0
210490
362860
412459
9613
1.54172e+06
507284
392728
21964
240576
845301
572431
477134
720518
332326
19829
640739
415987
225754
31995
328596
125605
243345
118435
0
131231
485657
41387
301792
628553
23995
1.00553e+06
679138
950790
80395
34347
199516
118317
126522
197837
68785
167572
100164
0
137757
72088
78312
218271
150506
51578
210054
367886
21698
100871
273541
118266
0
129767
220544
207500
494131
151766
28301
117108
551081
34634
221785
128325
372254
22280
75764
478178
169417
10306
306557
0
22415
252606
0
202310
19452
496943
522437
106026
430838
307606
177309
322365
92823
150771
170117
96366
262557
186004
163536
333434
167112
531605
214463
524764
59805
471077
723677
334509
98020
259928
304610
231429
97189
345443
273098
725616
167712
165723
0
154338
98308
121020
368213
197332
398570
155010
44075
798265
244370
279274
310770
253797
398550
122013
212503
417122
193172
49912
0
197093
113076
97965
10630
54936
278890
54196
0
24663
98297
201421
0
773180
60064
38666
127312
81636
0
319359
68795
135194
92254
839884
21905
374302
376798
250753
73023
1.04104e+06
24244
788274
677158
189520
43997
425060
203736
199142
72459
574546
55655
44897
938520
160973
64952
291094
127502
39130
237911
392644
130267
162477
248798
206792
41886
137623
153369
208002
257717
270040
461342
280452
379800
202753
0
124222
21807
62087
505172
766274
301316
212804
61644
224590
58360
127854
145488
124194
43398
0
110877
9895
297139
71080
281109
20640
120556
44698
288063
195224
189032
300161
38433
750174
210923
190096
85609
36515
80829
122624
636424
90508
363704
72768
137077
304437
229754
39661
0
48983
528082
0
31616
100433
780387
138084
205577
1.01741e+06
240567
86827
211585
0
187257
871965
397560
100987
455468
38825
60889
109631
128322
189032
659364
944990
558509
149823
149945
50462
199035
85011
26019
313392
302255
21127
0
0
570751
200895
56556
183256
78764
434563
211652
81106
41412
22230
173684
193835
316679
0
282566
63037
205915
122456
0
118607
21510
179701
100298
38572
27566
161996
65122
49255
29513
46371
31448
0
580158
79902
37108
101502
175318
18933
137447
518389
43892
390250
21151
275567
220539
37460
51351
706518
283702
207701
116636
0
0
88340
454078
35053
51062
160851
182141
145104
134057
0
115272
144175
204058
51546
355657
609587
885268
23220
808285
0
0
122698
184573
456926
0
260877
720869
81152
93409
82382
122039
57551
56833
472659
574728
155247
779316
685671
0
715846
962794
23133
298253
886242
22893
123954
274662
139385
193759
82482
0
85180
284210
99208
0
484583
22599
23507
317990
64243
640765
61319
129142
145886
981398
365601
23545
891956
158865
413332
129714
366470
75825
107402
233377
229723
513033
262368
475314
0
20812
138798
194704
26448
197104
22334
90986
84201
50542
412313
276681
134069
615313
220172
94238
19780
314064
273533
467021
0
640142
0
167685
377699
43601
138990
21607
96791
890428
0
929053
692948
87293
654439
489309
391336
515313
177695
338494
439281
231274
520785
702034
0
1.28306e+06
1.85596e+06
560479
215554
170135
0
734277
0
19832
77407
352547
379029
376197
384318
296529
190712
415609
300261
0
311664
253595
444424
1.00833e+06
342455
410857
0
251102
320545
200442
1.02576e+06
1.06184e+06
662718
436333
438894
77792
578174
518650
427410
337623
366044
527368
188979
133038
224414
40233
110740
22593
215832
380399
106415
280992
250532
0
51504
0
412763
477540
1.04938e+06
91081
527766
242090
104526
64549
159881
34287
151825
0
131808
113931
87881
143261
85207
124028
120983
268257
311355
227646
26548
0
11524
120541
89094
27520
320082
25689
53290
154980
164122
137140
77019
166238
98258
0
99026
150274
273927
123300
423406
289384
0
157120
157793
57047
72044
255030
0
37491
66960
203472
0
40591
0
0
70634
116845
37329
0
0
59571
0
59531
70339
64889
103676
149621
274550
86889
0
659025
383247
312986
29186
174081
21190
54848
176370
144802
0
55082
190829
30906
0
30139
254181
136844
143726
139744
160773
167393
54371
83176
316184
198700
0
478411
0
73698
0
264122
612806
0
0
91582
378590
193732
0
0
0
319208
230499
237540
254839
71201
30211
156835
80694
54762
0
0
28352
61020
21735
201540
124062
73031
69301
57127
0
803740
198756
99391
248899
0
46697
27796
73677
0
97160
154874
157618
262961
106354
101892
93514
106214
118098
311399
59166
37233
151267
101267
200115
0
131169
72685
219801
23534
305529
0
0
250525
565307
0
67802
577661
269747
10047
77286
0
144978
406427
307783
85915
415926
69415
20357
26770
0
0
595698
113368
37747
219524
440808
75428
95355
235675
248670
615102
67557
272511
70662
123232
119126
15398
70979
102190
68419
273782
49710
278964
135759
468759
381737
9434
397634
0
65819
91127
83545
279760
0
211628
0
454331
292680
1.5225e+06
0
245426
12181
456670
0
600581
65635
25228
55669
177922
239397
27308
175239
243616
226793
0
673903
928409
23315
91472
17904
85789
28441
269715
396070
197252
216227
80681
158696
419622
60207
36238
37072
202450
261713
374112
84283
29740
142313
206197
47302
0
148667
124538
302344
0
358155
453718
74744
38030
46613
415338
133867
167310
186693
69994
0
487889
60254
284931
202120
266327
361098
66890
196116
119789
158382
145948
205006
192700
48348
522191
9602
150048
600826
547411
11079
109411
153803
134051
401980
92338
1.10938e+06
343181
83445
134435
201069
81621
438618
179989
70925
85100
65890
49454
194119
28013
301616
0
142471
2.10858e+06
490548
48894
194527
430511
249523
24405
151038
254932
210363
284878
171306
463839
119898
51820
46109
9859
130168
0
113002
309917
346684
50182
95059
25887
754861
193585
24232
372610
20311
0
450489
21247
93175
0
464427
120490
0
110372
90143
1.26814e+06
351324
78788
281596
266487
51284
140180
0
217064
133978
248579
22789
52765
150467
138036
17259
210658
15451
267161
156911
107537
0
22086
47125
212126
177241
253114
155019
326661
533391
178739
47864
62283
154052
59066
0
216619
166105
53644
0
33671
22037
250401
942205
62851
672210
80357
377331
138589
97189
534032
268596
0
183891
287056
308743
94208
279925
51636
52152
688396
24651
180009
536128
878127
217361
235684
0
253859
180893
386309
677137
425005
19642
51726
314889
139237
38173
66615
99406
23362
29164
30960
362895
139979
185168
69253
48739
0
35667
55963
267730
146315
437366
245263
423687
9343
356684
214084
331168
256554
372978
0
74789
175822
171411
55916
392453
179817
0
230028
22712
92435
0
102458
372315
63141
302095
306633
155893
197169
294896
85481
0
30321
464336
0
866828
455457
522338
259089
455589
376253
72041
183072
319315
13691
125580
0
264722
326420
69752
102673
62306
423064
363409
129141
27019
113846
177346
101962
216982
110735
206679
235317
538264
0
390643
19843
124197
295382
196544
11130
362475
384712
867926
0
0
9837
340118
503871
364178
227518
93838
262022
51979
91839
192612
205993
197141
0
27080
144670
85251
30467
10361
119586
408744
24099
0
0
23918
66147
0
302029
26520
573072
197937
86821
441601
289763
291638
70763
193457
87702
74209
21691
29925
82699
73797
220738
115973
108078
55119
80881
0
616577
55426
518967
0
125998
137258
362398
256094
150038
569206
0
202644
249070
0
342024
208507
29658
249668
148096
0
356702
719205
651060
252355
48424
14435
1.40245e+06
0
19275
190564
23889
60232
0
155203
132286
117127
148011
0
358774
0
0
81446
200003
0
0
92141
123503
10248
54880
0
0
137043
164979
25312
115923
47297
73559
51145
85753
48631
0
86426
28346
100855
0
81204
28462
189297
28910
162969
19246
29023
156305
79647
489140
196153
0
0
211623
0
29098
55294
59827
452130
0
0
0
107615
123457
0
641341
89980
85386
0
79827
51809
0
0
43898
22465
637263
30567
200017
216939
38165
293573
403235
38067
70193
161922
82326
272864
83949
0
121278
155813
105538
0
0
99658
139448
52633
132754
55447
0
98691
0
0
22421
25854
0
0
393441
24945
39230
0
0
28690
191470
315021
0
184668
235020
187168
880345
620303
20315
167884
64641
31525
0
244642
0
0
0
30505
0
83179
0
143148
57912
0
62924
146101
69186
1.16958e+06
0
67956
117492
248267
27412
53398
90587
155542
0
52878
0
0
10681
27650
67373
228796
27805
200245
156364
0
94773
46625
0
58351
229062
94151
207100
74425
51815
53275
270971
76618
19646
312458
23702
63033
176849
0
0
910195
269768
95837
160146
110604
224028
91543
148863
0
51073
136586
0
0
334517
68516
291410
163520
22939
298969
51181
26553
153485
301577
469785
0
87875
60549
43258
552068
283263
692792
242263
265979
259115
94035
120273
141374
231922
193572
434023
331803
295965
322915
396866
249976
0
0
769055
334003
22435
397370
148436
150163
62283
538617
323456
254490
455084
0
200693
0
736845
231041
503514
0
474580
157265
234033
54479
11335
482501
0
39205
130828
220261
94954
76008
0
206800
116817
104345
93450
64762
1.08003e+06
23542
380682
87007
537828
102196
315954
49785
71175
0
271927
760567
120019
78266
121960
0
0
49288
317681
0
80455
0
158787
20948
28973
0
98176
0
77511
71293
68142
163257
260569
170380
98819
22515
58655
0
80886
31191
42968
0
43362
38912
66601
85075
230805
96604
44049
0
432287
255703
711083
417297
294205
500057
23363
1.04226e+06
362276
586100
175329
173529
639532
549031
298271
399654
325323
0
348524
0
189623
361129
299444
154792
505183
626528
896249
309496
157683
144284
349806
9767
0
262175
204210
85601
230955
399756
311653
24868
15165
147125
338034
0
366449
125639
229451
342305
447294
501862
374360
32980
218027
502632
21527
86266
36383
9387
139626
382243
138201
59639
129661
44120
398871
130991
80083
672858
258116
22285
268434
19596
35853
482627
167552
102670
54528
35091
0
0
83754
30438
0
18494
183928
49445
0
0
0
49132
212628
86627
17778
147990
235604
250651
0
116522
154578
68360
0
0
0
0
0
0
0
28356
227951
48126
422614
1.31347e+06
0
72473
111411
163279
61862
217002
151313
112703
71962
20889
161823
524452
0
141008
192529
227179
0
513245
412325
9685
113359
122956
339385
334814
119124
164354
26837
351490
334071
0
0
90609
249856
0
86008
249512
178330
421141
23438
0
127926
0
108168
69884
151032
21362
583941
343717
191983
177244
300878
177420
90109
200556
205079
444505
166495
0
278218
75667
253033
218304
332460
330855
160898
262302
72111
184681
614278
202367
71565
31280
277633
56864
0
723440
77486
58161
52315
0
400628
670804
582249
10413
423133
184020
26228
168244
139744
535283
50289
137015
84425
525059
212803
0
181386
121742
14153
143968
225664
110080
0
56686
85980
169752
75096
311342
121265
105034
262333
54476
108353
149164
22967
262354
79058
0
57730
0
789923
118854
73269
23531
29808
28866
22637
306123
105718
592827
343894
388903
227355
58626
132959
0
200016
289153
34034
55935
0
29998
0
10128
157420
0
0
50218
170769
88515
22015
183179
0
65140
41147
104365
60941
28892
50310
183652
55275
101490
9239
76016
159742
26470
65580
227570
20701
132409
0
0
39794
39554
297214
63209
9671
170372
37667
22167
70101
96630
59566
10752
327721
0
260022
24256
60150
249820
239063
154636
36319
0
60074
59437
56860
242788
83607
157721
23714
68388
193628
0
210139
204386
9689
164525
0
114716
94250
156768
57471
1.25121e+06
218101
464404
0
125577
22549
0
22391
138895
24657
609021
23961
235288
235345
354101
23206
90217
253042
326897
93602
545364
112259
146725
135556
597072
505693
135421
115609
163315
343781
117922
0
150398
466336
50120
665011
842103
641249
552878
22426
0
213064
298612
224295
505243
0
86937
0
519743
0
101817
155158
91530
230107
284870
104215
189766
146664
95893
0
514466
496348
163081
94359
0
207238
116687
0
219055
231095
128721
1.50623e+06
41384
25554
69798
0
93668
21482
0
130232
133790
252946
368556
0
153545
705324
240125
59060
0
86141
61340
146142
0
405193
21194
273034
196214
24092
100681
239631
196755
65320
66332
103139
19769
142926
0
30212
129810
133954
333712
94910
135877
192340
418918
625876
240464
22935
52857
229035
197413
226183
211440
0
33381
69560
217713
403762
192140
22774
135972
0
123996
37583
41903
265394
238493
168770
0
124035
120377
770576
186789
84555
158217
179223
138155
90334
32077
225758
10139
57881
81355
0
426530
142871
31548
266922
221965
470196
404448
465581
82705
137394
70717
119935
317084
288455
284750
29314
218891
0
111364
331990
240558
217275
63263
19556
779323
469327
389847
57312
268465
840057
0
463336
0
11081
188599
207054
0
230379
0
212085
0
29086
91379
143484
199769
136284
470607
103207
79261
439618
306708
592694
151759
190846
0
166262
97881
0
71219
0
387371
124832
466881
144339
458944
118289
811361
72583
272528
499967
411727
75778
11738
239348
261244
159239
247248
91943
47924
123115
0
0
0
22738
23939
0
0
0
148639
0
365025
729444
320718
71645
31373
423628
583819
467126
1.36937e+06
505417
23074
637703
206176
91384
55402
533809
167051
498471
0
435151
120619
20034
90044
0
0
25622
154731
126000
389773
153228
289452
373276
22969
26517
0
300450
576315
1.20785e+06
612846
491953
482373
129617
327786
44080
242737
607601
148013
616420
314463
715079
474447
188436
505603
138108
38790
138184
264387
117876
26580
264872
174893
119596
352693
54403
62784
50364
279435
314219
131108
22944
206893
328967
0
93887
73955
60065
223069
630447
573201
802891
235085
0
1.01891e+06
113127
44497
1.58019e+06
999464
523935
109770
392128
1.94385e+06
85259
119112
749180
912290
490233
880651
313048
227250
0
72195
104061
139503
66514
111278
94206
25042
129602
48184
14872
121633
151312
242028
351104
72363
159161
189744
217440
9587
14726
184199
158299
39820
246197
378267
209716
239120
23872
43064
349834
670508
300123
0
83328
81718
0
642996
30203
1.37192e+06
314239
