619973
248608
529476
146978
873453
367277
588877
1.04664e+06
353536
632815
985630
278065
601802
639740
824082
231147
754117
302460
921048
847233
0
525518
220432
528131
0
1.13716e+06
204988
557011
350766
89001
161577
349545
1.37715e+06
238293
410265
550726
282424
564950
851038
831813
502904
269792
229608
333242
162821
726994
463210
888721
20933
282538
65958
121358
0
97999
1.2208e+06
19108
282791
68531
1.96344e+06
1.42215e+06
972260
238510
785671
1.13039e+06
718292
66601
56085
260419
383894
0
68145
20004
0
18436
19396
0
0
0
0
34003
637862
0
0
55429
84181
0
55317
671258
506646
1.04648e+06
318458
249515
345236
857443
160378
239571
453653
167734
283465
1.15747e+06
147972
1.05258e+06
422303
268072
67658
124702
56425
220457
1.56169e+06
288545
460768
1.7267e+06
579485
814830
350445
543009
91981
1.36918e+06
253867
94213
639484
662119
122389
2.02337e+06
421606
945485
984750
963401
116043
484263
636516
152157
48215
301337
43476
98964
127699
89439
1.1117e+06
1.22207e+06
356221
1.22037e+06
141688
484204
436733
909388
473154
246189
1.63813e+06
564260
177788
551911
506040
1.04284e+06
188953
2.3583e+06
213809
87204
1.90052e+06
266609
382056
1.12226e+06
259764
291201
44651
909215
117226
431727
656845
599993
145522
320709
1.34352e+06
1.53883e+06
328598
535020
196956
144540
380786
0
0
58262
57660
38484
0
64899
122036
0
0
0
0
0
0
10085
0
0
20032
0
0
172196
37912
131241
69446
9858
19894
125095
48361
0
0
134500
99220
66873
10022
747901
81206
547139
42776
0
515982
321524
317197
502423
722021
103213
168530
427273
957366
488267
19662
91613
9411
329774
620236
182129
164673
337345
392996
155012
438769
218930
236867
348384
79950
676132
311387
38887
627897
132451
286384
0
267045
625123
440340
762172
1.03583e+06
1.06166e+06
138072
931918
401864
257959
412027
832540
888722
56630
1.42455e+06
1.16517e+06
359957
776101
97351
550951
737132
282223
54287
170332
433733
704640
648452
62428
194721
55621
297943
32465
57170
53116
130967
56531
312073
23143
381013
0
537695
316882
52735
57314
157318
187992
639519
630325
452772
190911
9553
364497
175932
240402
351804
564072
46808
268532
126985
81120
94410
543105
138104
330871
590272
585545
381831
135589
435361
1.03093e+06
370627
220731
56030
0
139195
38651
249186
0
197835
0
488884
368927
437922
119491
173712
0
390589
49037
1.09994e+06
358167
232679
1.77284e+06
358457
136842
337285
317413
308060
447944
75318
391664
456899
111819
0
196712
278365
22121
280384
159880
108892
558362
48294
326533
472041
397034
107676
105649
273278
521058
179501
110493
1.41421e+06
439744
35305
181423
137043
433535
487570
773792
432551
1.23768e+06
320019
1.36213e+06
51903
30281
551477
177898
103866
443844
143577
275442
178528
104447
0
53647
734231
9779
9256
0
25094
631185
349202
545983
379656
153097
269189
305044
173069
663893
171714
201877
147126
296356
236261
60814
79161
317886
66114
484700
230193
39909
529072
437759
856132
61178
0
598658
98194
609601
709699
65768
272849
116675
1.36781e+06
52681
30771
430935
93143
69833
1.15264e+06
2.07889e+06
426867
258661
618437
618705
53436
1.23555e+06
312661
375306
85409
27743
1.36755e+06
502023
1.15412e+06
421437
352136
568148
172902
0
135980
374528
50126
491541
186307
1.16077e+06
522277
488972
65287
241784
10372
138239
219718
180981
424975
292464
72518
135447
126692
77477
307629
118007
181146
707127
229347
9609
224738
91170
383382
518623
132973
51841
176143
36026
659982
81754
110403
76293
97450
103708
150343
62804
78163
212746
29692
312624
88514
212583
95285
95503
56946
45564
22711
0
555119
105212
125600
151551
67166
197018
257701
77836
365483
20223
204297
97069
46551
60430
151323
439416
216689
162558
90679
76055
0
20841
602324
39961
36607
140564
185546
62424
96435
163546
227696
401911
109628
57911
20202
859103
332946
84742
102349
266578
122784
318846
262400
63539
105565
298976
129644
69917
138286
60804
0
76594
124728
71488
215501
449146
86583
42529
44023
20053
393821
521765
152135
273776
97428
155482
504045
1.23074e+06
242559
40161
152053
23754
79499
36479
299780
106554
654642
468529
9900
0
431985
434964
982468
211310
100474
617599
75832
345885
63374
342967
160560
855274
135705
61837
370532
187650
542146
66307
88717
147242
633990
491391
48108
76067
132807
0
110600
223350
40076
445372
239544
282738
52843
181810
141139
77729
65171
101112
80140
29966
63868
213397
23251
0
90787
12478
196642
202959
58868
137086
185550
35999
64120
25156
302449
94286
53324
9836
242520
97785
76455
80174
79042
490040
74575
1.42951e+06
307943
894602
75070
0
9832
81365
104956
19243
125586
52150
100155
30699
244011
244220
611064
0
67886
181640
388467
0
24354
236475
277209
593667
202647
22977
126577
65953
103566
123940
66181
260179
669948
888385
255262
136343
122399
0
152821
159070
196331
94093
58386
451543
173730
212131
78668
104759
291394
79748
266328
417287
104384
68455
45040
0
233113
171784
221098
174414
333390
343727
0
456776
53257
552470
34219
77798
267222
900598
390118
143463
78036
191642
322033
10184
357913
111081
82094
47507
0
297448
258504
65604
47863
60278
107896
190451
243288
85456
108724
76686
650702
0
10175
64126
10351
101666
0
120169
100113
60005
10014
113646
243989
0
21901
0
210242
588347
69054
108864
136353
143516
219306
60420
19485
40600
0
50458
71528
264021
222721
0
306151
644374
944043
242369
309027
407174
989877
375300
573654
347161
24015
93472
282530
65635
410375
19207
78227
0
0
0
90219
803852
77048
0
211656
0
419177
96308
9886
572146
54729
324275
332905
197428
95075
205728
30305
19654
206745
0
719233
40916
351781
238290
992633
749720
157254
289919
0
456716
0
38871
567275
0
694933
244860
0
436637
310931
0
236474
0
0
59914
199765
0
0
0
467718
137961
50238
0
707725
0
155261
181670
112185
20202
96563
263669
9626
0
0
0
986903
9895
0
506537
57231
229239
0
164337
0
616499
300763
10168
0
26147
0
0
304863
132790
73559
0
85339
33008
120462
59176
245621
188444
40664
273159
274352
316014
115767
201972
48381
106084
65715
45346
534659
675020
362479
88460
111373
0
287764
409196
476789
439618
88284
167468
295935
279034
360913
293188
68246
370195
66833
371882
958267
538339
446678
227134
221235
242655
552985
172646
159390
117499
334627
35827
59751
13998
217245
146989
211990
131652
678717
0
254762
21175
364288
607727
162209
168888
165570
281163
280447
497106
643986
872081
11399
183044
195029
55396
160520
333105
102863
212790
263768
98950
224314
47908
180744
106525
277829
462223
119525
719227
72521
64843
183184
373015
339974
119599
158371
92091
516666
12810
199230
240026
709759
231176
336954
478429
294600
129203
167659
44018
536789
78424
38253
266983
15630
175336
638038
112405
780505
312469
0
365059
10983
242158
31788
28946
275556
38931
253057
340104
61714
75762
529735
134201
0
157049
109235
0
63700
151418
375601
10599
176482
67596
424413
116850
173472
130687
307042
429981
19077
11289
14547
389497
79100
380388
0
20493
438107
0
330895
19094
81706
0
0
0
793292
457532
382689
0
0
0
322892
43413
58899
0
0
54293
325934
50250
696856
444628
9708
0
0
0
0
0
0
0
0
443060
476959
480162
37365
625478
408090
793080
241051
216398
0
76518
456184
9675
117353
642905
439307
0
448281
49579
605006
32722
656741
113745
48328
57950
520590
336096
399302
444711
539124
248248
156797
341331
135913
464924
87694
0
376287
70871
336802
538892
803816
0
0
599963
0
668157
90257
165335
83535
495019
776347
399850
115047
627611
504982
504734
832334
217822
9424
57253
115629
0
64106
306352
646482
361438
303739
51784
225074
139858
57349
0
230681
18959
26488
496874
9596
169730
81922
9337
144044
147547
355576
33724
310844
125068
155131
149056
193426
22052
316270
454353
574744
203127
41976
461048
228440
123195
22830
256112
214238
219034
148007
165671
96108
378737
118540
82628
273167
327033
12558
152726
332542
465739
10480
41291
370737
312996
89427
165293
330506
298428
0
0
227602
136953
692984
322417
371520
71549
308057
358622
294538
295034
106756
370854
428415
324072
615351
36669
384940
530313
344520
393733
153215
23781
825472
528758
265466
297806
484540
153294
182463
126294
74028
0
143904
0
384394
598878
312036
86498
9915
26247
90829
49578
210899
53324
721755
37053
88301
504666
205982
43689
775571
441207
72435
334009
192925
231970
184395
21267
107647
217087
23476
340181
55876
245079
352511
0
58370
11802
140855
59980
223876
136229
253296
56801
30747
28792
65899
125661
9508
314536
91135
0
261578
169584
214550
38302
441953
272586
384852
148659
0
0
358414
10823
298414
92095
196935
89898
10034
429008
449762
263048
12460
201992
247180
151609
321254
327521
114137
152899
246471
151358
226959
265094
148200
9673
34162
320883
111147
135890
337228
232808
101876
76228
261970
10074
397934
20658
282584
309457
284128
335058
42072
204319
334530
18919
213516
73007
299965
149225
114534
104748
327551
61223
384158
124427
432146
264825
335040
75524
260510
158041
446258
156397
399426
67063
47231
0
76564
221919
113357
48863
10933
0
33650
208452
21855
75750
158309
11667
494328
49430
87471
10428
241769
174620
251565
173319
133848
10232
10962
220940
36519
40870
22937
105444
58685
39350
11008
41037
965679
61845
82940
24378
345191
25423
0
144658
126713
0
0
20413
20468
117995
71668
52417
231506
0
300366
104499
47010
0
0
110208
0
0
9689
53257
187302
449099
255020
173922
231230
0
236206
51413
189517
30560
516153
0
93772
26624
51787
22328
94670
10768
92538
13764
0
52354
0
22188
52356
0
377063
0
510608
85433
176268
0
63390
10377
38500
69791
510121
190185
83601
28299
0
29999
177919
0
249221
0
0
46584
0
82218
86571
62092
51798
287485
23178
35962
0
0
103581
136357
0
333608
23359
328034
23603
122411
19158
0
0
158290
136204
11160
0
0
0
36925
10384
57110
0
9654
83529
98571
266470
21164
66593
174772
0
34786
109372
21092
41924
132863
0
0
173038
0
490709
307492
21837
0
238912
76753
0
39357
190429
109376
70748
39684
0
23944
10331
120512
21327
47756
0
0
42615
0
0
0
28914
0
186639
79016
0
260135
9840
40033
37362
526396
185872
128099
19607
0
100112
0
72279
52294
0
46085
68489
108362
0
39036
33656
11044
11236
70265
0
11987
34747
0
38796
0
24101
410407
60231
55392
355747
22175
0
71246
229296
0
90108
215120
0
70573
0
0
0
166099
0
0
231581
10700
47899
73812
0
32026
0
84077
67091
0
27079
0
40500
0
151987
21923
0
133548
108259
0
0
22230
11418
10328
0
0
0
158476
21601
0
12043
361042
43309
38432
76827
34322
22245
79443
182274
259641
0
37297
0
139945
23092
266937
0
300752
127819
0
64268
0
136422
325653
382307
389180
71160
113098
91144
0
65606
164077
153853
118273
102578
101435
380654
47869
203270
195349
77329
176339
10583
300860
0
58330
37226
126336
56615
9772
23009
95513
131025
43414
0
0
0
0
32175
27613
0
0
32161
75036
0
0
0
11131
0
0
36590
0
0
69302
339909
24934
10624
99802
9800
0
23122
12231
0
320037
201836
757433
0
48859
0
9783
546292
171514
749538
294102
340098
98470
0
141396
201702
468046
0
68421
9579
116563
85749
331366
31914
274969
261701
429070
176064
140716
372916
313646
154991
322924
9883
27399
92017
323714
212372
23359
0
117412
0
0
67673
65216
114406
110107
283444
173887
748802
143130
500176
46860
210549
12524
37393
35137
9981
233706
485116
116353
368114
10467
214145
223579
223097
646335
58726
97242
84211
24588
174263
22671
742811
10043
24011
55396
210410
346882
131899
52621
20017
82573
42808
83280
103725
63970
112334
158340
49834
62313
41546
272830
194436
514236
47244
99935
630827
450033
307204
452588
45935
9413
87980
266897
168516
503350
377632
175081
9624
319484
51335
381301
347876
269323
65066
144915
147996
22803
35664
71188
108672
93645
75972
97225
121867
24755
105466
138392
10776
71712
203123
61688
171954
50914
226718
62459
0
213538
122700
9619
47548
0
166629
0
115740
281594
26234
164613
9832
75394
183103
173585
155619
404781
319558
130485
66880
22243
188495
283881
322957
859452
1.04038e+06
164741
185895
709294
274332
0
137465
0
11445
124119
468473
517357
159132
362888
93634
121839
192849
262041
805567
1.70945e+06
598653
399301
80618
833921
702403
178670
322915
45211
36374
252198
0
364479
462855
0
79759
123596
40843
23590
116306
19475
75087
170942
24345
335431
196980
94722
120632
339870
360037
506906
9954
0
0
0
160661
0
22471
556616
317368
177769
41138
328533
203551
179329
37395
170496
73530
0
234164
0
9582
34787
106732
194095
0
163356
122597
243837
0
211365
211364
12053
12417
299012
373312
107602
184543
166680
332317
97096
9631
107834
36941
107766
0
70149
51015
99465
22005
58329
298098
0
250094
159782
99032
9716
216542
395242
230562
163782
133548
42583
369739
289057
120203
120479
764542
269139
167685
37838
264810
22288
0
93376
182919
157199
296385
0
77413
55761
164463
72827
207197
48436
0
311774
406540
40950
165339
87012
605852
664984
67464
520928
461315
274729
143906
107752
175838
221314
217080
475629
511631
190830
335813
195726
51158
734348
168288
321391
513267
40319
928237
76149
293525
123944
151453
79002
409099
679581
136224
374360
38318
525097
458950
422030
443561
212889
185243
543971
198458
262312
19992
996234
260102
438421
119637
209458
230759
39719
417072
119230
478098
574189
510160
398035
349974
276119
627035
195447
464589
21373
250129
177856
238393
47678
374650
461657
19326
44121
581591
91435
136067
239182
353092
377352
39430
534790
310059
514436
22424
244137
78848
538131
58984
173257
98878
0
517187
0
26980
235933
15901
274618
302297
372329
285172
395823
308805
225413
11568
83222
43578
138878
21721
294042
249067
227996
0
208815
450834
50840
0
621614
9655
296335
187887
95617
530768
1.1359e+06
89847
60702
125147
165403
170253
76842
206485
62734
611474
211235
380910
36002
180272
0
9862
69576
218255
0
197514
0
95979
78293
23654
237389
486736
9561
162365
79524
286229
220571
108687
618213
174633
155566
371539
59742
9292
0
244127
202703
89610
65559
37715
194269
74751
444940
230120
26751
512765
57446
0
204230
802793
813646
31509
97492
0
79154
80874
64739
9622
56437
152148
390156
528953
297582
68637
76156
169861
141204
24740
120117
268392
79083
297075
374873
143550
36102
154436
162370
452488
116274
139695
0
186788
322392
137163
649858
47245
112182
100101
113014
278664
9628
83211
214144
213899
208957
90290
209508
86162
71367
13677
96000
301206
211570
146655
94675
94444
131726
188040
155689
234802
67176
11298
102718
143647
49297
100948
196388
223557
300190
90949
72976
255057
161401
202472
257505
79462
184185
289535
244940
23328
410248
35846
0
414316
133064
79259
294830
0
363278
247328
528378
139028
169361
224510
80747
352305
336348
436554
268509
434087
784200
421704
289457
552774
234808
133136
235492
75227
557025
98766
286718
30858
317622
260304
45414
135483
94190
203594
206333
51819
227877
47739
22582
184268
282539
358602
9585
31923
63191
590676
389542
23591
59567
187953
275712
222192
72915
54825
218814
234149
151623
185985
277673
282199
300910
179152
174653
70471
161166
168218
83851
462310
53346
70062
277638
135433
101438
413749
81847
245550
514206
96115
77978
55973
106300
101267
91395
175390
121522
275873
171599
85702
27254
151077
0
327002
346702
469105
60975
246955
207135
143504
158781
207395
76564
137076
19854
125049
489134
109580
63807
164710
54722
40465
95007
40923
0
109893
545354
301919
77809
9461
13417
9659
55539
23668
42774
11740
71859
158770
0
58617
62168
37177
108171
114119
44337
99937
185136
174212
361888
145402
210434
149357
157996
42090
10600
104889
66715
199366
101407
128348
476618
22704
400318
95812
232864
107931
203713
321239
259316
152602
115247
425470
74181
73973
200943
349757
111524
0
50515
269639
20410
306472
551636
46902
415584
477062
75885
108830
235966
304280
31123
58629
507667
278929
236588
420021
48834
208530
1.30391e+06
1.36687e+06
128525
105981
101859
150440
115079
153775
223438
21326
210934
253104
65480
0
433667
10045
146128
0
0
426629
135885
78159
566927
143013
333829
60066
0
183146
0
56347
41202
201385
196435
125963
9938
16941
241291
150721
147387
23187
136344
315219
306261
0
0
145112
22464
590967
102350
138083
42300
31962
124742
113987
168287
155691
193796
10625
255073
84723
0
74305
328894
371598
101555
316676
55278
116271
100663
118786
324910
23538
247117
408335
21085
60801
287733
290275
156988
83394
57314
109944
393519
135713
10304
123937
159077
0
151026
278710
10356
63781
21373
106782
44102
37537
9871
63990
227707
62842
431298
157362
193169
155098
170273
57394
148285
152906
59856
162210
352706
126221
10418
81566
284243
81829
186706
63315
161283
0
112081
269700
67348
309441
162804
65064
36775
33180
175789
148293
68416
42627
111396
110228
505144
66300
255470
0
76002
378433
225675
9951
174239
425888
24381
714162
124081
138063
68227
48000
45938
176137
137593
291576
48159
54133
51368
9976
76129
37811
10424
21737
0
113296
138304
188633
261004
10011
223780
0
88563
0
172513
63300
265687
207285
37819
68210
11561
9933
274078
557211
149391
621570
114000
559040
196369
63408
39796
100770
103215
340123
141367
174749
161763
0
120613
419404
228788
291721
150519
357626
80436
62767
10614
0
152859
300900
0
62025
39245
292029
255778
323049
233032
96596
0
182921
21099
47886
207747
212194
54094
9582
59478
154254
133091
0
287904
47475
229164
222581
9710
306191
161241
10781
187994
154417
66699
926776
113029
524485
61627
12705
150565
55503
20213
34912
118276
305126
447819
41119
108007
47360
126160
94684
107345
10881
375878
566435
95648
11707
578687
157989
27652
25062
86809
209149
143678
239089
30728
78487
221802
44877
427174
86346
314846
59893
128830
15119
316479
58150
104818
0
0
142050
42196
0
22100
187513
154577
44612
71610
304189
93343
185511
103925
111663
153939
75882
47584
209753
60487
102951
178065
236372
136908
520420
10790
133048
348121
116519
128459
186597
324991
154702
90742
76865
148654
247043
221087
99455
19463
61306
160316
613080
184098
107235
230265
156585
100449
1.13694e+06
76356
415470
436606
261310
158701
72961
217347
175123
108971
22111
29461
247689
48357
218138
21389
340576
163330
68957
9955
119602
36901
323487
22914
81930
0
57106
186096
781861
22731
99296
44006
292505
298205
241989
9825
317062
43372
270070
115318
941376
54410
209401
453491
292463
78511
334826
436068
140267
314965
200412
97991
0
156015
245025
61443
21002
166130
81253
369705
198093
138118
142893
882770
48709
69287
48691
62873
107282
172495
222266
576956
248119
65091
251595
10056
368721
0
447092
254741
1.10688e+06
553407
298766
59937
656801
236734
216869
235762
505953
299461
0
498364
139492
445019
589902
347325
176302
431201
78760
453758
52058
220955
584242
312697
998412
88939
307424
135065
147238
168034
225068
437299
174923
119368
157355
160777
15785
320303
309101
0
105261
65639
10305
57541
46889
71447
0
198064
142430
0
240106
229642
118083
340336
235997
308187
21292
0
0
62765
92935
86994
59783
45042
225710
153587
252644
54327
10166
90370
196352
11644
529360
396499
127503
20617
0
114185
491287
285367
164572
229770
311220
137002
75235
81996
64170
162598
98844
164784
44814
292485
15457
454574
161853
124545
45263
9750
105561
68451
67243
28456
487934
159769
382261
160814
147198
133015
0
270043
184678
101506
142333
258532
0
88378
538454
0
284304
89198
156130
120001
0
209835
473447
45939
776139
83869
10186
0
182419
395141
9893
0
86902
272664
97823
274425
23220
134185
53612
0
0
291032
606196
623979
122942
258190
0
72273
66993
180919
128955
9554
41881
182568
11306
51811
64903
135246
30417
24865
426188
394439
163618
83850
145817
66880
560797
236199
25767
346181
109270
10718
57525
121924
31585
0
0
21420
0
0
912463
108506
97159
155132
534634
1.4268e+06
20990
219641
34018
71650
59371
524304
97119
0
175539
164712
125000
138538
297624
22421
21040
55985
52116
137884
11402
203715
66344
22559
56642
150132
24406
55806
10229
18963
57742
0
136884
358757
0
23386
228750
181799
72536
21266
201192
230074
83808
465224
48303
166656
302006
104922
69685
0
124602
95646
0
325685
43948
21645
271803
388594
474781
276868
114401
273196
532442
206853
109918
344887
38024
672638
485557
482179
161740
679884
10217
375791
0
26544
51935
277109
169646
182039
138997
146685
440742
438007
249877
160862
158551
81297
252097
259578
489926
248414
47303
223988
509180
199655
355690
440511
89657
128577
147690
51121
470277
726555
230869
139605
101292
529682
12647
206286
222409
513357
451022
9787
274268
95192
164398
161778
417427
0
12311
15001
124175
595790
289314
224257
252340
312135
81377
74785
405139
488024
14377
143592
511235
69542
0
0
125437
75983
121079
224374
336061
250310
16902
55889
141906
222343
87116
21879
363353
42262
50721
120636
286534
24726
56036
143116
99529
20431
233711
94580
371866
204466
132231
75983
9427
60882
234014
60540
22399
429772
0
118320
280879
1.12725e+06
33851
201414
67691
0
174058
166746
152096
36523
75403
60393
12278
35912
145762
292446
116401
237628
606965
715138
0
82355
497467
397778
10762
254455
0
39579
32190
99370
25913
218854
150622
122009
55756
117471
140529
245544
65308
140567
84934
246655
100017
36329
224500
1.15553e+06
0
502888
57600
216292
157693
158997
139084
0
0
0
160201
176280
30733
29937
61494
229556
375014
215169
368845
99156
177270
342461
169123
159287
9362
0
0
482675
138913
191780
189686
90763
412402
71995
74174
270967
400114
23632
224361
57255
9957
0
336779
9808
292338
787397
64237
312398
219582
87213
161720
148931
81167
146345
122214
90640
91458
22781
41913
0
189556
56716
124616
0
348101
0
0
41762
166958
10558
52201
212205
113900
94082
84816
46874
53224
147521
309454
202535
143263
235130
10667
17226
0
30187
46067
121374
35979
66172
41602
20796
23645
48956
75009
335181
0
221448
55832
243892
40350
0
52981
35337
67481
144952
22888
385563
76511
408278
93326
66346
294400
9617
79912
27025
108241
428631
28775
199775
25671
230666
0
0
55215
307549
157803
207363
26290
708560
0
22198
70727
123130
246367
119654
322505
91837
155511
22787
391040
235546
0
71894
0
66956
36180
251156
78225
97518
136994
59721
0
29582
117408
46302
302798
134209
240309
135029
33764
0
52196
120667
0
0
310898
45035
141910
21886
238191
88016
270967
43508
10039
207724
227217
134045
265453
148992
10655
335166
279958
371014
599030
588877
414345
114556
886338
116294
292752
48214
276532
402506
0
299594
68713
259179
336796
88930
348072
49591
162188
49683
105699
186565
1.17314e+06
226178
55298
43854
27344
105865
216054
116410
22183
203930
58731
13284
178184
12658
176503
21263
146525
525679
148342
9918
99817
175152
90164
77205
66828
126581
86895
251319
82785
0
47103
27730
0
0
109404
0
178521
287959
50269
20394
132641
0
78581
52694
24884
289037
119713
21960
579300
0
0
53210
280793
90534
0
114218
108250
83540
426912
11074
48820
225793
69203
118374
30324
97079
110574
376032
91549
44110
219658
165745
117088
311768
63793
217096
128817
186879
109701
61427
54375
139404
126187
333246
280439
319363
97146
258436
0
165263
53399
101093
133957
213541
85636
196360
0
101492
9758
257759
158229
59467
82278
59527
70838
0
171036
88702
347455
10452
215079
159543
245117
13227
223521
0
63807
97286
26805
93681
76504
259985
96098
53267
0
134655
78961
320276
248381
391371
29554
51514
80560
223996
291262
184409
169174
21411
31964
57517
423199
197640
408595
459085
89240
36402
40133
543271
0
437525
158246
225907
115532
0
262837
69541
327423
595456
389370
37766
113546
107483
229830
96430
324647
232158
187524
422365
85519
102444
31509
116729
283082
40389
217090
111417
46236
156036
150628
67352
27918
114073
180631
0
314891
165609
98657
194833
634696
482038
62963
396788
83618
87478
135495
14363
408497
372603
155550
304866
127027
383736
258249
130639
46202
59597
244531
126326
231288
106024
260854
458236
612802
0
291150
42042
175310
226803
98797
92821
275663
277489
350569
0
9758
32081
352429
269057
20321
459245
206524
600558
11771
19996
23150
356916
137402
40466
46521
351862
36124
46818
63942
164986
485241
80855
25338
13446
35185
36389
11674
320974
64544
162298
126030
201821
139578
116887
193875
338203
96058
366276
218908
10466
203387
72593
337983
663554
143257
202870
188403
9822
23148
43317
38659
195383
0
11087
38410
258203
201041
745522
1.3041e+06
9859
367104
148547
23033
333960
153530
81809
336472
79899
26733
86833
479309
411474
111993
11874
70827
974281
0
80649
113201
90652
385942
0
306282
540166
421157
127532
0
79173
10371
31530
38207
151415
0
113332
42575
167656
0
0
57709
12975
118522
180415
27085
101870
0
0
30955
160259
0
56774
237125
0
11973
10199
133889
25661
140316
32441
264569
9973
14840
214966
0
215379
205035
11549
399015
186684
16962
9513
115968
230097
54790
9787
10765
15463
307369
692075
9349
161199
21656
84055
20951
472116
35379
67320
65238
95546
87020
385131
82167
320523
154262
0
140110
320539
121842
155977
358485
47830
310623
149705
38697
320397
225445
108139
9768
119792
410380
315560
67512
380642
84970
122282
512067
0
78814
46853
63922
13451
186736
146745
21770
185621
0
36683
160020
346850
399785
209850
326845
311365
92162
275442
293399
22797
187114
76142
39638
29083
234069
11060
9626
0
43813
9383
471856
54275
185284
152045
9382
95678
133094
91825
1.03202e+06
28207
90552
130375
227218
0
124275
44267
199196
10047
65521
9846
149132
46884
28646
131134
246168
16690
315858
112725
10172
199197
108313
10243
30924
239944
132822
187832
98450
34426
136964
172115
215957
71620
139930
10968
48025
100616
83069
0
101026
37953
290512
201278
317249
63364
47528
21570
58085
210466
279687
34766
21169
289935
188049
151428
244888
9984
452260
9798
11926
283415
446343
238296
20076
0
93033
42025
452097
211454
420538
141321
392714
397044
170093
92146
283530
155890
123513
343890
137503
9200
61414
152478
161472
9345
37661
410296
225007
12396
134313
127248
117351
72726
305588
245427
144103
203156
11475
97707
0
309981
23490
508189
558974
349754
73515
212778
41984
43580
376489
0
82136
22843
51243
71034
16429
0
119520
142884
65068
213574
99237
727330
22331
300389
55279
267741
289360
431492
11059
139864
39162
692106
61583
109945
179687
228622
22554
24813
203729
297117
0
353260
9687
405279
10444
175096
274608
13291
19954
482907
198483
24279
104650
483445
362403
184588
97579
326310
67270
98721
383514
9586
0
61686
49755
17408
24209
104206
236740
43749
0
383353
194906
340860
329136
222667
146556
95203
935518
166174
506111
256291
404261
389906
142140
254069
287576
347887
0
541179
0
240564
175089
298778
199638
302209
338414
512345
0
135973
373455
238045
32174
0
278489
522933
340534
333309
325425
412375
11121
46329
550040
659547
0
68758
43068
329134
149763
167137
139306
120320
0
0
42210
57891
23357
9868
9946
37170
0
0
0
70112
70422
138510
151674
196502
157041
140432
0
99680
10135
29603
268761
518082
90453
249318
10337
362112
9507
104736
60836
33476
66836
476945
78461
298811
0
0
235568
66929
138380
31327
537291
181507
218885
0
212124
89897
318704
0
146387
10331
13240
0
0
41091
587656
394463
0
202581
287256
178640
134832
21229
101733
62971
55668
68160
101741
170777
46277
56003
212949
58819
314271
170564
123808
43173
176520
111526
0
80685
129752
359915
45652
9918
118264
0
423280
263989
9220
10792
17582
585695
9966
194320
54423
778831
84393
161615
0
496695
107337
157050
347069
222363
0
567318
379115
51968
184325
325398
385174
76653
420139
246472
376835
254742
143108
397032
83537
193271
64526
173623
246127
70896
135216
21251
557365
135513
127139
98346
0
28717
67089
25940
348953
135176
110314
48308
24570
360464
282108
104831
21377
152351
239745
25789
554789
121018
294529
201345
21893
240739
137517
123596
9300
313665
171863
13811
161419
392832
192216
128148
65843
226023
223595
88056
428022
115603
22438
257239
81469
256967
234295
77990
109215
129879
55980
20236
29114
504858
139738
179245
52305
0
83301
145827
143288
144072
403140
206978
158586
75332
126248
450858
36265
373011
343224
149686
114910
20220
97121
133667
20658
317362
115968
0
47834
352007
203922
0
298929
19800
48035
156197
207705
70955
80856
184795
437537
240234
457963
0
128915
405054
372512
222046
440283
186873
305617
83506
78276
90042
443562
132583
213930
190646
260993
148287
114854
81042
305244
178498
117182
116580
21180
595638
194404
185793
227362
302313
226659
322733
125049
165113
110127
304824
431408
311851
412979
196029
407315
451742
11498
292212
384703
237934
265266
15499
273904
360604
436399
134594
145256
348081
504083
9543
289242
21814
36812
83429
227569
13927
782980
10359
350367
415912
285237
46018
0
88973
302823
49824
250710
400895
321847
424945
505482
563722
341275
320772
221333
510022
556598
0
290981
188229
22989
175886
670809
129621
614996
66265
0
134627
209352
111264
339075
46856
229792
228563
237721
10168
221579
215324
381007
318428
462102
46733
333824
300886
278000
0
343030
322052
260518
70786
0
622731
378638
10692
278024
197979
396168
347673
36566
315712
425111
78943
428870
0
30003
192823
140136
345325
260447
10935
520411
280140
211303
311677
10900
235248
359341
375361
45388
236736
229411
343253
254565
13961
229787
538027
328492
44295
257925
291047
56347
424089
9388
39679
185861
315205
313486
964705
413973
432429
311312
472647
490944
10088
293752
435447
186262
474703
162047
30325
24943
130787
426615
617851
261566
55319
312363
9485
345703
198448
122717
340496
337285
160559
27792
177891
309490
367872
208465
243958
234114
83583
185973
152640
77075
112999
369950
9899
99142
14476
427357
177845
37367
198006
50325
337994
422602
362119
98380
123253
103557
288879
117963
221983
205230
233076
515521
209960
178919
556358
481769
303702
136526
44399
286282
632318
504899
652861
310238
357815
0
361374
9686
130108
212573
341460
9137
456799
129383
205083
0
159260
327597
250127
340732
81273
313586
265376
442518
431948
103351
328009
247764
99742
30589
349580
58822
10065
57564
93380
274726
82636
208849
148656
338201
21861
818613
268189
365045
220587
312988
63976
103070
540801
571761
508162
133214
163296
60366
827471
9590
0
44093
33363
333445
58074
0
21861
444045
76894
648491
134564
764158
299849
36719
1.16178e+06
402597
420225
369985
197457
109865
646846
570471
373957
314484
39905
520585
188736
21838
1.02879e+06
856145
83422
197997
387395
72497
37266
485657
80038
455936
648364
280123
539334
10262
174740
61608
542270
484038
804137
855608
378942
460122
363615
429002
409098
437639
327506
702310
740990
466295
745679
329268
380359
199968
141233
260267
152378
16128
132842
420279
988273
303304
60130
421763
225542
30440
9647
290199
226269
646410
9368
488273
483903
10855
218136
110491
229706
272792
199979
327238
633201
195135
206993
411940
382333
277692
315487
168792
348387
135587
173454
141398
240357
186074
310278
760798
847312
749567
535560
484825
10718
306550
234753
353572
39588
274172
769494
43245
438535
9852
0
512944
668602
532306
830772
488738
404545
806947
386863
36240
71412
364771
421487
173350
718735
259331
283851
518762
170377
64784
590374
616017
683054
65554
559052
9946
34125
200137
302117
655407
579115
