14
33
6
22
10
14
47
72
41
125
136
35
31
261
52
147
114
148
57
72
108
53
227
84
49
78
346
212
327
77
347
110
540
166
86
189
12
133
153
344
308
172
263
306
133
300
147
436
414
105
172
343
26
291
97
0
61
378
199
306
101
492
197
278
1157
100
169
586
249
249
586
143
451
168
433
460
560
504
58
635
514
281
33
922
1042
627
572
1472
475
420
486
288
456
548
143
242
392
602
362
991
519
812
294
1200
777
989
101
537
518
344
540
1600
823
800
374
581
260
1383
448
266
348
249
287
1275
497
1323
903
1172
113
962
847
493
304
349
348
608
421
459
2203
1276
967
1882
631
944
787
1672
974
742
1210
1310
494
85
654
427
290
844
922
1794
711
368
757
960
154
793
109
830
701
1061
1077
1228
682
643
1859
767
388
1208
722
1392
1263
702
775
1421
798
1193
164
744
3505
397
375
982
3182
1058
1715
1213
454
915
1443
5835
1359
1002
1662
3201
2112
2667
642
2590
1116
1150
146
701
302
2088
460
1989
1366
1627
1521
111
1769
962
1621
490
606
64
1925
263
1135
569
107
1210
79
1032
1939
1050
775
848
789
455
505
682
2211
539
679
1821
535
1057
2344
481
1050
91
1018
1443
465
360
787
780
8013
2438
1140
1726
806
2057
1884
377
1819
2898
2037
2740
743
647
1851
1345
2863
1635
1024
286
269
1854
3248
2898
3024
428
2066
172
7520
1377
180
287
1682
1132
505
1312
2292
199
1824
1516
1763
948
1048
1750
1699
1195
502
845
1140
2157
128
945
1162
5284
381
4206
847
700
1471
1125
3960
1864
3139
2706
1312
1636
1169
1634
3973
1996
1846
1851
2360
1012
3370
1740
1361
554
232
193
1016
1747
1711
1234
1962
3368
1006
393
1818
1900
1798
1565
2169
1655
2315
1411
905
278
550
2332
2123
475
1717
3103
683
1180
1491
2740
1606
1982
618
1938
1367
993
2926
2180
755
295
435
3943
2711
1723
2557
2177
2235
2343
1568
626
1352
1431
783
2678
2346
2191
3078
1422
57
1048
2962
1611
824
892
267
2521
1245
1975
1414
1533
2127
928
620
1400
2101
1521
1243
1375
1278
958
910
4165
520
1731
3324
865
4267
1369
1162
3661
1889
1534
1032
1976
1813
1366
2237
991
2248
2016
2411
1163
1542
1435
649
1482
4383
425
1470
1052
122
1883
1103
914
981
576
897
1825
1529
914
3715
3281
2398
1254
3053
1870
1071
2016
1253
1473
1031
594
1476
2001
279
1268
2958
1549
1335
1894
770
1937
1214
1459
2052
1443
295
2418
1426
217
2158
1804
964
2030
2510
3770
2281
2668
1739
591
1524
916
2029
1569
1030
2440
842
1603
552
1675
399
2302
1192
1184
554
1327
570
730
2342
1871
1545
2298
1159
3391
2627
2506
3440
352
2061
2416
587
716
2668
4179
3997
1852
1806
1516
1423
774
1582
663
408
1881
2816
865
851
614
2629
4247
1136
1986
1026
1792
1227
288
757
885
1363
1814
1579
673
2051
1906
861
901
1479
2169
911
1631
981
297
1214
1727
945
790
249
315
1022
713
949
615
1116
571
2163
1254
1189
1145
2060
533
121
1158
648
326
1635
2391
918
834
90
801
1012
1023
1620
598
2093
856
2399
2035
832
964
1020
609
2256
898
2576
1068
1319
1974
1418
1286
1024
2101
445
932
197
1286
577
847
1636
2384
1261
1523
2109
1599
1267
1517
1496
2170
1352
2501
933
149
1075
8655
1261
1609
1608
2387
2013
1440
2532
265
2166
1760
707
140
727
851
1397
1626
2899
855
1685
1389
534
895
1503
425
182
2401
1137
2174
1693
140
1068
610
1729
5506
1793
2293
269
1403
1548
752
2974
1335
3608
1959
1644
459
1126
2053
1649
2248
1489
2218
473
580
1195
2410
979
259
1270
805
1456
1187
378
4347
1158
1857
648
676
843
1109
3008
2227
2055
1347
908
141
5002
8335
1345
1490
1994
2116
1459
2606
870
2301
2831
1679
5451
4035
1528
1578
1140
2470
3332
309
2737
987
1203
1767
99
1280
1327
1463
2099
1417
871
1600
5048
1316
5500
850
4949
688
803
1525
1474
1242
344
2164
3245
1412
1331
2204
1576
2129
597
496
3991
4154
2521
1804
1025
2867
2785
2535
1212
1932
862
466
1811
2435
3759
1090
3429
4811
4579
3523
1273
2258
2183
7666
1916
2460
896
2652
1375
1880
403
1196
2041
722
729
667
4462
1065
3463
1335
421
481
695
264
2580
500
1567
2034
326
592
3244
847
2407
0
803
391
799
1617
215
251
644
1492
2316
376
836
532
893
0
1596
603
779
188
324
770
409
1105
190
1169
1256
4868
1375
1192
1542
1355
471
0
1493
641
410
1144
452
551
227
1633
172
189
1518
1956
453
1755
10544
1817
1425
560
319
194
1645
384
1832
660
520
0
576
2712
1624
486
811
1565
1897
1924
1821
1755
2482
584
1336
3152
969
658
1749
136
1434
2786
2393
1619
312
281
2091
1711
845
192
324
352
827
2053
1716
1751
1442
596
548
648
1277
1167
166
523
211
1197
1768
1103
870
2805
1027
1153
2753
1420
705
1795
2107
1740
2929
297
892
1407
1607
2452
2095
170
2496
790
3771
2391
1422
3435
739
3124
2909
1779
1639
2435
1696
1408
1550
1813
1122
1676
2501
2089
2245
977
1870
1148
887
947
1535
787
1663
2377
1327
1103
2012
711
2576
1039
2491
1148
862
1766
853
473
1443
1970
1410
920
1200
1822
3114
1757
566
1063
780
3162
1651
94
456
252
836
2039
366
3128
647
2421
2096
3385
1486
898
1273
1693
2059
1776
1683
1557
550
5159
2932
575
1985
1116
2098
268
1677
2142
1282
1525
1125
1380
1904
1224
1935
12340
0
386
2232
326
1499
3664
904
1269
223
1700
1763
1319
1366
2876
376
134
828
2153
6168
1180
138
2054
1916
361
207
1612
1094
1279
706
934
2074
2084
127
1110
526
2315
2687
331
1323
192
1246
541
1252
790
1520
1012
2141
221
1120
1594
539
1396
1122
766
4263
592
410
1255
661
0
2387
1663
355
1934
453
471
1276
464
605
1419
1604
593
1898
926
2307
1292
636
1120
894
1305
1847
255
788
940
1039
3664
5664
242
1821
1145
1476
853
1893
1239
1376
1504
1113
1637
2008
1097
471
1068
831
781
1119
650
810
282
2062
2006
2030
598
1333
184
0
576
673
1772
1338
1488
2408
2231
2725
672
1266
1440
2030
1657
1560
1650
522
1658
1429
1339
869
2231
1507
898
0
1289
1881
1238
1075
5614
1887
3407
2144
966
2341
2826
345
950
1623
641
516
207
960
1661
1819
3030
1735
859
634
678
1369
1305
764
540
1350
788
1455
1007
667
597
1834
1162
575
2054
373
680
304
1584
407
1636
1234
237
661
276
871
150
2781
937
1257
712
2378
1617
162
1464
252
239
414
1227
1942
1088
1448
1718
1412
870
501
222
0
361
1418
1748
232
1186
6186
2003
1953
1323
2193
712
149
4094
493
2569
2968
1616
1275
633
109
2191
766
1315
1250
1080
1183
0
3930
0
166
174
0
419
2187
201
0
146
639
0
472
211
250
163
1838
3589
180
1814
1388
417
169
769
0
2660
2070
1100
895
2372
983
1064
1884
1127
1617
3448
2669
2517
3013
1479
1964
357
2170
1515
490
1518
3466
2017
222
348
1659
282
3593
0
2741
1019
3169
1042
575
1047
1210
756
1373
483
428
957
2691
536
1842
1213
4152
1801
1133
1524
1908
917
491
830
3241
910
969
1902
1621
330
1247
3209
4220
1366
2590
937
1748
2526
1383
2373
2550
2158
2664
2643
1235
891
3842
1903
1844
2476
2486
716
503
1287
413
528
1500
625
1384
546
517
450
2143
2540
2381
1300
2185
5368
1346
1341
8000
413
1938
3091
2506
1972
1018
2580
2909
510
3132
3078
1769
555
788
2555
2481
410
372
362
510
1470
733
2540
2455
1832
2707
2547
2779
0
4220
453
984
1110
4390
2114
1618
1782
2718
1847
290
2992
1236
1649
993
2176
6709
723
2229
1032
1252
878
850
2602
1595
2017
1714
2703
548
1842
641
2331
2375
432
2217
2122
401
1133
677
2435
2008
843
1926
2349
8350
2279
1757
1700
1475
6505
2459
3040
268
2736
387
8256
2383
2188
967
3061
2028
759
1281
2334
174
2214
541
2381
907
791
2139
2022
2393
263
3027
2988
1640
2954
2938
1317
4727
3854
2409
3150
1687
1900
4046
649
422
812
3029
2962
2973
2508
2570
2193
2217
1292
239
7777
650
5878
505
3422
3686
175
3598
384
889
1173
1107
633
2309
2666
1483
3595
1237
4315
900
4482
2105
1980
8085
5222
2133
1156
2475
2335
1276
441
1181
1232
406
3274
1272
2728
2634
2859
3997
3372
2905
520
2228
536
1008
2308
818
1738
3902
7709
3270
6667
1903
1632
1789
1805
2039
2457
992
228
1616
2929
2662
1976
2698
2117
3101
3328
192
759
3258
2972
3717
2454
2893
2873
2652
1689
1725
1626
863
2034
3361
3134
14180
2597
1875
3201
1105
327
346
1758
717
1093
6800
1379
851
463
358
2146
1990
3238
2753
1066
4746
641
763
2709
1629
2548
443
982
2610
688
2912
543
2279
4985
1724
2646
2099
3730
1261
302
1708
2763
1260
829
1483
422
1118
432
626
1584
1227
1617
334
2711
1519
3087
378
619
1259
1996
1440
789
1820
3372
1025
755
2019
801
3313
3187
1537
1685
2662
3384
1946
2993
3468
2286
4794
4036
2354
2831
3267
2958
2806
3625
3266
1580
991
497
989
1792
239
2883
2227
2383
1378
1233
1285
351
1441
398
983
157
160
3566
1209
3213
3422
1439
2904
391
1607
359
125
1082
174
596
1182
1965
2658
1163
2692
3265
195
5652
1254
2213
3237
3192
3944
1611
1632
2362
2103
953
1588
1522
1110
1931
1770
1380
2905
2521
2441
504
3014
1108
2789
1517
2047
2640
3096
3466
3969
626
3952
1919
4787
2872
3503
4449
3205
4949
814
118
2250
589
4835
8034
2972
2118
1031
1108
1615
293
237
1589
812
2341
2789
720
593
1409
1424
2175
2395
4724
2161
2848
1880
1176
2847
2196
239
0
2055
5373
1192
1792
3036
2665
0
2207
600
2341
3990
1410
909
885
1111
270
1108
247
721
474
1019
1008
1828
1258
2854
4665
4984
575
1948
2134
1078
192
1330
1512
833
2532
1281
672
1268
1958
1351
950
1038
940
1479
412
1076
3116
1506
2979
1703
2877
2610
3381
2864
979
2318
2907
5484
1275
1640
269
4166
1132
3190
352
438
535
2165
3668
1826
1825
2387
416
324
293
4450
2183
469
6045
2026
1502
1915
765
1902
206
785
1777
998
382
86
2998
1382
1155
2129
1056
1628
815
2345
210
3926
2894
13441
2151
2597
2267
931
1183
1120
1889
1837
2254
1734
563
2689
277
1109
3474
3189
2618
1191
2585
1128
3219
9601
3388
2349
927
7787
515
857
1351
2372
1853
67
4707
3873
3434
249
3415
2654
1794
1216
2098
3485
4373
2031
2582
2249
837
116
2221
1241
1037
444
1067
628
3526
1370
1397
1057
281
2982
3368
1688
183
3473
3169
1825
2014
988
156
2104
2463
2616
1772
2400
1742
2310
1437
3424
644
669
2683
1932
2254
2664
501
6043
1699
2116
1441
1789
1337
534
1312
1738
575
1035
2577
2826
3604
536
2289
1878
6382
2734
2530
2848
2634
3873
4965
2338
1937
1954
3131
2231
2634
1915
1471
2509
735
2122
532
3954
2546
1246
1589
1911
3548
4105
1752
360
1612
6856
2992
2528
1421
1079
3655
3726
2628
240
2283
1897
3427
958
2913
6151
528
3613
2416
2509
2992
1653
663
2822
826
2073
1081
1282
249
1271
1875
1149
332
1731
1897
194
467
1638
415
862
1130
1618
2965
119
2901
2026
2467
282
919
1735
2449
430
1887
909
190
3000
409
7123
3096
223
1668
3789
3001
2609
2787
2426
2601
672
3838
281
1636
394
2068
1197
723
84
1532
1423
474
265
2668
391
3055
1270
1031
2428
3194
3615
905
868
884
1679
1082
2864
2422
2643
2313
5471
2426
1180
825
403
3512
1377
181
2602
250
2629
4120
255
14693
3120
318
2427
1482
1192
2483
3581
4442
1589
1570
2223
1100
1327
319
3502
2710
1005
1674
869
1535
1268
2908
6004
2756
1813
2559
227
426
1132
511
1997
350
242
2202
506
907
152
1136
4277
1341
1527
3240
2291
2006
1620
1232
337
1794
861
219
3491
378
731
625
1005
5397
616
240
472
307
1707
5865
1926
2056
1309
450
671
1644
4779
768
468
1716
1161
1769
1188
1497
1373
1935
0
1219
779
3381
1498
1148
1138
2052
2596
974
1665
1215
1565
686
1252
486
812
2902
1164
1822
1594
996
1922
1051
904
2497
2952
2223
2952
2978
483
2862
0
2944
2733
1090
2046
1744
329
1835
5265
2999
1006
1217
1070
1156
4725
1941
3516
1358
2259
2565
2168
2802
2654
3233
2803
2584
3062
3294
484
2293
215
2347
2251
0
8926
273
469
2414
712
4178
1351
510
1152
2761
3764
678
888
855
2650
2523
522
5763
2268
2893
1761
965
1453
1885
922
820
3222
2557
2573
7330
2488
3987
2998
3041
2249
2072
2071
2510
338
2377
4399
1468
2139
1454
1847
3504
1024
3429
1130
1045
996
1481
1824
2079
4188
1516
653
304
1342
1675
3417
4712
4937
4795
3737
2484
2413
1782
2718
2154
3275
688
2769
3534
1731
3766
2246
3288
570
5709
1035
3186
2176
2062
1636
1486
1209
976
1939
717
2582
1454
840
1109
2408
205
2603
417
596
2030
1555
1105
947
3042
1215
2791
3018
3247
1845
1630
273
0
1077
2354
1847
908
2869
2344
1196
8218
1089
1648
2175
1494
1966
1679
2579
2054
1837
1113
179
1776
1055
1577
256
0
3171
403
1775
2940
553
1540
2780
927
2156
1785
2444
1302
1283
2513
2828
1507
7305
314
3817
2906
2375
578
1393
463
825
1551
3395
1525
211
910
2702
246
350
2261
335
1147
500
82
2934
2340
459
3339
1401
2837
419
753
1438
219
7385
1226
1925
2381
1134
506
372
1844
1610
1519
0
1190
3339
2116
446
404
4010
885
2768
692
2162
593
317
1421
2003
3756
2429
2225
275
559
1112
156
1656
1812
3256
1720
3768
260
2298
378
387
3751
4768
2436
2218
267
637
2823
1683
1200
2543
1880
881
3307
2193
317
1634
2044
170
2713
2198
191
3656
439
2296
575
1331
1161
2545
1765
1552
5572
7782
1522
6310
1039
1489
2717
1607
790
1974
1772
1562
0
2359
2530
275
1539
1061
2401
206
1259
2647
1384
3164
2375
447
211
809
3774
2119
2920
721
1823
1488
2182
2061
4044
1001
1175
6637
2339
251
1946
1345
4648
1847
718
1752
547
1007
433
3233
2191
3969
1862
1842
1234
1167
628
1789
437
758
285
2573
2131
3629
3618
645
1495
185
1688
321
1818
1949
2236
2123
776
961
3493
1126
4392
2489
2354
1600
2381
1885
543
2571
853
674
3254
3061
3502
1456
2363
95
1908
3071
5147
3310
1674
2036
1234
654
566
764
3048
2434
427
730
2773
4170
1176
5834
2487
2660
557
2560
14852
646
1449
2669
1745
568
3218
3284
2096
513
1529
1655
1387
2479
198
3234
2294
3345
3141
1660
366
2727
1583
3401
984
306
3093
1132
900
1365
551
1656
1604
180
649
4653
1368
947
1130
198
3194
1651
562
1586
3920
1033
1261
3615
2001
2160
2903
1795
118
571
3682
538
505
1118
2379
809
1442
2119
1238
411
4795
181
295
1164
364
1059
453
1023
1360
964
2592
2110
1592
1881
445
876
1833
483
2325
2233
1566
3192
1828
948
2024
2894
914
2159
4157
2305
2659
5361
3014
1518
1775
4639
3007
5110
3631
1073
0
4380
2259
4925
2182
1112
4069
919
1175
3452
1143
6995
3231
2256
3938
681
3057
8503
1610
1365
631
3605
1649
1606
1000
2137
2354
601
561
1679
1169
3410
1141
4634
356
4852
1222
1976
0
2309
509
3211
2077
3339
355
2354
1684
2220
705
3316
531
6968
4140
3382
1244
2900
3510
979
2353
3171
246
179
1971
2960
433
689
377
461
3650
3976
1062
2236
2265
1467
651
1125
978
1475
3470
2261
2755
3195
4131
1339
432
3573
255
2139
3791
3858
2541
3855
506
2924
1558
2971
3247
1621
1645
438
2828
1230
3110
1332
2208
1571
1475
744
1783
5165
3100
3390
3200
2940
2519
1994
1565
986
1249
1054
3263
2848
2867
1052
3540
3504
3485
2465
237
4063
3219
396
782
582
1748
746
2995
3767
704
2915
2338
1452
1416
3081
1966
977
895
1237
815
775
2509
3532
960
4311
2419
1293
1394
3986
681
2071
104
2256
1497
735
450
119
2355
2496
2153
1165
3343
4082
1345
880
241
996
1347
765
1671
0
7295
647
4308
3622
760
859
780
1451
880
387
180
2292
994
453
1157
850
841
108
1163
765
502
1470
1780
368
1448
7505
3028
2329
624
1574
1381
660
1311
2143
1529
3513
735
786
370
1469
2403
676
438
3569
1590
1126
777
308
1607
764
675
205
3056
2184
2925
843
2465
232
1518
693
1738
1990
0
779
2085
305
3601
1438
3466
1030
690
2623
2712
1180
1302
1549
1044
1894
4219
4934
5243
2024
204
908
1566
3793
625
605
0
491
653
1117
356
3909
0
293
2569
337
3196
1078
928
1460
3257
5820
148
3790
3289
2194
1383
2483
1127
556
11051
1133
4040
2022
8305
442
145
806
1740
316
1571
206
730
951
10007
2006
4257
2182
2058
2348
1843
1116
864
1762
4532
280
2652
433
1872
2127
3699
378
223
5391
3179
379
3216
3596
638
2632
3723
2801
3407
1067
1888
2460
3763
2717
2676
171
3214
2823
2630
2830
2882
0
3432
149
126
478
2642
2775
2490
4118
2733
3383
3076
3513
145
3351
670
3309
4368
4010
4360
308
4333
6407
1333
3474
3040
3205
8017
1856
1060
3919
4494
3530
3187
2174
3643
1370
3550
1896
2859
2444
266
7198
3598
1417
2368
3006
224
326
580
3554
3319
3563
2088
1353
2893
745
1020
834
1224
1578
404
2342
863
557
1113
959
958
1004
2203
2857
1712
295
222
2456
1256
693
416
7745
1879
1630
2971
3069
720
737
1822
1081
223
1581
1275
1964
1149
2825
2988
179
1270
5639
1522
388
1790
339
1065
1619
3928
1125
878
442
533
2618
1850
3516
933
568
2003
0
1642
863
3433
5507
4851
3466
1653
144
4382
3125
1781
435
913
322
549
1222
1283
195
1029
1290
277
436
696
2969
1288
1877
961
2255
5743
347
844
1987
2155
465
3252
404
1328
697
2054
3159
724
852
167
2572
2067
422
0
146
1960
3720
1352
2521
6008
3520
2323
2060
1983
178
239
182
2511
603
3782
3417
341
2285
1625
722
3054
2415
403
2135
1309
984
458
1453
0
2063
3223
1023
1741
2786
670
1132
1298
1602
3421
1378
747
1797
647
1618
301
890
11190
1572
586
3530
495
92
1792
4006
0
5538
5810
2076
2808
521
332
4379
3768
7531
2024
1857
1096
243
544
171
238
670
2755
370
1690
1657
1282
654
2184
4142
3507
660
2373
1843
2380
768
207
1290
2014
369
1194
502
1515
859
1567
776
1501
2588
242
379
1111
2844
3578
1509
3029
0
4161
432
2360
0
1047
4404
2428
291
5008
1086
577
2241
1297
2527
277
2351
1689
1380
0
2860
2116
285
2025
402
946
232
2647
4273
6359
1533
3331
1019
3344
762
1597
3744
2741
1701
3786
687
435
2059
3012
378
331
2328
1322
4338
385
1777
765
8887
802
155
3303
2143
14671
3183
935
0
3902
2678
3252
3256
1545
5493
1113
7474
1195
2507
550
5114
5094
133
7877
893
2446
9180
3771
2293
739
2607
931
4319
4239
5427
2228
849
592
2523
1150
2945
1337
707
2682
648
367
7534
474
3621
463
1319
4642
4232
832
1521
3630
3776
945
1033
2393
1970
2994
2462
1038
1418
1651
771
198
1561
143
962
3313
2407
467
3091
445
7625
5163
318
2421
728
143
2968
481
1562
0
4031
1254
811
1905
543
3877
1456
437
2958
3968
775
1657
477
1730
1122
4322
1971
517
2010
2453
156
4844
496
2107
1783
7937
3226
2639
1152
13826
2604
2254
1731
3391
2376
2020
264
1633
1249
1487
565
1544
1821
1290
447
1302
775
2311
2619
615
1832
2967
2063
761
2513
2444
1988
0
2880
1717
3168
752
4176
996
1308
5178
0
2711
3698
3945
2838
1936
1196
3795
3687
3659
3211
2505
571
834
3852
1343
3350
1863
1901
397
388
194
2110
4315
2108
1695
663
534
2028
1762
1350
2028
2904
3698
5257
526
4031
2893
2907
2815
3985
0
1871
1169
8683
1931
5364
3630
639
1949
462
957
551
3640
4425
606
5193
2011
2192
3806
3716
1452
210
704
2991
147
3665
3930
1637
2895
2745
4495
540
3350
1814
476
733
276
8759
3916
725
863
1687
2926
2617
2726
173
833
4943
903
1339
1448
3454
1428
8718
249
3593
160
2081
3458
2131
862
3239
3928
3894
242
0
1997
2498
5146
4339
2359
1742
3595
1453
614
9463
2758
7549
0
648
4054
1174
367
175
814
3462
1806
0
0
3377
3045
400
2971
784
11509
3519
1019
5436
4063
3259
3470
1646
3287
938
1014
395
720
528
2023
3648
5909
434
387
0
1655
250
2725
817
849
1198
3571
1111
2053
2137
0
2403
3607
204
3190
2803
782
2217
742
0
3810
3544
2620
3884
1220
279
4815
306
2194
3830
374
704
157
1225
771
721
1802
215
938
288
211
398
3404
342
223
4033
1239
331
435
162
147
1088
1187
3518
506
726
1137
512
1771
920
760
2066
208
1759
0
465
4574
1665
1469
3629
664
1782
5712
1005
3243
2054
375
3068
5170
0
770
527
1101
4218
283
225
617
5572
1888
0
3436
789
3159
0
1829
334
1140
548
424
979
4406
676
3387
2074
558
1428
4415
382
1129
2209
441
3525
2686
310
3070
3490
2582
556
1729
2576
3398
685
6904
619
888
2133
134
863
332
826
751
886
4417
271
884
257
1002
4374
2568
3284
2317
1509
2773
1437
3949
3044
714
3252
1767
471
311
9285
0
685
1457
369
250
2212
270
1314
1209
0
274
5295
747
2250
0
1339
1002
1705
235
1009
1332
1896
80
718
0
2478
420
432
472
2386
2031
1804
1250
404
2452
1745
0
657
2624
5819
2480
1787
1062
640
3593
4535
1208
1890
1185
2305
2374
440
187
1638
752
1455
2099
2014
1725
1388
1796
319
760
2762
0
0
7130
1324
2624
6099
818
9014
397
339
2516
2617
3588
450
1085
1452
2445
3927
2203
3323
4773
4691
2382
2224
1593
3760
2913
2875
3528
1995
555
1021
3629
2433
507
252
3590
4035
733
3463
1009
918
821
2410
3397
3385
2342
539
1049
295
3121
1675
4023
4276
2556
1388
3321
1466
2955
3297
298
2089
758
1590
1046
477
617
1588
1224
579
2915
6689
3975
336
2947
375
6415
2553
4256
309
527
0
4571
673
12105
647
2718
0
0
1433
3303
341
3867
0
1319
344
1314
1139
634
291
2256
3016
766
1303
5849
6547
1169
593
7405
533
2643
3963
1267
252
607
997
2260
162
1854
3609
257
114
2885
3707
3813
3968
3105
4115
201
2202
4411
3417
4256
3517
4208
4112
6355
3418
3657
91
2538
154
4727
3365
4168
7448
3613
3281
3634
2557
4802
3401
4257
3730
676
4193
3042
2657
3012
3446
3872
211
413
3072
3293
214
3710
1208
3934
4992
5467
5271
6909
388
3953
4566
1952
971
809
163
1738
1379
620
1340
2528
4247
4734
5817
2978
4140
5620
643
2064
355
160
10940
1947
1798
6003
3129
900
0
3335
454
422
1093
6147
1637
3004
528
270
1207
864
6742
660
1275
1178
1745
780
1126
6126
1012
535
288
0
0
3818
799
697
1666
3023
1170
5042
3837
641
542
819
1997
623
1237
4300
1752
3454
581
1080
3234
932
2317
2274
2113
531
2379
3772
188
821
1068
2386
1082
688
2229
361
3446
5451
431
0
1082
4970
232
856
1059
2219
3869
763
235
1295
0
2722
837
2575
336
4584
8700
1064
2255
2816
2147
472
3667
2087
4181
1566
512
3010
998
1699
774
2321
6013
1486
5169
1231
2148
3490
7745
929
1909
5748
514
268
3459
2531
830
627
4251
3754
3839
3048
783
1628
2244
389
2585
1048
2225
2136
548
1395
938
2460
227
6170
802
674
1821
2787
2435
940
1063
2213
5740
857
4358
3727
634
3498
803
2872
3695
1166
4084
14117
280
372
0
3417
2698
2092
166
1571
466
2491
3158
1277
5052
2276
1936
1806
1796
3315
745
3115
3134
1477
351
174
496
982
233
2809
1026
175
711
1728
1263
136
1802
0
2763
1289
9896
791
362
1194
2041
2368
3126
124
2984
2025
2472
3553
1285
2329
1782
1595
558
1335
2249
4977
2211
2210
1122
1935
1530
2779
1768
2967
1597
2319
283
2535
2015
1419
2117
3136
2916
2960
961
1340
936
2168
4002
5174
1666
950
5745
3251
0
4674
6520
1124
3192
234
2710
3064
3434
895
3670
4881
2527
0
2691
206
261
868
3405
547
3271
522
3039
4282
3290
0
776
1675
3734
624
2861
2839
2278
2276
4040
3743
3164
3522
3971
1881
1510
441
1248
8706
325
4685
3903
3635
3314
920
334
1361
4422
977
3697
388
1208
2300
1590
590
4032
4172
3758
2547
2664
1110
3422
5969
2106
473
3782
3099
3723
4177
647
2922
2996
0
3439
4096
2840
2481
862
747
2356
176
1951
219
235
3682
1978
2068
3490
0
2985
2175
2879
5791
0
3005
1876
2158
1438
3458
1207
3632
2118
1248
15084
3980
4142
960
1595
2204
321
2256
175
223
5220
2737
3961
4008
2341
3429
1717
4504
2827
266
1585
3560
6630
3580
3213
0
414
1584
3670
5717
2913
1046
4197
0
4300
2125
3059
4639
2589
1642
927
2768
3446
4893
2330
2105
3358
1487
2962
4473
1620
2887
1144
534
1775
1522
3911
5909
406
1888
3270
3211
4413
3078
2147
4493
1816
2623
2195
3035
2511
2281
2817
3524
1274
5236
5290
2940
2341
1841
4018
4423
3853
1538
4859
4131
204
3546
576
1227
3833
3233
0
2664
372
2272
313
599
1516
2849
3045
4737
5849
1307
1162
2148
2004
3318
2264
4132
461
1626
722
288
367
277
2539
1251
1378
2582
3811
856
3400
715
3518
2041
3334
738
499
4127
2512
1678
3202
1052
4007
2620
0
322
642
4577
927
904
585
12324
4746
755
1883
3383
3432
4888
677
4238
6215
6872
10689
3482
2508
5155
7018
7034
2693
10087
5819
3198
0
3035
3436
19145
3706
909
2292
1008
7775
1208
5059
5878
4038
2893
1838
5637
0
3436
8753
6147
5055
6144
4669
4335
2785
5806
2931
5286
1302
5569
7349
10081
6781
5023
17407
2237
2778
5475
2660
3838
7556
5697
2633
9761
5104
532
655
5966
6775
8609
1938
693
8355
6738
0
4642
1952
2202
3845
3811
6264
6572
2009
5805
7748
2251
1799
7426
6632
2997
1734
4316
6887
1159
3650
5073
5257
6665
6657
6633
3888
1153
2111
2565
4312
1133
2743
3469
539
4207
640
235
1516
4791
6540
5480
4358
3043
6229
3075
485
248
6269
2508
2289
4180
6012
3868
3855
771
1680
3338
8929
2928
334
4142
470
2567
3874
7807
6955
2378
