18
6
34
8
36
19
40
74
37
104
99
0
64
64
214
46
189
140
133
159
21
75
69
135
23
215
43
106
96
26
48
62
497
0
125
224
125
184
304
336
319
176
293
262
122
461
125
443
21
179
51
101
0
119
568
46
82
76
916
307
479
114
378
546
587
90
138
177
266
113
82
155
13
69
65
46
440
369
63
33
316
71
19
1907
107
68
135
439
515
789
344
394
331
561
149
152
429
345
313
657
313
1044
450
815
698
576
77
39
1030
347
454
1642
785
597
466
1131
103
1582
202
115
523
494
61
1402
475
869
1252
1155
285
771
537
573
242
289
230
486
407
284
1222
1147
1001
1181
379
534
603
748
516
477
1756
1037
249
584
700
926
175
1796
797
818
1451
412
655
1599
408
580
81
908
103
930
939
1289
356
369
1953
558
534
1007
787
352
756
510
568
158
68
2185
98
117
228
342
292
652
1827
1021
1034
57
0
569
1024
2262
199
810
1269
384
1728
1805
556
254
109
746
40
513
295
2244
242
1656
812
1350
772
58
1584
1117
2395
1752
1729
199
1425
925
1670
1075
160
893
88
261
1659
838
609
1040
972
403
1039
871
1140
957
614
1666
769
521
1839
579
775
107
770
1589
861
1239
1613
1294
1377
2263
778
870
822
1739
1966
180
3372
2637
1337
1703
653
923
1372
844
1645
1160
346
1457
1229
1807
2595
1420
1717
117
1562
80
7733
3960
680
242
1011
897
1274
1127
921
66
1296
1112
1578
1002
1422
513
1345
660
447
922
835
2246
173
614
344
880
265
2528
484
587
1402
1566
2671
1034
1685
1270
1370
1253
446
528
1940
855
1221
852
1217
571
2060
1610
735
551
574
0
1197
307
2771
1232
1205
2390
1084
284
777
1100
1869
525
1638
759
1172
656
467
553
642
689
2015
377
1158
2129
490
888
1027
1798
1167
1347
474
1564
1015
1791
2153
1874
387
320
441
1972
1223
2169
1281
2124
1360
1970
497
232
1209
336
430
2182
1371
1535
1110
1166
0
876
1713
922
428
426
115
2208
1426
1984
911
693
1569
565
499
1588
1904
1287
498
1039
726
399
300
2480
407
1179
1817
217
2649
1513
1534
1980
719
1673
625
1558
1289
459
1904
1030
1670
1539
1003
930
624
662
1842
4080
1778
540
1314
744
116
1504
1418
1019
797
351
2627
1978
2930
1390
2540
2305
1630
597
1617
2832
795
1421
870
2054
1419
948
969
884
91
1112
1259
1077
979
1114
226
1209
1106
2633
2030
1840
274
1620
1277
219
1566
1462
771
1837
1172
981
1243
2330
1683
293
494
213
1197
786
960
692
666
1138
376
1517
396
1502
606
935
117
1345
332
583
2444
734
902
1325
821
1959
2337
1281
1360
229
851
882
487
415
2621
2204
2289
1190
1214
688
1158
329
1788
425
282
1831
1070
563
459
480
2153
1833
964
2502
654
989
918
322
655
2876
1118
1832
2444
361
1006
1190
709
883
1064
1829
577
1027
268
516
1293
765
693
446
0
100
865
1236
1017
937
1774
572
1940
1841
899
809
1258
2273
729
683
842
366
1005
2591
556
397
711
889
1818
1163
1272
1435
1358
944
959
1814
980
1416
913
529
2193
537
1320
619
998
1352
1795
1669
849
1694
439
987
275
1128
1962
1052
1140
1635
862
1291
1139
692
727
1031
863
796
990
1823
743
137
1203
3727
410
817
695
767
2192
611
813
125
1540
1187
1412
0
744
530
1305
1429
1599
1135
523
1347
946
1785
1080
262
181
890
609
1564
5775
577
560
438
1032
3137
1249
390
426
1689
2203
255
1550
353
2855
2746
1122
436
1011
1827
3076
2592
1169
1224
1072
747
1223
2294
987
164
892
570
737
411
166
3931
686
1838
373
533
941
802
1917
2816
4186
719
796
95
2318
4363
963
1229
1392
1705
857
2549
819
11283
455
580
2351
2331
1145
1212
879
2067
2727
355
2082
425
560
810
0
1819
1896
1347
1674
1085
569
1673
4121
298
1306
1273
3523
488
693
1061
1559
700
279
1372
2341
1225
1013
1185
2008
1432
652
345
1645
2081
1980
1269
500
1967
3071
1434
1114
509
465
600
877
1385
2271
600
1944
3796
2665
2699
1503
2275
2107
3693
1551
1404
207
1789
1254
2937
1513
1080
7375
925
1076
1058
6601
1859
6365
1198
322
699
1467
170
2567
1815
2076
3743
810
828
3076
306
2178
119
333
487
1824
2416
1643
755
1809
2166
1931
804
1594
1979
1017
187
3934
1132
2134
875
358
1246
5561
1488
685
1093
1410
929
842
1341
1423
1250
1488
514
1142
757
2607
1416
242
362
342
2051
270
1043
1528
5440
354
1580
493
1736
1786
2181
208
772
2286
106
1903
1431
577
139
611
4058
2307
471
710
717
846
1365
2487
761
1648
638
1177
2222
326
654
909
332
1057
1274
2349
718
416
279
1911
1594
1993
204
382
398
1505
4615
4349
2663
1321
1457
1394
1198
2150
1961
243
875
375
2156
2393
2819
1887
2237
995
966
2351
1855
709
1032
1941
2121
1542
214
1039
462
1112
1342
2628
0
2557
909
2237
1603
880
2778
917
2291
2101
1764
2341
1439
841
1915
957
948
804
1216
1714
1720
1840
596
1504
936
892
918
1091
1450
874
2589
1149
1180
1628
1104
2015
980
2201
1060
1522
858
1498
1098
2681
1795
1522
1912
1724
1446
2094
704
1753
1114
673
3057
672
376
956
162
1468
1774
296
1997
417
2049
185
2225
1432
759
1493
1904
540
1338
1534
1035
493
2762
2396
342
854
960
1805
212
1613
1124
2491
1355
1236
969
1827
4382
1878
2585
199
1202
2519
1220
1927
1388
2371
1657
2639
1509
2515
1136
2164
3307
2852
1497
702
1956
4977
1757
987
2286
1691
367
193
1598
476
976
1950
4558
2762
2628
198
1038
900
1900
3566
711
1358
1364
634
1472
1292
1625
2075
1538
1726
462
1573
2047
878
2296
1029
1638
1498
1122
1236
1264
2233
110
2241
2405
2294
3323
1690
902
1462
1347
1939
1404
1798
724
1686
1243
2436
1890
879
1202
1727
1604
3407
429
1489
2105
1967
2142
2065
509
2397
1480
1806
1026
3497
10224
1200
1446
1943
1857
2189
1576
0
1105
1240
622
2371
804
877
273
3689
2598
1742
438
1565
182
0
1156
517
1626
1327
1429
3207
1899
1436
460
930
985
1877
1276
875
1507
816
1487
2147
1373
579
1937
1377
950
0
1204
1290
2193
612
1233
1149
1841
1099
578
1297
2047
184
909
2385
1385
583
479
1528
2122
1658
2314
1896
1311
343
315
4495
1253
2176
323
1964
564
1457
830
843
1303
1308
5352
1295
1537
2239
597
1483
2343
921
1965
356
245
3734
2738
1257
380
3479
1001
1006
548
1560
1442
406
1612
1244
2077
856
1201
1591
1896
1906
1508
1350
747
3664
166
377
1856
818
1475
2696
894
1767
1873
1561
1445
1480
447
373
1947
279
2405
5005
945
1636
394
154
455
620
881
1469
1229
2532
277
2513
146
279
519
0
1479
1888
52
1076
722
861
192
2311
931
1619
632
5505
3757
1482
1119
1774
722
1074
929
128
2669
2359
1481
477
3122
1102
996
2174
1310
1898
5486
1478
2172
1684
1443
1154
768
1075
1895
694
1726
3008
1784
450
0
1487
252
2715
218
2463
642
2561
1890
470
1077
1244
601
1540
927
590
1682
2377
355
1668
1161
3094
1744
2038
843
2531
2112
1501
888
2516
731
1259
1337
2198
133
1010
2124
779
647
2318
453
846
1959
896
2358
2006
1016
1653
3017
897
434
2578
1275
1911
2183
1371
573
238
1991
211
283
1087
679
562
599
407
289
4581
2478
2471
967
1514
765
344
859
5092
234
315
2109
1587
427
524
2707
2462
0
2996
942
177
262
462
599
2221
161
431
550
584
1642
1167
1099
1005
4482
812
1805
2350
106
1805
361
384
0
251
2689
1955
2547
855
1219
140
2427
504
2211
1031
1908
5128
527
1273
1097
764
63
152
1866
1268
3436
2057
3183
222
1273
529
147
6908
549
3273
1920
180
864
599
2020
587
357
420
963
193
2329
216
1717
1177
2491
1878
1172
0
987
277
3323
754
1264
709
4805
1355
316
1843
2194
87
2200
98
457
3458
744
973
926
1688
368
2782
2830
1263
215
461
285
4481
1019
1837
5251
706
1678
1231
556
292
492
1004
2934
2659
4592
3391
518
488
381
93
3875
717
1898
468
513
2111
140
121
263
98
807
237
212
2087
2768
1545
3633
351
2377
994
2412
808
606
2713
1232
352
1442
357
2020
1257
1240
482
554
225
2459
1762
283
241
2480
819
2074
6901
147
387
457
453
2720
1140
1676
936
2556
2562
710
2256
1155
694
501
1981
2482
141
91
984
2955
482
201
2720
1832
2962
3926
230
776
335
593
6832
1749
2605
3154
218
2023
610
1249
858
573
490
746
1862
2894
224
3796
1246
270
248
430
644
1011
5344
1688
726
402
461
258
1039
1030
2796
2214
1165
688
243
1342
686
1844
159
730
701
548
1752
384
641
1494
1509
2833
1650
3290
592
306
1082
1883
1699
948
1087
516
1001
387
661
1147
945
1474
499
1194
769
2648
309
536
998
877
1123
559
1543
526
633
481
309
128
784
3888
1224
1441
2132
3242
1628
2763
410
100
501
155
100
2466
698
2754
2694
843
648
795
380
149
3949
1599
0
2865
1537
1965
788
1186
1030
123
1956
748
3431
1355
1341
2918
1265
2598
1895
2128
2902
469
1498
318
465
617
138
3866
1839
2866
1760
1034
2531
1429
242
2272
1217
1003
1409
5474
2059
147
1459
1700
966
798
1523
769
562
1452
2227
1768
3106
2721
3022
219
2077
997
2286
747
1443
1706
4992
2264
3372
528
2975
3462
1055
3814
2278
2217
1481
3006
1184
0
3415
407
3626
3023
2469
1914
1282
2061
1427
377
350
1671
189
1585
1252
1329
534
1395
2124
2318
1292
3140
1144
1170
2758
1122
3769
3790
264
0
3042
4787
1590
3030
3022
2266
0
2838
3922
1984
3498
3210
569
1315
1290
0
405
0
348
603
983
958
3221
954
2472
2042
2656
1889
2418
1812
1099
211
1342
1882
0
3169
744
162
1231
1048
1450
597
977
2075
1354
711
205
1172
1283
3154
1632
2503
3783
2368
2232
522
2411
2090
2841
2306
3426
814
4731
2516
2112
1161
488
530
2141
3068
1966
2251
2339
837
0
1897
3425
2614
1183
7237
3070
3012
1684
2362
1980
639
1415
1561
913
832
0
2696
2194
963
1938
1261
1414
552
1275
247
885
2949
2667
2818
2211
2268
773
2128
1512
2532
594
604
441
213
615
207
375
3234
2589
2055
2080
2682
1595
2145
3008
2813
1765
722
1392
115
571
684
1127
1353
0
2063
1647
2210
186
1683
3173
1071
359
1452
3447
1655
3293
1786
2032
1028
130
2979
604
507
237
1364
458
1040
1020
1587
1784
195
2615
1926
1414
73
2326
2573
1340
1162
2546
227
2703
8112
1493
1492
2821
3290
3069
1595
2403
509
483
2470
2682
2058
2749
942
950
1167
1488
1169
1873
914
416
770
2138
643
1424
2275
1821
3794
2516
2453
2792
4513
2433
2525
3068
2600
2987
2794
2836
1423
2509
3085
1076
2314
2449
3043
2601
534
2151
526
4006
2239
746
2121
2769
4312
1570
2882
560
1783
2560
1910
2581
1675
1030
3115
4588
4387
342
4419
2154
2857
288
3424
2449
382
3701
3507
2148
4304
2730
1657
2908
1283
2920
1127
2327
337
1775
1811
1402
311
4199
1636
299
529
2996
587
1130
1123
3939
2769
312
3081
2002
2963
194
3379
1152
2350
399
1429
578
292
2426
185
5793
4119
255
1514
2319
1639
1961
2885
7993
1530
821
4608
143
1179
424
1762
1513
1167
0
2221
2557
769
284
2782
245
2862
1569
654
5782
2420
944
850
629
3716
1644
970
4187
1994
2705
1613
2363
1643
4692
890
0
2772
1088
237
2051
211
2207
2773
226
7532
4099
315
6224
1467
3010
2233
1663
8358
1587
968
2323
0
1308
339
5231
2407
967
813
261
1898
1129
2133
3760
2833
3766
2200
566
1112
3406
2412
887
714
289
1296
552
906
169
878
13390
7686
2733
2307
1942
2103
1568
935
1235
3246
1319
326
3048
4069
1201
748
1214
1546
1507
416
911
309
1608
1604
1240
3258
1164
791
1001
1629
3026
820
656
1581
2909
1914
614
1522
1016
1285
0
807
2844
1543
1140
925
738
1802
1542
745
1796
1144
2308
626
1311
546
1597
3071
1902
4185
1144
2556
1868
1033
970
3013
5862
4330
2473
2171
483
2987
201
2546
3511
1940
4625
2136
422
4792
2818
3462
1135
4109
1897
909
4486
2014
3569
1815
2804
3064
2844
2927
1100
2274
1393
2930
768
4224
1648
2533
214
2849
2013
333
13194
973
301
1994
773
2362
558
698
1491
2318
2584
166
1187
744
4889
2449
1148
1124
1561
902
1643
481
836
1818
1686
1263
3157
2860
2643
6428
2517
2699
2159
2177
1793
3127
2788
615
372
2890
1164
2019
3017
1054
2322
2809
1067
2071
912
2626
598
1609
1668
1862
3425
3593
497
228
1563
1387
3160
2277
2382
2654
2351
1634
1607
1221
2502
1817
2676
506
1536
3627
1220
1399
2541
1883
305
2349
690
1889
1651
1515
1260
1101
903
594
1534
1145
1561
421
713
916
1454
0
1963
1182
603
1858
1463
840
781
2582
1426
3252
2792
4149
1194
1034
406
0
891
1554
1234
159
2871
1854
607
8224
1234
1935
1724
1607
1858
1835
1846
1752
1747
1557
374
1976
1212
1288
137
156
3070
553
1973
2657
532
2333
3912
1519
1743
1836
3725
1191
1021
2751
2698
1726
2930
264
3434
2822
4760
584
1244
794
997
1027
1612
1825
308
1142
2301
370
110
2691
989
9432
508
127
2515
870
951
4501
2934
2569
196
543
1667
123
3023
786
2633
1684
1234
461
196
2239
906
1739
76
671
2043
1670
1407
263
3117
700
2306
813
1444
436
334
1839
2664
3593
2848
1609
313
3356
1111
0
1333
1812
2544
1071
6514
418
1315
625
741
1290
2531
2592
2984
152
726
2309
2117
907
886
237
1137
6978
2155
161
1998
1388
143
2925
2427
0
2951
632
1625
791
359
1399
1458
1990
1081
2902
2450
1815
2001
1248
1191
2378
1259
894
2206
1551
1570
133
2052
3799
617
1371
1026
1698
0
1022
2974
2282
5162
1964
586
427
633
2926
1987
1052
442
1956
1074
3444
1889
3551
785
2212
2600
1687
435
1707
2224
190
3676
1637
1436
401
1585
600
2963
2902
3103
2444
1311
753
922
487
1525
258
599
367
2785
2147
2225
2343
463
1389
283
1408
143
2579
729
2079
3571
510
400
2244
1291
4191
2276
1737
1256
2849
1947
1163
1254
1095
1733
1298
2087
2184
1983
2042
121
1345
3367
3348
1619
1665
3402
1164
682
0
270
2086
3259
355
522
1892
3355
1525
7543
2512
2147
527
3116
6980
317
1447
2449
1509
459
1881
2339
1922
971
2230
1737
3304
1923
194
3394
1771
1902
7848
1586
749
1818
1170
2447
582
351
2638
1388
764
895
795
1467
2542
288
590
2350
772
983
1103
0
3968
2435
604
1098
3452
1753
377
356
1967
2506
1614
2234
0
525
2077
1642
3440
1401
3266
879
2362
1948
1165
511
1309
101
347
1289
198
640
443
1341
1050
743
2145
2272
1055
1999
1135
1023
1578
780
2026
1796
1330
2061
1662
1256
1838
4866
950
2064
3308
660
7211
2087
3533
1183
1464
4609
2808
3610
3845
1369
0
2489
1939
4832
2481
1142
2469
1433
2399
6687
721
4841
2823
2649
3552
612
5949
2828
1840
979
473
3299
728
2225
814
3271
4354
468
363
1287
1515
3237
1032
10629
0
182
1501
2098
0
1919
291
3715
2612
2914
375
2008
428
1929
1138
4004
407
7983
3411
6389
3788
2584
3843
919
2847
2645
665
0
1353
2886
419
502
525
1371
2604
2184
797
1768
2658
479
859
1005
796
911
3417
2530
3505
2916
2492
1428
399
7291
255
4061
4735
3769
2907
3927
0
3429
1596
3835
8158
2459
3275
438
2775
2016
3815
5107
2100
1478
2076
3232
2511
4639
2947
4011
4850
10427
2275
2212
1473
1677
1446
939
3963
1773
2602
1448
653
2791
3892
2602
349
3687
3199
349
818
658
889
449
3892
2506
394
2707
2288
1340
2229
7676
2505
1123
561
602
650
1706
4320
3042
709
4112
1442
2496
996
1980
767
2725
0
6748
3035
1147
353
0
2007
3352
2398
1363
3661
6855
1303
1150
717
1117
1298
655
1691
272
2510
762
5419
3981
1198
532
602
1862
798
1642
348
3151
1441
1356
1240
896
3348
175
1388
1005
808
1496
2102
263
1333
3718
546
2486
913
1600
1174
716
1584
3550
1106
4255
847
887
289
1024
2180
619
759
2356
1797
706
1065
422
1387
476
463
0
2786
2131
2237
1046
1965
0
965
985
1687
2075
0
470
2712
302
3053
3151
2232
332
242
2400
2501
1129
1116
1369
886
1367
3593
520
4723
2310
217
1014
1183
450
0
0
0
0
0
11941
524
997
506
1555
2632
429
2458
983
2262
1493
3762
3203
0
3173
2121
3084
1161
2343
757
347
2649
717
3309
866
2788
294
0
576
2355
233
768
197
613
735
3101
1291
5580
1758
1377
2049
1584
741
471
1827
2272
295
3055
572
1387
2220
4708
1836
0
1369
2551
280
2347
1770
633
2627
3105
2812
3307
1693
3355
3090
3189
2167
2755
267
2671
2981
3308
2640
3861
0
3147
0
99
1475
2372
2438
3167
3105
2337
4426
3776
3577
544
3359
783
2677
3651
5001
3416
365
2545
5512
1639
4481
3059
2468
2938
874
538
3516
4614
3122
3865
3070
3719
992
2330
2434
4055
3125
0
15255
3571
980
1502
3383
166
386
80
2669
4015
3441
2175
1440
2959
820
1050
1146
3084
1603
815
2982
1041
412
796
871
879
1278
6787
3625
2244
231
410
3624
1971
4146
398
4662
5794
565
5787
4203
677
555
1769
1012
363
2206
1081
2521
980
2678
1888
101
979
4419
1489
381
2744
233
905
8961
3830
434
2477
560
473
2450
1526
5183
414
573
1609
151
255
1330
2908
616
3406
4211
2055
179
3791
3904
2004
181
1665
477
738
1048
1160
236
4672
2506
612
424
834
2421
1543
1331
1423
880
1933
450
774
1838
3955
457
3435
403
1838
1021
1948
2994
343
334
72
2659
2164
335
286
219
1745
2654
1577
2843
1382
3091
3421
1622
1685
162
0
0
2566
1059
3732
3260
3038
3651
3284
6357
2151
3830
117
5229
1090
815
305
1662
0
2769
4493
934
1798
1488
897
1343
1514
1555
1805
1442
878
1905
543
1394
358
2606
1662
1798
669
6766
189
0
747
932
152
3870
1241
1109
2887
747
352
2094
2628
2355
3638
2029
1280
278
498
131
68
457
2272
0
1281
1546
839
0
1412
5346
2091
475
2490
2593
2726
538
0
1555
644
378
1811
260
1211
1136
1144
558
1448
3472
358
727
732
2156
10025
338
2930
1292
3885
0
960
545
1441
3019
1752
368
8571
1100
558
2054
1422
2628
566
2735
4392
1059
0
2425
1743
0
1351
109
895
332
2488
1261
994
1241
4096
875
662
1106
2036
2332
1191
1886
3416
654
551
1685
2370
0
306
2822
1479
4809
554
1323
576
3156
867
111
3141
2305
3948
3194
691
0
2940
2379
3268
3122
1883
4089
1067
3465
1567
4768
760
3281
5275
0
3208
1092
2591
3112
2901
3184
992
2318
826
2326
4931
2882
1412
956
404
859
2819
2324
1440
1072
1644
898
558
4938
416
3461
329
1339
3132
4360
690
1094
3037
3331
991
1335
1674
887
2897
2325
637
1140
754
403
0
1317
0
905
2951
1780
545
1824
241
2676
1567
0
2002
624
216
3046
628
555
158
3631
3297
732
3203
450
1651
759
210
2586
3024
612
1134
347
1635
921
4043
1272
668
2123
2690
855
4988
670
2679
1511
10704
1124
584
1347
12824
2856
2524
2968
3648
1717
2190
0
6575
732
1697
903
1952
2885
2170
365
3445
300
2206
1899
706
1327
340
2052
736
2316
4163
2065
0
2917
6572
3716
601
4380
932
1138
2942
412
5478
2214
2789
2959
3007
640
3368
1978
4823
2966
3196
786
882
3618
1453
8630
1321
2171
324
579
176
1843
4217
3890
3811
992
386
1082
4664
996
3355
3703
3888
3970
170
4421
3202
3508
3862
8893
853
1251
1361
5235
2991
8335
3928
892
3355
1006
1865
547
1576
5471
888
7018
1970
2859
4092
3337
1605
222
909
2955
0
3830
3720
1714
3370
3628
4628
678
4689
1168
912
1185
453
9471
4825
1460
1744
2008
3528
3407
1976
2294
1334
3899
1170
2590
1546
3475
3552
4430
276
3954
252
2075
3787
2019
692
3474
4731
4450
129
0
1905
3304
5686
4034
3988
2258
6098
651
344
3322
4556
2759
273
3030
4245
981
544
773
1152
4816
1234
274
0
848
4022
554
3662
836
2896
3535
1408
4646
2966
4006
4542
1389
4325
1192
843
568
471
804
2529
5958
6212
877
297
0
1080
308
2200
457
451
903
3220
854
2311
3114
0
3568
6942
243
2879
3526
878
2112
651
0
4868
3343
2663
3105
256
1339
5068
381
2372
3478
976
2875
336
3082
3997
2518
1853
119
901
319
298
378
2679
242
713
6465
726
0
269
432
297
1230
1749
392
799
841
1166
495
5767
606
1066
3347
242
1779
0
3421
879
1629
477
4293
662
610
3497
816
3900
2427
851
3555
4559
0
826
1365
3506
5150
317
363
366
3160
3540
0
2066
603
3500
86
3943
0
1219
701
4063
1208
4603
4241
4040
1939
335
1766
3127
997
1594
2882
389
3480
1778
549
5073
4070
4434
554
2082
5223
5146
880
5248
537
1158
4798
183
999
724
465
205
2484
3256
559
3230
341
588
7565
5603
4002
2827
2212
3445
1437
3907
3176
1014
3885
5538
432
373
2947
0
636
765
2722
339
3561
406
1901
1974
0
616
1451
2014
3486
0
6703
1247
2575
99
2787
1218
1941
156
732
0
1825
698
0
404
3172
360
2217
1100
330
2705
1510
0
4541
8046
6281
3398
1357
1150
1052
2977
9623
1047
1614
356
4774
3515
656
196
923
629
2564
3125
3507
1742
790
1352
910
1578
3584
323
793
3592
1646
5506
3206
698
9066
529
269
3197
3326
3463
475
1157
758
2370
2887
2631
3271
2752
5532
2846
2164
4851
5219
3094
2515
3324
1673
326
539
3282
1672
189
441
3099
3721
0
3234
691
727
2872
3120
3241
3258
2603
516
2015
168
3192
1354
4424
3675
2598
1468
3490
778
1721
6811
163
849
1924
2390
957
447
444
2209
1669
750
1215
1950
2560
340
3219
250
3785
3100
4651
144
986
325
3201
783
3411
693
3042
0
166
1805
3362
139
3152
236
2117
351
1459
1492
149
241
3403
4685
1152
1663
3956
4131
1595
1026
4686
619
4906
4195
1437
110
3475
928
163
297
1613
3543
389
0
2681
3993
4525
3382
3676
2655
521
8089
3701
4213
4292
3650
3247
3283
4162
2252
4271
0
13663
0
4558
3364
5400
13734
3364
3711
3828
1701
4340
4185
3034
649
0
4004
4539
3803
3646
4015
4188
0
5243
3707
4694
0
2974
682
4310
6322
3832
1375
1394
0
4422
2077
1190
2261
1405
0
979
1570
588
1507
2336
5454
3187
1396
2449
2563
3763
412
1514
641
216
6758
5122
975
3109
5053
1526
0
4504
464
483
1062
3869
1548
3278
1312
462
2393
901
1650
617
6157
2101
4074
0
4088
3973
2094
704
839
0
0
6342
1604
1203
2888
3756
1180
4163
4448
683
808
834
1670
1763
758
764
1935
1688
766
1125
2477
942
2249
1608
2174
557
2252
2875
0
971
1049
2538
1710
521
2170
239
4386
2957
336
212
943
4273
263
2205
865
3869
3768
1254
219
2957
663
4974
1784
3484
260
5348
3890
529
2339
4508
3159
675
5972
2515
5024
2197
1162
4648
994
1974
497
2460
2809
1119
4610
896
3929
3981
1714
1071
1298
243
1107
447
2810
1211
1901
750
434
5331
3980
2796
823
1960
5741
514
4718
1253
2549
2830
318
3008
1213
2637
127
3938
1821
493
6643
3697
2847
1506
1765
2434
5972
511
5300
3275
1388
3164
700
4880
3845
1492
2519
2795
571
172
179
3406
1894
3004
309
1752
654
2391
3416
1730
4620
2591
2260
1729
1888
4815
260
8517
4125
2073
996
175
1823
1835
0
3296
1526
216
699
2209
2183
0
2087
194
1002
6852
3010
1087
905
1862
4189
2424
5825
0
2348
12501
4122
6668
3057
2208
2564
1423
793
952
2172
11663
4939
3461
1593
2251
1745
2828
3399
3737
2665
1334
525
2585
2376
2514
2654
3873
2615
4401
1334
1557
835
2784
5792
3000
3429
1244
4037
3408
0
2589
5027
1758
9435
524
4603
4051
4588
1389
3608
3998
3722
0
2636
255
297
1014
5976
466
8740
331
13388
4473
3581
353
502
2100
4106
207
3857
14956
11227
4253
4265
4785
5119
3820
3844
4984
3625
897
1796
3378
233
3698
3689
3247
3360
937
370
1560
3919
1047
4187
717
2527
2657
2167
444
4314
4043
4122
4387
4395
1430
3867
5161
2636
603
3859
3178
3571
3311
258
5563
4372
208
4807
5470
5947
3160
751
706
6200
604
4411
0
229
4536
2282
6484
3785
0
6313
2618
2882
5932
228
4705
3737
3474
714
3290
2714
3795
2417
519
15001
5654
5179
3703
2867
4447
823
6957
246
516
4008
4170
6802
5407
6051
15419
2434
4444
6984
370
2636
3723
5642
5089
4262
817
210
1984
4320
6624
3700
1227
10756
0
5292
2885
3257
4421
3346
2249
435
2806
2711
5952
2774
2755
3879
1798
2026
1777
4460
3243
4069
287
1950
635
3265
2499
319
1693
9424
3231
5217
4684
1421
6164
730
2179
2196
3330
2024
7272
4330
3876
2114
6433
3853
4555
2568
524
4446
3487
4920
9509
5552
3786
0
2948
490
1921
3678
13825
0
4497
843
2569
423
755
3665
3236
3978
1061
5508
4097
8677
2591
1921
2642
2343
3197
352
9781
543
310
1335
582
3074
532
2089
2742
6039
287
8187
5728
3731
2914
3312
678
368
3347
3276
4823
2797
2266
13118
3811
271
376
231
13164
6686
828
896
6450
5370
585
4170
5805
9554
12106
3061
9599
6429
6543
5913
3299
8028
6024
3838
9343
12327
2721
8512
2845
0
13211
7882
23066
6779
1967
3901
12006
9057
1219
4209
6398
3732
5038
2695
9407
352
5385
8614
5306
6893
4495
4103
5526
4499
2449
4553
4048
3095
6555
9580
8203
5568
7861
7071
2368
3893
7022
2605
4343
10145
7753
2939
4902
7604
1276
422
4452
8780
9725
3302
420
15154
8549
0
13437
1050
3510
5013
4023
6204
7237
2016
5806
6165
4216
12708
6355
5318
3372
1656
3980
4991
2367
3413
3733
6211
7440
7007
8220
5045
911
2974
3485
11691
1611
4196
15360
258
5373
361
0
4073
7992
7837
9173
5259
5566
7460
4149
599
600
8981
4000
3010
6431
6061
3947
4568
4878
634
4707
7463
4154
464
9428
269
961
3949
16814
6619
5343
