1.15313e+06
1.08787e+06
769680
431127
1.0972e+06
479992
651564
937410
588241
1.22128e+06
2.16424e+06
660265
885810
2.25872e+06
1.75517e+06
1.74482e+06
2.3456e+06
1.30283e+06
1.71421e+06
1.90948e+06
639063
1.00024e+06
1.26165e+06
1.26594e+06
178002
1.80512e+06
2.53372e+06
2.35678e+06
2.15082e+06
365316
2.5613e+06
761745
4.07331e+06
1.14045e+06
1.78288e+06
1.85803e+06
842346
1.36116e+06
1.71894e+06
2.33583e+06
1.8778e+06
1.26444e+06
1.05616e+06
1.82816e+06
803521
2.26816e+06
1.12703e+06
2.86716e+06
1.98548e+06
799664
545783
1.5484e+06
67886
2.25641e+06
2.81328e+06
42856
571896
1.47194e+06
4.2453e+06
2.70191e+06
2.81918e+06
1.85861e+06
1.74598e+06
2.46078e+06
4.2839e+06
212799
465649
1.94181e+06
1.32432e+06
532581
1.26678e+06
342261
801677
371445
492892
849825
928797
904669
46257
949822
1.46685e+06
239766
39193
1.67247e+06
1.9594e+06
1.06603e+06
1.24824e+06
3.57367e+06
1.93226e+06
2.37237e+06
1.03271e+06
738029
2.03315e+06
2.39137e+06
499551
630734
1.34871e+06
934556
947158
3.00854e+06
1.18378e+06
3.24708e+06
1.55558e+06
2.18978e+06
1.53703e+06
3.0591e+06
254855
929177
3.16786e+06
1.00148e+06
1.60494e+06
4.88706e+06
2.15286e+06
1.88281e+06
1.12243e+06
1.57756e+06
470939
4.4908e+06
889508
560392
1.64312e+06
2.43859e+06
804166
4.58376e+06
1.0523e+06
3.46594e+06
3.28545e+06
2.48104e+06
399631
1.3222e+06
2.24984e+06
970755
423990
755195
762667
827563
920873
565526
5.53639e+06
3.16142e+06
1.56758e+06
3.02226e+06
861706
1.61047e+06
1.21134e+06
2.33081e+06
1.74774e+06
1.3834e+06
3.76428e+06
2.19797e+06
702349
1.34805e+06
1.53709e+06
1.72359e+06
1.54633e+06
4.54036e+06
1.88565e+06
2.30914e+06
3.11038e+06
783725
1.39956e+06
2.94098e+06
493067
1.42597e+06
106246
2.07914e+06
837767
1.42102e+06
1.1559e+06
2.3418e+06
1.14358e+06
1.33531e+06
4.26226e+06
1.18536e+06
1.26703e+06
2.66741e+06
1.28866e+06
1.69055e+06
1.98284e+06
562059
718547
1.1872e+06
731767
1.01826e+06
94693
629182
2.61582e+06
330936
292572
676106
1.32308e+06
747230
862169
1.03398e+06
344505
640995
1.09659e+06
2.19449e+06
1.08997e+06
1.07625e+06
1.47606e+06
2.74117e+06
1.11649e+06
1.97016e+06
549116
2.07265e+06
1.0158e+06
1.05372e+06
49505
643484
528154
1.51543e+06
149213
1.62383e+06
1.00672e+06
1.22236e+06
1.08213e+06
23072
1.38715e+06
998189
1.98344e+06
1.65859e+06
2.22513e+06
293060
2.91123e+06
1.54416e+06
3.18898e+06
1.41758e+06
112337
1.42474e+06
43426
1.67896e+06
3.42048e+06
1.2409e+06
1.30544e+06
1.68291e+06
1.21891e+06
617072
1.61689e+06
1.06944e+06
1.69048e+06
1.3277e+06
918994
4.29778e+06
1.66187e+06
1.38564e+06
3.36284e+06
655677
1.23776e+06
60580
1.19357e+06
2.5894e+06
1.22273e+06
1.8464e+06
2.82762e+06
2.64528e+06
1.36834e+06
2.17688e+06
1.66435e+06
1.00836e+06
815856
1.97003e+06
1.68018e+06
201199
3.66772e+06
3.25587e+06
1.9811e+06
2.0692e+06
514596
1.16883e+06
1.71038e+06
1.06532e+06
2.39991e+06
774349
494653
974109
687158
934638
1.77046e+06
761958
972392
45826
448270
63867
1.75802e+06
522233
373481
144047
506270
457624
805225
906379
991676
82817
1.65967e+06
922763
1.82519e+06
1.32892e+06
1.72144e+06
1.17057e+06
1.25032e+06
803360
256136
662196
988947
1.8262e+06
78407
707617
250685
775164
251442
2.2871e+06
478398
483212
1.13057e+06
971228
2.35507e+06
1.14668e+06
2.34351e+06
1.25968e+06
793641
1.0807e+06
1.28062e+06
1.01178e+06
2.68094e+06
1.00969e+06
2.44969e+06
1.07126e+06
2.62337e+06
1.12272e+06
4.55119e+06
1.77275e+06
1.2366e+06
1.0028e+06
705581
115871
1.32024e+06
1.6929e+06
3.1667e+06
1.69581e+06
1.84348e+06
3.99816e+06
1.27622e+06
718914
1.60562e+06
1.60329e+06
1.87257e+06
1.762e+06
2.74925e+06
1.99663e+06
1.94692e+06
1.28679e+06
750754
771936
722294
2.91661e+06
2.87422e+06
576054
1.44781e+06
3.14896e+06
589514
1.03552e+06
1.51046e+06
2.22314e+06
1.16947e+06
1.7762e+06
526147
2.57357e+06
1.39252e+06
1.68486e+06
3.576e+06
2.27826e+06
782976
267309
328971
3.13706e+06
3.31773e+06
3.70854e+06
3.18222e+06
3.33508e+06
3.12028e+06
5.47817e+06
912255
680841
1.83944e+06
1.11753e+06
1.10409e+06
4.58298e+06
2.62274e+06
2.61687e+06
1.24467e+06
1.35707e+06
66395
1.56109e+06
3.97768e+06
2.39357e+06
926091
863404
111904
3.33404e+06
2.07626e+06
2.58827e+06
1.32715e+06
1.01725e+06
2.11746e+06
836684
621183
2.22839e+06
2.00897e+06
1.83622e+06
1.2601e+06
1.60921e+06
1.35405e+06
837149
737724
5.37474e+06
405982
1.69582e+06
2.46957e+06
181484
1.8971e+06
1.88876e+06
2.63906e+06
2.65205e+06
2.11696e+06
2.16969e+06
846751
2.76981e+06
2.19852e+06
530300
2.021e+06
1.10606e+06
3.12734e+06
2.01914e+06
1.83603e+06
1.54972e+06
1.94304e+06
1.71915e+06
2.60489e+06
4.88396e+06
5.25188e+06
905567
2.53017e+06
1.39706e+06
68583
2.52119e+06
1.38313e+06
1.37053e+06
1.16627e+06
560624
3.15297e+06
2.26374e+06
2.53652e+06
1.50976e+06
3.40549e+06
2.86237e+06
2.94155e+06
1.80445e+06
2.91011e+06
1.85281e+06
1.16529e+06
1.93595e+06
969952
2.6541e+06
1.52038e+06
1.32783e+06
1.39142e+06
1.55798e+06
196921
1.31358e+06
2.44101e+06
1.43512e+06
1.17547e+06
2.0008e+06
507569
1.85546e+06
1.31024e+06
1.50218e+06
2.22378e+06
1.65388e+06
326014
2.58806e+06
1.4253e+06
89068
2.24781e+06
1.89018e+06
1.06309e+06
2.23734e+06
1.53984e+06
1.79933e+06
1.39317e+06
2.10367e+06
2.18303e+06
398648
1.48866e+06
830637
2.15182e+06
1.2985e+06
774092
547252
884359
1.1669e+06
423666
1.62635e+06
329872
1.96287e+06
1.05565e+06
1.22917e+06
373051
1.21155e+06
416145
448546
2.79666e+06
1.7035e+06
1.6901e+06
1.8649e+06
833154
3.1091e+06
2.68963e+06
1.97491e+06
2.50303e+06
140033
1.98575e+06
2.06363e+06
469200
654183
3.19023e+06
3.37967e+06
3.35128e+06
2.97072e+06
2.12243e+06
1.61874e+06
1.37564e+06
617792
1.09119e+06
382266
390798
1.61734e+06
749896
565212
635553
262054
1.98619e+06
2.98818e+06
624745
1.19516e+06
831821
1.53821e+06
1.01037e+06
167126
347988
459964
818925
1.37521e+06
1.07656e+06
284630
2.80307e+06
1.22425e+06
780959
459436
851995
1.16572e+06
460460
1.03508e+06
847628
316320
1.01938e+06
1.31577e+06
512455
572887
206385
220057
1.28477e+06
862164
726479
464275
822163
678212
2.30072e+06
2.55016e+06
1.0686e+06
998749
2.00801e+06
455906
106052
894607
939005
341079
2.0081e+06
1.61295e+06
805645
438661
649818
1.21808e+06
1.85524e+06
822382
1.1006e+06
1.33526e+06
1.56315e+06
1.03512e+06
585038
2.33286e+06
722344
1.43797e+06
690079
442702
1.78467e+06
920237
1.51625e+06
611370
969364
1.24718e+06
1.63838e+06
1.23818e+06
836948
1.6015e+06
762339
700130
277838
973721
466243
1.10816e+06
1.39271e+06
2.33615e+06
1.08008e+06
1.28392e+06
1.48e+06
1.00682e+06
1.44027e+06
1.52163e+06
1.0173e+06
962638
1.36306e+06
2.44219e+06
899014
13894
993940
1.12581e+06
980103
1.14779e+06
1.33509e+06
1.50824e+06
1.66431e+06
606534
843091
94701
2.28636e+06
1.0793e+06
242464
50753
543724
437584
595053
932799
1.65462e+06
1.62398e+06
3.29274e+06
1.82356e+06
953224
2.8293e+06
2.01832e+06
254346
115820
1.78351e+06
633062
1.21924e+06
1.73235e+06
99777
910387
323340
1.51275e+06
3.40982e+06
1.82186e+06
1.31292e+06
299531
1.74233e+06
2.61574e+06
492931
2.13428e+06
1.42522e+06
2.85076e+06
1.67987e+06
1.1441e+06
400724
717134
1.77514e+06
1.10527e+06
2.11563e+06
1.01504e+06
2.07269e+06
1.00678e+06
1.05747e+06
1.4705e+06
3.8484e+06
1.73915e+06
86065
742223
629589
1.32169e+06
1.20903e+06
368054
4.99099e+06
987414
2.45802e+06
735453
701894
1.05144e+06
840798
3.20828e+06
2.29739e+06
1.97022e+06
1.22911e+06
1.4946e+06
80622
5.10274e+06
5.53973e+06
1.20245e+06
1.44628e+06
1.22892e+06
1.59955e+06
1.46571e+06
3.31379e+06
665617
2.81239e+06
1.68547e+06
1.2834e+06
5.10658e+06
4.07103e+06
1.42497e+06
1.3827e+06
1.08193e+06
1.84842e+06
2.01242e+06
216585
2.76339e+06
1.43097e+06
1.41892e+06
2.59399e+06
46883
1.21271e+06
1.99791e+06
1.14952e+06
1.6869e+06
1.17603e+06
808547
1.47487e+06
4.75528e+06
792135
4.8266e+06
955518
4.11058e+06
555436
543609
690408
1.40053e+06
1.333e+06
155886
1.46366e+06
2.56128e+06
999104
1.06317e+06
1.71279e+06
1.87928e+06
1.52714e+06
498941
354210
2.5193e+06
2.88252e+06
2.67663e+06
1.33881e+06
837908
2.15278e+06
2.50355e+06
2.56218e+06
1.12992e+06
1.39402e+06
700384
237051
986360
2.03691e+06
3.59955e+06
820366
2.49654e+06
5.10911e+06
5.08795e+06
3.11202e+06
1.10438e+06
1.7612e+06
2.58066e+06
5.44024e+06
1.80726e+06
2.09854e+06
709538
2.57841e+06
1.33568e+06
1.10798e+06
824872
553594
965357
417899
430401
415595
2.43412e+06
1.37628e+06
2.7451e+06
542341
368361
263125
859865
136112
1.11645e+06
885185
924170
703910
519795
524512
2.06915e+06
492757
1.06124e+06
29434
312097
170113
1.18594e+06
704350
638121
347758
1.13717e+06
1.78734e+06
1.41704e+06
513528
460840
758357
409378
58094
1.46352e+06
398818
1.20698e+06
397470
84670
728097
437186
579894
352262
541335
569128
420310
689642
539879
697214
632353
894268
186828
951518
287806
1.19261e+06
581610
255043
298455
173783
875252
139218
878648
693949
946158
165509
801248
1.44163e+06
796864
768644
850909
81191
366805
917517
215795
847228
993531
467265
14830
204267
1.3951e+06
864016
137055
712423
1.18056e+06
1.37071e+06
1.71899e+06
2.12089e+06
1.43741e+06
1.53778e+06
355612
898461
1.70151e+06
722032
626570
1.68572e+06
313894
984273
1.46525e+06
1.75248e+06
951216
341190
176610
1.78888e+06
1.58995e+06
1.36641e+06
216870
225649
210944
919383
1.49322e+06
1.31198e+06
1.49418e+06
693787
393128
706005
753001
1.31562e+06
1.54897e+06
160702
817956
187835
1.24614e+06
1.76549e+06
1.34213e+06
1.26056e+06
1.33535e+06
713265
917161
2.02903e+06
920203
659831
857659
1.4997e+06
708218
1.57289e+06
205970
1.14648e+06
648697
1.04988e+06
2.10548e+06
2.23216e+06
75356
2.223e+06
436223
3.17427e+06
2.40881e+06
1.13019e+06
2.78648e+06
799917
2.95897e+06
2.16848e+06
1.7493e+06
1.58287e+06
1.65836e+06
788843
1.26088e+06
1.0983e+06
870900
650094
1.26003e+06
1.43733e+06
1.43724e+06
1.66107e+06
437052
1.55486e+06
622471
524128
784933
1.03555e+06
890263
1.03818e+06
2.08458e+06
1.36733e+06
620914
1.04004e+06
763543
1.7071e+06
855359
2.15359e+06
847774
1.04698e+06
984284
1.02871e+06
785513
1.67924e+06
1.53811e+06
1.37267e+06
1.56327e+06
1.19148e+06
938885
2.62832e+06
797310
986118
849885
390239
1.70673e+06
424130
207657
659727
106904
1.15451e+06
1.38036e+06
260055
1.11394e+06
572761
1.85984e+06
184726
1.75587e+06
1.01968e+06
1.22958e+06
884814
1.56533e+06
1.89426e+06
1.32588e+06
1.20994e+06
1.1547e+06
386394
1.01475e+06
2.34258e+06
241665
1.29413e+06
1.3965e+06
1.44868e+06
97821
1.27998e+06
853489
981801
889379
843000
930492
1.76574e+06
859468
940450
777281
16487
656628
1.01799e+06
570807
791221
628666
683306
722993
643423
719387
840490
410443
608921
1.01863e+06
972460
535305
424975
630048
298272
325009
534529
760600
598392
53092
41454
448001
355831
295349
770354
472001
548926
711990
56539
326618
220966
496746
406078
125726
401767
472093
563406
580339
439094
730913
958055
797617
1.06589e+06
281400
985352
581704
390479
560257
117475
768410
519341
236859
503667
534704
920888
30169
1.2733e+06
803693
144343
620315
645214
361580
663352
518699
735599
600002
618637
369179
635615
597880
691038
477026
397699
398000
415641
799171
952136
56909
361645
840943
442754
932237
528471
168381
633946
602263
1.11352e+06
476397
843830
884408
561515
598318
981705
562774
757161
415359
128018
317117
429038
329877
866067
372880
365001
91643
1.05479e+06
1.07411e+06
3.42017e+06
638819
1.16799e+06
61486
95244
2.11592e+06
306183
2.20222e+06
1.27128e+06
2.51532e+06
1.59183e+06
1.67935e+06
2.75594e+06
260421
606049
660682
1.36534e+06
548418
757762
596876
315175
824011
1.07576e+06
540474
415674
1.0432e+06
1.2784e+06
906699
41822
764014
1.20323e+06
806933
868142
1.84709e+06
771383
1.71875e+06
1.16842e+06
406674
1.18806e+06
1.3953e+06
94227
600808
1.2025e+06
512056
127029
31990
667916
898503
1.04505e+06
1.64975e+06
1.12753e+06
609581
110306
128505
608623
667178
952092
325322
809736
316171
819078
413197
513358
489747
537251
696072
560534
1.48723e+06
842214
163794
437877
964826
443036
757527
625530
65035
1.00014e+06
548598
479735
215110
1.19927e+06
352890
660116
339669
469924
423930
136455
421293
396727
630203
334045
437605
496174
432088
544177
474170
558513
295774
977681
35923
71866
554792
655894
466385
770038
462815
695867
525764
1.2959e+06
670369
765966
181072
151337
927570
193865
1.04412e+06
1.08463e+06
777664
1.2322e+06
277528
77212
1.78793e+06
357483
1.25836e+06
983537
467714
542281
73210
823916
38673
108443
197557
12323
546210
583248
31674
292024
162274
340477
27322
535470
282770
470666
171906
493740
757532
425754
440726
785998
210353
489040
674634
14094
1.48688e+06
1.06586e+06
654785
156795
1.44296e+06
707945
736027
1.04667e+06
572747
840032
2.15879e+06
1.36785e+06
1.09922e+06
1.48778e+06
1.07978e+06
626365
147214
510774
909708
290415
803516
2.08108e+06
777944
181490
123852
750179
89574
1.42873e+06
23680
1.83233e+06
528663
2.11253e+06
1.27029e+06
226187
1.62658e+06
1.00343e+06
175457
936055
200324
327242
880281
1.18592e+06
320533
1.20355e+06
532503
1.78796e+06
694988
781727
1.29869e+06
1.15049e+06
538856
246540
555844
1.51315e+06
415887
561452
969750
591601
63644
770739
1.09124e+06
399823
591203
1.55753e+06
523358
1.32142e+06
4.4988e+06
882731
2.06243e+06
1.68669e+06
591894
1.28034e+06
1.52711e+06
382202
314552
1.64201e+06
763485
900731
1.0367e+06
1.50303e+06
1.52513e+06
346992
983124
123039
153903
518318
277525
356551
152319
127068
135044
1.57765e+06
1.22384e+06
1.34685e+06
652931
3.13438e+06
598605
445999
867315
3.11392e+06
54923
642032
2.07211e+06
2.29888e+06
762891
425449
1.30239e+06
1.42394e+06
56208
2.41019e+06
1.07512e+06
413449
147622
221026
820841
697621
56922
133658
171585
533508
801630
434433
825075
1.2594e+06
609846
1.14302e+06
1.42978e+06
1.98849e+06
34303
1.81477e+06
112662
300341
66224
781926
790459
713418
973747
1.30469e+06
701064
48210
1.05853e+06
556098
644771
538532
759231
1.61668e+06
210740
1.62824e+06
593876
665149
185790
274261
844292
684560
1.12929e+06
2.61734e+06
1.32871e+06
294933
525069
175843
636603
1.4825e+06
154540
924092
968956
269922
542213
283744
1.00003e+06
888976
338270
845497
987860
757567
1.35767e+06
338626
428458
539499
903574
754509
1.24233e+06
33121
781943
176800
1.05642e+06
767053
472979
203326
1.16e+06
869485
169168
335928
919694
144142
1.2806e+06
173402
926663
345674
540828
1.07335e+06
549727
921464
153263
827496
841952
343962
519209
786116
374379
1.7533e+06
1.47467e+06
749079
1.04992e+06
577792
755860
1.08972e+06
327850
666043
239347
1.48905e+06
1.17016e+06
987895
985905
1.08645e+06
786887
846751
427067
47301
1.23762e+06
271667
1.88296e+06
305040
1.17999e+06
1.06152e+06
15789
1.20191e+06
78838
319652
313734
456722
120415
1.04284e+06
1.12607e+06
527832
1.65034e+06
382462
1.06923e+06
538053
1.43241e+06
763557
791542
1.22346e+06
1.24627e+06
736706
449447
812532
913525
529302
186894
371960
536045
103444
1.10228e+06
897033
933259
460425
967877
849531
721717
952975
95461
674847
176377
394663
1.75846e+06
405207
359721
2.00768e+06
1.49982e+06
1.24811e+06
775074
833508
662011
460350
562642
576970
1.02789e+06
367456
30946
615585
1.40332e+06
784214
347075
1.44097e+06
810867
1.03644e+06
1.11004e+06
64152
227285
921565
1.09258e+06
745847
611106
1.19623e+06
1.02974e+06
642450
579492
554552
610258
275613
702821
1.01964e+06
537897
1.11821e+06
748138
1.10269e+06
964133
248057
59811
123512
641087
281825
280865
948179
803965
249648
144750
135648
622728
483328
1.079e+06
1.00036e+06
812920
988113
310538
176918
1.06246e+06
604124
926356
54432
508851
602899
150446
570965
143149
674378
1.92994e+06
863251
1.12305e+06
737791
1.1012e+06
342007
67684
588306
932579
539449
320625
623563
231743
601128
173768
325544
779355
528608
921306
122337
978080
294167
1.30665e+06
134307
223724
682785
957088
515850
234790
927349
779974
220716
157904
312121
108226
909424
1.03078e+06
287592
361838
670825
1.00961e+06
493254
850840
815263
391169
766596
564033
625519
743086
623617
973050
1.20877e+06
1.61792e+06
757380
687684
244449
88477
290300
601875
29230
1.42703e+06
980886
968687
721756
473164
534992
53341
1.16455e+06
274513
1.00366e+06
335154
461543
1.88256e+06
442619
1.36379e+06
870808
987554
721401
201373
437103
124711
128210
414937
53897
498690
645598
1.09012e+06
1.03482e+06
590456
2.25509e+06
919488
116930
1.22705e+06
432772
740280
1.0764e+06
1.38557e+06
1.24212e+06
453757
453267
1.23199e+06
365554
344128
644083
819190
320249
808075
1.13898e+06
752565
1.39439e+06
1.09778e+06
1.8358e+06
151740
1.68427e+06
304974
1.09001e+06
706281
685799
784083
1.54768e+06
1.34667e+06
2.09598e+06
233773
1.14148e+06
765646
447798
1.85055e+06
1.63137e+06
2.08862e+06
1.12294e+06
2.60448e+06
396213
37408
1.41033e+06
228555
2.80887e+06
1.37056e+06
1.42977e+06
986066
386517
624979
622292
122536
54752
576963
388108
808922
635162
437076
297980
628878
465122
1.21801e+06
1.24295e+06
1.41273e+06
738719
1.42896e+06
977693
489433
1.34363e+06
1.46368e+06
175493
15019
860986
1.82646e+06
577799
1.01987e+06
1.48077e+06
909054
10605
1.13901e+06
234532
896764
1.37061e+06
616812
245034
379707
693626
110064
199874
111023
265834
340509
428654
446327
800612
296897
898477
767898
1.096e+06
620748
746745
594165
474228
58295
504123
466784
291690
1.13381e+06
527255
220617
397216
623757
904795
376272
461604
817364
524425
293914
259894
838990
567192
1.48991e+06
718047
1.2513e+06
1.59622e+06
1.47798e+06
1.18658e+06
260629
669246
807827
1.01701e+06
1.05796e+06
2.43999e+06
295128
1.82298e+06
1.24002e+06
1.36433e+06
119873
232805
226651
1.00294e+06
1.77196e+06
1.70771e+06
1.26273e+06
1.38551e+06
396026
151657
209251
2.0174e+06
1.41993e+06
505905
1.82942e+06
1.73409e+06
936081
900299
1.1829e+06
1.52907e+06
240105
622603
1.29192e+06
377376
420481
24304
1.93325e+06
1.36249e+06
489021
1.12943e+06
528322
572717
259681
805679
71531
619098
864184
1.18457e+06
1.16857e+06
1.04143e+06
1.06094e+06
325749
682684
708497
1.12364e+06
625235
371916
293257
79845
864755
46838
401274
1.68913e+06
1.71919e+06
1.45002e+06
405140
1.21854e+06
655939
1.96252e+06
1.66552e+06
1.86308e+06
1.05243e+06
255596
1.62251e+06
186478
304486
468741
726146
613366
10007
1.89e+06
1.1515e+06
1.45961e+06
24882
1.57832e+06
1.42173e+06
482207
151633
1.0896e+06
1.38804e+06
688586
838928
1.42429e+06
976802
289618
21188
1.25286e+06
182300
202396
124081
638686
297985
619042
783081
437501
600645
36307
1.09385e+06
928940
763341
61360
1.52844e+06
1.72631e+06
1.22912e+06
841283
454179
49201
1.15706e+06
1.3851e+06
733613
780338
1.42664e+06
876807
1.08197e+06
694945
1.42724e+06
301467
273606
1.20425e+06
757745
1.09781e+06
1.19701e+06
235383
425666
555304
1.04011e+06
1.00522e+06
941958
555324
181792
582793
838766
200618
526158
1.5374e+06
1.21331e+06
2.34287e+06
200819
1.76414e+06
1.19907e+06
1.21605e+06
1.48994e+06
1.14222e+06
1.20375e+06
878749
1.79444e+06
1.53284e+06
1.10388e+06
937209
1.36562e+06
1.40087e+06
555802
1.31576e+06
861366
792510
1.33329e+06
98306
2.43827e+06
216384
1.76567e+06
1.25134e+06
504634
1.02828e+06
1.01569e+06
2.7365e+06
612788
1.03638e+06
197542
954764
1.68237e+06
1.77453e+06
1.45451e+06
954689
507117
2.2575e+06
1.76141e+06
1.4559e+06
93860
2.0424e+06
1.13634e+06
1.19961e+06
208152
1.28864e+06
1.85859e+06
269269
1.50473e+06
1.08934e+06
1.11612e+06
1.33004e+06
1.4387e+06
1.11002e+06
1.27808e+06
539869
1.19532e+06
610775
1.39256e+06
108241
759893
775229
781002
116316
1.16566e+06
734660
54961
166350
1.32136e+06
252165
373316
495243
1.21069e+06
1.49905e+06
64934
1.76784e+06
1.23194e+06
1.58707e+06
154356
941393
564099
951178
346367
999797
348675
29907
1.5978e+06
121769
1.73752e+06
1.70329e+06
63997
946338
2.63509e+06
1.61572e+06
1.06281e+06
1.40397e+06
1.1604e+06
1.47254e+06
317042
1.20948e+06
164839
890009
108965
1.11068e+06
1.08376e+06
428549
36055
968735
695223
128592
64090
1.20559e+06
93006
1.07684e+06
561663
238902
933444
1.37312e+06
442294
360384
265357
391932
702380
364285
1.18685e+06
826070
1.24803e+06
822771
980692
602680
908847
402071
122587
1.85573e+06
833743
669749
1.19112e+06
129015
1.4539e+06
2.00492e+06
59902
2.03936e+06
1.86827e+06
83772
1.2508e+06
901852
1.07397e+06
1.36544e+06
867458
2.2864e+06
795633
890298
1.54902e+06
343823
508424
105554
1.56391e+06
964929
370146
587285
321194
618003
457674
1.75676e+06
1.37373e+06
858319
1.04927e+06
914572
82080
374700
1.44414e+06
898291
339504
251905
40098
617910
194677
184874
24641
551428
877725
750422
984582
974423
689784
612023
844765
353434
114068
366816
558336
110289
1.36517e+06
701830
522294
113188
414767
609699
590138
130059
334758
24042
810762
1.16546e+06
798547
1.86116e+06
554170
357599
335638
859836
1.54087e+06
317749
219726
1.06322e+06
1.55902e+06
975978
383218
868041
519915
672094
10265
518103
1.23962e+06
1.86132e+06
618093
408173
376111
765867
1.6001e+06
603338
1.65244e+06
566204
638207
310994
887485
197049
597799
1.8759e+06
676037
1.01886e+06
844157
517563
905244
404407
574311
1.48915e+06
2.04718e+06
1.19416e+06
1.70768e+06
1.95495e+06
101819
1.42852e+06
74847
351407
1.119e+06
385967
679933
1.12123e+06
89768
2.10916e+06
5.29134e+06
1.88069e+06
464356
1.00535e+06
307617
225947
1.74131e+06
650376
1.82424e+06
656609
905979
1.57642e+06
1.82366e+06
975794
1.32091e+06
1.15038e+06
1.5473e+06
1.08482e+06
150496
2.1065e+06
157376
1.70177e+06
49045
1.06433e+06
1.0592e+06
35361
1.50562e+06
336805
131749
1.42899e+06
201041
1.00704e+06
366579
201616
411110
1.80328e+06
2.32019e+06
130388
270391
406332
1.50015e+06
1.74802e+06
160983
787455
637813
1.33686e+06
1.60275e+06
287903
707258
1.18228e+06
575021
376887
2.26145e+06
1.19594e+06
2.05079e+06
1.10675e+06
1.19377e+06
2.48059e+06
681300
1.37868e+06
715376
321324
2.55125e+06
223986
113262
1.81992e+06
515825
713073
1.20336e+06
995375
926321
3.80166e+06
391986
2.38378e+06
644620
770099
426371
1.15485e+06
1.29722e+06
1.07692e+06
4.0999e+06
807644
223653
84562
689952
659619
1.4362e+06
1.54647e+06
2.21362e+06
1.50635e+06
1.56569e+06
1.00145e+06
907604
678877
1.0474e+06
717965
2.04858e+06
254842
724819
1.8904e+06
638784
914811
984035
1.12566e+06
170358
880094
497662
2.0254e+06
683725
799647
523838
520312
375767
325327
608632
484539
705267
397711
234240
427010
970273
25938
1.80702e+06
241590
237585
1.21931e+06
611283
325186
277947
1.12745e+06
526324
1.31592e+06
1.38123e+06
1.19774e+06
683326
528731
76399
9326
303010
602721
781619
332519
913651
644317
169211
1.19085e+06
416736
642479
691392
397221
981211
618791
660320
512290
1.03408e+06
435125
108024
616578
409681
428163
9747
41480
539940
118362
573288
998918
134926
735181
1.43726e+06
253319
1.0289e+06
951102
3.30732e+06
694275
403000
1.82661e+06
1.32418e+06
689828
3.80981e+06
217955
1.67971e+06
2.0461e+06
1.42252e+06
165949
966396
296662
384307
734395
829179
1.92542e+06
156917
381523
1.00757e+06
70080
115344
1.16454e+06
134308
512338
290587
10170
1.28258e+06
191694
499114
2.23218e+06
1.88615e+06
2.07735e+06
122474
213482
522462
22776
1.30774e+06
3.02635e+06
876759
4.971e+06
246913
74579
428116
1.29648e+06
444445
832299
20423
616712
3.43109e+06
1.15732e+06
147380
104300
1.91048e+06
492689
3.07765e+06
516393
2.0796e+06
218215
67029
348037
1.45424e+06
1.33443e+06
964135
1.27347e+06
91492
564009
1.04238e+06
21038
425854
1.70602e+06
1.42156e+06
472639
2.16417e+06
138303
1.16282e+06
140407
176332
1.59446e+06
1.98622e+06
778998
1.95814e+06
38872
266177
1.21246e+06
1.04524e+06
609969
595525
225325
1.59538e+06
2.46572e+06
1.2446e+06
59278
217101
647203
9881
1.99558e+06
872649
35845
1.63008e+06
150018
916230
494167
142998
799012
1.40258e+06
794392
320434
1.10686e+06
961488
837252
1.05478e+06
3.56876e+06
367743
1.80337e+06
618336
254822
874965
1.10767e+06
982763
9380
1.06995e+06
1.43683e+06
175247
871050
409748
2.27517e+06
21705
291570
1.29073e+06
342056
2.36135e+06
727887
204632
56455
246765
2.62479e+06
1.20246e+06
229362
133728
957807
543616
1.51059e+06
849519
2.54731e+06
635020
643368
3.25072e+06
1.26454e+06
137827
839650
986426
548473
2.43264e+06
845069
1.91132e+06
146854
505323
105032
1.34317e+06
1.24938e+06
1.99431e+06
1.27188e+06
883000
378163
356852
506168
1.49092e+06
76525
509125
56381
727656
1.02846e+06
2.07399e+06
2.42586e+06
236057
543939
71725
534343
38945
1.40212e+06
362864
549986
1.3121e+06
239549
322837
808187
485564
985425
823591
759670
664116
729501
786553
264207
318250
106528
316719
337052
1.26078e+06
1.22368e+06
447004
737837
9970
735211
1.27732e+06
1.51032e+06
549730
683108
1.25588e+06
534494
845390
109337
169833
1.21402e+06
1.06305e+06
104379
258112
826529
1.3665e+06
521263
2.48751e+06
1.07702e+06
800329
166715
1.23352e+06
1.32507e+06
268340
939220
1.19541e+06
870764
133584
1.08298e+06
1.23649e+06
779745
127672
542948
584200
765127
867664
40055
1.14836e+06
846279
671412
1.2387e+06
589224
159444
1.09129e+06
500870
1.22406e+06
248047
128857
1.41349e+06
303007
261659
438305
278470
667063
797888
66214
343747
236947
508387
378058
350847
56333
1.24005e+06
970405
292273
286433
1.2593e+06
462062
98399
188015
662923
684711
819312
1.69346e+06
44739
182077
1.32398e+06
84818
807772
353582
1.25799e+06
310677
368129
370218
338090
98800
524568
22923
78898
733049
57487
341866
94960
458385
519565
378299
868893
833344
399040
682562
347522
409279
536034
171462
891587
717263
386648
861665
848562
363119
791824
1.05555e+06
250613
921179
1.42425e+06
640799
961719
849509
1.34633e+06
495832
799036
1.25956e+06
1.10049e+06
1.3982e+06
885782
454265
19112
1.03312e+06
538041
1.26543e+06
780054
368316
1.34891e+06
457609
403180
1.66839e+06
336454
1.80767e+06
1.07879e+06
822450
1.79339e+06
233545
1.43552e+06
951059
397769
206745
131631
970048
241690
624714
206142
871910
834360
168031
101753
605946
326295
1.5141e+06
344080
999601
38375
130011
504221
824955
24918
664009
107871
1.07945e+06
808482
1.38843e+06
92294
839597
429503
678261
211324
1.8442e+06
128198
1.31854e+06
1.25294e+06
1.14182e+06
212839
1.07489e+06
1.13933e+06
359046
2.23352e+06
1.12544e+06
147342
44160
566159
792949
135937
221392
208786
153637
993403
1.67168e+06
304365
907161
945824
246422
202257
741634
332385
1.2426e+06
918248
761089
1.28995e+06
767141
791703
453268
70392
1.25942e+06
65982
1.25493e+06
2.02828e+06
1.45423e+06
958278
976709
96780
1.16764e+06
540933
598974
901808
1.13136e+06
515997
100967
1.21732e+06
442721
1.178e+06
555031
783855
408537
727156
119319
783568
1.33963e+06
837927
1.13097e+06
1.55562e+06
1.89725e+06
822767
902464
458232
399121
349825
313584
1.33977e+06
482343
950284
315836
323486
498413
1.56238e+06
1.02545e+06
20181
668546
897915
73158
107299
153373
627072
167462
745717
1.16326e+06
265883
864364
652722
363424
905581
1.86137e+06
969915
418046
467738
339006
160289
186129
619162
976732
859573
1.47675e+06
547492
511789
365408
1.46693e+06
279945
564898
38623
1.18597e+06
734387
256888
112552
37719
740560
1.06467e+06
651382
367127
988642
1.25222e+06
463143
505567
128600
252375
375475
271485
434543
37175
771936
146865
1.65937e+06
783075
355301
249762
148899
385252
202212
134035
67783
981515
548545
408123
317645
258598
333664
23797
836377
310935
234438
487175
665712
72269
408331
1.42197e+06
134304
842588
210291
535292
356474
147225
511767
1.35901e+06
806291
1.36333e+06
264944
64645
58444
334432
1.58389e+06
161271
80133
519995
840795
277241
480108
111998
582409
225015
237680
67119
1.12826e+06
837081
1.11102e+06
327536
1.13117e+06
22062
430850
276994
891839
771174
9763
268227
786066
109263
1.08176e+06
262341
738598
113110
93992
1.0674e+06
1.19264e+06
431904
600927
618382
215118
470671
1.59656e+06
123544
1.35394e+06
913191
39141
281870
539938
189009
191008
97854
18955
80300
211865
1.01711e+06
152346
624076
175633
551634
1.474e+06
114660
1.14567e+06
252189
334511
595478
1.52262e+06
845503
22479
1.52515e+06
1.06451e+06
650801
729719
932922
315162
192822
822375
562283
1.29319e+06
433425
1.19526e+06
107166
42738
273853
529007
72560
349437
37072
239933
324077
741143
578180
1.14097e+06
150089
858290
580067
623129
160760
301852
706141
771584
73916
1.13603e+06
216355
413016
759822
520753
179001
22971
515923
945194
62323
1.51528e+06
1.05365e+06
217447
1.14708e+06
1.29197e+06
1.08219e+06
1.11267e+06
460350
1.01815e+06
1.21097e+06
1.75613e+06
822855
1.65319e+06
48572
1.06914e+06
1.06951e+06
1.04288e+06
621356
937347
10179
1.0858e+06
9811
52883
171162
981580
925314
1.00198e+06
1.02163e+06
959208
1.1224e+06
1.14893e+06
1.16522e+06
166851
985176
208794
1.4091e+06
1.23019e+06
1.62299e+06
1.2652e+06
127836
926457
1.22998e+06
506174
1.17042e+06
1.29698e+06
1.27869e+06
1.05549e+06
401383
172425
1.30442e+06
1.97807e+06
1.225e+06
1.29988e+06
682948
1.65335e+06
348198
775715
787543
1.09092e+06
1.00949e+06
39477
981197
1.3521e+06
307301
535268
1.20956e+06
38353
192339
21711
962309
1.38742e+06
1.25978e+06
785465
551175
923216
239718
292557
302535
615451
456010
402351
1.1605e+06
274228
169023
548011
514395
277942
343882
674454
1.10291e+06
556747
70572
69660
574643
478546
193182
91247
1.25822e+06
232229
134620
731334
890599
178721
128265
559817
301430
123303
585784
388331
654542
329251
757411
651770
20417
305490
1.15945e+06
551813
143431
725089
46146
124786
412931
994933
70455
406063
93421
104584
750494
538901
1.20603e+06
91285
190086
490808
10013
80886
342268
805127
232833
904641
1.32535e+06
744110
23917
1.37511e+06
1.67725e+06
823082
92650
827672
231041
289046
367064
459905
38642
374965
430885
177880
77969
217910
690870
510937
473282
304004
301926
517896
151767
202601
766326
1.20208e+06
130536
1.1993e+06
140133
557098
228312
692333
1.20972e+06
173864
719052
90786
867898
645695
58356
21555
56104
626446
857671
539696
720221
294847
374496
708814
416614
830701
42619
32112
30992
880761
224060
891832
1.01348e+06
124637
791273
152675
137630
1.19762e+06
957066
144361
680741
156764
212200
84063
506197
10047
853978
1.19538e+06
226328
546274
616219
216030
505393
546667
391937
630013
324183
183844
446552
158074
354542
34794
553075
453985
578344
68304
777766
61936
9804
361597
757638
9891
689223
880248
481539
568488
136421
55655
1.36152e+06
998937
780597
758840
521257
371419
58568
129429
21586
53590
218382
507978
63382
587497
846421
324504
129340
505242
1.04941e+06
1.04984e+06
141855
913621
369538
716139
179885
9719
337874
114202
115182
429589
123934
379888
268168
447538
147150
424982
1.07965e+06
35308
125986
225028
655121
1.03716e+06
123276
1.06759e+06
21069
2.08011e+06
118798
707617
85007
706349
260820
773405
64733
1.10326e+06
319547
109638
204468
384716
795939
130158
787585
479621
371802
24143
1.41183e+06
684186
21700
460204
62950
262532
67065
1.01151e+06
598790
445252
416204
537019
274395
651145
197683
124098
640955
581162
554143
1.16332e+06
209518
91772
502859
1.03341e+06
74408
57795
719921
368220
985405
39074
459599
210877
753723
273092
156142
1.02147e+06
653361
1.12634e+06
853350
358793
9878
1.15686e+06
948245
1.06947e+06
1.2366e+06
490188
1.41559e+06
277310
2.06762e+06
345229
809247
206812
1.28629e+06
1.57158e+06
49226
1.27492e+06
273770
865983
1.52734e+06
1.20358e+06
826811
207850
645836
234243
1.11768e+06
894280
1.14433e+06
595208
157972
155097
295070
372699
919502
405006
142181
540793
143718
60218
912088
108770
995200
53301
409730
1.41533e+06
1.59164e+06
234548
495757
1.16261e+06
1.21315e+06
240155
324659
547375
386976
1.03243e+06
356824
312757
347980
143348
133425
9456
469533
9523
322756
1.07663e+06
752286
102953
873820
116281
607270
447692
49933
609247
269150
35758
1.13826e+06
117721
215738
48193
1.05436e+06
359988
9724
348654
233247
780545
420711
101870
811642
1.38178e+06
194489
374011
54850
507502
265217
1.18077e+06
351662
127832
565274
597033
144007
1.23129e+06
155644
799586
420505
533581
287076
167966
243067
899332
696334
675401
1.06164e+06
1.07826e+06
870700
619723
60843
524433
313428
1.04048e+06
312091
543562
537669
449663
88608
401810
131919
945647
1.11984e+06
167619
598440
129308
624228
225589
795887
770451
809127
9859
873642
705948
1.13157e+06
144191
1.21002e+06
207692
314276
1.66571e+06
48716
789524
1.06038e+06
1.16566e+06
836301
542912
455749
1.08917e+06
597876
1.20106e+06
1.40831e+06
935165
49399
212770
1.00686e+06
456121
1.04477e+06
374985
579886
156601
94820
71732
574155
1.0208e+06
863972
733073
174937
91546
239238
997453
325618
883219
796708
954678
1.1803e+06
77396
1.22708e+06
605993
914532
1.25119e+06
1.05881e+06
36649
220783
382507
1.21317e+06
206927
1.24601e+06
1.29389e+06
230918
755443
177792
376241
106480
348485
1.18982e+06
189191
743253
592485
538657
1.02864e+06
940070
382301
74706
227480
799007
23718
1.34047e+06
1.0135e+06
535405
1.23357e+06
1.33042e+06
1.31522e+06
150483
1.09742e+06
493047
141974
307282
51452
1.3787e+06
1.18076e+06
309507
388221
497129
1.15141e+06
726686
303321
86050
264250
942874
318756
436773
362399
921203
687710
1.37584e+06
9529
1.08978e+06
71035
559524
823560
532223
169158
1.10358e+06
1.13944e+06
1.13274e+06
9751
10791
281071
878364
933655
1.29884e+06
1.00804e+06
543676
1.35601e+06
119958
134784
594417
1.1198e+06
731920
37245
119501
826849
388336
109990
112346
260682
1.24385e+06
228384
9891
10928
118237
268806
74258
896696
127580
1.11292e+06
1.54442e+06
275563
1.44943e+06
921206
991821
1.5126e+06
478001
631397
353819
205274
148129
159645
157539
689587
946588
325286
139430
86862
24808
579090
112592
938238
155518
250640
276548
1.23575e+06
489631
990847
1.28933e+06
9370
1.00423e+06
1.33802e+06
55952
1.01558e+06
1.20952e+06
219306
715720
247914
24462
1.07276e+06
2.44126e+06
1.15713e+06
1.08455e+06
109985
76328
1.41908e+06
47953
462948
840898
104089
493259
18948
541528
719581
507435
475193
10022
452367
80853
56718
266653
779178
39253
131237
437207
286177
42595
66873
59255
38686
324567
489105
75121
195387
153356
236516
112842
602926
172134
246246
674726
48824
442463
9736
192277
207912
492000
78814
884242
140055
221840
976170
238536
1.07868e+06
670912
141356
1.01149e+06
1.29975e+06
9932
171959
195171
349359
1.34602e+06
45336
64751
60767
950754
887467
9949
531888
164523
657803
20577
781684
68835
280979
138097
118577
328756
1.31589e+06
130002
1.0819e+06
461427
132008
551165
1.3682e+06
191001
435010
780842
126503
874708
301304
70611
857021
966809
541442
119243
183829
801386
961622
173047
1.13648e+06
108758
225273
985112
22218
266198
148360
139190
20571
328527
944516
119733
342000
23145
175780
785310
848076
949070
663631
576560
996094
365069
1.124e+06
1.23079e+06
135696
1.1539e+06
406051
105903
46324
683778
9893
122348
22313
56714
48873
820566
97962
370584
393619
9595
262252
346989
211479
1.03297e+06
34429
281893
217388
587119
55476
218456
314718
555773
46327
178606
9411
449170
132700
48698
168931
1.209e+06
113704
698677
317295
58387
591649
417739
9689
173207
717641
499458
730421
291395
259725
239322
766298
770993
251608
480898
91732
422955
496700
135234
22246
585410
190073
683722
488745
801283
424218
197572
342401
128088
320173
1.03055e+06
36040
18791
627625
386832
695170
882458
131690
1.10056e+06
99278
122206
690689
1.09307e+06
984835
124129
286095
217163
121436
1.07213e+06
715355
1.145e+06
825010
1.02071e+06
966575
537259
381118
878739
1.15255e+06
983331
971012
479674
131077
218948
1.62896e+06
514608
37058
90340
1.34242e+06
1.17117e+06
39857
1.0361e+06
234839
253257
375040
951730
1.01987e+06
935639
1.10775e+06
69103
375961
62854
1.0663e+06
400698
1.48136e+06
1.48984e+06
1.21649e+06
415181
919758
204726
116739
1.08876e+06
65424
193947
157599
629744
249762
115274
126128
526179
307899
160406
364731
489026
1.15871e+06
69385
1.07199e+06
126172
1.46039e+06
1.35891e+06
1.36051e+06
62920
198385
39815
1.0112e+06
239819
953940
178671
888669
21554
25815
455768
1.01972e+06
48798
809896
9648
699861
107778
358566
407336
114629
72612
822629
878702
181679
460569
1.05876e+06
1.02085e+06
324255
159644
929566
120694
288176
870709
261619
40633
172725
141233
109260
70287
479500
788612
101943
9681
823145
852954
1.23194e+06
1.13666e+06
1.18427e+06
1.08836e+06
131499
1.11094e+06
1.21752e+06
1.51745e+06
1.25263e+06
1.54952e+06
1.68725e+06
1.10259e+06
1.12012e+06
859741
1.08666e+06
21528
1.29214e+06
21747
1.24953e+06
933724
1.20957e+06
1.16363e+06
1.24482e+06
1.03701e+06
1.18344e+06
553578
1.31844e+06
1.0988e+06
1.15348e+06
135825
21857
918724
1.26379e+06
864479
918119
1.2425e+06
1.26969e+06
40576
95401
1.26929e+06
1.22339e+06
10321
945677
181913
1.1136e+06
737250
1.20364e+06
739759
650604
38254
896622
859537
250288
327010
137479
20805
285961
347294
137724
146023
562039
1.00993e+06
1.1771e+06
475797
673430
865035
730982
116979
567707
134059
54110
768644
781597
245848
274108
703432
409112
9743
813193
125960
78144
187179
787288
336862
780204
117074
66883
418800
272490
401904
87985
742641
452459
539957
22575
452177
822266
388792
95944
172954
9740
11320
156351
20688
36081
650277
885198
186232
1.23165e+06
1.61107e+06
193487
292684
211219
684776
132858
458888
363198
504402
492985
164750
294577
832357
239021
598840
428243
518091
149609
829662
914574
10169
267063
325253
719361
506497
186091
459605
66682
1.27201e+06
848050
68620
9417
252508
1.41484e+06
21052
292861
274286
1.03147e+06
1.10348e+06
235586
48394
719029
111731
584563
553369
758662
65137
1.2894e+06
1.08198e+06
180573
700323
985171
677494
182854
1.49424e+06
582609
1.30475e+06
857911
198084
1.12751e+06
196070
526678
248081
626654
696172
311745
1.12901e+06
219634
873471
1.48051e+06
499343
247037
47429
213002
122609
66289
940514
271856
343737
137492
78982
992738
1.22519e+06
808461
227384
592018
654900
78647
1.06341e+06
314446
882033
598698
167190
430541
333861
683920
20812
811518
280767
50173
463168
874753
614119
256164
226629
585707
784425
166611
1.72672e+06
1.08409e+06
121113
733517
161207
711110
1.13908e+06
242085
666913
571587
86298
79583
21702
1.00468e+06
337330
632094
68030
102825
174904
643621
693372
384525
1.70745e+06
668220
600776
477115
644225
912716
62789
1.08636e+06
1.16321e+06
432117
178348
20981
192293
414345
37304
932655
319216
23062
181932
653540
692498
23772
562456
20800
193090
300784
611094
273144
142181
394031
897453
597815
1.04195e+06
9656
455436
812596
755016
1.09216e+06
701685
963362
591600
286829
124296
206830
489949
1.32806e+06
599317
643764
441335
573536
486233
642694
604327
762836
391405
385149
89939
738299
1.07449e+06
811422
547670
1.31854e+06
716727
1.05408e+06
338016
350258
246902
629802
1.33195e+06
721004
690747
292985
966538
837252
9968
832380
1.18992e+06
388567
893094
36515
871296
958838
1.02546e+06
325065
1.19677e+06
1.15949e+06
931022
9812
549870
49943
54664
293142
818977
129330
998744
109033
799335
1.06766e+06
961956
59599
170429
567499
1.19209e+06
125399
1.18637e+06
1.26968e+06
712551
900759
1.21507e+06
1.29846e+06
1.03977e+06
1.00332e+06
957344
1.25374e+06
822948
79105
445037
951967
72993
1.81123e+06
939034
951539
948737
224688
50429
487791
1.02847e+06
310728
1.33248e+06
107309
389739
515724
762053
63258
1.24407e+06
1.02262e+06
877533
820156
916966
277331
824558
1.21058e+06
557304
58855
1.21181e+06
1.18991e+06
859447
839354
115032
1.21529e+06
874751
9595
789627
775427
985146
933624
183351
197311
765512
103126
932969
59333
46586
1.07526e+06
511810
649708
913051
9896
1.0211e+06
1.08914e+06
622612
608764
9326
548780
682429
774796
127937
949948
336986
1.20415e+06
680585
88001
2.32392e+06
1.3276e+06
1.17736e+06
172281
544147
925066
92510
2.58977e+06
20910
56950
781438
989137
3.87272e+06
2.17043e+06
743019
2.91603e+06
894959
1.45462e+06
1.13373e+06
48361
499076
1.50692e+06
1.0206e+06
1.04036e+06
1.47331e+06
20745
63191
366722
1.34362e+06
2.96769e+06
808730
179099
966188
10322
1.04196e+06
518536
642092
2.28881e+06
765109
486521
69349
504389
541446
1.32114e+06
875878
591196
873590
414099
476755
400181
87123
659806
737150
95822
385290
122242
1.20461e+06
490217
69493
521894
521499
982110
1.58541e+06
1.16586e+06
412183
1.25855e+06
190992
448840
563709
1.02852e+06
727709
622082
1.00655e+06
922573
398215
1.9464e+06
1.14152e+06
941705
515213
86399
1.88542e+06
1.18863e+06
1.35492e+06
1.00106e+06
1.73227e+06
1.17478e+06
23511
1.16825e+06
96747
333012
1.09216e+06
1.05629e+06
10165
998457
164415
648449
57368
185060
609808
826105
922104
254383
1.60257e+06
550031
766852
973610
731819
1.0209e+06
583954
627130
80437
715229
192747
59264
106694
104801
933106
192825
495046
796891
1.21454e+06
164353
1.06784e+06
409788
1.87638e+06
851844
1.01589e+06
175655
154843
874246
1.02732e+06
822366
776395
427135
1.00802e+06
1.07304e+06
10132
35512
53002
727930
338960
170755
106214
814180
1.25295e+06
98725
1.02372e+06
949786
1.4859e+06
1.2021e+06
121633
2.16988e+06
2.02189e+06
1.52255e+06
2.9403e+06
839344
491645
1.76904e+06
901022
1.94334e+06
911835
916151
1.86347e+06
976268
21519
1.63002e+06
1.3389e+06
1.63172e+06
938450
412919
430059
215695
2.11376e+06
324897
1.38447e+06
1.67323e+06
1.19691e+06
1.16527e+06
412959
886915
60767
1.42181e+06
2.72268e+06
2.11979e+06
2.11611e+06
1.35906e+06
1.38639e+06
1.3802e+06
955516
453244
1.04675e+06
1.19376e+06
528654
1.8538e+06
2.25103e+06
2.46677e+06
1.53399e+06
1.22667e+06
1.979e+06
535049
840498
1.14707e+06
676644
893757
1.7496e+06
1.82084e+06
693596
927366
1.24035e+06
234451
100273
565751
1.64677e+06
2.06633e+06
833286
86845
1.62717e+06
2.26776e+06
10120
923011
208170
671934
1.11134e+06
1.12745e+06
1.61858e+06
2.43686e+06
552318
1.40977e+06
2.20573e+06
903032
634508
2.54605e+06
2.01501e+06
1.19685e+06
402718
1.18936e+06
2.03586e+06
509120
1.35074e+06
1.47997e+06
2.00104e+06
2.742e+06
2.05311e+06
2.33634e+06
1.2373e+06
133849
627594
687121
1.0807e+06
186508
745572
1.3006e+06
68189
1.06438e+06
81479
9106
729699
1.55269e+06
1.60068e+06
1.90723e+06
1.13754e+06
1.13185e+06
1.84694e+06
755003
93422
112274
1.1391e+06
807004
581450
1.5975e+06
1.48089e+06
972018
1.17054e+06
249639
90635
1.18276e+06
2.36725e+06
1.02701e+06
65881
1.59624e+06
165315
312895
1.07813e+06
1.94448e+06
2.59405e+06
1.41928e+06
