143
51
88
58
97
77
102
265
152
232
274
55
247
493
412
298
585
446
393
344
190
264
391
416
70
724
607
645
1129
196
1257
368
2264
279
421
1153
308
682
1123
1114
1370
976
890
1870
714
1909
755
1937
1560
388
723
1483
82
1032
1598
44
425
1523
3039
1789
1469
1720
1368
2934
4518
230
660
2126
1841
533
2854
472
1077
533
562
1313
1963
991
121
1651
1834
691
59
3528
2509
1389
1622
5075
2989
3880
1846
1960
1792
2592
506
1676
2719
1622
1640
4708
1745
6804
1660
3918
1899
4286
580
1031
4089
1182
2258
6331
5076
3835
2287
2865
494
8016
1347
916
1529
1853
552
8781
1910
4956
6619
4242
1766
3078
3042
2065
2288
1242
2225
3436
3272
3576
6522
5687
3726
6236
2147
4583
2927
5514
3408
2394
8617
5156
1316
2037
3547
2932
840
8690
2930
4018
3819
1189
3048
3526
990
3839
449
5121
1065
4869
3993
10176
4779
4944
11589
4926
2519
6288
2613
3776
4615
3154
1416
2824
5145
2833
606
2749
9075
1487
1184
1452
6322
2118
1880
4510
916
3048
3479
7280
3314
2649
4688
7364
3661
5955
1552
7422
2574
3962
195
3411
1676
6346
739
5924
2970
3552
4050
152
6747
3886
7105
4635
10364
837
5450
2356
10904
3574
299
8416
187
4001
8351
4178
3620
5711
3987
3233
5647
2798
12558
6976
6568
10830
4418
4530
8155
2500
4076
432
3832
9455
2074
2663
6277
6144
4331
7234
3156
3037
2247
6020
6065
770
16303
7663
7892
8040
2595
3572
5203
3023
7431
3414
2778
3511
3304
7087
9318
3917
3935
186
2177
272
7194
2445
1744
569
2186
2292
3333
3299
4566
479
5074
3332
9615
4149
4492
4365
5612
3352
1454
3262
3401
8302
287
3010
867
2806
772
9111
2063
2069
4849
4313
8950
3501
9080
5044
4172
4193
5359
6440
13529
4611
15066
3963
8877
4642
19270
7554
5846
4459
1852
410
2655
3746
10237
5411
6838
20496
4551
1442
7507
5401
7054
4948
9920
5356
8501
6212
2592
1486
2713
11706
10813
1454
6291
15720
2468
4526
5167
9489
4547
7243
1583
5607
3705
4312
12645
4758
1282
772
1478
11385
10877
8109
11187
16881
11746
14424
2046
1863
3367
3807
2495
11868
9976
8224
6714
4594
135
6588
13676
3787
3117
1587
1359
14280
7391
15222
6538
2116
7668
4459
4974
8345
6927
7697
4316
7439
5342
2222
2116
12977
3255
8487
8669
1176
11827
8685
7444
13052
11122
9129
2981
8782
7631
2232
12722
5809
7353
6819
9984
3342
4431
9590
6872
16652
21130
2177
5589
7873
409
8159
8314
5887
3777
1626
12881
12014
11641
3773
14998
20690
9232
3078
7223
8281
3356
11799
4015
13164
3623
2834
3637
8176
492
4886
11483
15434
12711
9381
1364
6092
6759
9051
11382
7228
1871
18032
7465
569
10151
6138
4104
7626
5666
9330
6451
11907
9214
3029
5551
3862
8038
3429
4395
3261
2174
8832
2566
6635
2090
7415
3974
6388
1463
5927
1170
1688
16006
8654
5685
6746
3613
9141
13626
7823
11758
793
9254
9035
2813
3219
7271
14043
18497
8466
9037
8876
7953
1907
4053
1652
2366
5580
3112
1966
3714
1683
6613
7681
2477
4867
2721
4158
3426
681
1825
2634
4374
6407
4138
1964
5293
5753
2559
2445
4011
5330
3792
6189
1702
2101
2574
3514
1732
1432
492
528
3431
4564
2990
2537
6000
2880
7625
9711
6096
4017
9431
1932
431
2525
6367
1047
11736
8550
2126
4488
2276
6983
7556
3167
6616
7909
11841
3778
3358
7477
4280
5983
6994
2104
11201
3046
7598
3033
7385
7500
11089
11498
7501
11778
4342
2909
633
3859
4008
6868
8736
11122
5865
4533
8578
7733
5480
5891
4653
3979
9515
10034
5033
612
4935
6299
2966
4788
8161
11246
5760
5717
2998
359
10524
3841
1338
490
3220
2113
4391
4313
6832
7181
8147
5890
2833
4879
8138
5216
493
6717
3069
4617
9582
571
4600
1543
11387
11340
7583
3021
1830
6682
5289
1103
3309
5585
12514
11709
9132
1307
3973
7331
5042
6637
4391
11226
7497
6184
9845
10137
3599
1337
4231
5097
6901
3841
948
23966
3661
5445
1618
2947
5758
3468
8558
9896
7374
7949
4699
183
19389
18656
8952
7996
8951
7820
7584
10906
4578
6718
10990
4810
17231
24475
6660
5274
5537
11779
7035
816
11763
2911
3413
5647
0
3340
6858
5500
8148
8137
2802
6304
21611
2636
25679
3056
23867
4819
3052
4737
8162
5991
1136
7621
15757
7076
7336
7693
9843
9343
4594
1051
15234
18030
10294
7408
4105
13273
16474
13466
6393
5638
1944
976
3926
15839
12262
6084
11159
22662
21161
16486
6239
10817
9014
27912
13015
11365
3507
14806
6119
7341
8069
4192
9464
4122
3576
2173
17197
7054
21108
2890
2284
4847
6393
799
9319
8916
6324
3624
3841
2323
13612
2514
4965
300
1964
3171
6653
9943
3287
2610
5842
12872
8360
8161
2626
11286
2177
666
14422
1948
10468
2497
633
3493
4576
3139
5078
9497
5781
2431
2678
5276
3375
5486
4251
1721
7258
3968
10318
2703
1968
7116
1471
5411
935
2806
6254
6197
1037
4984
8190
4649
4989
9500
737
2987
4724
1024
6966
7766
5102
355
3686
18749
6556
1925
5184
10188
9896
6748
6307
5536
13127
2980
6808
8650
3499
1813
5707
1218
5699
11301
9483
5729
1720
1017
13760
10547
8227
861
1542
3246
3040
9742
8728
7151
5591
2221
7325
5692
9515
6454
584
6840
1282
6783
14138
10949
9743
9709
7717
6188
13161
5691
3599
4475
9106
3903
8025
1469
6685
2341
6066
7410
18731
710
12817
6106
19058
18867
9132
15594
4485
15390
10835
8131
8774
10482
8825
8454
4259
3736
3142
6447
7007
13566
7512
3731
13044
4362
5322
4185
7743
6857
6890
16338
6163
3834
6589
8054
9048
2527
10689
5572
10181
4195
4571
5198
14184
11300
7891
8990
6231
4621
9386
6329
7033
3607
3078
9733
2607
531
2248
1828
3666
9333
2093
4016
1606
9693
683
5269
4175
3288
2746
4849
4805
9537
9061
8323
1051
8851
15372
2067
6502
4558
7755
433
9178
5377
4990
7464
5049
3036
11676
8169
28943
4640
223
6044
7355
3565
4091
5014
4094
4273
10505
5847
7177
2987
4418
16158
6940
4308
3141
4204
2172
2183
2649
9969
3067
428
598
3740
2416
2585
6723
3451
4219
4729
465
2442
1803
3416
2867
1038
2818
3215
3613
4477
3687
9630
6214
4460
7953
1554
3210
4630
3014
4435
843
5169
3841
1664
4763
3685
6246
184
7829
5256
1122
5076
3957
2432
5054
3620
4960
3333
3847
3755
4351
4094
4363
3956
3195
2763
3373
6646
11902
851
2815
5845
3143
7257
3770
2097
5970
4482
8787
4092
6918
6340
3983
5105
5734
3778
4698
3647
718
2849
3712
2751
5319
2762
3084
771
5837
6150
7553
1441
3618
281
0
3552
1636
5498
3174
4795
6306
7219
6025
2038
4248
5213
6246
3597
4617
3864
2643
5808
7772
3630
2126
6525
4607
2785
0
3657
6100
3607
3532
4048
4692
8139
4453
2575
10566
7750
874
3189
9756
3899
1208
450
5228
5372
4943
7434
6837
4917
1038
1019
4276
3541
5196
2432
5196
1722
4114
3017
2628
3606
3055
4552
4108
8065
6816
1065
3662
4898
2730
4554
2985
513
8198
4298
3005
957
7128
2382
4050
2234
3899
3066
1077
2968
2846
5008
2148
4077
4177
2892
3347
3613
3601
2063
6459
378
684
4462
4274
3144
6621
3381
6197
3105
5168
4003
4793
2443
832
6281
1303
6591
6145
4345
8918
3356
2493
5254
2271
3904
4838
3855
4241
637
8654
983
951
1115
0
3532
4924
193
2016
1427
2478
576
4096
2905
4372
1918
7091
10636
2889
8132
5092
2014
2571
9158
265
12435
9577
5007
613
8114
3478
4216
6107
8857
7265
11032
9634
11860
9867
4682
3989
1076
3337
6021
5235
10884
15017
6223
1089
621
6751
981
11203
484
9791
2530
11432
10305
1128
3352
4858
2127
5765
1728
2285
8813
7651
2177
6834
3305
10463
4729
3925
4507
6087
2859
2242
3497
9752
3345
3820
4266
5170
244
4604
5787
2335
3816
7798
2751
9396
13885
13411
12150
11784
9215
7111
7124
3356
2566
10303
5180
6440
5744
6675
2119
1671
5142
1082
1601
6258
1114
3319
1801
1372
1473
10693
8716
6440
3526
8691
2796
3665
4650
16591
771
7376
7644
6347
6831
3348
13682
12315
612
23754
14683
3025
3366
1297
9045
6841
537
1497
1487
2747
8033
5660
6749
12550
6488
9497
11093
9857
221
23929
3091
3510
1160
6601
5735
8433
5785
9696
4887
367
12685
3834
6623
6489
8877
10207
2728
13162
6667
4393
1992
2197
11960
8621
13462
7650
7802
1796
8355
1789
4266
7579
1567
8125
11199
1117
10670
3238
11129
7104
2918
8321
8779
14141
4736
2858
4722
4930
7569
7714
7365
146
6415
730
8487
7254
4090
1570
10095
6095
1295
3429
8736
293
7770
1224
11215
2378
5360
9831
5185
7402
840
8230
7114
3195
4529
6243
2719
13222
18331
12903
8085
7603
6621
13170
1790
3599
1343
11523
13022
8563
8746
8297
10386
5470
2675
556
9940
1455
11296
1937
10768
13983
198
7361
910
2439
6513
3108
1133
7292
8542
3435
15381
5348
11188
6293
10746
10689
5887
13738
7924
10871
4590
5457
8145
5756
1186
5562
11793
660
10292
5423
9966
2991
7263
14207
6192
10035
873
6707
1540
3081
11425
2562
6402
18307
10780
14736
7707
7602
4057
4197
5466
4105
8819
6647
614
6722
13392
5068
2640
6818
5164
11322
6252
523
1445
6374
6846
6658
7351
11173
6384
4657
4582
4007
4110
2044
5544
6667
4978
13785
8771
6841
9836
2707
644
1098
7644
2142
2006
8673
6903
2019
1017
1265
8006
4550
12959
8430
5293
6251
1499
1531
10250
3380
6985
542
4937
4789
1514
5766
1347
5688
21496
12552
9884
5131
14873
3245
1101
8966
6551
4807
2413
7204
1806
3583
1756
2127
5939
3309
5685
1503
8575
2149
7744
971
3059
5841
17269
2906
1715
6644
10074
2728
1547
2425
1130
6607
8210
2047
2830
6870
10944
3846
6852
6545
3310
5074
3965
4315
5650
9362
7556
5613
6158
4279
8016
2306
933
7795
4072
605
9159
8750
9087
3637
3661
7757
299
8346
3229
10491
3028
3808
9058
4507
11832
7171
7489
11129
2834
4246
1077
786
3093
443
3809
7693
13725
7329
4766
9496
8202
783
15465
4081
6772
11105
9523
7610
3829
7569
10481
3349
3795
8254
3047
3555
9279
10599
7492
14866
10464
16896
1461
13718
3082
6681
3279
3847
8425
12009
8685
15446
2031
8915
6481
3100
20945
7315
17688
5489
16351
2067
205
10082
1532
8669
14620
13291
8751
3469
3221
4465
1480
1554
8711
1632
9652
3853
2889
7394
3682
3390
6396
4709
9217
3754
5875
5910
7980
9288
13526
595
0
6903
15793
7210
9320
11677
7481
0
8163
1887
7148
10957
5894
5893
4184
5911
477
2819
1306
1602
1805
3730
3555
9214
2679
5831
6771
12510
5125
9967
4882
3685
934
8356
8257
2358
14658
6366
1459
3129
4974
2584
1489
2431
9752
3406
1342
2989
6259
4349
18381
7386
19473
14274
14898
10819
6546
6276
5361
8876
9913
10064
3193
14491
13106
7764
1187
1641
1234
6213
9561
11161
9963
11187
1660
836
980
11549
8610
3820
12537
11446
5836
5202
12370
7582
4491
3003
5892
2409
2793
0
13229
7695
3812
14204
2563
4706
1954
9283
758
4873
6279
12610
11609
9336
5629
2334
4407
4150
9557
5927
3205
3035
651
7301
558
3879
9376
8905
9752
2500
7320
2779
19013
11107
10765
5303
1740
9626
1425
1797
3296
5928
5859
0
15749
11970
11749
713
10306
9525
5490
1159
11274
13065
7037
9878
14676
9079
3075
265
6153
2482
1568
1420
4195
1748
5247
3492
3731
8096
1671
11629
15192
8983
886
13428
10535
7442
5940
3527
712
6689
8301
7699
5352
10220
5352
16480
6985
15973
2172
2629
13975
6105
14217
15343
1561
3713
5132
8843
5141
7778
5581
1213
2687
6775
1708
5940
11830
16263
19091
2167
12835
9171
8120
7940
7849
9069
13353
13339
7286
11739
5827
6950
13011
3760
9569
7892
5545
13070
1259
13326
2076
14030
10235
4736
9708
18860
23020
4834
7397
1923
7616
20339
15643
15614
6204
4539
14859
12772
9524
876
14135
7596
9047
1127
11590
12574
5485
23720
8593
9277
10868
8186
6537
18278
7017
12671
7212
14384
1128
8539
11981
6535
941
11865
6389
349
1356
16561
1768
4913
3512
8866
12521
2009
19535
6844
15892
688
4554
6434
11131
2863
11785
4110
279
13552
777
5145
21377
1151
10386
13767
10786
8600
16505
9990
14265
2776
6922
885
6928
1529
13984
6080
6894
0
9846
4949
1599
1080
8281
1140
6953
4984
2231
6496
7725
3468
3679
2592
2594
5368
2952
10859
6431
9420
6616
6776
4135
8899
1139
954
14950
2892
973
14964
469
6629
12117
320
10232
13735
714
8181
5134
13539
8623
6603
18959
6060
6280
17741
2418
4711
916
13972
8595
3090
3869
1219
8255
6123
14403
19184
11145
18622
9189
1833
3871
14952
8867
1904
4052
856
7147
1531
2719
749
8360
9385
11456
8508
11952
7489
9075
11736
4298
2029
5227
8932
1417
13331
7968
3389
1363
5577
5533
3421
770
2227
733
8497
8012
13348
13211
3758
2392
1825
9139
10816
2122
5050
6590
8332
13241
5111
5156
3218
7846
0
6186
9435
11058
7992
3253
4961
5061
12776
6896
11454
3993
5578
2642
5580
1254
6862
11150
7222
9978
10214
4375
8789
6400
6751
12517
12048
14083
11725
28109
891
9284
481
2324
10028
3231
5357
7387
722
8318
12166
11134
3454
6495
3039
3036
10711
8973
14816
12581
14555
16405
10654
8262
3658
6188
4590
9150
1679
11768
1529
6964
439
7885
7222
441
7995
1386
820
6314
2161
6840
3577
1721
3881
6895
9423
817
2573
2259
9542
6790
1532
3575
5895
5231
5299
1845
4109
7175
4223
2866
8413
6036
8150
5499
9249
12198
4692
7518
5388
2756
7209
2551
1176
9554
3701
4707
7805
2977
5984
9102
2572
8035
2492
2918
2528
5249
4582
6176
10381
5079
2079
800
4844
4668
10023
10127
11773
8695
10173
6745
7020
5721
7877
5333
7488
1848
5013
10857
4774
6095
6132
6848
1789
6835
1790
7018
5701
4805
3904
3948
2565
2526
5113
2664
4340
1961
1819
3232
5171
217
6526
1047
1635
5757
4089
3435
2779
8835
4056
10849
8117
9768
4983
4400
1178
0
3289
4674
5098
1598
7695
5122
1514
9334
3287
5999
5809
3635
6341
4753
6685
5166
6509
3291
1333
5688
4346
4344
162
476
5389
1897
5593
6976
1540
6560
10021
2657
7633
14126
7639
3585
4170
8246
7640
5625
12355
874
11016
10140
10465
1544
3880
1736
3562
8543
4773
7606
516
2970
6514
802
716
8283
1151
4314
1428
208
9742
1933
1388
11403
4598
9019
1017
1344
4476
280
4511
3076
5764
5790
3245
1072
1548
6474
2266
4050
272
2811
7747
6883
1132
670
8203
1621
9066
2567
5391
1593
626
2171
5130
9865
6491
7082
711
3213
3161
0
2989
5013
8048
3229
10757
2367
4504
1753
2004
7492
6664
6811
9131
570
2993
7834
6745
3315
3508
972
2120
11629
6935
448
2676
4578
249
6925
7378
205
8031
1469
4595
1408
1448
3110
4534
5921
3705
8184
7423
5572
6443
3566
3557
7199
3808
2754
5869
6009
3303
242
5763
7879
1455
4696
2852
6063
0
3088
7683
3288
8495
6880
1616
747
1620
10296
6390
4256
1167
3468
4589
11986
5361
11133
2333
2974
13568
11543
898
5504
5952
1354
5610
1985
4789
1224
3921
970
8579
6683
9789
6285
4966
2966
3812
2026
6436
579
1412
597
4843
6415
9129
8758
3870
4927
372
4298
183
6149
2124
5252
7765
1658
1743
5627
2991
9590
7314
6528
4644
7310
5378
3332
3256
1134
3535
3362
9385
7107
3164
5417
259
5419
9385
11186
4349
5193
7329
3472
1501
671
745
7285
7254
965
2199
5832
7948
4884
13531
8468
5441
1813
7436
9825
2024
5537
8407
4503
1538
7146
7281
4832
1046
3675
5070
4786
5136
311
8065
5407
5126
7972
4561
1287
7018
4967
9322
2413
1385
8484
1888
2488
3108
2443
4314
6586
728
1907
2283
3530
3162
2476
530
11571
7247
1743
3398
10686
4398
1218
2067
4248
7241
6786
5917
221
1589
9480
830
7229
3908
10104
2572
3895
4197
3256
991
4187
296
1059
3995
466
2247
1115
4538
4585
2364
6739
7838
3305
5163
1808
3156
5117
2628
5644
5736
3778
6736
7008
7181
5514
8878
2043
6705
10761
3964
6789
5492
10238
2612
4262
9710
8400
11757
10411
3351
0
9284
4796
10588
6959
4607
9875
2430
3526
14606
2212
17469
8908
7064
12388
1888
10256
8134
5622
2149
1686
9595
2218
11689
2364
6950
6702
1846
1073
4562
5180
9210
2133
6412
428
1282
3814
7086
0
8660
957
7640
5829
11655
594
7008
2426
6194
1999
11753
746
8914
9915
10056
2594
8720
10308
2663
8782
8481
1237
264
5796
8877
1415
2337
1745
1765
8763
6257
2897
6354
10076
2318
3114
3295
2426
3305
9058
6973
10610
6069
7442
4601
964
9090
417
8248
11685
11544
9249
10492
766
12089
4865
6752
8684
6658
4958
1060
10054
4364
10685
5537
7200
4739
6284
1474
8025
11826
8190
11590
8767
11569
6680
6386
4635
3337
3425
7165
10803
4103
8720
3821
3384
5177
11003
8494
435
6322
8921
852
1745
1743
4334
899
8751
10773
1615
7653
6444
3745
5084
10662
7349
3291
2615
2223
2076
1748
6846
7279
4668
12334
5888
5527
4881
6065
3580
6439
238
11957
7050
2752
1297
0
6045
11894
7057
3623
9091
11192
8368
3049
1481
2596
3641
2350
5138
608
7524
1632
15353
6763
3339
1369
1786
3904
1793
1143
675
7784
3185
2473
3220
3443
3352
152
4427
2926
2773
4594
6362
848
3913
12763
1325
7241
1858
5245
3610
1408
5217
10396
2903
10660
2869
389
574
3503
7740
1437
970
4452
5452
3820
3629
783
4747
1765
1662
197
8851
5527
9954
2485
8292
0
2989
2595
5157
7338
0
2194
6228
1031
8898
2963
6290
1365
721
8256
9803
4504
3789
5223
2204
4813
11922
5183
11586
6781
416
2860
4385
1679
1032
730
0
595
1123
11313
1115
4213
1027
3394
7590
1373
9074
2750
3780
3219
23401
7885
172
12098
6563
6016
5054
6614
3292
4476
6342
4592
11890
3522
9778
819
257
2086
4719
703
3363
411
2992
2635
1749
4680
8979
1128
7237
4918
4794
1645
1966
6139
8091
667
8060
2225
4389
7149
4742
1904
151
5003
7422
527
9958
8583
2018
9765
12145
8936
10423
3327
7077
8559
8818
7269
10849
398
8960
10734
9394
6672
18807
0
9149
0
464
2391
8712
8479
7360
9916
15081
11518
11732
11329
1413
10066
2053
8476
12491
11927
11330
2231
9504
10791
4841
11863
8003
7656
11067
4577
1881
11528
12778
9690
10623
6464
11869
3782
5919
5986
9335
7844
262
9609
12212
2674
5263
11720
260
862
350
10178
11856
8100
6924
4927
8699
3102
2988
2296
4244
4606
2049
8730
2711
1506
1878
3165
2609
4431
8078
9322
6594
891
1369
8912
4878
1929
1174
14924
3075
1648
8267
8797
1734
1855
6113
3109
600
6945
3757
7057
2909
7326
6045
344
3657
13911
4467
1306
6560
257
1898
5655
8024
746
4353
1161
1294
6757
5124
7155
819
1780
4643
256
688
3286
8314
1983
7796
12019
4849
283
21471
11543
6638
622
4049
733
1893
3244
4087
788
2789
4054
1192
1043
1872
6884
4911
5153
3377
3524
5439
1387
2621
7815
9695
1327
12882
1057
4544
1835
5471
8351
1265
1408
401
7440
6263
2167
294
893
6097
8217
5258
7281
4273
3506
7337
4881
5798
428
0
325
17994
3380
9517
8884
1617
9224
1840
1666
11305
10136
1265
6331
1287
2425
807
4190
0
6660
13326
2387
5501
4685
2886
3582
4400
5096
8817
3829
2240
5660
1646
2816
405
4755
4672
6274
1158
10430
655
0
5888
8078
359
9153
10521
5057
6815
1751
1155
8553
9694
10037
6877
6377
3568
503
1218
435
402
2826
6351
496
6219
4258
4097
698
4723
10174
9951
1097
7098
7991
8793
2359
302
3155
1816
1690
4157
1308
4122
3906
4302
1236
3314
10419
2179
1892
2841
6617
11453
970
7380
539
11409
1105
3740
1516
4994
2076
7779
764
7785
2775
1510
2470
6620
7620
1544
6510
4753
3506
0
9650
6257
289
4555
733
2725
875
7817
7118
3617
4328
6031
2734
4268
2731
2136
5857
4674
7535
9309
1913
694
5189
7927
328
605
8359
4169
8706
629
4500
2323
10030
2284
1355
9978
7344
12163
9597
2526
0
9140
7956
10692
9028
7736
12650
2855
10563
4613
11077
1994
8346
12978
265
11863
2886
8006
11095
8269
6127
1997
7204
2408
7844
9104
10010
6344
1642
1073
3872
3471
8968
4169
1197
3175
1719
827
8234
1284
8580
871
3454
12761
12768
2373
4810
9068
10341
2340
2794
6207
4568
9305
3384
2711
3860
2577
1608
257
5076
0
2987
9488
8609
1019
5434
900
5566
4152
463
5678
1943
1071
9284
1615
2117
286
10097
4487
173
4347
1417
6555
2500
891
7783
10173
2130
4108
828
10765
3356
13868
3532
1389
7749
7034
1368
12283
1939
7187
5268
6862
3462
2006
3645
9779
7517
7437
7105
10121
6830
6746
454
4949
3238
4703
3520
5580
7158
4324
1426
5491
1000
7485
7451
1743
4690
4803
6933
2114
6661
6117
6352
0
7732
5105
9530
1429
9632
2446
2610
8830
636
6060
10133
10893
7440
5298
2343
11095
6074
11772
9841
8773
429
5217
12193
5340
9405
3275
5712
1343
1368
446
5962
11046
9455
7830
1848
777
2986
18471
3039
12279
9904
9940
10735
529
11480
8213
10284
12180
11969
302
12978
4310
11563
2366
13469
11865
2656
8187
2796
4450
1579
4292
9729
1817
7193
5625
5057
11070
10753
3976
913
2274
7759
0
12998
11003
5747
9627
11268
12030
2318
13023
3500
2356
3134
756
12439
11731
3519
6248
5667
12931
9119
4488
1291
3177
11295
3268
5098
4254
11326
11049
14329
204
11433
3754
5826
9935
6545
2142
9826
11226
13107
303
0
3358
10096
21760
11036
24180
9774
15713
1279
1475
6864
10482
8946
472
1636
9979
3351
791
1660
3430
13316
3042
306
0
1628
3686
938
12362
1462
18530
9952
4463
13768
8842
10061
11924
4274
6519
3655
1878
1898
1347
1721
7570
9311
3354
1243
995
0
4417
1239
7740
880
1565
2285
11041
4288
5824
10018
0
9234
9024
541
10992
9143
2382
7023
2308
0
9226
13862
9858
10322
906
703
12628
702
6354
8916
1494
6918
186
6992
8773
7087
5505
298
3427
588
545
1143
8312
272
2077
4593
2136
468
1079
605
506
3052
5125
769
2153
2058
3123
1997
8902
1351
9922
7235
500
6413
0
2541
2493
5165
1064
10304
1562
2571
9369
2850
10146
6560
1126
10588
12865
0
4359
2590
7650
9941
801
509
608
8816
10404
0
7398
2900
7564
424
9118
600
3876
2109
1927
3282
15391
1829
12440
5376
1264
5399
10397
2217
4457
8624
1254
10820
6062
1430
12652
11134
6305
1553
3047
9958
14071
4902
15421
1339
3518
11498
271
3034
1099
1523
292
4271
9994
1693
5119
677
2291
9660
9820
10566
6680
6829
10815
5550
13038
9964
2049
10374
4973
1272
891
9652
0
1809
296
902
837
13266
1232
4691
4223
0
1221
4616
2397
11185
0
3476
2869
5971
467
5640
3605
6737
181
2324
0
5492
1590
642
1412
7735
966
7067
4693
552
6496
6723
0
2775
8765
7126
7916
3695
2965
4497
8910
8644
2712
5357
1306
5343
6183
1691
339
4719
2404
6141
4886
6561
5113
1963
2859
1324
4196
10534
751
266
9758
4610
7220
10575
1809
12260
1508
1071
8438
9403
11897
1592
3840
3440
1304
10015
6856
11205
7901
10376
10049
6820
4521
9917
8756
8544
9803
5459
2117
4251
11174
5383
606
612
11218
10743
320
12086
2827
3555
2104
8782
11560
9746
7835
840
3695
746
10616
3776
13528
10117
9878
4987
10623
2652
1040
10955
710
2779
2002
4666
2656
1229
1607
6521
3847
2160
3481
5806
10031
648
9535
2580
13305
9264
14441
654
2600
618
10116
2177
9501
2181
8504
0
286
3933
9746
415
10006
408
6201
1033
4401
4041
789
599
9033
10001
2910
5221
10808
10735
5367
2603
9391
1737
3868
10609
3472
403
2059
2168
661
561
5972
10910
1139
0
10460
11087
12891
10737
10550
10348
1205
11922
14245
12167
11567
22289
13100
11472
12590
9407
11888
0
9372
0
11435
9630
11212
10388
12149
9254
13055
4324
12045
12085
10795
1867
0
11999
12437
9973
9192
11319
11591
329
2219
11657
12490
0
7786
1504
11503
9475
13750
9934
8906
653
9233
10515
2538
2611
1571
287
5324
5525
1597
1960
6377
10600
10895
7601
7490
10445
9423
1143
6781
1073
696
19600
10308
3265
4180
10090
5463
0
9459
1239
855
2291
9819
2966
7517
1630
838
6844
2669
3128
6454
9401
6330
9010
0
5168
11060
6238
1273
2135
0
0
2085
209
1285
9325
10168
2089
12049
14724
4426
2840
2383
4309
1675
3324
3177
4684
5479
1615
2500
8067
2790
7800
6185
7013
1858
9197
8929
200
2723
4729
8068
4094
1682
7919
714
12088
9633
809
443
2884
12739
323
2739
2007
10734
8555
2250
538
8632
1378
8156
5295
9234
865
16496
9312
1664
6581
11187
8122
2601
13205
7848
13253
7689
3426
12024
3475
5968
2602
14791
7235
3964
12403
2929
10011
12190
5378
3298
471
1355
1733
740
8989
3024
3320
5720
976
11730
11552
10150
1934
7668
7799
1033
12105
3825
9328
7483
1840
5050
3770
6711
199
11546
3814
538
5782
9742
8139
2512
2507
6997
10117
2718
13996
10440
1698
7840
2380
10396
9832
3551
6335
7087
1860
1905
296
15684
4422
6950
942
1609
3061
6523
8194
4822
14392
8276
8213
5802
5983
12535
593
11230
11407
4120
3174
448
2547
5051
501
7131
5427
327
2014
7595
5016
407
6450
264
2851
4200
6950
2998
2508
4756
10613
7507
10451
351
6807
10717
8043
13175
7993
5875
6834
3435
1857
2820
5226
11879
7257
5580
5213
6265
5303
7110
7874
7775
5852
4681
1317
7390
6516
6207
6523
10475
8557
11592
3573
4273
1813
7046
13588
6334
7965
3206
9834
9468
0
7306
19336
4163
10039
455
9576
11266
16073
3862
10588
10677
12571
0
10293
567
1129
3087
8127
1212
10795
1317
8613
11346
10507
600
1485
5942
10106
1237
11077
11449
8714
12009
11266
19321
11576
13781
10996
12542
10568
1247
5089
10395
482
10982
9404
14593
10282
2833
893
5755
11561
3023
12424
1186
4985
5402
7831
6155
12811
11279
12005
10180
10853
2985
12326
12030
6959
1023
12510
10488
10513
8639
795
15391
10350
445
9505
10483
10881
8772
2973
1971
9205
1261
9900
279
364
10962
6243
8892
10954
0
12513
8195
8872
7923
367
7359
9689
10201
2239
12374
11778
11264
7619
1141
13360
15928
12528
3185
7186
8801
1573
10583
228
1113
11936
11283
13729
15078
10279
12764
6835
13642
12952
782
7371
11151
13877
13072
9421
303
592
4828
13628
17647
9508
2519
12429
0
12115
7603
8590
12650
8976
6561
1122
6595
7036
17123
6536
8103
9651
3754
5143
5118
1353
6394
6361
1011
6216
1787
11231
6883
653
5517
6964
9752
16415
13683
4445
15201
2266
6638
7776
9306
6615
12597
11776
12299
4966
16766
12693
12441
6314
1745
15943
12234
12456
11851
15513
14502
0
11033
1121
3708
9593
12126
0
11654
1911
8009
971
2610
7901
8926
9444
3737
15867
6836
9279
9205
6936
9609
8343
8680
993
8574
2487
923
1562
1623
9161
2173
7143
6921
12777
2281
10711
5804
11080
7552
9718
1620
1224
11359
9202
10848
9759
4383
10642
12964
312
632
750
10690
4449
2069
1528
10407
13362
1712
10882
10138
10960
15780
1115
24879
20132
17731
24742
10010
6546
17023
21634
22089
10979
8349
22155
11457
0
20557
15654
19486
13174
7237
5355
2365
21420
2846
12838
18156
11965
13370
5806
11067
546
12306
22245
19183
19769
12637
13185
14172
11532
6092
12811
13261
9141
17097
21975
23931
18197
14987
19238
8395
10552
14597
16823
10979
21863
23208
11217
10933
13700
2722
1416
12545
19210
24236
20462
1065
17063
22758
0
10719
3367
8491
10084
11514
16763
21837
7377
14780
19255
10213
8397
20611
16454
21233
4664
11770
18528
6221
11044
15013
19625
22089
19580
20555
14485
2012
8397
9976
13993
3185
11560
28121
978
13521
1013
172
9525
18410
20350
24647
14944
14006
21647
12024
1958
2021
13178
11764
10204
18515
16436
12017
12888
3659
1898
13346
22382
13344
1082
19201
1140
3031
10159
18522
22391
24145
