215022
182362
129707
83462
19867
0
332923
501997
0
224028
762015
0
43164
237759
874888
90956
901354
368610
916341
0
0
0
0
0
0
295974
0
314892
1.04396e+06
83250
0
164560
2.19571e+06
141305
0
701013
49226
153518
428995
843950
192705
311858
277231
863808
167979
364594
404670
791987
0
59514
22100
525533
0
0
220211
0
0
0
72037
1.3497e+06
23330
165626
353133
373062
1.13793e+06
0
0
325693
214074
0
571600
159820
0
0
0
0
508611
0
0
0
128338
0
0
52374
0
776325
0
145650
402835
689191
151653
216045
1.20518e+06
25688
0
145580
334331
103049
127966
610369
187579
560276
0
455440
0
0
46497
148799
715802
249247
398190
2.30043e+06
528837
1.41697e+06
0
856150
62516
1.48651e+06
0
149633
0
388464
120113
1.55567e+06
0
1.81737e+06
1.49801e+06
200219
20711
437274
0
231861
0
0
168855
0
154012
0
936177
680858
547896
689302
439285
629064
512307
0
0
522436
1.29556e+06
0
31522
309751
187109
246465
86177
199562
0
48630
240604
52167
187526
208751
49206
266642
0
0
140311
1.30506e+06
26983
645369
0
107731
63779
622802
271327
325106
288592
77580
343813
0
0
121893
24401
0
0
134960
0
19526
0
0
0
0
0
11641
0
0
0
30044
0
403855
1.34906e+06
19485
46676
0
0
0
21165
0
0
69226
96041
146636
0
243974
19883
98883
0
0
0
49019
244400
32209
119709
0
143634
71045
370209
0
0
0
0
0
0
138357
29045
196261
35338
21030
67632
0
0
40673
86432
0
113776
0
582553
22701
40573
0
267174
269918
568810
262568
353509
561735
124802
733290
338794
0
68248
0
0
51256
335889
442414
441162
0
73843
479565
463612
192931
514914
91679
0
0
19008
39494
59155
9658
201356
0
0
0
26178
0
0
0
0
0
148762
175150
148668
0
263685
158379
61232
0
0
0
0
115385
0
104835
155476
115675
0
40847
0
0
0
198669
47593
213272
432461
0
347386
0
0
233325
88284
310242
58988
0
0
41265
83841
0
36860
0
749369
428424
114359
0
0
0
471177
0
521689
279929
0
419741
209267
0
208680
173028
60723
22185
13202
203980
356427
0
0
174473
108770
0
673124
266021
111827
480695
0
115712
45692
147172
0
195406
46336
13840
0
0
135652
1.41814e+06
13161
21176
376128
233877
0
25255
339651
79934
54735
192407
0
47605
172734
0
20156
0
152461
0
0
48499
0
48451
336799
60524
11361
0
0
146678
130011
93206
0
0
72873
13587
33680
76858
140570
162915
0
33257
175753
59892
70774
213035
104997
193659
203318
19982
190611
129466
278776
184377
73034
232246
0
424736
49502
44746
109807
454441
147068
152904
141082
0
76652
0
11743
84180
0
0
134713
41089
0
188250
169635
0
0
0
0
129872
248828
163040
0
171455
471651
10887
0
79439
225498
202130
89121
621591
586734
461463
25818
72560
0
311253
393126
13506
0
105973
0
0
38269
40748
171598
0
0
92880
81366
9527
374270
0
262166
161345
0
53526
93859
37846
85822
0
754045
0
0
155043
58474
0
57458
21494
0
240956
15766
251459
0
0
0
90984
14463
0
505904
86290
80749
63100
0
23219
0
120115
277706
0
65262
33544
0
0
42003
302463
200178
77192
0
200247
10565
19879
40239
10495
0
73790
102397
0
0
24967
11569
51479
0
69920
0
22761
0
0
0
81658
0
51991
45717
20652
0
132915
21649
18244
9827
46002
0
0
54097
70573
78513
107939
40073
30104
0
0
0
109077
0
97170
49558
0
0
0
0
100183
0
0
0
0
0
0
0
72311
71216
0
0
88065
0
42566
45573
52057
34429
0
59269
28501
0
0
69634
121082
90455
41680
74528
0
55829
63253
111904
511109
0
0
0
57726
52216
81939
0
0
0
669278
229307
49935
550304
189802
21937
261310
55955
0
36685
87005
0
0
0
0
54646
52276
16886
157571
233395
114433
81969
0
207046
66725
19940
0
35352
57135
0
32288
0
0
0
0
63684
0
0
0
0
0
0
0
0
0
0
25389
0
95118
0
51742
0
0
0
0
144236
87182
152058
16005
0
114709
0
45890
71762
0
21571
0
54404
0
0
54351
0
0
0
73043
0
20437
0
108467
0
0
26300
215467
190394
41506
39365
638479
0
94154
44116
0
113113
137775
41204
0
126177
142141
214672
313226
26175
0
294387
134745
190616
18840
0
0
43570
0
0
28323
0
53353
204306
0
0
148977
0
156005
0
0
0
237412
357177
125907
328329
75167
157964
134858
0
36256
21277
0
100160
0
38767
21352
0
573244
0
0
31018
0
0
179043
472854
177344
0
53612
659748
62138
54578
0
19945
0
0
227603
775154
0
181459
242660
149459
0
37683
54366
1.10983e+06
227040
0
51130
0
237000
194641
92356
387689
0
34430
0
0
0
1.50106e+06
0
241299
0
0
0
0
0
0
535784
492899
127865
0
0
97418
203051
633370
0
0
0
56399
0
0
0
585247
51166
127105
0
0
0
0
0
50293
0
553214
0
0
379978
0
307006
0
0
383119
160705
74219
306946
0
0
78493
0
55240
0
676048
0
0
0
0
513575
0
0
0
0
0
0
938983
0
455855
0
0
0
0
0
0
633372
294082
0
0
0
559376
0
19816
85092
0
229412
20713
409793
0
0
59459
409931
69504
199278
0
22242
22654
57073
732144
43535
0
25740
99155
215053
23579
0
0
27252
0
425244
23702
0
0
50319
69269
0
20940
477215
0
0
0
247051
1.05009e+06
0
0
42753
143881
162118
169836
151564
9723
63700
33209
54328
121093
0
52347
184408
0
151232
57422
0
297664
0
160434
0
22327
88398
0
186669
0
125078
110497
0
0
145843
93310
0
63410
182292
20992
439821
198209
42228
231631
0
23528
89793
22834
27913
0
239259
0
0
25363
28982
979682
53483
114755
26930
447525
106506
55331
0
125359
0
228282
20930
11952
57249
171565
89881
0
29090
100560
103948
0
19833
0
0
0
231097
77918
223065
0
897150
0
248316
72785
0
83585
0
217886
0
52040
193942
0
0
75268
40168
150307
0
26193
0
133502
259256
55556
138048
0
0
0
49517
0
0
0
0
0
0
0
0
0
0
26464
25193
0
0
0
0
0
0
0
24098
0
0
0
0
0
0
0
0
0
0
32363
0
0
0
0
0
0
0
0
0
0
0
0
0
25171
0
0
130029
98752
10333
22214
0
0
0
0
0
0
0
0
0
0
0
11504
25431
29884
0
168693
0
43279
0
210528
38412
0
0
38032
0
0
0
0
18450
0
91563
46376
0
0
0
0
0
0
0
86682
0
41528
0
0
17134
0
0
0
0
47488
0
0
18713
0
0
0
0
24047
0
0
48201
23457
89706
0
0
0
133780
0
135766
48995
127194
28172
47313
27797
0
178077
99338
18596
76246
0
11994
0
62294
191017
127907
0
111448
69804
0
0
455558
67618
127646
72440
0
124485
86644
109387
0
55912
109830
27993
0
66722
0
0
0
0
59526
0
58415
123005
0
0
0
235807
19236
24027
316907
404677
0
0
0
29389
0
0
22037
389078
67020
0
0
29661
623849
0
37524
0
19085
0
0
0
235866
0
0
0
0
0
0
0
0
0
0
0
28013
0
0
0
0
0
0
13564
0
0
0
371292
0
0
0
44741
38144
0
93191
139949
0
46097
261117
0
0
0
0
72129
114362
14508
0
0
204036
31032
0
0
0
0
0
0
0
0
0
10469
0
0
0
10192
0
0
0
0
0
0
0
0
19607
75144
0
0
13536
0
168180
180274
59505
0
141310
26464
0
38094
76739
99008
192190
75955
53332
20279
149605
101191
32501
29945
0
0
175338
278161
48476
41105
0
101070
83345
0
0
63781
0
217611
0
0
93753
24720
0
78315
0
0
0
0
0
51114
0
24261
0
0
78082
146840
0
22006
27249
241269
0
0
82229
55732
0
0
81911
12377
21680
533663
0
29239
411794
25895
0
116200
0
82047
147258
108500
40004
1.99417e+06
37028
0
0
0
0
0
0
0
0
0
0
64785
0
0
0
70323
62564
0
0
33752
51426
0
0
56366
0
0
54203
0
0
0
21084
0
0
87312
16457
10106
0
0
72131
0
0
0
0
57336
120899
0
40142
87555
22878
0
0
53471
0
318648
0
0
0
61938
0
0
0
78272
213895
0
0
20117
0
38495
29113
41216
0
0
0
0
0
0
0
40913
124597
0
0
0
0
0
0
0
0
60694
0
0
11501
0
94968
28405
33479
27153
122571
0
0
0
0
0
0
47439
37518
0
173620
0
0
0
12169
0
39026
0
0
0
57470
0
0
0
0
0
36018
0
0
143009
0
0
0
0
0
0
0
0
0
0
0
0
0
135327
103695
0
0
0
0
0
30465
102263
29133
0
0
0
0
0
109716
20818
0
22137
0
0
0
0
0
0
0
158448
23415
0
0
0
11896
111427
47129
79746
0
13572
0
0
0
0
0
0
43494
85065
0
0
0
0
0
49266
0
0
0
0
0
0
67940
34101
238609
0
0
0
0
0
0
62926
0
20152
0
0
0
0
0
0
0
0
0
110100
0
92055
0
0
0
11082
73667
0
0
0
0
0
81978
21748
49790
0
0
0
26410
53103
0
0
0
0
0
0
16350
0
0
154215
0
53567
19296
0
32092
0
0
0
107447
0
0
0
0
38687
0
0
24173
0
9651
0
0
79258
197246
0
0
0
0
0
0
0
183636
47900
29488
253707
52962
0
0
0
0
0
57704
0
0
0
0
21517
56304
0
43475
24967
32180
20568
0
0
0
0
0
0
0
0
0
0
22572
0
0
0
41097
0
0
0
0
0
0
65486
51532
0
34495
0
0
0
0
0
0
0
28986
0
23298
0
0
71218
20408
0
0
0
85636
0
0
507197
21227
0
0
0
0
0
0
0
0
59094
109473
58246
0
60927
0
154886
0
0
58562
96061
0
0
0
30417
0
0
0
41712
0
0
0
195526
0
123868
91966
33627
73141
42453
25081
0
58885
35925
134620
435056
0
69499
0
92195
0
0
61220
184708
0
70468
1.53218e+06
237020
0
245655
0
41361
0
0
0
177474
46237
29484
0
26197
45897
151974
1.20534e+06
0
360051
0
89471
291485
0
195632
65836
0
47020
128560
44363
66616
378820
0
0
0
155636
0
0
0
37234
0
0
0
0
32972
0
0
36620
0
0
0
0
0
36858
0
47672
44853
0
0
0
0
28282
0
0
0
0
14320
0
0
175493
0
0
0
0
0
24049
0
89218
0
0
0
47786
0
109480
24672
27765
69449
269341
45221
0
75863
146983
0
0
110896
0
79795
0
49696
0
0
0
0
49312
0
0
109534
0
0
0
0
0
0
0
140148
0
44214
0
0
0
30282
0
0
26760
0
59035
78099
0
0
110840
10437
0
0
0
0
0
0
0
0
0
0
0
0
0
22333
0
0
0
0
0
0
67099
10030
24790
31514
140699
151587
129419
81075
312427
0
0
0
0
0
0
0
20501
0
93393
13489
166899
0
69670
163092
0
0
152552
764393
64704
64004
87029
31147
77340
0
0
0
0
0
0
30737
51320
0
39034
0
0
46507
19449
0
0
27101
82781
0
0
0
0
146812
70192
0
77127
0
0
154053
0
263183
18516
26082
310251
10936
223897
89423
0
0
10288
177325
34616
138186
0
0
0
124745
0
59865
59035
394928
183889
11967
149604
71150
172116
0
35811
116571
0
257686
0
162569
114982
116440
43305
81533
0
0
0
0
0
41267
80310
153959
176173
465222
0
138264
73804
0
0
0
0
0
113591
0
29820
31570
88041
0
118604
0
34149
42426
0
0
38137
0
0
65560
76432
225719
0
0
176661
21938
111846
0
0
12419
0
36093
0
27596
19301
0
0
0
0
0
0
0
10931
99215
0
0
0
62092
138986
0
36729
29925
16351
0
0
29664
0
0
0
42634
171713
0
61305
65363
0
116348
83689
18090
0
0
60352
0
29297
0
200149
0
0
0
23505
61121
19545
0
40334
0
160042
18756
49825
172018
19273
9673
23733
0
31958
0
30790
0
46243
63524
0
38809
0
0
0
0
159060
0
0
56371
0
0
11405
0
0
204549
0
0
38012
0
101572
0
83879
14050
42669
21740
43585
41599
0
0
0
25793
59228
10648
0
64346
475798
79418
0
0
16648
0
0
48954
0
0
0
0
0
29372
46182
0
51861
0
45573
196920
0
81472
60682
77958
0
18648
0
0
11769
126251
50529
73881
33798
110971
65444
80842
0
96050
0
149537
89230
164374
245311
13172
0
12455
89904
166754
0
28417
91956
112130
150308
67638
413555
787780
55908
0
0
86021
60399
0
41092
0
0
0
69386
0
0
46301
10390
0
20156
0
43187
0
60301
0
0
0
0
26192
201734
107675
56766
1.03939e+06
572420
9662
197907
0
179180
77298
0
160876
49280
38152
202012
200106
173707
56011
48496
0
0
0
21082
84464
23316
177886
97666
0
136341
177467
44341
64861
17015
45676
17575
49373
163442
0
182231
78543
0
0
0
0
24060
203509
251026
87568
0
0
22171
87000
14369
397308
71220
1.00914e+06
0
0
54166
64576
89291
72997
82069
141546
195271
146114
89094
219686
71441
284120
35936
145496
220205
355110
33608
85836
66926
112458
0
27969
123347
119629
0
260255
20911
195641
185159
51631
137169
62916
46692
88125
174581
203066
105984
0
0
0
12563
34375
0
140410
52652
0
835551
154563
62607
88890
0
0
15458
889776
10578
115938
0
0
0
129805
229017
24606
20343
0
130783
0
0
77804
95260
13551
0
0
44688
100348
0
0
0
0
0
0
20793
0
0
82909
0
13037
145498
105948
101057
520339
636717
0
69894
48430
0
38826
0
100042
83047
143321
162310
20128
92634
151087
136968
97414
99971
0
53513
0
91721
173103
54125
0
630087
394262
0
0
0
86520
0
27909
0
0
175917
303939
0
58859
0
268178
0
0
38208
49296
84028
24072
0
94175
163610
120007
22019
90353
73922
60630
95900
116543
168256
9350
108156
141920
0
69975
241268
0
0
0
0
201516
24922
34770
185050
110696
122546
198797
9494
0
0
0
130773
164859
177735
23154
14115
0
136915
10208
103741
0
0
443297
273176
0
0
209641
26416
527530
26631
0
31099
0
68154
106657
482857
364212
72711
9705
85055
0
0
39204
0
77941
31308
158341
23380
0
9478
54049
0
53543
133573
0
0
75329
221098
161169
0
104485
24136
58754
292048
139492
24311
70596
0
0
159512
39909
0
196784
19722
227992
9911
0
0
82735
113872
90134
164458
39749
36101
183776
0
90385
0
60224
0
109184
18839
21009
0
80806
167400
256250
11181
0
0
0
119244
576990
16771
689943
124181
0
19970
0
70541
85433
0
0
28490
446392
1.07406e+06
0
17634
0
91760
224139
80984
37363
244549
0
148330
24735
28852
103535
22852
40014
9587
0
0
77404
0
92140
56420
46712
0
0
0
0
0
117586
123514
0
128807
0
50116
0
106854
0
72598
77289
38877
200357
0
32665
217050
14581
111324
420623
11818
245181
72164
63961
0
65819
32868
64458
0
75214
122740
24038
566652
0
653995
1.0966e+06
12610
88908
159632
158950
498334
26932
0
0
610833
138202
0
0
46995
191844
28694
74203
30059
209500
0
64610
173757
32577
0
110485
144286
39333
36318
69318
214916
33302
0
0
0
148998
0
113791
53726
0
77413
57216
21803
27043
59022
64575
0
30224
45138
0
58440
48500
0
117155
0
0
272485
156660
0
59628
0
0
655274
198108
52647
12125
33113
58249
33758
43283
142062
168480
0
194245
0
0
107497
0
195434
39617
197329
30160
113309
43833
15867
0
0
0
0
0
0
0
0
0
0
0
0
115508
20098
0
50310
16842
32333
0
39018
129777
79087
147356
31501
79714
0
0
97923
20575
186961
62957
48435
0
0
14479
46112
1.16616e+06
0
220613
253052
10870
0
0
99784
29617
0
22528
240060
146583
0
57226
65941
332373
38273
0
90142
0
250955
197413
81724
67675
0
56309
0
0
53790
51870
0
50641
26241
103152
22745
178798
84269
0
0
0
12944
0
0
99623
0
329492
89503
31242
23817
46272
13426
319405
153014
546920
235142
160874
120904
222622
0
127170
292222
58776
0
44547
54029
0
442544
93926
0
0
76315
0
96191
195195
145925
65321
100525
9715
0
64607
17008
138326
268759
149709
62740
21355
16495
64327
0
100283
0
106425
0
66463
74016
155466
0
89308
0
221908
0
0
0
0
88813
55845
119914
0
91059
26142
79632
23688
20374
0
167660
12318
368484
42114
0
142005
139816
0
0
0
314621
86475
129656
62532
0
11118
116865
332129
0
0
194704
0
11119
65725
0
37543
0
675694
0
20527
216954
0
90096
414089
1.07325e+06
29788
0
0
0
0
0
54332
0
0
20729
0
111441
0
0
426783
0
74874
106642
0
0
0
1.22675e+06
88539
429475
0
169544
168240
0
42918
21882
0
58960
0
105304
0
1.03474e+06
0
1.85501e+06
86955
67507
0
0
12633
0
9698
0
0
38914
40022
0
0
32493
0
0
0
31457
43632
236585
69592
75330
1.07719e+06
110305
102086
20139
81113
65971
19712
474325
0
0
1.02616e+06
29146
9986
0
111283
82878
0
26762
0
126214
23196
23234
0
42847
89759
0
0
928216
39571
1.03882e+06
0
112404
0
0
0
26437
121964
0
49453
0
0
78729
0
0
0
0
175850
51378
21943
0
0
0
242040
143112
0
0
0
0
53423
280515
39166
0
0
0
0
0
1.24751e+06
97133
0
0
0
0
0
186364
22060
67397
24433
25643
515059
0
0
36286
451436
0
76873
0
47706
0
0
149771
0
1.00489e+06
0
0
77553
0
0
178412
0
127704
68657
0
0
1.34579e+06
0
0
59243
67408
0
12483
0
9838
0
0
156878
51929
75219
10126
0
0
0
269798
9368
1.21854e+06
0
0
152556
0
376820
26474
436799
87716
118605
213716
528191
174012
18163
0
1.40096e+06
110875
68128
153265
0
109541
0
0
51419
79122
127031
23142
142624
701342
204458
170885
62143
0
88936
96517
83834
19622
262590
459909
0
272523
56287
10486
194522
181638
70193
34271
53202
26787
478224
78820
110440
104434
74174
395611
69283
146747
29528
166433
80634
0
1.56953e+06
55763
56819
79372
127046
0
0
0
0
323172
250340
39172
90064
56989
52021
28449
0
113853
419976
106990
0
0
0
0
0
28457
85494
0
213267
0
31026
0
0
0
40143
0
322304
174405
20888
0
0
24918
60100
0
0
0
47905
0
132069
0
9384
89137
0
0
226757
0
23084
116679
0
40239
0
0
0
38779
0
0
0
25574
69695
0
45818
26477
0
0
61737
0
0
34167
512438
82795
0
84110
296573
0
0
0
0
0
0
53939
0
0
52756
27619
0
0
109628
54920
0
20791
63388
29509
0
0
129862
0
0
570785
0
62953
62033
0
195255
0
0
0
423207
143029
0
0
0
122224
0
97742
18744
38450
0
0
77831
0
0
0
0
38758
45849
259885
85374
0
0
22414
0
74594
0
0
0
0
34125
0
66255
0
179667
132497
0
87771
0
40014
0
0
107601
86318
23986
0
30753
0
114302
0
0
90532
33168
0
0
0
0
0
10509
0
0
82778
35784
0
0
0
0
80816
91839
24575
90899
0
10244
0
0
0
0
60164
19557
0
0
24504
0
11746
0
29829
0
0
63751
29013
9383
0
0
10775
0
0
0
269197
0
0
0
42558
72492
0
0
0
39408
0
0
55530
0
215433
0
0
0
0
0
167172
0
0
0
0
0
0
68905
0
64943
55570
102178
0
0
0
0
137440
10881
90979
0
163331
89737
0
19397
42310
10428
0
87562
19652
156381
0
22003
0
19258
0
0
133382
0
0
37940
0
0
0
0
53367
0
0
0
201915
0
113199
14461
22074
0
42384
121684
144220
36577
0
43569
94555
0
0
111179
10883
116557
82191
0
112767
0
56090
0
98387
49297
0
70157
10628
0
105050
0
0
0
0
0
165202
39587
40562
91726
107793
11796
0
0
0
61532
0
0
82805
55982
12568
22340
0
191063
19513
38703
63428
0
0
29795
0
81781
0
0
0
118673
0
0
31527
35523
0
0
0
0
163197
0
13218
24126
0
248420
70360
22728
0
47467
679830
0
101306
0
0
69022
0
804335
0
10164
0
26787
77337
0
197556
0
40463
0
94675
0
188533
51068
38523
89096
0
25164
0
56243
94577
0
0
0
0
11185
30567
0
100156
0
61977
0
0
78597
0
0
45573
0
87162
0
0
12307
21796
97468
0
0
61715
42103
0
27577
0
65177
0
120867
0
22032
0
0
34635
184227
0
107966
0
0
11625
42779
60370
0
167563
0
27470
190764
151651
0
12973
0
0
0
0
0
105008
0
138077
33108
0
29445
164148
0
62980
56434
46815
0
0
0
0
217798
209385
70348
0
28257
116955
771533
0
267346
43599
111611
17012
76522
0
0
59728
0
0
0
0
119151
223150
576817
119785
0
0
78610
0
40401
83158
23601
0
49549
148672
44891
0
0
0
0
0
29714
1.25704e+06
0
0
90453
339297
0
0
0
0
93830
30512
14195
113324
212115
0
399579
0
121745
0
26570
0
108187
21175
128390
77631
287657
0
0
0
30256
129994
131974
11511
67749
251429
0
0
34742
145823
83637
0
0
12915
10035
25721
29260
41946
0
45465
0
0
35395
0
0
115481
30487
0
0
96747
0
169926
39406
207166
0
23163
0
10087
59959
0
39345
133014
121317
0
40356
25679
0
0
26761
0
0
0
0
533266
137982
0
102452
0
0
226864
0
116773
27861
0
76656
54071
0
0
23061
94956
134646
29683
0
0
0
0
0
10614
0
0
0
0
0
21584
0
31605
0
0
50241
80717
0
13616
10295
68846
0
0
0
0
43666
0
15863
0
0
0
14030
30367
0
0
106073
0
124513
0
40081
0
0
31560
73973
0
0
37324
0
0
118011
0
0
36013
0
0
0
0
373168
0
0
9687
184791
236341
0
52460
54892
121343
0
189480
0
0
0
14482
52331
305530
0
104111
0
0
37393
62629
0
58690
147235
0
154682
34423
0
37572
205087
62648
0
20371
0
330595
0
894134
0
0
81699
0
17997
25847
25407
0
37177
140710
0
0
0
0
0
258170
192445
124616
0
0
89626
314901
0
0
238285
0
0
0
107390
0
36766
0
26507
0
246922
0
52969
0
0
17127
75162
37563
378566
0
44988
0
46636
0
0
0
25087
0
73194
0
319944
46070
0
60303
28859
0
271417
64724
47073
106909
143883
0
26249
486480
626413
0
52236
202358
277373
23869
146967
20554
476862
0
10353
72167
35977
0
0
124488
105245
148365
28462
78775
94519
101343
25721
52241
0
0
0
0
0
0
709326
21699
161504
0
147068
221046
73342
284967
0
20705
51797
0
309591
92755
39938
31773
0
99866
26768
23856
200452
0
128632
0
0
0
0
236796
22366
0
22554
469649
276279
0
271206
89661
9865
0
202488
240524
1.34996e+06
16137
0
73401
0
138625
431397
179990
38624
99574
50978
0
0
0
103878
0
0
19541
0
0
0
0
93846
0
36160
0
26036
0
0
169328
0
92496
49847
142747
0
91166
0
172572
69006
211448
0
0
0
0
96775
212282
0
63907
0
0
39246
0
18828
0
0
81648
123488
0
122677
74324
99733
0
0
0
10425
15596
136176
0
0
0
27197
0
0
29885
178569
0
0
85113
0
0
59952
142823
134017
0
436815
97754
73359
83096
96196
17101
38813
49662
102125
210898
0
0
0
148811
0
21462
109792
95017
265457
120931
0
0
123149
23994
70354
0
0
182449
223212
206274
189544
115878
0
14519
0
0
0
234903
0
845788
77645
120969
0
0
0
67499
0
0
44334
0
0
0
0
0
0
17368
46353
51819
13223
150920
0
57051
0
0
0
0
40090
0
0
52695
0
0
0
0
0
0
10048
435942
37658
281148
0
0
0
50742
0
0
0
0
127035
0
0
61037
0
100958
0
0
0
0
0
0
0
99765
0
16921
67781
181711
0
0
0
0
0
0
85140
113369
23692
0
0
0
59712
65410
0
62320
79593
77859
0
0
0
67942
31735
0
105599
0
91414
73974
0
0
0
81700
0
23814
19606
142653
52852
24195
0
169541
0
60984
96203
0
0
88611
150494
36140
165003
0
40054
35396
0
0
400245
97257
0
70467
39743
40183
33988
37341
130290
67498
109950
0
25352
0
107807
28484
0
29706
0
0
0
31175
0
0
0
237196
0
458319
10724
116079
216765
0
350278
60091
152318
88699
0
94442
0
0
0
0
41676
0
110767
109193
19137
0
48644
37634
52100
0
78104
0
0
0
0
0
45759
83524
0
0
17704
0
0
58122
0
101248
0
0
68449
140019
136926
313331
93691
80126
0
19044
0
184726
0
149442
185370
0
62354
0
0
26752
0
11253
62024
0
60958
127132
0
0
29999
0
0
84464
110133
0
52627
102251
112589
40178
200281
0
109390
121272
105365
197430
170839
0
0
11682
0
52011
0
280811
22156
0
118938
0
0
131150
0
236156
176571
75927
0
149279
159263
0
0
952978
468810
629335
244442
64736
88613
139176
259717
104620
75062
48711
93985
144178
0
0
202098
0
62144
0
0
64137
153775
32918
163404
370715
85794
0
168515
0
11451
0
88191
60534
259286
24247
156800
170375
202422
0
0
90949
318031
45138
410570
113479
0
215002
126202
48943
182091
48766
157411
140568
67765
0
56143
0
0
155886
86500
40214
35999
42214
0
70770
14601
23103
1.2913e+06
23234
0
23995
29863
0
172567
37093
288463
69267
82650
25599
0
213432
0
26207
26217
0
149342
0
0
38778
256554
0
0
0
47650
72801
40153
52181
118126
0
0
0
0
149660
96819
69112
296510
0
0
0
42678
130828
0
30184
0
135478
0
0
0
48441
126904
23056
209471
33379
205131
36550
70530
0
0
91809
0
22260
39245
58528
620511
219666
52470
0
0
11779
32993
0
58573
1.24354e+06
0
79157
0
0
0
45824
59792
755339
81880
0
0
0
92787
73995
15619
70060
0
0
0
94229
26064
320580
61545
144829
115021
11615
0
56758
0
0
0
30754
0
0
96343
48473
0
54329
0
0
76587
158956
0
85893
14791
0
0
0
51323
31197
30573
47583
0
0
221753
239385
0
20705
0
598057
380237
140710
0
0
0
123890
12514
0
42545
106612
0
150854
0
0
0
0
86758
79188
0
0
28367
84703
0
0
0
156218
31909
0
0
31737
0
0
0
0
83473
0
30131
0
48266
0
0
0
0
0
0
49831
0
96317
37803
20128
218785
0
0
0
0
0
0
27552
0
47123
0
0
0
0
54811
191050
74823
677487
0
320696
186296
67719
108585
126733
29524
0
115527
81958
21896
29549
0
0
0
446895
0
0
44885
0
0
32283
38070
0
424169
53104
266589
52431
0
0
0
102692
126741
91749
0
0
184857
309228
230433
11901
116733
60953
32719
317925
824125
85475
43802
407171
59673
139924
138581
12813
127645
12620
106239
271019
0
0
65265
0
0
0
163637
0
0
0
217212
42119
0
0
0
0
0
151604
0
0
38156
677654
0
0
0
40526
340596
21739
54022
223389
156440
53681
63469
35129
13075
81273
183684
548703
138416
0
186376
155008
165476
0
200580
31064
0
46947
0
0
109541
138808
131190
195945
28508
383461
136255
82554
0
0
146308
111462
41658
10358
214122
0
106290
153069
9556
0
253148
167089
0
51223
61133
0
30458
213359
127263
202307
