373521
105820
32482
142419
144127
368519
212052
437394
124218
672396
584218
34606
74057
1.25324e+06
280582
331796
498534
370752
604041
187216
0
21643
0
218589
0
403301
0
0
1.03392e+06
23109
160455
23520
1.89785e+06
244105
235273
0
293101
205738
92509
488633
437016
113800
0
835584
189877
470795
384421
752406
1.03488e+06
146659
271499
839089
0
1.17432e+06
0
0
46213
70052
644777
345527
47352
0
111433
73729
659118
0
45037
147224
73865
0
42909
0
0
43366
0
0
47127
23431
0
0
234695
0
0
0
0
0
0
223176
337043
484071
0
123343
1.5598e+06
99067
152624
113966
229354
217212
0
426364
94199
614397
77116
600139
200817
897007
67892
330946
46418
99591
420730
2.58912e+06
1.03322e+06
1.44638e+06
511123
619359
82214
707636
549433
112974
760768
547682
153470
1.15067e+06
561236
1.22582e+06
444607
304068
131964
531527
1.01009e+06
299203
107165
0
70490
88971
77819
142707
1.49029e+06
1.22949e+06
403490
999275
0
324722
11052
879245
432900
374967
2.09292e+06
353157
106892
21090
504003
373069
112837
67500
167327
438249
170477
0
265408
152410
0
311949
0
490456
71245
240930
209609
405556
130566
265516
1.07935e+06
660099
124471
747521
172008
39547
313919
18886
0
546650
81725
11121
0
0
0
0
30243
0
0
9564
0
0
0
0
0
0
0
0
0
0
0
62531
0
0
0
79467
0
69772
0
240723
61779
0
47157
80171
120534
0
527385
192081
229263
0
166056
0
1.11251e+06
0
0
0
0
216369
0
156747
822119
118936
0
0
20586
0
40475
72565
117678
102361
0
2.04098e+06
198807
113068
231393
107185
31109
0
37433
347930
0
0
337469
148997
287795
796094
122482
430661
209442
1.12504e+06
0
75983
0
402118
343149
462313
144762
299707
124280
0
495040
0
0
0
0
0
51516
44682
0
0
0
0
0
29690
0
0
63875
0
0
776309
97855
0
1.32361e+06
318949
124758
75897
0
35122
136243
46783
0
0
409758
91553
0
0
0
59491
133099
122951
148929
33704
263692
454524
81712
297469
2.34317e+06
1.80924e+06
0
140715
0
0
135084
22309
53591
0
82672
0
59169
557322
91294
196528
0
0
0
1.60358e+06
2.05218e+06
165396
564726
849935
240249
18849
205987
163097
0
1.90699e+06
62498
157714
706541
169044
77657
0
52433
745911
346836
0
1.43223e+06
278937
60141
141596
0
95535
283682
0
0
0
0
200224
354119
529454
0
0
0
1.78134e+06
1.2675e+06
99945
224257
817726
22409
561570
246505
191325
0
0
49770
1.40441e+06
165747
534251
69872
0
0
117885
2.8157e+06
188984
71454
63937
33439
93582
206885
0
163789
78059
39163
172148
0
0
62219
973991
53298
109648
200075
77936
0
102728
62069
273857
144489
0
172061
225879
536701
259140
196728
70913
30607
431121
189773
82831
143918
697687
464485
180597
232239
196965
503197
618110
89704
59816
2.19535e+06
0
146682
320687
0
337438
0
107067
61972
93002
151606
297027
292976
96035
606359
82459
268274
124262
493224
160621
265813
57062
0
84029
214013
413458
527042
47569
27300
330716
0
173178
306231
343170
57696
854378
343042
0
0
159022
0
319242
101731
0
27984
250904
0
0
577847
36776
0
452104
345231
329463
669002
0
483398
224489
10815
33643
0
165641
50118
0
0
169815
100385
0
102722
56653
74429
14305
241196
0
59766
156872
104579
151626
49532
0
64558
0
94326
0
0
142477
0
0
58633
194620
875763
459440
118040
0
0
12232
0
28111
0
75607
0
0
0
76811
0
113357
0
22924
126955
81759
48568
33487
165384
40872
61214
0
48144
0
154858
123526
33587
108774
0
673849
263815
204425
38497
432715
0
57379
53894
0
950316
0
0
51440
29095
0
0
25712
49676
81587
39438
0
0
0
0
0
51427
254653
79339
76313
0
61405
0
0
0
0
23588
44894
0
161182
46606
74941
21545
66168
89179
0
0
10077
0
0
160021
0
0
0
97688
91948
36096
0
10430
104384
300666
944086
220885
0
98690
212611
118397
0
143580
313714
750919
144376
45293
0
70190
0
37853
462384
495967
83364
808526
0
0
22275
0
23483
115203
9779
32771
34886
42960
138148
33954
11504
301262
0
0
12822
44709
0
43088
2.248e+06
54936
0
0
33952
0
0
414752
88300
114486
58225
0
0
0
0
76637
230447
77201
60440
58210
42847
0
14734
0
0
38456
48844
0
162236
0
0
0
9329
273045
0
344432
0
193557
0
0
279857
710642
22367
0
0
58669
260074
54774
75991
86746
0
154364
0
150890
0
69771
1.67327e+06
391070
0
153047
251985
127645
358870
1.41709e+06
708968
0
70190
0
73739
0
0
97350
1.49228e+06
0
81668
0
0
0
63259
0
309701
306530
0
79112
81745
88773
0
93035
0
26778
70502
0
136530
21448
53736
13476
0
0
55734
0
156319
0
0
324613
292461
157456
59731
21652
89615
0
107400
53261
475423
199908
20144
676410
814882
1.22464e+06
54517
229210
297358
76299
0
38196
412198
0
1.17827e+06
0
0
97207
361948
213970
0
22754
48749
48692
0
0
25721
74489
0
0
0
0
0
0
0
0
0
28184
0
0
12382
0
38617
0
0
0
0
0
0
0
0
28469
92686
0
0
19820
0
0
0
0
0
0
0
0
43840
0
44942
0
0
32870
0
0
0
0
0
20755
0
33967
0
47193
19756
0
0
0
27329
0
0
0
0
0
0
0
0
0
0
0
0
0
0
0
0
0
0
0
0
0
0
0
0
0
0
0
0
0
90620
66567
0
0
24588
0
0
0
0
56332
0
39531
0
47071
0
89927
18935
0
0
20953
0
0
143327
69334
52285
14047
88530
0
0
0
0
0
0
0
80422
0
0
50292
0
293289
40151
0
213202
250604
82174
179006
0
56445
184791
0
951246
812508
9670
203176
30753
119617
230679
0
0
0
975135
327458
60725
13534
214198
0
119257
142998
99183
72301
0
44570
39895
66785
84951
26515
195662
90022
0
0
43652
239134
0
0
0
0
0
53793
0
20536
69610
0
0
38404
21461
41571
13215
0
107170
80365
162916
0
0
41635
0
0
55851
22374
0
0
0
0
130089
0
68268
161709
0
0
87721
39056
388423
23033
0
339198
47462
226214
176162
0
0
299363
25470
92715
252632
115333
0
245036
13457
58087
0
0
44994
32851
0
0
0
0
9665
0
30444
0
0
0
0
0
0
0
92889
0
0
0
0
0
0
0
0
0
0
0
0
0
37214
0
18015
0
0
0
0
0
0
0
0
0
0
0
0
0
0
0
0
0
10657
12350
0
0
59505
0
0
0
0
47382
0
0
0
0
0
0
0
0
14185
0
0
0
0
36214
56044
0
0
93681
0
61825
0
0
0
22232
36448
0
0
0
0
0
22358
0
0
0
0
53160
12265
0
0
0
114606
0
152586
0
0
0
0
0
0
0
0
27791
0
143337
79233
20476
94165
203989
0
0
35201
49639
139265
32775
50253
210989
180839
319997
0
0
196197
11573
121100
281124
0
0
307308
106877
166334
106724
167101
133105
0
0
0
100646
141907
115906
10320
230927
150191
311840
88007
143090
209279
0
0
0
0
0
0
66182
0
0
196121
77141
0
0
0
36790
0
0
0
240872
0
145075
0
259331
99719
0
0
0
661634
9818
0
0
0
0
0
0
11178
103266
0
0
0
66520
0
601527
212775
0
0
0
0
0
0
0
0
0
0
0
34597
0
0
0
0
0
29019
123360
42993
0
0
186894
0
255531
174738
169798
9275
0
142138
20789
159800
173938
426574
378508
0
0
0
0
0
97158
50639
66613
0
0
0
0
0
0
51590
0
0
0
0
0
0
133442
0
25053
0
0
0
0
0
0
0
0
28002
0
35948
0
46025
16226
213661
0
87728
0
153905
10864
233952
155311
155748
1.44556e+06
24140
57768
26666
0
159660
0
170372
186453
29168
0
28022
0
0
22147
0
0
0
47556
0
0
131085
110417
0
144769
0
0
0
33368
44707
76089
0
144746
54557
33201
143738
112581
77581
0
0
185175
0
0
109386
120539
0
33967
0
37376
0
266536
55107
0
9986
0
122286
149945
43318
168672
0
180308
0
321671
107490
88485
0
23832
0
0
0
42444
0
169081
0
173035
0
63080
71710
0
412186
373846
102236
671550
249042
65206
0
294701
0
0
291814
495243
290779
0
21077
0
0
0
198853
0
0
0
477702
0
0
0
10205
0
142204
54072
248787
562209
0
500493
102220
0
0
530763
0
0
0
0
0
0
0
73151
0
0
23187
0
15498
0
0
150460
0
421050
56830
19738
19524
0
31513
0
0
42833
0
87636
0
0
0
201412
0
250860
119215
121582
0
0
22166
0
56920
0
40650
0
42378
0
0
412141
19933
29729
456816
0
58698
0
36979
649901
0
0
176277
256993
56891
0
51991
0
24953
12177
506488
77282
19326
246371
147535
277347
0
14351
0
21553
452688
97118
0
74856
76256
0
0
74296
13551
53098
0
0
0
434044
90539
59386
0
0
433662
418821
0
0
49317
0
505923
0
111619
0
0
807263
0
0
0
214829
0
70006
27433
0
0
0
93607
10359
233863
356187
302524
0
19148
0
16603
0
0
45531
11516
19763
0
0
46944
559123
0
11132
0
55525
0
74460
0
249632
0
31287
161686
48140
0
136299
136810
51523
473339
0
185418
0
0
0
126182
0
0
0
143799
59344
0
50214
0
0
33414
0
0
0
0
0
0
56056
30252
480355
0
280736
66746
18249
370804
579806
0
0
10256
0
570746
0
0
0
402672
0
0
40347
240428
0
0
0
0
0
0
0
335146
114919
0
0
107242
38195
182352
0
191979
339714
0
38191
0
0
726323
183971
0
184753
14660
63071
0
72575
29567
77589
0
0
0
242835
11152
38654
400735
40124
698865
29781
380085
0
11400
0
82653
0
289598
83894
0
131885
0
0
0
0
0
0
11172
0
0
83065
11523
0
19457
0
0
156593
0
0
0
131138
51508
0
144106
153947
23248
0
0
0
0
0
87325
255580
0
99421
42941
0
0
240604
0
12570
0
0
0
28960
0
225170
815884
0
0
0
0
0
0
0
0
21344
82535
220710
48684
1.33136e+06
398516
0
20974
39879
274569
459569
381834
240940
0
0
0
10721
10217
11714
25050
23723
214253
0
211464
120847
0
199730
29829
26416
13185
164225
253007
39208
42253
155782
288300
138497
24075
16130
59065
65341
394601
68885
838602
217870
230333
0
0
0
36224
86481
151765
47477
0
96452
0
0
10163
0
9575
61898
0
111675
0
0
20619
0
104303
707722
0
11823
106020
192410
0
121460
316038
0
0
225798
73848
156111
183677
29594
0
0
636064
0
161308
66693
0
24722
74700
0
26057
42987
0
9810
0
329535
0
34589
0
93886
9919
28132
427417
81837
0
104987
0
97250
0
19116
102680
193504
0
36067
52083
0
0
32297
335857
39532
0
0
363854
55469
136128
35061
99178
140238
156356
0
0
0
114851
0
74162
68251
0
0
0
22936
14094
0
0
0
57616
95712
0
0
44060
31808
59962
0
37702
65035
107544
0
214324
0
22519
34194
0
0
0
0
0
0
0
86546
0
0
0
0
0
0
0
0
120314
0
154525
229225
275052
0
0
0
0
0
0
0
0
20938
0
118823
0
113772
0
0
59469
0
34572
82606
0
12566
0
24064
0
0
39652
138850
0
0
257663
0
135138
0
71349
31498
0
0
319996
190865
165329
37999
0
0
32973
0
0
0
0
0
49186
0
0
106546
0
238918
0
0
0
22208
22613
102246
173089
82983
45144
46128
17884
92122
93007
0
0
242145
57382
100073
0
273361
0
0
67358
82494
0
0
0
0
13099
48397
62282
52747
167981
79011
11460
0
0
16422
93902
29972
121567
37917
68226
120322
0
145191
117148
0
0
44513
51973
1.2348e+06
67309
0
32107
157413
410780
0
0
330746
0
23865
52249
97855
134373
40406
11182
0
315390
45972
22749
0
168541
88057
0
0
84976
0
0
101225
0
0
0
0
279592
0
11725
26079
131341
11816
45499
0
0
0
75042
102313
0
48521
0
66994
0
35087
198686
27045
9601
55298
52813
0
0
55039
0
11488
0
30162
0
0
279359
168182
13405
0
65035
102114
59620
11262
30550
23548
0
0
0
19705
75943
0
11776
157490
635550
117952
74912
34457
49291
49342
47314
0
0
9207
223222
0
0
0
31998
19472
0
0
0
0
30799
0
0
81185
1.72835e+06
44264
0
0
0
27438
0
61619
0
64680
39274
44117
63743
133297
0
12724
65196
21543
0
0
0
18219
127145
0
18658
2.18131e+06
69279
20165
32293
234783
14268
0
0
0
183793
0
66018
0
0
173488
146602
0
23210
20457
45914
0
294890
12278
0
0
32613
0
19704
0
0
0
9252
0
0
0
0
0
0
0
76214
200093
31918
0
0
0
20744
0
30174
34305
0
204005
21388
19311
0
0
0
0
0
87578
0
0
21105
165387
0
0
0
66440
0
17828
39691
0
0
88271
10661
0
0
0
21572
0
0
81573
50343
20110
0
120234
0
362184
215585
165032
50130
36395
62418
0
0
0
0
26245
652458
0
0
0
0
0
78538
175267
136291
940855
0
0
0
0
9687
135013
0
0
42316
0
405808
0
109157
25287
0
10495
0
0
0
146118
0
120701
16453
59337
32084
130422
0
72961
50411
0
26562
23419
0
0
108378
100677
0
146450
0
226849
0
18801
0
220582
0
0
92507
0
0
75718
19636
371501
0
26247
63081
0
76291
30952
0
137301
75282
88882
0
90291
21021
113575
0
0
137577
76743
99581
110310
0
0
0
0
141106
0
35609
131269
48530
752702
0
0
40300
0
0
0
122928
125269
23170
0
50033
0
0
74860
438019
223068
280297
0
736918
0
184670
89832
360342
330729
40494
303105
0
0
0
114650
9818
162720
0
0
85723
0
43425
0
28755
0
26398
0
41318
0
73190
59928
14004
16260
0
178595
0
21320
0
0
0
0
0
0
170816
0
0
0
196607
18727
46985
0
0
0
0
134713
104521
44201
0
0
0
64933
0
0
0
169027
21909
0
0
0
0
58830
64117
0
62577
0
0
53694
0
33692
23080
31840
0
0
0
0
147725
0
0
38943
0
178155
0
0
0
0
72277
0
23110
0
0
20953
0
85016
0
10254
118259
161956
0
0
0
0
22984
0
0
377418
51173
0
138280
47020
0
20304
0
0
0
19137
0
10584
61400
30286
0
0
0
32425
41293
0
63654
32328
0
0
0
45678
0
57758
21048
122391
26046
0
0
10185
207755
63947
61121
0
32276
0
0
112889
128936
14809
0
33565
36770
26308
0
0
47445
14926
99605
0
0
0
123694
0
0
0
38327
0
240218
37139
0
0
233857
0
0
112352
0
0
25979
118208
0
0
0
29168
161770
24693
0
16096
89623
89065
10250
12273
68864
0
27258
186387
58203
17021
0
26194
235845
27030
486546
0
55277
0
28732
45914
34990
83009
128028
25757
0
0
0
42906
63189
0
0
0
45225
0
0
0
0
132826
0
84901
0
56019
0
77297
0
62300
0
21944
28758
135586
0
167668
149234
63010
68235
28411
0
26770
22841
18977
0
0
9859
67849
38569
0
28982
0
0
0
126312
0
0
110781
0
0
0
22394
0
0
0
21382
0
0
0
0
65661
0
0
73143
132701
0
264144
0
653891
67710
205862
0
0
0
0
0
0
0
0
160057
0
0
0
140972
0
92636
93713
38588
0
121016
76622
0
28355
83756
125984
0
84636
20220
0
0
51702
10352
53279
0
0
84377
0
0
37850
170810
0
0
60828
14443
42598
45865
49421
74532
10017
0
65013
0
0
0
0
15528
0
0
49030
25332
56065
0
0
23349
193236
0
0
40975
42164
21411
0
84841
0
115907
1.23808e+06
0
0
0
55319
33636
16301
35122
0
0
53617
0
0
0
0
0
30278
100194
0
52556
56098
78583
0
50415
0
0
79999
27184
31718
74389
36868
61056
158879
12840
36491
46755
0
68712
250747
85499
51815
34797
46066
75433
16811
98899
70840
249467
156939
0
0
0
54990
110031
200245
0
141194
123660
670895
65706
0
203209
0
139471
68674
0
187313
0
32698
0
10393
58348
0
0
0
0
55491
21261
0
0
10395
99259
0
0
0
0
66869
0
0
52362
0
95825
0
844484
0
197255
248165
252242
24712
275989
0
0
0
218929
0
158763
126967
0
70555
121114
0
0
0
45016
0
0
46835
0
57260
147925
48568
83950
42521
0
0
47553
33147
32350
0
114880
0
84513
45865
0
0
0
0
58616
40384
445747
68066
0
0
0
510085
117213
0
24884
130212
46956
78123
153117
279289
0
82310
30241
73295
0
31210
112785
29830
36045
20809
88969
187074
84047
16852
80476
82478
36054
0
0
51492
0
0
0
79877
0
0
474786
0
0
11097
0
0
26350
73371
94180
0
90950
123793
141409
0
0
28983
0
0
0
21423
0
26944
0
0
32436
0
36624
11782
0
0
0
0
80463
0
0
0
0
0
14158
0
25376
0
44329
0
34895
0
0
81625
12019
103588
0
143444
35708
74116
0
0
0
0
35781
37748
21725
0
112057
0
0
26722
0
0
0
0
0
26597
0
102937
0
59815
104241
21503
105755
9943
0
12818
9052
0
697514
0
650471
35162
0
0
63682
135463
30562
0
124710
292965
85741
0
0
103067
18872
0
0
0
225225
30930
0
90852
0
0
0
37076
0
0
0
51729
0
0
0
9638
38114
0
56698
0
0
0
46387
0
0
23026
0
129598
59717
0
0
261147
116136
0
0
0
0
0
0
23002
231841
0
0
0
0
24888
0
0
0
0
0
0
27071
29772
140079
24196
0
21889
0
52027
0
0
0
0
0
0
0
19679
0
0
0
0
101822
0
0
0
0
105636
0
179688
59779
181876
16399
0
0
0
0
53197
103662
0
30840
0
26263
154145
0
13042
110291
45359
62683
12256
323841
244388
255325
0
64239
0
257847
237627
0
373964
93128
110427
0
91546
0
47891
0
18530
0
0
120650
165012
0
160155
0
182176
177763
0
57056
22619
49344
29872
31215
191359
0
71191
94908
62466
252049
140648
0
131506
0
41986
76395
0
84007
65907
58170
0
41484
55149
0
0
30716
0
0
16858
127683
20114
117026
0
28027
0
0
155277
89549
147555
11653
205696
0
0
27405
0
0
76117
28065
0
0
83974
0
26367
33926
0
23169
0
31089
0
85760
37270
0
0
98502
0
0
0
142240
41212
0
110949
19070
0
95600
0
123327
17314
12136
77514
0
0
146490
53021
29553
86692
0
0
34841
31491
0
27573
0
0
0
0
0
0
34488
249292
0
0
28097
133037
19762
508250
591232
43575
0
50976
165810
25974
0
101012
0
46350
0
0
0
28728
0
0
12099
0
136936
0
0
0
0
76798
0
0
87832
83959
0
105603
0
0
20629
200029
174363
0
0
0
770822
443687
0
0
0
45446
0
0
0
0
0
0
0
0
0
0
0
0
0
0
0
59436
0
0
0
26377
80862
37253
46843
0
79826
0
104703
0
0
0
0
38088
9982
0
0
88343
53709
0
0
0
64349
0
47777
0
0
0
65540
0
25394
0
0
0
527538
0
487300
552684
146696
63628
19760
0
19607
0
18163
0
34929
0
19414
0
0
0
25492
0
33259
81215
0
38354
52407
57788
29130
0
0
69787
0
40994
0
0
0
0
10065
191383
0
225567
0
75313
0
0
205139
0
26962
0
49358
44326
0
0
0
156767
0
54440
0
44832
38383
46680
13137
15180
19034
0
0
0
112981
0
0
24369
254539
0
29911
20877
0
0
0
0
0
128805
42239
0
0
0
0
153702
0
21884
0
0
0
149882
0
0
0
32568
0
0
11846
30276
54327
0
0
0
0
0
0
107695
0
0
0
0
0
87336
0
121922
130865
17150
70826
0
111198
57273
168204
50251
51642
127747
0
21623
19232
59173
0
62050
95738
0
37404
47385
0
0
61135
46729
25728
0
24676
0
52700
0
34448
173759
18879
24920
120840
0
182903
0
0
121904
27281
0
83145
45207
178069
0
0
41996
194382
24259
0
19087
0
9931
0
0
30845
0
0
48242
103934
0
56463
0
23714
12869
0
122612
24286
0
116128
0
75107
0
108264
22039
0
0
0
476579
25509
0
0
40219
0
19296
0
153334
0
0
0
0
114839
29678
10327
71129
0
0
59620
94352
0
0
36828
53523
9888
50087
10705
63413
48345
0
0
59656
66201
0
0
168916
0
51652
0
0
0
0
69477
0
0
0
110270
0
0
0
0
0
0
18887
15511
19372
52165
10203
36348
79901
0
26458
9627
44990
75054
0
0
66240
0
29548
0
0
19046
0
148531
49572
51624
54887
116146
0
0
0
71374
34888
0
38345
0
0
0
0
0
39728
31371
57539
21251
0
77846
0
89841
52165
128067
0
30342
0
90204
28829
9877
56075
0
57319
0
24026
0
0
116944
0
33963
24123
0
111213
68905
0
0
22338
205826
0
52603
0
0
19579
162634
216142
0
10004
0
0
0
0
37364
0
0
30435
0
170885
63223
0
0
27136
0
0
128595
65881
0
19082
57001
0
0
25209
49060
0
32937
0
139717
0
169347
0
0
42575
72778
11139
163015
0
50771
47984
19196
24874
23530
0
0
0
0
104552
20573
25654
0
0
31605
0
0
0
10073
0
0
0
0
76785
37369
23033
85047
0
0
341007
0
0
0
0
0
0
28087
28269
0
0
0
0
0
0
0
29133
0
0
59359
0
0
0
19136
0
0
0
0
0
0
0
0
34097
0
0
57192
0
52744
0
0
138665
0
390310
0
0
24504
0
0
0
0
0
0
0
0
11383
40073
0
0
0
138487
0
0
0
0
0
26660
0
26990
0
29743
114051
0
0
0
36611
35840
0
0
0
0
31493
0
0
348914
19273
0
138980
12076
15457
0
0
23371
339695
0
59273
74670
0
0
0
0
0
0
0
0
0
33436
20002
0
0
0
115331
0
0
0
376143
24412
94480
98458
0
64507
0
20427
0
44770
44859
0
78516
0
206375
33006
0
0
0
110889
206169
0
11873
0
0
0
0
87675
29871
74375
0
0
130711
0
0
0
0
166265
209579
0
147036
0
91890
0
55156
47103
0
107770
0
0
22694
0
0
0
0
10115
0
68823
0
51643
59791
0
23780
0
9962
0
0
0
75526
14252
0
0
73775
0
0
23737
0
0
0
0
33859
95918
0
0
62647
28864
35891
69043
0
0
30479
12530
11050
0
0
0
13120
142006
0
101061
0
0
67503
71645
0
33813
48923
66742
10980
0
51196
0
68693
0
24760
122314
0
0
186729
22558
0
218185
0
178099
0
0
43389
72527
117665
0
54599
28858
9550
178158
102019
74005
160952
180647
75559
19715
70850
0
105384
154646
58782
76273
0
0
0
23717
0
0
84028
178008
0
125647
56393
0
0
140367
0
0
245191
0
0
0
43192
74823
61668
205778
113873
27788
266702
0
0
48432
0
0
15982
0
0
0
0
0
0
0
80978
32003
56626
0
175747
0
0
56720
0
0
0
0
23207
0
48848
49341
0
0
0
82001
157858
0
0
0
65104
0
29366
0
0
0
0
37899
0
21055
159014
203567
13819
18427
135923
10583
0
136240
0
0
17724
56525
0
0
144748
100614
0
0
84467
68352
159072
20654
102401
47788
0
0
0
188055
49238
0
56909
182084
0
21802
40288
0
97877
0
0
60501
0
0
0
66766
76778
12877
0
0
225836
0
0
0
68899
0
101041
0
0
0
0
106874
138958
0
0
33982
96538
109330
0
30858
368963
0
21809
413512
30909
35086
10325
0
124272
0
0
20135
36915
0
108239
129077
0
52564
141677
0
81480
19370
0
0
75940
0
0
0
0
0
0
0
0
0
54036
0
526017
0
0
0
0
0
0
13014
10236
0
0
21076
0
0
0
0
0
0
0
0
0
0
56376
0
46114
251837
0
0
0
52870
0
0
0
28772
61807
0
44681
34933
0
54388
0
83326
0
0
188865
0
0
0
48625
0
0
83820
0
688998
49972
0
0
0
204113
0
235081
0
0
21511
0
0
59800
0
0
23439
91755
0
95747
0
0
0
79177
41788
0
103312
74128
275027
0
0
0
0
0
0
0
12573
10963
81867
18735
0
65178
0
0
0
0
27522
0
178156
0
31564
0
0
43417
143781
45330
0
18478
32384
0
80901
11640
80705
50285
0
0
25891
0
0
26954
12261
0
37142
441511
0
0
0
176433
38790
0
84439
42612
0
54444
0
0
25345
54384
0
0
32249
0
0
159712
28451
45320
0
0
0
190787
0
0
98961
65409
123122
0
25473
140364
0
45357
59394
0
0
0
0
0
0
58864
0
0
0
0
0
0
90214
0
0
28124
0
0
0
0
39550
0
18595
0
0
20426
0
80421
13518
0
0
0
0
0
13052
105836
0
0
0
41824
13137
36126
14456
0
34619
0
0
0
50304
36761
50392
0
25018
54206
77616
64656
0
0
38359
23422
127650
16714
0
86822
0
21477
0
0
86021
0
50615
0
90912
0
0
0
44158
0
51998
0
0
0
57424
0
160047
0
0
0
0
0
24523
150378
98158
0
67506
0
10127
68724
18527
0
0
40466
18971
0
0
0
87183
66486
0
35529
55070
241597
169820
0
0
0
0
0
100305
0
28524
0
0
0
71633
59183
0
40505
14591
0
0
0
19348
0
88000
26011
101270
16883
0
58929
31886
0
167572
0
44207
0
0
0
0
11371
21771
0
0
0
21397
180606
14645
0
0
0
33384
101927
0
0
0
201274
0
55454
0
9783
0
0
127598
135412
12051
46063
0
23263
25544
0
0
0
16836
0
205890
308447
42411
77818
47326
135688
0
0
9921
13671
0
0
42488
0
0
53546
115291
850827
40612
0
0
0
0
11773
43426
103714
203267
0
0
0
0
117566
94064
10487
10062
61074
0
17239
0
98570
0
40519
0
0
301232
38008
0
10403
0
63082
110810
123352
0
62391
0
44460
84557
0
76343
43605
15846
12101
0
64881
123563
112743
23443
0
30781
0
82728
47333
0
0
0
77169
0
46232
0
0
0
76271
0
111165
0
0
0
9847
93722
81120
95418
0
46412
55555
36534
72630
59551
74464
0
0
0
0
0
0
43659
0
0
0
0
0
17340
40870
0
10163
0
25748
0
49108
0
48365
659085
22173
0
27308
0
0
0
0
31146
0
0
0
0
0
165026
42037
0
111343
0
192008
242706
209010
75601
78776
0
109649
0
49281
0
922694
447117
73166
0
470021
290358
101311
0
0
0
0
0
0
0
16858
45870
22641
0
25264
0
57045
24964
111965
146139
20285
16908
118968
121785
23639
93842
140953
70739
0
387891
881176
244439
196517
0
0
0
22275
90814
41781
79698
42841
71990
0
0
0
0
0
57819
31247
0
0
0
105991
0
0
0
37775
0
0
74098
29487
0
29057
24935
54141
0
70523
150801
0
0
31415
0
15175
67698
37853
0
99801
202115
250589
0
0
0
261251
149544
0
85152
36056
0
90186
35731
0
58706
259685
22148
350161
387323
0
76805
89070
21115
0
0
100584
87937
0
179262
32284
0
0
0
123182
26964
23218
0
0
0
12012
134837
29275
58167
43078
