146596
625912
86156
78311
82497
0
22809
417574
335581
207218
0
179772
133391
746449
0
543291
294633
375389
0
0
431422
218984
757639
120684
117688
40099
1.40035e+06
768720
1.39833e+06
130933
2.5413e+06
156736
1.92096e+06
170266
23634
127877
243644
227032
302888
876193
573135
312498
22228
755787
108658
217006
0
365093
0
0
41644
24077
42682
0
100574
0
0
659431
0
0
0
662796
126400
309116
338870
0
0
325340
50749
0
0
0
0
0
0
0
0
0
0
0
0
0
0
131707
23729
0
0
172724
0
135886
341104
157569
1.27482e+06
703613
141771
105290
0
58038
42196
184488
0
0
90308
417236
0
351631
0
75420
870700
0
95967
1.45574e+06
697925
1.30514e+06
57112
1.23632e+06
48820
821739
40050
69514
263151
639262
129649
508578
449404
730242
642446
72386
0
463252
795263
23469
23274
24130
290205
0
0
98956
1.18514e+06
750942
425473
138912
584139
0
0
607157
40031
298867
949525
1.17017e+06
154227
221361
63309
0
43120
372567
0
0
171240
1.18022e+06
170533
16011
0
186555
0
376735
44968
323500
382718
384786
47314
290044
1.02839e+06
568940
404348
174862
185355
1.25824e+06
515826
0
0
583873
350723
0
0
156269
0
0
0
0
745868
0
26509
601442
206676
0
649101
0
531837
28787
0
93135
0
0
0
122627
0
0
0
0
0
146254
97716
605902
0
0
17540
0
407415
277814
53869
35577
0
0
0
51038
179690
291437
0
0
0
85378
0
0
96257
61567
0
53321
78689
0
0
173226
305141
38062
36886
291128
177381
51596
119821
0
98823
0
59803
0
0
0
227270
904236
0
0
0
1.25765e+06
113276
0
385745
661682
246342
329674
0
77784
649446
162268
888818
0
0
0
0
0
133580
0
0
0
10235
0
0
79608
0
0
49730
0
0
129202
0
0
42726
45900
3.2838e+06
0
63819
107935
118944
194997
0
58687
160273
257044
0
308801
0
186392
145980
0
0
44227
0
282015
1.06338e+06
0
0
0
185962
116060
0
0
112888
0
0
0
362239
0
141507
515888
21297
0
0
18175
480780
0
0
58297
73445
260055
0
46960
45440
52059
121521
0
167476
0
191963
0
32363
0
0
0
0
0
122761
149925
61179
0
53704
450783
0
123321
83787
76557
143883
0
49099
0
51328
50383
0
595843
0
0
157332
0
122561
172684
0
114421
209438
11732
0
118118
0
48224
74128
12754
42964
0
0
0
25756
57128
31646
115800
64936
0
112242
0
179939
138904
25440
55770
133628
0
0
0
63557
0
0
79557
42520
440205
26654
48874
222151
238012
186195
174234
47294
49317
134676
0
226486
0
364412
295037
0
157639
106298
0
22788
0
0
59886
71431
0
583001
88991
0
136967
64925
0
0
0
172438
74220
0
0
640891
0
10386
0
0
292245
0
0
112917
188565
0
0
94485
0
0
0
25175
132034
118776
181394
0
136020
56697
0
91144
0
0
110552
54074
0
0
81685
0
0
0
283064
203522
79325
60965
0
0
274711
704319
158857
0
0
0
168304
0
0
0
228036
263633
74567
0
96497
0
0
313083
50438
96501
214386
37815
243797
0
57929
171244
38400
0
352208
0
21112
86831
439820
0
87882
71022
73375
100734
145029
96012
0
0
309109
222589
21430
0
0
447924
0
50676
0
110632
0
0
0
44258
76903
16874
0
101828
0
97031
0
0
0
80177
47550
143797
0
40397
0
0
34236
0
0
80845
0
66504
0
9887
0
22336
0
0
218744
108710
40868
140200
0
0
0
0
0
149289
0
91597
0
0
0
75418
131957
121389
0
89544
0
93263
0
51759
30854
42879
53703
57704
0
104468
82422
0
56214
0
10351
19694
46512
0
55501
0
96239
0
0
57181
171806
0
0
0
0
0
0
0
0
0
0
0
0
24150
14610
0
67921
79508
0
0
88900
0
9613
44998
40895
0
0
44528
50800
0
0
284873
0
0
0
18889
0
0
0
0
55654
0
41447
0
0
78036
30225
177670
121580
35265
0
0
10388
0
0
0
28262
22931
0
0
0
82800
78826
98657
197961
0
67581
93084
101909
61381
128568
0
0
119439
21421
41148
0
0
210482
21514
98514
90595
0
0
0
248444
432162
0
37741
23258
0
0
201310
73845
24139
190763
0
109909
0
0
0
24125
0
359621
0
0
121239
34278
98140
100160
0
34868
256666
0
198203
0
0
119559
166379
43097
46701
0
191273
267492
46547
165009
0
282960
0
0
27132
59402
30297
0
31896
49778
32440
35632
94625
49071
0
0
0
42163
0
96433
109194
47951
128165
20722
165181
0
124736
0
0
0
221401
0
22529
0
0
588766
165828
116829
308227
53822
0
138407
0
0
0
0
0
0
37898
0
0
0
0
0
0
0
0
0
0
0
0
0
0
0
9439
0
0
80853
0
0
0
0
0
0
0
0
0
0
52974
0
0
0
0
0
0
0
0
0
0
0
0
18809
0
0
0
0
0
42879
0
0
0
0
0
42141
0
0
0
0
0
0
0
0
19487
0
0
0
0
0
0
0
0
0
28202
0
0
0
0
0
0
0
0
0
0
0
88964
69961
44525
0
0
230273
0
223351
118980
0
131590
158992
0
91930
92251
60673
26019
0
0
98278
147980
0
0
0
0
0
0
0
0
0
57160
89990
0
16773
41554
0
0
0
0
319679
66088
58805
80755
0
22137
200543
36322
0
0
93538
0
39342
0
0
0
166979
72592
156533
0
322981
20591
71066
92008
0
94228
0
107518
0
0
79002
66142
0
11701
39807
0
115218
53819
0
0
11519
0
126319
0
0
0
46007
18013
0
156691
9717
0
0
97428
0
0
62343
0
0
29290
43687
0
206307
25294
0
131285
204534
0
67909
0
0
0
48320
73752
0
0
53424
0
180206
0
47512
0
0
141879
0
28224
0
0
32303
132283
0
229957
0
77460
0
27258
50043
0
43623
42919
0
0
54865
0
0
0
21058
41260
427698
0
24101
0
0
0
0
0
0
22157
0
0
0
0
72629
0
0
0
0
0
24764
0
0
0
0
0
0
0
0
0
0
0
0
0
0
0
0
0
0
0
0
0
0
0
0
12821
0
0
15396
87619
53315
0
24157
0
0
0
0
0
0
9801
443342
224130
0
0
0
10620
0
0
0
0
366810
0
15598
0
0
0
408976
0
350646
0
0
21131
0
521221
0
0
343394
21476
0
10958
0
0
490273
0
0
0
0
0
466322
0
0
10734
197714
0
0
0
286220
0
0
346615
290220
0
686205
0
51036
0
0
0
0
0
0
35169
19593
105560
0
221927
98595
99179
203448
239942
0
0
73205
20547
0
138408
306319
0
0
0
0
0
0
475229
92548
39478
28841
0
0
0
161756
15555
93019
146735
24147
0
0
0
0
0
0
201132
0
161221
64997
0
0
0
35393
0
137408
0
13822
104265
0
19425
0
0
135232
0
0
41781
63894
0
142216
0
129241
87714
537441
0
13487
0
0
0
0
0
0
0
0
0
0
0
0
0
0
43560
0
0
0
0
0
0
116173
0
0
0
125729
0
0
0
55710
0
0
195966
92819
0
0
0
0
35831
156719
25336
117993
0
0
1.00005e+06
171901
0
108564
90666
54460
0
0
0
0
36582
0
0
0
0
0
0
0
0
0
0
0
0
0
0
0
0
90507
0
0
0
0
123674
66010
0
0
57808
39901
18442
0
0
162698
38625
134148
212849
151189
0
0
0
0
0
0
20534
277132
0
44036
0
182005
0
77632
0
122548
0
71138
484745
58458
217076
47410
0
110765
0
0
31823
68629
0
55911
0
98862
19586
0
26617
0
0
0
0
379492
19877
0
0
101458
0
0
0
90471
0
0
53964
45234
102435
20212
25568
181175
59424
57220
237174
0
204639
73383
0
68061
0
108712
0
0
11422
0
0
0
68693
0
20287
34724
0
96807
59499
0
14336
159504
23679
0
0
28296
0
0
189242
52614
73997
0
0
134057
0
0
0
0
0
0
0
46380
0
0
25428
28705
36705
0
74281
237152
0
211634
96927
0
0
26517
0
0
0
0
17478
0
0
0
0
0
0
0
0
25351
0
188700
0
127849
0
103584
0
0
0
81782
148837
79018
57941
0
0
0
0
12864
24366
28385
0
0
21630
0
0
0
0
0
50824
0
0
0
0
0
0
22171
73256
0
0
0
0
0
0
0
69657
0
0
0
36183
0
0
0
32913
38568
14251
0
40640
118674
0
0
17498
0
0
0
0
0
0
0
0
0
0
0
0
0
0
0
0
0
0
22096
35773
0
0
0
0
55948
0
0
15581
21855
0
0
0
0
0
0
0
0
11299
0
9926
0
0
0
0
33861
96453
0
0
0
0
0
30209
0
0
59968
0
18654
0
0
0
0
0
0
0
0
0
0
0
0
168790
25119
0
0
0
43644
0
0
0
0
0
0
0
0
0
0
0
22313
0
0
0
0
0
0
0
0
0
0
0
0
0
0
0
0
0
0
0
0
0
126072
0
0
0
0
0
0
0
0
0
12159
81015
52161
0
0
0
0
0
226498
0
0
0
0
0
0
0
0
239261
0
0
0
0
0
0
0
90022
0
117661
24752
0
0
140487
136351
29420
40497
40678
52535
0
0
0
62399
68993
0
0
0
173340
0
0
0
0
0
0
0
0
0
0
0
0
0
0
0
0
0
0
0
0
0
0
0
0
0
0
0
0
0
0
0
0
0
0
0
0
0
87644
76858
131122
0
0
0
0
239508
0
0
0
0
43954
0
51306
0
0
0
0
0
0
0
0
0
0
0
51410
0
0
0
0
0
0
0
60680
88337
0
38388
0
0
95873
0
0
0
0
39595
55962
74950
0
80931
0
124685
0
41836
0
0
14033
66375
44784
105654
0
569445
9258
0
0
21815
0
270290
0
49910
1.00154e+06
37925
0
127255
0
114404
0
0
11584
0
0
68165
0
0
0
35453
0
0
0
98919
0
0
115398
598974
69707
0
48724
0
0
112519
115196
23060
0
54621
13314
0
0
0
0
0
221043
25697
0
200499
0
0
12467
349378
0
41926
0
26898
0
0
135708
0
0
0
0
0
0
0
255699
0
0
0
0
0
74399
0
0
0
10451
0
40421
0
0
0
28788
0
0
93389
180531
73481
165536
48116
76182
0
0
0
10372
0
143403
12673
0
0
0
0
0
0
0
33097
36422
48780
38794
0
0
0
0
0
51630
39891
0
0
0
0
0
0
30254
31309
0
0
242357
0
0
761822
0
0
0
0
68256
0
0
108532
150055
22945
0
115869
0
0
0
25794
275636
0
0
0
0
0
0
0
13049
0
73199
0
0
146703
0
595959
0
0
0
0
0
138310
0
33713
0
0
741714
46463
172934
0
0
199700
54593
0
69514
810409
352908
44334
0
160055
0
0
30640
0
0
0
0
40147
51220
432890
0
0
0
66395
0
0
0
148027
0
123748
0
0
0
0
229184
23221
54333
0
24577
78188
10690
43546
0
31523
41792
73792
67604
0
22161
49278
0
51674
0
0
0
0
16890
83283
0
68410
0
0
96070
0
237025
53506
0
0
48684
117305
231122
53563
0
1.02035e+06
57601
0
112456
0
556680
23920
137995
43140
0
137288
0
31028
0
0
0
0
46813
22905
0
0
121242
46950
50574
0
0
92633
70558
413487
170235
0
259465
214942
0
0
87442
0
0
255834
102356
92584
212779
0
0
253896
0
73263
0
0
0
128958
79936
0
0
61902
0
0
0
0
0
51367
50955
0
26876
0
0
0
60547
0
0
0
60452
0
0
0
0
48867
0
129982
65861
0
0
22869
35149
91195
52720
149546
0
0
20124
0
93471
0
0
0
0
0
0
0
0
0
82345
0
0
0
63307
0
1.47996e+06
402205
0
0
0
36529
0
52954
21413
47578
11786
45839
0
0
24852
0
216894
0
0
34162
0
24534
181331
0
0
50814
0
36150
0
0
80570
0
45627
0
0
0
0
0
0
0
0
15000
46293
0
29834
0
472387
0
0
19677
0
0
0
232197
0
0
28511
0
0
30628
0
0
0
0
85377
0
609602
0
0
17291
0
0
0
0
0
70340
40106
35489
0
0
36912
36591
18625
0
0
0
0
0
0
79906
0
0
0
64279
41259
0
45382
0
51380
0
0
0
39570
0
29557
134268
0
0
0
47673
26159
19782
0
0
24645
0
0
0
0
0
31436
0
0
0
0
0
20177
15093
77005
40961
0
185780
0
0
0
0
0
151648
24062
70107
0
0
0
99400
65150
0
33405
73170
0
87932
61172
79475
0
43832
116593
0
31110
142937
90252
142975
148178
41944
50827
0
104905
0
0
0
0
0
0
0
0
0
0
25264
0
0
0
0
0
0
38742
0
111112
0
0
0
0
0
0
49509
0
0
0
120790
0
115654
0
53746
38066
0
0
0
31136
87128
0
0
0
0
0
48705
28243
0
0
0
110732
0
160208
0
0
80424
251348
80560
98524
0
0
0
47020
110900
0
73635
564678
103691
0
58504
72811
27951
1.35797e+06
921300
19384
0
95718
27185
0
202759
0
0
70572
0
25537
13659
97110
0
0
130892
0
0
0
0
0
0
90346
0
0
0
0
0
38086
74010
0
0
67486
0
0
59922
0
0
49341
0
0
0
0
0
18022
0
47314
0
33812
0
0
0
0
0
0
0
0
0
0
0
403896
0
123578
0
0
30335
0
0
131782
0
57092
285420
44641
58505
0
93103
0
0
93922
0
163273
0
0
21980
233599
19104
0
0
0
0
144226
0
29649
0
0
0
0
28978
101421
0
0
0
0
155127
0
0
0
28758
175732
0
0
0
0
0
39327
0
146416
0
0
0
12826
0
70057
0
25779
53743
25820
0
0
0
0
197840
25836
0
52420
0
11502
0
70526
0
0
0
0
12130
0
38252
0
0
0
0
0
0
0
0
235911
11317
109649
52452
9836
0
0
11299
15986
0
0
0
137779
22097
0
0
11914
0
82090
0
20771
0
0
0
0
0
0
0
0
0
0
0
0
0
25478
0
41906
0
129413
0
0
29788
0
36969
81331
0
90566
0
62367
0
82330
598242
0
0
0
0
0
0
428081
117055
0
0
0
10427
50465
54908
43201
0
0
109493
0
25210
49452
48129
0
0
0
0
0
0
24973
0
50303
0
61376
0
0
0
0
0
0
0
11943
0
0
199309
0
0
0
0
50041
0
10124
0
0
0
24594
0
0
0
98491
420506
16532
24203
20452
267181
30987
36306
0
0
0
169311
53506
35371
34843
0
28260
93828
23042
29603
0
0
57437
0
0
0
66316
0
21340
0
74831
165417
0
0
0
115568
0
0
0
77043
209875
0
0
0
239879
64646
74962
0
0
0
0
0
0
54758
322176
71024
153573
0
0
0
154689
55722
0
0
786050
57473
49349
0
22285
83808
190919
0
0
0
24397
0
0
0
443054
115001
1.22988e+06
0
119386
40039
0
0
29308
0
25360
0
19610
0
88507
0
83683
0
69965
0
36539
0
0
0
0
0
0
0
0
0
0
0
0
0
0
0
0
0
0
0
0
0
25261
120355
0
85583
0
0
0
0
0
0
0
53503
0
42345
273359
91957
0
101818
0
0
134146
0
0
0
46308
56214
25344
0
0
36577
44973
0
22247
157681
117712
19369
0
0
63862
0
0
0
0
38764
0
0
0
0
100308
0
0
37726
0
47407
0
0
0
0
0
0
0
38180
0
114204
10087
36367
0
0
0
0
0
48374
0
113958
127744
227231
0
0
129283
22301
91241
156595
0
58169
199497
49218
19931
0
0
0
109676
0
0
14417
0
0
0
0
0
45280
45726
23888
72531
0
70692
33542
0
0
0
0
91289
12852
203661
116511
0
611659
0
65928
111834
89493
0
0
62679
0
100196
42415
26460
0
171415
0
0
0
77688
140336
24878
0
42956
49823
22411
0
0
0
22141
72487
36881
0
0
0
51686
0
0
0
111678
0
0
0
0
0
82564
0
0
0
0
0
13608
20827
0
0
0
0
0
0
0
70210
0
62495
0
0
0
0
0
0
0
49063
977750
62534
0
0
0
0
0
0
0
925789
91865
66217
0
0
0
0
0
0
88096
0
0
0
41366
0
0
42745
0
0
0
0
40882
52487
0
0
0
0
0
32166
0
227799
20129
19579
62088
270052
0
368182
0
27336
0
0
435644
0
24508
37706
25989
0
0
16800
0
0
0
0
300848
38300
34875
0
21978
0
0
560884
0
43619
0
395328
143063
0
0
0
598136
0
0
67964
0
105852
789173
45388
0
42015
0
34213
830824
0
0
96009
30432
392688
150844
0
163361
643242
0
0
59273
0
189705
82020
0
77105
384203
27795
0
0
0
0
1.55516e+06
9488
369844
0
223867
23705
474605
0
25418
379542
34759
431519
0
0
0
195778
27502
0
716921
213555
0
0
22929
0
0
0
0
0
0
103441
0
436163
23195
0
0
0
123394
0
162441
812513
206376
0
986414
0
40575
882732
0
25409
0
437489
500080
0
365136
0
53725
81287
30633
0
0
293015
0
0
0
286843
430963
0
0
133388
651923
173100
0
0
30173
0
0
0
164193
236104
450304
0
621343
897592
25604
1.02157e+06
0
0
24784
53066
0
119164
195976
0
103361
0
0
64283
0
111212
0
0
0
0
149073
36844
147489
219842
193616
0
146287
71993
65761
0
21773
102875
414991
99340
0
0
0
27678
0
167167
211427
0
0
22598
70615
0
30590
0
0
306316
0
101799
86821
35564
0
0
0
0
0
52009
37493
0
0
58603
62514
32710
0
241973
0
0
0
11716
0
40851
56920
0
0
170608
0
99011
53091
0
183318
0
0
0
174544
0
177155
24280
0
43469
147676
0
18196
22901
0
28764
82048
0
0
0
32888
0
22071
0
415898
163315
0
565589
0
0
705319
286079
0
30195
75348
46076
0
45649
27920
0
61381
0
0
0
71499
116931
0
47071
0
0
47665
34225
0
46131
88202
0
0
30863
46785
0
31216
288469
0
0
0
0
120206
0
0
0
0
53759
300537
0
57062
27245
0
0
0
0
0
0
0
0
169899
0
52811
27883
0
0
0
486491
26523
453868
0
50244
0
0
0
0
169846
0
78772
28641
82580
0
0
10037
40754
10547
0
30769
0
29740
0
119968
28268
66622
0
0
0
0
0
49580
0
11765
121393
0
0
0
0
0
0
161740
39413
0
0
0
77286
0
0
106568
137790
0
71512
0
0
28460
10071
73395
114582
0
13083
31461
0
197875
0
0
0
188927
166618
28088
0
40571
0
0
0
143376
0
0
0
0
0
0
28247
0
90841
21677
0
0
61667
0
206467
0
0
0
0
27568
0
0
0
34606
0
0
0
0
90603
0
89175
24992
39819
0
31044
0
0
0
0
0
0
79177
0
74850
0
58020
106645
0
0
0
67851
28525
28733
0
0
176232
0
0
57667
27960
0
0
111296
56952
61950
41652
31509
0
31751
72869
988244
0
0
90522
23274
42320
44087
67330
0
266853
0
0
493880
0
54335
28807
24250
0
0
55966
56028
22380
146407
70264
0
0
0
0
0
49712
22036
11016
0
0
0
32287
0
50688
0
0
0
231748
88837
59455
25825
0
69021
0
76628
31910
92489
0
0
27483
0
0
0
0
0
25139
295152
78984
0
0
0
78448
0
0
100502
0
0
240033
0
0
0
112193
24498
0
36974
106531
39140
0
0
77699
246282
147063
0
0
0
0
108294
0
39873
32373
58840
0
115248
0
0
147707
24784
0
61310
0
16468
0
169425
0
0
0
83412
0
0
61331
0
0
0
0
0
0
0
0
40100
63341
25210
0
37975
0
0
0
0
53157
0
9748
0
0
0
87819
0
0
82052
0
0
0
29067
0
31491
0
193694
41766
277252
256414
223772
0
15361
100343
0
19003
0
0
23923
0
34150
61270
77853
614639
0
70141
0
0
0
0
0
670758
47537
84448
0
19116
203006
111128
109944
74782
0
48519
13071
165936
23244
87816
320616
19297
115969
0
77700
0
53350
0
0
29825
52106
50303
954300
0
46245
0
0
0
0
0
0
65197
153622
1.0688e+06
971695
0
31987
0
0
29355
0
46417
574253
168498
0
32795
47832
16196
0
0
0
221232
97307
250949
0
110644
30898
285922
0
140983
0
68898
117945
0
0
120791
16834
197171
0
0
0
0
69476
35244
0
0
89631
0
69408
0
209534
28290
0
0
184097
0
0
0
0
119325
0
0
0
0
0
0
155940
0
0
0
0
66429
101742
0
0
55844
0
0
0
0
31043
20037
108133
0
79039
21577
0
0
0
0
35382
0
0
0
59845
26145
0
0
0
22881
40926
0
70158
71201
0
25531
16965
0
54183
73221
0
0
0
0
27855
0
13304
0
0
0
0
0
10226
72950
0
0
0
0
0
0
0
0
0
0
0
0
0
0
0
0
10435
0
35967
0
0
40924
0
0
0
60706
0
0
0
31213
0
0
0
0
0
15080
103501
33582
114751
56432
0
0
32542
0
0
0
0
136279
0
0
0
0
185256
0
0
63133
0
0
39663
22363
30723
0
0
0
0
21970
0
28313
0
0
39639
0
230532
0
24037
270114
364547
0
148744
10770
0
0
0
21332
102519
0
103490
0
0
107558
0
0
346683
20193
0
0
58727
0
24974
0
0
0
0
0
112917
53406
134964
30863
194425
68932
0
0
0
22107
0
0
0
0
0
0
0
61046
0
83140
0
0
85444
24242
0
216499
0
0
31213
121478
0
21644
0
23003
39525
36798
0
0
0
0
59687
0
23730
93136
114146
0
0
0
0
0
0
0
625062
0
55925
0
21267
20586
0
0
0
0
0
72584
0
0
44952
23183
0
32139
0
0
77051
0
0
94065
0
0
69762
33009
0
52756
0
106907
28811
28771
0
0
226717
0
0
49195
0
107668
0
181735
50355
0
218168
171844
51722
59335
0
0
0
0
0
0
0
0
0
0
106479
82440
25835
291807
143588
49570
0
0
205644
97184
926358
9815
0
0
105530
0
0
0
0
0
381144
0
0
92715
0
35487
71196
118588
21274
49149
0
47521
0
0
116283
0
870410
0
643366
0
17358
27339
62101
0
0
0
0
0
119771
23449
63438
0
0
0
100513
0
0
0
22622
27322
0
0
53926
0
163275
137488
59743
34723
293789
125889
0
0
132730
0
0
66833
0
0
0
0
27109
28995
0
70360
21030
0
31069
51034
172238
87825
62173
0
0
1.03478e+06
0
0
0
31830
28414
681806
304709
0
270926
0
0
0
1.1354e+06
291778
0
122079
195010
0
149941
24328
372905
241059
342961
0
0
52556
82375
0
0
120102
22646
0
0
0
160121
0
219287
0
254411
135841
168400
0
0
0
38793
148070
0
89150
47989
0
63670
0
0
0
45834
267168
25837
0
87344
50681
0
0
160960
26908
0
48263
0
25518
0
0
29931
0
0
0
0
0
0
40953
84272
0
0
22938
33830
0
0
0
0
15197
0
0
0
0
0
0
0
0
0
0
0
0
124478
0
0
48915
0
87818
0
0
0
0
0
50800
0
40970
41003
0
0
0
0
0
0
160711
32287
0
0
0
0
0
0
63469
25528
0
0
0
0
0
0
0
0
213944
116632
0
51349
0
0
25145
52563
0
141377
0
78979
89624
0
32953
38695
37127
0
294769
0
108971
77575
0
77883
0
0
0
0
0
0
0
0
0
61578
57136
0
0
60448
0
29363
0
44315
104594
0
0
34425
699090
274769
55516
0
0
0
156548
0
0
26297
0
0
0
0
0
0
0
17278
47547
0
0
0
0
84119
21484
0
46831
0
0
26181
0
62673
95436
0
0
55782
0
0
0
0
13857
0
32759
0
0
97698
0
0
103282
0
0
73163
68988
94303
24754
16896
0
0
0
0
0
0
9799
0
0
0
64387
17872
188513
21653
0
0
26397
0
94344
0
0
19967
0
129211
0
9401
0
0
84015
24105
73443
23730
36962
0
0
31307
0
111924
0
164271
108715
184815
22161
178944
83835
27579
144671
52441
0
21201
186611
169447
90217
90702
64243
19516
0
15848
0
0
129716
0
39660
36337
160198
46866
0
0
207243
0
174336
0
14236
49729
36633
23290
57117
12274
49513
0
20659
0
0
100653
22702
0
0
23794
28327
0
135642
0
0
107989
342566
0
483926
21871
0
0
71819
47869
1.24151e+06
0
13618
0
0
0
0
49065
0
12388
0
36801
0
77615
27213
0
313361
0
49697
0
0
0
45795
9669
244327
95685
65877
0
109931
0
51025
46873
0
0
31113
0
29579
17320
0
12245
11290
0
85736
0
0
53166
40660
0
11464
0
42325
0
0
0
33379
98315
0
0
193074
93225
0
144833
0
0
21818
0
0
54984
0
0
88495
32628
34061
73724
0
0
0
29798
0
53216
0
0
0
0
0
144619
63915
86651
0
247305
11685
0
0
0
0
0
24072
0
0
154180
151509
45598
60058
0
26884
0
11976
101323
0
155583
16396
106999
0
111543
0
162688
132096
0
110022
0
0
0
0
0
9589
0
0
26751
29544
0
0
0
0
75754
28918
167809
54945
12883
0
13344
0
151638
121913
0
0
73909
0
0
71899
20488
51436
10502
0
35798
403462
31983
11263
74592
0
46825
0
0
0
0
0
0
0
0
0
0
0
0
37003
24920
105726
0
0
64741
9925
0
0
13005
0
63859
0
0
0
9568
31865
0
50696
26837
61451
0
0
0
61120
0
31615
0
56485
0
632902
35484
33941
0
0
0
0
0
0
0
0
0
0
0
52595
0
0
83138
109642
21267
0
385374
22150
0
175928
0
0
51745
0
51202
19649
0
0
263786
0
0
0
0
0
0
0
55152
47749
0
0
21930
0
0
0
0
0
194081
57350
382814
66868
209789
167920
36211
0
0
0
91856
0
66165
0
999729
0
30250
0
0
0
0
13206
0
0
30573
70847
0
20894
0
0
0
0
0
31204
0
84632
0
0
0
0
0
11749
53647
0
151470
0
0
154197
0
38882
224057
0
0
0
0
281847
0
112051
124872
80715
1.77695e+06
52869
803564
0
0
19513
99778
0
28209
118945
0
22426
0
0
0
10497
0
0
79858
0
51528
0
37535
0
0
124866
30702
39451
81033
87840
52446
124465
48750
0
0
268868
59414
0
10800
0
0
0
0
38666
105329
