530814
46879
22810
0
861144
54047
93712
556145
278587
253467
0
296425
782752
385069
0
109649
0
160220
0
0
0
506421
217663
536854
0
0
0
92910
1.13315e+06
0
0
308533
2.25646e+06
144581
230011
707377
316030
275296
247541
565620
406076
119587
139014
339180
208056
428269
507743
0
0
0
46142
463735
0
49079
1.12545e+06
19861
285012
0
1.96012e+06
0
982139
35463
556771
268785
227257
43697
1.09425e+06
308169
167805
0
0
27369
0
0
0
0
0
0
0
0
295531
0
0
85482
69854
0
15635
484152
494336
267216
223737
79435
979051
360199
133570
0
325904
0
178913
807553
295610
942024
0
857032
0
12385
39309
151578
588462
316861
207133
2.60715e+06
1.71715e+06
1.3738e+06
231022
532356
44736
219258
0
177155
243204
0
166994
1.38932e+06
135884
652086
539884
699077
50007
0
192036
0
0
933306
248250
0
173278
0
429833
862023
89369
502971
532325
208760
323236
394677
0
0
1.75778e+06
552306
193333
118174
60232
63317
0
365856
47170
0
493418
0
0
19445
20436
292680
52856
0
88643
65318
143295
1.27876e+06
0
25218
197602
638466
181344
198834
46100
0
358853
0
0
0
0
21434
0
0
293147
0
0
0
77750
0
0
0
0
0
65962
0
22609
39598
102919
0
42982
0
18767
0
0
0
0
124415
94610
0
22486
0
0
39686
0
0
51709
170736
0
356695
472098
83362
0
336863
308969
388052
0
0
9280
315481
0
0
102365
154055
902082
54735
243620
0
0
284830
0
452217
84254
121652
336226
73332
164299
0
126531
195964
233622
534751
917391
377581
113870
363618
101873
0
108005
841017
443078
37845
141165
380463
412592
542918
121600
345933
539972
74105
362108
83035
0
0
0
34675
0
0
157837
25844
0
0
0
0
0
18854
28987
0
22891
270335
0
0
1.15057e+06
75079
444637
166809
408544
77918
57216
167554
0
126835
13158
176270
19543
188799
22288
0
0
599531
124193
191656
323459
404341
485870
160495
109657
509733
0
0
87178
0
170484
0
21391
0
37013
0
0
496742
228028
88032
38073
0
443272
10256
586557
84846
137254
638676
190100
108888
145006
466853
1.05159e+06
94163
297870
0
295769
181124
0
187559
43562
0
17451
64626
47106
465232
20374
93751
100336
185994
10432
118891
0
262558
90811
0
373185
0
0
40960
0
0
0
156652
0
20720
0
310015
46073
0
139548
0
92911
144807
155483
125298
100776
42068
0
244039
52692
0
76573
0
0
121559
315204
46912
71069
0
183324
35922
10526
88197
67857
58098
0
122642
135552
0
0
347918
45419
0
229290
26030
114232
44800
239221
159743
72789
70008
0
195182
28360
0
191607
0
11857
0
58620
0
0
0
817282
371588
1.11022e+06
0
906476
189977
0
50799
168661
97918
124814
41284
79937
148711
0
0
0
104221
82896
71782
46107
113678
0
307567
81250
305964
267623
0
0
112948
0
0
0
0
68053
42891
0
0
102170
0
0
0
20222
343126
163885
0
72768
0
131761
50957
60768
0
155201
43947
99424
0
0
12562
0
0
76326
44443
0
60752
11782
124838
0
26096
0
13160
9963
13485
0
0
510445
0
105408
195019
26619
141356
0
0
153529
0
84218
49786
0
0
112432
194392
51285
110136
0
64452
0
0
0
0
0
0
64772
0
0
0
0
27594
34966
0
0
22557
0
0
0
0
83317
85785
76859
0
0
0
19868
0
0
0
0
13175
0
24580
0
0
0
0
0
23544
0
21853
0
93786
43420
28956
112003
0
0
83168
16770
0
0
18976
0
0
0
32720
0
0
0
17452
0
142212
11658
0
0
0
0
0
62303
25128
0
0
172239
0
62278
0
46798
38018
0
0
0
0
0
0
0
106980
24652
0
0
0
0
0
32547
0
0
45686
13742
0
0
0
0
0
0
0
11490
0
0
58336
86981
41331
0
0
0
0
0
0
0
0
55708
53817
54228
0
0
50186
0
10110
0
0
0
41169
0
0
46942
0
0
0
0
0
70101
0
0
0
0
0
0
0
101906
0
19872
0
0
0
0
66179
26090
17147
0
0
0
0
9552
0
0
0
0
0
0
70438
0
0
0
0
0
0
0
0
128729
0
40991
0
0
0
0
0
44528
310966
0
0
29339
244538
0
125513
341915
104299
82963
109153
110511
86990
78809
14957
124059
58465
0
95788
0
52020
73178
155809
43442
139835
47859
102480
107374
43018
80602
71819
179622
35379
0
53726
0
21638
0
69910
152361
82414
170214
0
170761
0
47578
0
39729
0
22800
0
0
216521
90546
65245
59776
30301
0
0
0
347723
45984
0
299794
86220
245815
0
27128
199296
163152
122986
38227
18820
0
161881
284288
0
17755
0
0
0
0
0
0
10555
0
0
0
0
0
0
0
0
45304
0
0
88375
0
0
0
0
0
0
48255
0
0
0
0
0
74540
0
0
0
0
0
110768
0
0
0
0
0
0
0
0
0
0
0
92372
0
0
0
37433
0
0
0
0
0
0
0
0
0
0
0
0
0
0
0
0
0
0
0
0
0
0
0
0
0
0
0
0
0
0
0
31186
41513
56760
0
22756
0
23766
10335
0
0
0
52022
78985
0
60621
0
0
10317
27352
10330
138814
62912
0
0
13924
0
0
0
62205
0
21382
0
0
0
0
0
0
57216
40388
0
0
50947
106042
0
0
0
95419
87756
0
0
0
0
41867
0
0
58257
84079
22102
0
0
38478
0
125838
24038
0
0
0
80514
128832
56838
105857
86742
0
11723
0
0
0
87402
85555
26234
0
0
53872
0
0
47759
44073
0
0
354221
0
36635
0
69537
0
0
0
0
0
9681
113638
233815
735213
101589
0
358550
166991
11579
0
0
0
126386
0
121494
0
0
0
0
74974
63588
0
77109
0
130227
0
0
0
814330
10796
49079
0
45340
93042
55044
0
59694
106473
0
46824
0
73344
0
49780
12939
21514
119187
0
95383
44630
0
0
0
0
0
0
0
0
0
10775
0
0
0
0
0
0
0
0
0
0
0
0
0
0
12122
0
0
0
0
0
0
0
0
0
0
0
0
0
0
0
0
0
0
0
0
10233
0
103824
23912
74693
0
11556
54255
0
0
0
0
0
0
11261
0
0
0
0
31039
37480
0
0
0
38177
0
0
17723
0
0
32155
0
0
0
0
0
0
0
56417
0
0
0
0
0
0
0
44815
0
0
0
0
0
21403
10119
47256
0
0
0
0
0
212055
0
0
0
0
0
0
52166
98752
73458
0
18693
0
0
40300
75137
0
0
161218
102726
275021
10730
79621
100218
104890
74580
99556
18543
277642
91053
43297
153558
0
67388
58983
20130
0
135467
0
0
0
0
79518
278715
12675
129744
52741
218263
0
122934
23887
10745
11936
41573
0
93406
49870
153567
212150
10960
0
0
0
0
114299
0
319402
21733
0
0
262424
0
0
317550
0
0
0
0
0
0
0
0
0
0
22461
10710
0
0
0
150489
27067
0
44144
0
129930
0
0
0
304461
65529
0
0
0
0
21260
0
0
33520
75895
521649
23436
0
0
0
45857
32043
0
0
0
9445
0
106562
0
61903
118664
0
0
0
46499
0
106935
0
135800
33416
0
47248
0
29802
54457
120494
9274
0
0
0
279603
164305
10425
11271
0
273344
0
0
0
0
0
0
0
15486
0
57500
0
194470
47670
30338
0
23928
25912
90487
173266
832725
77908
136477
85542
0
94598
55636
58789
0
0
163350
0
34710
16313
95096
87108
73691
27707
10246
91296
0
64114
22351
130270
0
0
73925
0
0
27140
0
0
260104
211027
0
51451
0
150440
0
0
0
95968
18723
23250
55844
126574
10134
15245
47763
0
0
0
36371
40766
12338
0
45303
17373
0
0
14331
154581
0
249532
62007
0
0
162191
24576
99569
94372
21927
0
0
0
0
0
0
75037
15016
10843
0
0
153833
99316
0
102932
95995
42434
0
22461
83221
0
0
0
0
28038
0
0
55711
0
243254
11966
0
0
0
12918
0
0
26911
25238
0
120627
0
110072
41098
0
0
0
0
0
0
0
22854
0
0
0
24995
9147
0
0
0
51290
0
30852
0
79517
309648
0
25404
0
0
0
0
0
0
59275
0
0
0
0
0
32923
0
22426
28455
0
0
0
0
0
0
53802
0
41812
0
0
0
0
32841
0
0
38820
0
43132
0
0
25502
0
0
85137
84388
9599
0
0
0
0
0
33883
0
0
0
91161
122235
0
0
74316
0
0
0
0
0
0
0
0
53241
113787
245814
0
21914
0
64423
0
0
32171
142966
0
23331
0
0
0
11517
0
0
0
0
0
0
0
0
0
0
0
22934
0
0
47890
9882
13259
0
74225
122349
0
20152
0
39571
28223
28583
0
0
0
0
28329
0
0
0
0
0
20565
19828
0
30239
0
41385
0
0
218448
0
0
0
0
0
74242
19581
0
0
17631
0
146282
0
0
0
0
0
0
166926
15958
0
95660
0
0
0
0
46080
0
0
0
0
0
0
0
0
30985
0
0
0
0
81128
45760
0
0
0
34674
0
0
0
0
0
19474
0
0
0
0
203926
107639
0
0
0
0
0
64986
0
0
31029
0
27509
13607
107298
92519
0
197487
52226
130565
57696
0
39619
202605
95772
0
134510
77307
154823
12780
0
158293
22222
70144
0
0
0
63365
14168
119601
0
21260
13049
36225
81969
21778
0
0
0
0
59094
0
0
0
0
0
0
0
0
0
0
0
0
0
0
0
0
0
0
0
0
0
0
29272
0
149507
210994
249888
0
88937
71781
0
388865
118666
619623
266402
315935
21862
0
93856
65019
226386
0
60169
0
89903
64983
315686
32362
222134
172377
0
19173
0
1.21318e+06
93760
0
105173
11662
102740
176068
246692
0
0
28826
165322
0
0
94598
0
97231
0
204363
28546
42359
0
197039
0
42806
0
0
0
136034
43800
106271
0
178222
0
99370
79566
0
490680
0
10913
50946
0
18075
0
381077
0
74892
329623
90001
10966
59828
0
131178
0
0
0
0
55715
0
0
0
0
468159
0
0
30929
12117
0
114122
0
146607
9935
0
0
154041
405426
19740
232181
182889
92626
0
31541
11826
0
250279
13437
0
14972
95301
0
0
0
0
0
0
0
0
0
0
0
0
0
125058
0
107583
0
103755
65758
0
0
86660
0
0
12251
24751
0
0
68617
0
27993
0
56471
12865
255616
87442
90041
22141
262379
47724
0
20515
38246
91090
15711
101591
0
25701
0
58017
0
0
0
0
825811
51037
11185
73145
0
0
0
20899
23048
50037
24736
45689
437013
0
0
0
0
11372
0
0
0
0
0
10070
10922
9767
19195
49355
0
71097
26199
52452
39736
0
334140
68034
0
19264
0
15311
0
17681
0
0
0
0
0
0
0
223305
65958
16332
122615
0
112544
62045
100118
25344
0
138095
0
0
0
10642
20217
0
54208
40942
91214
0
0
117884
16725
0
89982
77120
126654
41282
159539
99766
11189
0
11648
17110
88015
0
0
10390
106879
27874
0
193598
0
66240
10729
95116
0
0
0
56796
49557
77406
0
47380
59760
11791
0
108883
1.82458e+06
87163
0
207047
30303
0
134435
50026
0
71870
0
34510
29325
99903
13811
31236
0
0
282482
11790
0
0
0
0
458552
11576
138647
20538
54945
0
110583
179016
21742
52777
0
12121
17703
21834
13481
10443
32829
385987
40878
85962
0
267839
0
34151
0
99231
42981
146982
575898
40899
109030
0
143842
0
0
22583
0
32170
163100
413565
0
0
83327
0
0
201995
0
261006
23609
162242
994147
1.73339e+06
156367
79689
116654
195244
43272
142863
75309
0
0
0
178422
99935
0
22424
37509
0
0
0
10049
0
0
56616
0
0
35431
0
0
0
0
0
121666
0
0
0
0
0
0
0
21909
0
43015
0
41664
44782
0
0
141202
21869
74106
0
0
0
0
78363
20640
0
0
128754
25326
0
42957
0
0
43875
42158
73548
165139
0
54702
28302
0
73458
0
131605
0
150851
10412
0
0
22691
0
0
174099
49888
0
0
0
0
0
0
38773
0
0
116203
0
0
0
0
204262
76888
125857
0
42317
0
0
42090
0
0
103596
14097
70456
0
88640
180154
0
0
181476
0
13239
0
23050
0
0
0
9513
0
0
0
0
0
0
0
46221
11299
47889
0
23727
0
33110
11018
0
0
0
35826
0
72343
37550
28639
0
26163
0
13605
0
76401
283714
38428
0
0
10403
25641
0
0
101039
209468
0
60448
13338
44639
48111
0
23928
71119
52396
25432
0
137852
0
0
0
0
43382
0
0
105927
0
28047
136386
14096
59083
0
19128
71630
75362
11965
209137
0
25695
60919
24759
0
31781
0
0
12380
54296
110613
146859
0
98004
29737
0
0
76407
0
0
89760
114701
39384
57112
189752
77717
139160
44043
267842
11079
51269
0
24022
61156
0
16943
0
104929
0
0
10751
0
0
697737
38513
77507
66789
22760
138562
52017
0
0
0
0
74737
0
0
0
53787
104591
61234
0
123155
46189
155564
30893
0
0
132932
0
337973
262154
26263
0
0
60045
36350
0
0
29302
104147
0
470567
23891
1.04852e+06
53844
0
0
0
136853
22345
0
54638
74013
0
0
53121
0
0
0
232518
296725
25240
0
114942
22831
114803
38276
0
0
0
0
0
0
0
0
0
26599
0
47259
0
0
0
23194
0
0
60089
0
107629
0
0
37608
0
0
0
0
0
0
0
0
17399
0
27738
32233
36690
12174
143010
31897
0
27716
0
0
0
0
43156
0
0
0
0
167526
0
0
0
60020
26064
78068
54993
38889
48352
23849
66920
75281
169743
0
0
0
0
10514
0
29754
0
119832
144160
0
0
161780
30190
0
0
0
24050
0
0
0
0
50562
0
0
0
22956
0
52749
57272
45919
0
33968
82714
0
0
28804
0
11496
0
0
45217
0
0
44745
0
51422
0
0
79803
0
0
23476
0
0
0
0
0
0
11573
32334
0
0
21215
25276
0
0
67936
0
26204
31493
14239
0
0
0
0
0
0
0
0
0
15686
0
41331
0
22315
40854
0
0
19748
0
0
37735
49454
53089
0
0
12082
0
41790
0
0
0
27248
46165
0
0
0
0
0
124997
0
0
53073
0
17614
0
0
16600
34155
21440
0
46107
0
82170
44856
14269
54913
111695
43062
28458
101914
72992
0
12787
38425
224038
0
57794
9886
0
0
29862
604600
0
0
231929
0
0
34739
156799
130874
80444
0
0
0
149612
0
169368
0
45538
10545
0
14860
0
0
0
88880
0
0
0
0
0
10167
40988
322163
0
38350
116682
0
69184
143254
0
0
0
146112
0
11393
438901
0
75742
0
0
0
0
0
0
119417
22851
0
28093
84867
212151
126494
117156
98285
0
0
0
30238
36573
124268
0
47921
167518
23982
0
0
130806
71549
0
0
93002
39687
12553
10107
0
0
104023
404832
0
24681
30228
49054
177790
32067
0
0
21470
21821
23107
44835
92962
0
0
0
243182
34526
207796
0
0
0
18040
0
0
193101
175705
0
0
0
0
78596
0
72423
0
0
0
0
0
0
0
37391
0
41920
78457
65295
0
20812
0
18743
47347
77642
21678
0
95666
9950
0
0
9971
0
184124
50845
0
0
169901
0
251301
0
247768
0
0
0
68180
0
87072
0
0
0
0
0
33418
15976
0
45446
291706
372704
0
146360
46796
0
18947
10309
0
58066
27555
126376
0
0
21279
219636
0
43043
290476
0
0
0
12302
0
14112
200044
0
229370
0
83990
19034
24733
0
21491
86303
0
37629
77939
0
707961
0
202556
107158
0
0
28671
202894
156564
0
0
0
103677
16291
144785
60400
37020
93908
0
0
225091
0
94336
10613
76622
0
0
0
46038
0
0
0
15887
0
40347
0
0
248561
39208
11974
0
0
23331
0
50188
0
69684
103791
0
152577
611474
58478
0
0
0
0
0
34347
0
13020
446804
12916
0
917368
0
11594
0
0
0
0
93575
247498
0
37871
0
0
34862
0
133434
26566
240954
220005
122760
0
1.10312e+06
11181
150258
52807
194180
0
0
271734
130098
305929
33968
23669
0
193148
0
0
15823
54145
0
0
225648
0
0
12332
79986
0
39487
0
40768
89471
0
0
10486
171824
47452
0
495818
27877
10211
0
0
49090
0
0
0
0
65690
0
0
0
0
44017
24537
0
0
0
0
84705
23575
0
11930
0
0
0
0
0
83602
0
431481
778113
0
0
0
0
112701
27612
0
19996
224690
138632
116368
0
0
123021
0
26080
0
108566
0
64574
0
13195
0
0
82131
0
0
0
0
38126
19584
41859
0
0
0
0
0
0
11872
0
0
67056
521213
0
80540
0
214081
0
0
484490
28461
0
981263
0
0
0
50902
166154
0
0
23980
0
0
0
0
0
0
0
0
917524
270274
51925
0
166931
0
0
41205
0
0
0
20386
73588
0
23877
11962
10669
0
0
135252
276227
0
0
50650
0
42140
50278
0
212604
0
0
0
0
0
0
0
18646
0
0
0
0
44320
151683
514650
627537
0
0
0
22430
0
0
31354
0
104650
0
21756
0
9624
0
29722
37586
72151
0
0
0
0
22963
11863
63246
0
26371
0
0
23334
0
0
530695
0
0
0
0
0
19802
49061
84910
38178
251280
0
45429
56484
0
25587
0
0
0
0
0
0
33745
0
92736
0
319634
0
0
175522
45819
357308
104879
0
50153
17425
0
0
44994
0
216530
0
0
0
59939
129061
124734
136911
0
176922
0
254036
14003
57837
0
15765
37516
35791
145527
0
71317
0
36340
0
40259
0
131705
0
0
46780
0
0
0
0
84253
11971
34808
10663
22620
46061
0
108631
0
51336
0
0
0
0
0
12087
41444
48628
22420
0
14765
0
0
52982
243126
0
126723
384639
74089
29585
0
0
0
0
56478
95838
82841
0
0
0
0
12093
24682
136456
0
9984
80588
188930
52301
0
0
0
0
154109
24614
39798
17705
26633
52063
9525
0
162804
0
0
110680
0
0
0
265642
36548
145538
0
26800
96557
13553
155586
22449
20540
0
0
11786
0
86598
0
44933
295320
71237
0
53680
420483
76522
0
0
28544
0
27904
0
0
65304
97383
54794
0
0
120305
44258
43983
34348
0
93914
0
45150
0
101878
0
562423
0
94629
0
0
480283
0
0
0
423498
104140
0
0
24851
0
41689
0
11983
56959
0
664379
59686
75702
0
0
0
159310
0
65499
0
21319
49786
0
16704
0
485304
0
314827
0
0
0
0
0
142229
63881
0
29186
0
0
79021
0
86528
12195
40255
9238
0
0
0
0
66808
0
143994
0
53880
0
0
0
0
9423
0
11033
46598
11990
0
0
29843
0
228557
0
0
0
0
12096
0
0
0
76987
0
0
47112
0
0
127913
23546
141087
0
131111
27253
21582
0
0
0
0
0
0
0
225587
88023
0
0
0
257493
0
0
0
0
0
0
0
25340
1.13744e+06
0
0
39134
0
0
140914
0
612264
0
0
0
0
111594
0
160139
0
95208
22809
84396
0
0
0
0
0
0
174154
0
54239
0
0
0
0
125094
33696
0
0
0
0
0
0
16735
119501
0
0
33118
49934
0
0
0
0
29366
0
0
229277
84378
239699
94555
0
0
56433
146114
51609
148671
110055
21836
68835
317866
0
116458
48871
243680
115047
0
0
0
38315
76281
11277
802662
18992
218390
0
31603
94849
95248
105954
0
0
16412
27008
30274
0
0
89430
0
0
141602
26151
0
0
0
50662
0
0
83440
82311
0
55343
0
0
0
43768
93982
0
0
0
0
0
0
0
71317
86437
0
0
58608
0
0
101676
0
159535
24436
0
0
0
0
0
173397
32864
0
0
89967
236123
0
0
11238
0
0
0
0
0
0
0
0
0
90033
177624
0
152581
31522
59762
0
11472
21953
0
0
0
0
0
72130
43141
11825
61710
0
23830
0
28962
9412
62486
36806
0
0
33647
0
72376
109808
39549
0
20843
47750
0
25051
0
0
17984
78847
0
0
0
62763
0
0
11620
0
120387
158886
29626
30114
11116
0
86476
20753
0
21890
36490
0
0
127491
45281
143500
57376
119296
0
0
24707
36873
0
35608
71735
46575
0
9644
35297
0
86065
67345
297832
24959
0
0
116339
28783
356721
50643
0
0
33374
48314
0
106400
180343
54728
0
0
0
0
31410
0
11515
90330
0
0
0
52747
10750
0
0
88467
0
40568
137555
65848
0
280224
136887
0
158255
0
14176
96978
0
263208
0
0
41230
182712
96493
0
38187
0
61808
30582
9775
129465
0
46339
0
126622
0
0
0
0
113363
31556
77492
215422
155308
66040
0
0
0
29821
0
74722
133567
20592
103822
0
0
0
0
56482
40420
0
41985
0
0
37857
0
110362
11011
0
18855
0
28754
0
23789
26043
28439
641800
120293
0
33186
0
296588
0
0
138063
0
25986
59559
0
30624
27199
0
84625
0
27332
24852
0
0
0
0
0
43981
0
0
0
0
19898
0
23257
0
0
0
0
26356
26337
0
36834
111759
70336
0
62109
73155
0
0
0
0
0
0
0
0
0
0
0
53444
0
23121
0
44293
0
13743
0
0
0
0
0
0
0
0
0
0
0
0
22873
0
0
19210
0
0
120178
0
0
0
0
0
62824
0
0
20270
0
0
0
0
68436
133136
0
0
0
82146
78746
0
0
0
115658
50068
0
0
0
0
0
68169
0
0
0
0
0
59448
0
17848
34970
0
49900
384865
0
27458
0
0
96182
88877
20240
0
273711
0
0
0
61274
193106
0
54967
0
0
17692
0
47699
0
0
0
64351
0
0
0
0
0
21619
0
0
0
0
0
29271
142994
0
21044
56828
0
11842
0
0
0
9976
0
0
0
139022
0
0
18718
0
0
0
0
107654
0
0
0
286754
0
0
0
0
0
0
0
380398
0
0
0
31512
32969
0
110378
0
0
31418
0
0
41166
36799
0
0
0
0
0
55772
0
0
0
0
0
0
0
0
0
88281
61463
39931
62724
0
0
0
0
66295
0
0
11781
0
0
169077
0
0
13480
0
13293
11928
133920
0
0
0
0
46993
0
131589
0
0
0
22106
37940
108151
11238
48539
125085
19642
0
0
0
0
0
0
0
51357
0
0
0
0
0
90635
0
49892
0
10626
29665
14353
0
0
22355
0
25114
69393
0
0
10664
0
0
0
0
45738
0
0
0
84362
0
0
0
0
39726
0
107734
23123
0
0
0
0
0
0
0
55420
126640
0
80077
26716
24300
37822
277140
0
0
0
12221
0
0
58356
0
0
0
0
0
0
0
0
70122
0
52114
0
0
57800
0
0
0
0
0
13371
19307
98886
0
0
0
46319
118936
32187
60772
1.14418e+06
0
215311
250337
59610
11983
0
0
70233
55203
54933
0
0
0
22988
34318
0
333078
240713
106179
149109
23772
22410
0
533684
0
11058
29931
181952
263826
111185
96126
190101
82938
0
0
41655
980742
12837
129591
0
150180
606633
133646
0
23523
0
0
36806
0
0
0
0
0
0
0
0
0
0
39590
130982
0
77694
69003
0
0
0
0
0
0
0
0
27552
0
0
13647
0
0
0
0
0
0
0
0
0
0
0
0
74613
0
0
0
0
480761
21895
0
0
0
0
0
0
0
31268
10428
0
0
0
0
81250
25147
151638
0
0
147121
118136
111271
0
0
357772
46852
161743
11708
0
32587
661426
151481
0
18800
0
271727
0
0
36264
0
0
0
0
9479
52605
338299
0
0
0
896690
0
0
0
151074
0
0
36767
185124
0
0
0
0
0
80331
0
0
64642
0
346634
0
0
82193
0
0
22869
30973
0
0
43063
27606
0
102358
0
0
0
0
0
0
0
0
35444
0
0
82523
196440
25129
30486
96379
21280
0
136341
0
312324
108204
0
0
0
14027
0
50895
0
0
0
95036
89700
11008
0
111426
0
0
0
25631
0
65655
0
0
31606
0
0
28264
0
24059
17609
149859
13574
83673
0
0
0
0
51258
0
217286
111436
26274
162237
102073
54508
0
23016
108756
0
0
0
0
0
0
17377
14579
0
0
0
100648
0
0
0
0
0
11167
0
0
39485
0
0
76856
0
0
0
0
60058
10907
25066
0
0
28426
0
12487
0
0
0
39344
0
0
66497
88938
0
0
0
0
83493
0
34904
0
0
46067
89334
0
0
0
0
121046
0
0
0
23344
0
0
0
54674
0
137917
0
40211
144375
136164
0
10621
102701
21053
0
21536
0
0
33391
0
0
31556
0
0
36864
0
0
0
0
0
0
0
13552
0
17902
83372
0
46486
118124
109456
77062
117665
0
0
0
0
0
247017
12160
0
68302
0
0
88552
350709
1.76409e+06
0
0
81283
676930
0
298230
184712
232054
122563
0
0
89070
213178
0
0
0
50514
49801
162268
0
0
0
9325
13995
11574
139486
0
68501
0
246340
0
172066
0
0
64648
0
60624
59994
0
13016
0
0
98242
0
105339
0
139568
21578
0
26203
0
50119
0
50405
0
118077
0
0
0
0
11435
0
0
0
0
13536
378055
0
46850
12704
297306
125628
0
0
0
10448
0
0
0
0
0
49973
148743
0
0
0
0
13482
14229
0
0
0
0
9245
24746
0
216788
53698
144146
0
0
0
0
0
28146
0
42880
0
0
173605
0
0
0
10672
55848
0
0
38174
0
80729
33371
74663
186591
0
0
0
23886
23813
29833
35559
57280
543679
0
56393
38987
37038
0
36196
11972
0
132172
12964
14915
0
17872
0
0
0
46294
0
0
0
0
47349
0
94516
0
0
91096
0
0
12648
30987
0
0
0
0
0
0
58738
0
0
121043
33150
0
65540
0
31907
0
15363
0
0
99183
0
0
153638
0
20942
0
0
0
0
28745
0
0
0
0
65439
0
0
13959
0
0
0
0
0
55152
27485
0
0
83105
33679
12844
0
0
281773
45798
0
0
0
48212
0
0
0
0
0
0
51371
0
117387
0
0
88217
63092
0
116375
43984
193614
0
145075
48341
101212
0
168467
16890
0
0
0
324828
63886
158774
98620
0
0
96960
11276
98947
49207
180934
38791
0
0
0
0
0
0
0
0
0
41400
130717
0
29156
0
0
0
33054
253805
23129
0
145030
262865
50248
0
99538
100202
10392
0
32366
0
0
37473
46222
164991
32057
23809
325255
22670
0
105144
143918
47852
0
0
323705
0
58344
0
0
0
158989
52377
0
49234
0
558910
0
0
0
57238
163169
123682
0
282992
0
47703
0
0
51581
258381
0
0
0
0
0
33371
0
0
12401
