204074
183246
424701
146938
108002
143035
257837
598057
0
421321
233120
0
248150
640798
70747
39461
470181
0
313978
952267
0
0
43634
81976
0
1.35424e+06
395480
211723
1.02488e+06
0
0
0
2.07306e+06
161516
136068
669589
27676
399015
577404
835007
553682
221220
161047
355239
46248
505272
355890
53225
24461
280585
0
0
0
69769
0
0
0
141793
342756
0
129274
88822
266870
794253
0
0
26742
235153
166853
0
43158
0
0
0
23647
0
0
0
0
30792
0
0
0
121648
23615
0
51968
81081
121894
214908
242832
0
1.06981e+06
617211
11888
0
323366
42647
370528
692539
295839
162796
51653
0
48750
669010
0
119349
522402
21829
395278
1.10881e+06
859002
1.21862e+06
959251
906066
110254
945697
146571
0
44855
463605
0
1.48089e+06
513812
883921
452054
210552
118217
420323
486526
0
39031
49358
0
64921
47011
152561
506290
759880
166099
209338
0
93024
258081
474429
597745
541497
2.11852e+06
602670
182185
307786
0
43951
0
1.03881e+06
228651
0
0
109839
130518
986570
270751
167648
0
935604
0
109134
296438
1.07447e+06
21086
178824
640514
42407
144119
151301
0
661290
213167
0
0
134902
33924
0
0
0
0
10878
0
0
0
0
0
0
0
0
0
91189
31560
0
21956
0
0
0
0
46674
20421
0
0
0
33663
81466
0
0
0
0
0
0
0
101013
137005
0
170006
0
1.12035e+06
65481
0
50371
19732
0
0
0
92061
160450
0
20606
811894
0
0
72120
642014
0
0
1.01813e+06
162098
16179
674657
0
91582
0
197268
62517
149569
240146
105564
143653
0
1.33922e+06
265231
97119
0
1.29521e+06
780607
0
1.17699e+06
986988
357168
958012
13542
22598
402661
0
0
406163
0
19539
678629
29070
1.11538e+06
0
0
0
33726
0
26944
29191
137343
0
80714
10224
0
76342
258426
0
0
163147
140932
243140
387360
0
0
279173
114999
194734
40316
49552
0
0
19477
16772
431553
197528
45366
16813
1.84968e+06
386095
0
0
61737
94401
200587
308840
54117
0
45190
734996
0
0
125877
558723
0
29454
139617
0
69323
0
0
0
462378
24655
198157
655462
303176
0
105172
0
79850
191378
0
258191
449598
0
36754
249957
0
0
0
265863
159703
103738
82562
0
260082
0
98150
0
260416
180178
77257
74006
1.11023e+06
120969
111185
153678
325023
401174
476287
0
241649
136960
0
412865
24519
23093
54803
78941
0
344846
0
173561
0
86724
0
0
2.24578e+06
287744
0
28009
0
659301
0
212963
219034
78009
368924
78810
0
157629
145625
1.49664e+06
74793
286440
420733
62943
0
129106
0
302336
92944
0
44694
0
1.78404e+06
0
0
0
0
117892
126397
118824
93722
92102
256432
185892
0
102647
100936
289849
90829
1.36677e+06
521073
266360
2.60409e+06
39451
53548
0
124591
0
0
0
1.67514e+06
0
285016
0
360322
217061
0
0
103003
806228
29128
51448
0
0
126515
438753
431319
100214
0
0
69327
192703
148505
102504
0
150707
120701
45619
294509
50039
0
311214
0
0
268766
981077
308139
207395
158708
93460
275830
43678
236963
0
20961
43911
49842
55746
0
32338
83483
0
95261
21425
58000
0
110949
132382
0
11549
0
0
319864
73976
55267
226722
0
486315
546025
0
0
19218
144931
612600
0
96033
48861
0
1.38374e+06
85830
94523
868149
1.62177e+06
0
159059
112346
19804
113989
225935
76277
24383
52678
497667
301406
96775
21494
40772
51258
0
63320
0
89574
336481
30820
321513
0
502938
10072
184169
0
55304
27991
0
242190
55315
59703
0
88205
29804
0
0
0
0
26279
34704
904006
48356
59889
56972
1.83349e+06
74303
0
30878
46740
47327
0
87723
19056
0
430796
87899
0
0
307019
171278
134912
0
503754
459342
0
61771
42571
74321
130321
0
121064
297755
23584
43653
0
72367
131743
0
63806
227133
405352
0
10751
41420
1.21338e+06
0
540497
57527
81553
204145
28352
46010
0
27224
13907
49786
75668
93623
0
0
0
25959
27703
0
142496
64938
18894
0
0
0
0
602111
45789
0
0
211280
52068
15525
90420
1.46638e+06
852306
105333
23761
280665
380842
23449
0
0
0
0
29663
44299
0
55018
0
238084
76594
44985
0
0
125628
328168
0
0
515979
0
229611
0
0
0
145024
0
120604
0
183613
42145
77571
101794
103710
47690
0
132658
0
234975
51794
0
0
111195
74542
36289
304686
0
289658
548666
170231
57071
0
0
0
292270
0
167376
0
0
0
24604
264797
0
584151
0
0
267560
81253
21723
22880
54557
77408
0
0
172148
0
273179
0
0
0
87891
0
0
54706
24248
27754
0
0
0
198621
1.07554e+06
115279
27453
0
0
0
0
0
0
0
0
519839
29883
181482
0
54839
0
22651
178964
0
50146
0
66454
0
119050
258530
0
0
99375
0
159816
11564
194385
49244
0
170705
224199
145546
108478
184565
90154
153833
23152
0
0
0
26292
0
31444
0
0
0
22845
21807
0
0
0
0
25085
0
0
0
41137
0
0
9942
57317
27277
0
0
0
0
0
0
0
0
0
0
24366
20916
0
0
0
0
106476
0
0
18716
0
0
0
0
0
0
0
44681
0
0
0
0
37611
0
97535
0
0
0
0
0
0
0
0
0
0
0
0
0
0
0
0
22210
0
0
0
0
0
0
0
0
0
0
0
0
12372
38214
23453
44628
0
0
306472
0
119737
24844
0
0
32961
0
76502
0
92041
20750
29947
0
0
30726
23251
0
0
91176
0
0
0
46102
0
182620
245170
0
324602
80203
9713
0
25442
65065
92184
0
168595
21539
135940
93934
306234
0
0
82679
69148
28306
0
0
0
0
0
0
99983
0
190780
29266
127903
53614
0
138784
0
160935
0
0
86936
0
0
0
0
33870
0
49339
0
0
136585
0
117611
124539
10492
24474
0
0
0
47302
0
125674
23040
0
144219
50918
0
0
72045
0
0
0
2.04987e+06
0
64923
121591
46772
69800
0
74261
29515
0
0
30641
0
0
49733
0
0
134124
0
273866
0
781662
0
0
0
0
152015
165626
95099
112096
150926
73284
0
0
71181
0
31722
96886
42486
0
130315
0
42660
368781
83190
63520
0
9899
0
0
0
0
0
0
0
0
0
0
16062
0
0
327205
0
0
0
0
0
0
0
0
0
517278
0
0
0
0
333729
0
0
0
0
0
0
0
252949
480192
0
0
0
0
0
480752
0
0
260262
54302
177369
61302
0
34955
0
0
0
0
0
0
0
0
73847
0
0
0
0
0
53917
0
0
26398
86043
0
0
0
0
45380
30277
0
0
0
122018
100018
0
0
0
0
0
52893
44568
0
42574
0
0
23212
0
0
0
0
314249
0
0
0
0
0
0
19726
26182
0
0
0
28128
0
0
20376
74550
0
0
0
10100
0
0
0
0
0
0
20913
0
43708
158593
28476
0
0
0
52030
0
0
43100
157789
37365
48780
0
0
0
0
46891
0
84576
0
66005
0
49030
0
0
0
150687
0
0
0
234257
0
1.02172e+06
1.75772e+06
50477
316527
0
0
160621
0
910664
0
0
0
53922
0
0
0
52533
59770
79354
22868
0
19374
0
0
0
431120
116242
33247
11367
0
255786
0
496240
0
19776
0
0
0
0
0
0
0
0
138103
0
172288
0
0
0
0
0
0
0
22658
0
0
0
0
0
276971
0
0
493122
0
28695
64201
0
215408
90144
102144
0
0
0
0
0
0
48007
34541
135712
0
0
0
0
0
0
0
0
0
0
0
0
26675
0
0
0
0
0
0
0
0
168142
77408
0
119474
0
245463
56256
58679
0
802560
0
98169
440205
0
0
45765
43775
25917
90512
0
0
0
94547
0
44470
0
367670
20980
0
0
79236
0
148214
0
63910
0
0
0
37699
0
43923
22183
60091
0
42595
0
31121
0
0
0
195230
0
82718
0
0
0
19355
0
0
0
0
40120
0
0
26831
0
0
27427
65538
0
0
77043
0
0
97847
0
0
1.7314e+06
11462
38499
74858
0
160416
10045
63684
68629
0
228021
0
27164
72162
21576
67055
0
0
39709
52940
0
88607
0
0
0
0
49142
115326
0
0
0
68735
0
0
0
0
0
0
0
111641
0
0
0
0
0
0
0
34315
57326
0
0
0
0
0
22645
26893
0
0
0
51489
0
0
0
0
0
0
0
0
0
0
0
0
0
136930
0
661270
111674
42326
0
48969
10007
0
0
0
83643
30038
40341
0
0
0
0
62277
0
0
0
0
79123
0
29147
56781
0
49595
46352
0
0
47396
80928
0
125616
21985
94619
0
53734
0
0
0
49957
60474
0
0
0
0
0
0
0
0
0
28763
179323
29875
0
0
0
0
22806
0
0
10236
21190
0
0
125644
0
0
0
0
0
189332
33799
0
0
0
0
0
0
0
0
0
24234
0
0
0
0
35499
0
0
0
0
0
0
0
0
0
9185
0
0
54240
40985
20659
0
0
0
0
0
0
0
0
0
170808
0
46429
9887
11462
0
0
0
0
29329
0
0
0
0
0
0
27114
0
0
0
74876
0
0
23348
26899
0
0
0
0
0
0
0
0
0
0
0
0
0
0
0
132602
0
0
74738
0
0
0
21460
0
0
0
71720
0
0
0
9837
77872
0
0
18482
156424
0
0
0
0
0
0
0
0
0
28974
0
78081
0
0
0
124565
15452
47178
0
0
71068
0
0
0
27714
125492
90097
0
0
49239
28814
0
85828
0
136296
0
94235
125177
78003
195647
0
59449
0
100849
23621
273914
0
77784
36882
31424
0
0
81864
0
47681
0
0
0
0
0
0
30248
0
0
0
0
419754
0
0
207551
503057
0
0
0
0
0
0
0
282900
123832
23851
0
78489
0
0
252158
253458
181356
35442
152214
0
9545
92223
0
0
0
0
55087
0
33394
107410
0
0
0
0
0
21401
0
0
0
0
0
145009
23253
243631
120622
22139
26835
0
117433
188750
170862
10885
0
0
161291
0
0
182284
0
109690
105992
312980
151365
0
26003
209620
0
0
0
82019
136917
0
22739
0
106380
42261
0
22345
455869
23097
13062
137855
62399
0
147080
0
0
205838
0
0
27566
0
0
0
43863
34827
10514
0
0
30412
0
21299
0
0
0
0
64082
0
0
0
128595
214168
0
488333
238115
0
0
0
0
36197
264255
19850
14393
0
77960
22483
111026
201287
27181
0
0
78654
0
0
0
0
117824
23659
0
120126
0
21706
0
11519
37129
0
0
51241
0
95287
0
0
261004
0
0
0
0
0
0
0
154860
22983
0
0
0
80299
98821
51170
0
162836
0
0
0
46087
10561
602240
91621
144120
0
0
64817
23287
0
0
0
33758
109576
0
163568
60542
0
0
0
48534
77301
0
0
50353
150083
572994
0
55848
0
0
34867
0
0
0
53088
0
0
0
0
0
0
44935
0
29762
0
0
69599
0
44438
21095
0
0
0
0
0
0
0
0
0
32096
31645
0
80685
0
120942
139777
0
0
24765
125782
47392
27090
0
0
21618
0
0
0
35140
370222
163339
0
0
411030
0
52714
341834
490981
395798
0
30496
113681
53617
0
140184
17090
0
0
0
0
0
1.41459e+06
48605
111532
0
217116
0
0
0
114391
17194
0
37268
0
0
58349
0
0
0
29175
77728
297305
0
0
0
129044
21622
0
0
346452
0
178489
24080
122286
0
0
69245
0
113364
298460
19404
56731
0
0
15727
0
328556
163050
0
97634
0
106039
63755
240837
302214
294436
305882
0
440387
0
0
108757
42511
179208
0
112437
22775
121945
86935
0
24043
29481
0
184663
213070
0
244523
111683
56460
9938
130470
76251
107372
0
81450
0
118595
0
0
0
0
55756
24526
179666
88235
214323
201947
285974
0
66919
0
117031
28738
113924
0
0
73535
0
0
104206
0
26311
0
0
56628
0
0
89800
85971
0
35499
11138
100357
0
20199
0
27797
0
0
39228
0
185286
23628
0
0
0
726794
423433
0
91945
114335
126097
872618
110078
0
0
0
0
0
0
177090
0
187239
231474
0
72892
14367
26759
182457
93106
0
113532
1.99717e+06
0
356190
131177
0
0
0
641000
12071
141182
0
163484
21967
40299
0
0
0
92664
0
0
0
163684
397345
0
331990
1.88033e+06
0
94169
23765
27608
0
0
116229
147823
0
309520
0
0
27189
237287
14223
94420
0
58206
0
39787
1.41014e+06
28837
0
0
0
0
0
610989
0
0
0
0
0
106006
0
0
0
26271
42198
0
0
0
0
0
0
0
0
0
0
0
0
0
0
0
46475
0
0
0
0
66627
0
51390
43266
0
0
0
72356
205415
29755
0
144998
0
23207
0
34832
20962
0
0
0
140198
113117
19881
0
0
53283
0
40221
79305
0
0
0
165791
0
56576
152765
0
103414
0
0
0
0
108596
0
29253
0
68507
24960
0
0
0
0
42364
0
124047
0
0
107053
168973
101229
0
41996
71500
0
202040
11819
48374
412606
0
31888
0
0
60968
0
117881
0
0
139910
21060
0
0
0
56132
0
0
0
0
13169
0
117451
0
0
0
51863
69185
0
49703
0
0
59562
0
0
0
0
0
0
0
31466
56152
0
0
180652
106375
0
54727
0
33966
0
0
0
0
9547
0
114595
0
0
0
0
52984
20581
0
0
84901
66557
0
41943
0
146288
52628
31978
0
0
21445
69102
0
137673
161817
83775
11119
100385
0
28688
44629
79652
0
0
24997
73628
0
19942
54459
0
0
74876
15756
0
0
77407
26001
0
0
0
0
0
0
0
0
0
0
0
0
0
0
53782
48309
0
0
0
0
24772
13337
67862
0
65491
30412
0
29487
14031
0
40341
58318
69982
0
81363
0
0
0
0
0
0
0
0
415542
0
0
0
0
0
0
24243
0
0
374523
732779
10156
77895
35862
0
150053
29596
148129
37050
0
0
0
0
136644
0
221964
24199
195150
24966
226274
0
0
0
30313
0
0
0
0
0
41254
0
0
0
0
0
81452
0
0
0
39008
95752
0
0
0
0
0
57107
58470
0
0
0
0
0
0
0
0
0
22116
0
0
0
0
0
0
96439
78931
0
0
0
60815
124649
86531
13297
0
520553
0
0
0
373712
430187
0
496823
0
0
0
27608
37919
0
70056
230303
0
31344
67367
167948
58079
12583
23109
43457
180451
0
0
33291
36854
0
0
0
0
64839
0
0
21660
0
18008
0
0
40799
0
51143
32068
49968
96133
0
0
18421
0
0
111724
41508
0
30869
59625
0
0
0
0
0
57612
0
0
12361
115901
0
24510
0
110400
92286
31216
31797
142193
60744
94150
0
115554
1.29596e+06
32657
0
84104
0
81763
134237
0
25472
0
67626
0
0
0
70427
23150
57547
0
0
0
0
0
0
0
0
0
72270
0
32034
14344
0
0
0
121714
0
0
0
72776
37703
0
29474
0
0
0
144156
0
0
25043
0
40104
58496
0
60137
0
70491
220695
0
63122
0
0
74421
60445
39133
0
71750
81225
32517
0
0
0
0
0
0
0
147743
170136
96003
0
22446
0
0
0
0
0
22051
175683
0
0
0
9774
10546
53692
10395
10707
87183
0
361672
26776
0
88953
0
0
0
86818
135490
0
51725
33484
0
0
48517
57293
469114
270491
0
34820
0
245258
0
45455
0
427322
0
0
0
44598
0
0
34988
34255
52619
0
0
19265
50297
151093
0
258215
61386
34767
39165
78420
73972
95556
0
53392
0
0
0
0
0
0
0
70625
0
28982
98946
0
26900
0
34131
59646
19807
0
73782
41061
54378
97550
26851
0
74933
23465
0
299003
27612
0
0
2.40201e+06
277292
262466
84498
329990
358360
216348
0
0
0
0
0
0
0
0
35054
63802
29854
84598
72711
83969
71668
63722
0
71517
38302
28114
0
0
0
0
0
0
22045
199784
0
0
68259
0
242952
83519
19651
0
0
92633
0
0
127064
0
393515
168027
52982
0
144740
0
32063
15028
86700
235731
568242
166549
69603
23466
0
124119
0
169060
164725
24635
0
0
0
22286
0
76815
0
30894
65165
0
98950
555559
0
0
17026
31434
30837
39773
10735
70376
165777
52993
0
0
31487
0
0
215301
111210
194730
44534
0
139038
0
0
0
93969
13436
0
0
0
0
12400
0
0
214393
0
0
60483
0
20738
0
128869
9622
0
0
0
22785
96998
0
0
0
0
0
0
41098
0
0
0
133221
10025
0
0
0
0
27210
30363
841221
35536
0
0
20942
0
0
0
1.40769e+06
352809
0
0
0
0
0
2.50123e+06
24129
0
58618
0
0
0
0
96926
57999
0
0
0
0
66664
0
21193
0
0
0
0
0
0
24900
0
43419
0
23462
0
0
0
0
0
0
69291
0
0
0
27883
57038
0
0
0
32898
0
38768
30527
0
62309
20638
0
0
25363
0
198392
0
0
0
0
0
275064
107555
59486
0
0
0
0
0
0
0
0
0
44676
229034
0
0
0
0
0
231276
0
74076
0
114416
0
30255
19938
0
97667
0
0
113180
0
106894
0
0
0
23914
49395
94589
0
0
0
0
20097
81349
0
53429
0
0
0
0
0
0
0
0
0
0
771039
0
0
22858
0
13786
0
0
0
0
23849
77154
0
0
0
0
62063
47885
504150
0
27783
0
0
52249
374347
0
55557
0
0
20335
18895
0
0
32031
0
83858
0
0
9843
10108
19182
0
20260
0
138957
64729
0
0
0
0
43842
45122
0
0
34542
11280
0
0
37042
0
0
222351
125463
0
22171
142125
44774
62930
25006
51689
0
334169
0
13887
0
41679
0
19487
0
0
0
96530
52576
0
131249
202642
0
34863
0
165187
413859
0
0
0
75178
44253
0
0
0
0
29798
0
49083
53609
0
0
100369
135599
0
0
0
36651
69463
29762
0
171689
136622
0
0
30554
0
0
0
0
0
0
0
131746
129907
0
0
79977
42974
42314
44512
125098
0
60835
382979
0
0
0
19979
0
0
741981
794717
54077
0
0
68284
0
0
0
238874
0
0
0
0
0
0
0
0
0
0
53064
0
0
0
0
0
0
174859
0
0
0
0
0
0
31436
0
0
0
0
0
0
92264
0
0
0
0
0
0
112040
0
0
59637
0
0
0
151603
69376
0
31511
0
29250
62623
0
0
0
0
0
0
0
0
72569
0
21051
0
43653
0
57412
35084
57808
0
617570
0
0
0
94648
0
140432
0
0
17292
0
0
0
0
35880
24325
0
47510
25255
31956
0
0
0
0
0
0
815751
0
66564
89357
0
0
0
0
42134
83693
24552
0
22550
0
0
17855
0
27730
122906
0
39435
23206
0
20117
0
32990
0
0
0
0
24504
0
0
0
22129
25019
0
146145
0
0
0
107052
0
0
0
0
0
0
0
0
58206
0
443140
0
95094
0
0
0
0
131953
0
0
30652
0
32018
0
0
12670
27849
0
75310
0
0
0
0
0
0
0
0
0
0
29279
0
0
0
96743
0
0
0
95283
48837
0
0
0
177811
0
0
19874
22305
0
26775
0
35015
0
0
27111
27382
152334
0
0
25383
72849
0
0
36359
0
232814
0
0
0
83206
0
151371
0
49226
0
26609
26124
0
55707
353013
0
603441
0
0
0
0
27260
0
79464
47615
23656
0
21628
0
60876
0
0
68710
71025
79198
24893
40329
0
0
74701
66180
27356
191544
119645
0
582170
0
692484
0
0
1.6768e+06
0
47189
0
82092
810481
255601
0
0
0
38340
64042
35134
0
84582
27897
0
0
0
107740
93507
0
96814
0
0
0
0
250050
22042
0
67503
35410
0
0
41401
539891
41293
41775
104550
0
109287
29369
0
36305
0
53130
0
27568
0
35596
0
231197
0
0
71781
43936
163733
0
0
0
0
77061
0
10136
18611
0
0
0
0
0
75407
14460
0
0
245058
0
0
0
38582
0
151323
56930
28641
46568
0
23190
20486
0
112695
0
53025
0
0
0
0
0
31937
0
21926
0
64571
0
41061
47269
485220
21457
21664
99717
51128
0
13346
13382
82636
320974
65438
168721
0
92910
0
35902
0
49159
0
479352
0
0
0
101744
96830
23479
0
10671
0
46360
0
238371
160750
0
63492
0
0
0
0
0
35566
0
82633
67321
0
0
0
0
0
0
0
0
0
0
0
0
0
21451
60263
0
0
0
0
147672
0
0
125675
0
19792
0
0
0
0
40302
119761
0
0
0
0
0
0
0
0
40772
13979
32307
11287
65375
0
0
0
0
0
0
19284
31966
0
220383
0
0
79092
0
14565
0
0
0
20106
91410
50315
0
94535
50020
0
0
0
42353
13699
0
71246
0
0
67329
0
28007
0
43504
49966
10688
0
13464
0
64405
0
0
0
0
0
106993
80039
53304
0
0
0
10237
76366
0
0
0
47412
0
0
0
0
0
0
0
0
0
0
0
57641
0
0
0
0
59985
0
9636
83002
0
13999
0
0
0
0
0
17154
42554
13185
0
0
0
0
0
838686
0
0
310911
22913
0
0
29101
0
0
1.27493e+06
23742
30043
0
0
44939
0
0
0
0
10183
27406
0
0
0
0
28027
0
0
0
0
0
25860
0
0
0
0
78879
0
80847
0
0
0
230746
0
21196
0
0
29594
20992
25152
0
0
0
0
0
57819
0
0
0
0
101022
0
0
36316
0
0
0
51540
174192
53273
73834
309863
196164
0
0
505894
0
0
0
0
71545
0
0
0
0
0
0
0
20477
0
0
0
0
0
19611
0
0
170403
0
93927
0
0
0
0
0
0
48338
36920
145007
36988
0
55486
156186
0
0
0
36944
83088
0
153766
0
9819
0
0
0
0
0
0
26337
0
0
0
0
0
10935
0
0
36961
14363
0
0
19497
127704
0
0
0
0
0
67693
0
0
0
0
0
0
0
0
0
0
0
0
0
0
0
13531
0
0
0
0
0
0
0
0
0
54194
0
0
0
0
0
33737
55321
0
230623
0
0
0
0
0
0
20767
0
0
0
0
27793
51808
0
19868
64398
14380
0
0
25668
0
0
0
0
0
45996
0
0
49959
0
0
24338
64616
10574
374392
0
59099
0
0
0
21469
38310
0
0
0
0
95224
22814
120459
0
56261
0
0
0
89165
0
104672
61902
0
9941
0
74509
0
0
0
0
36540
0
36020
0
0
0
0
0
0
0
0
0
0
0
0
88238
79530
72363
0
80867
0
0
0
0
0
0
20726
0
0
0
0
0
0
0
0
76713
0
54414
0
90863
0
0
0
0
0
37570
0
0
0
0
0
0
172012
0
0
0
0
0
0
30067
35472
0
27558
116811
0
0
0
167482
0
0
0
88309
0
27927
0
11623
0
25137
0
0
0
0
31026
19726
0
0
0
32056
0
32073
341864
68087
0
41932
150099
0
137969
0
108572
239420
54824
82815
0
0
0
65025
0
0
0
103496
108712
200872
0
35485
80182
0
0
0
166505
116605
0
59623
117245
45575
0
0
43969
11243
0
0
0
0
43278
0
0
33674
0
45239
0
0
0
0
0
37701
0
0
0
0
0
26704
22424
47352
0
41910
0
49768
0
0
30755
73278
88882
0
0
30267
0
0
0
0
0
0
0
0
0
0
0
0
0
0
0
23949
38104
0
0
0
0
0
0
0
0
0
0
0
0
136687
0
62407
0
0
0
0
57602
0
18896
25838
0
46415
22370
50187
16069
0
15264
0
44899
0
0
279254
0
23055
157585
0
0
0
0
0
13397
15074
0
0
0
141628
0
0
0
159247
92255
0
0
29405
0
29680
32062
0
0
19390
0
32391
81133
47947
225014
20120
70360
25044
446387
0
0
33770
27946
15279
0
0
0
20282
0
0
0
121327
72991
0
0
0
11154
0
30596
0
0
0
0
0
63565
0
0
66650
0
0
145555
57866
34910
0
0
190539
0
0
0
13548
0
0
392791
599476
76434
61407
30693
18274
74670
23022
0
28402
0
0
0
25673
0
31532
90201
0
0
0
0
61477
53972
22806
36195
0
30646
0
0
0
90132
0
0
74950
0
0
0
47490
19751
0
54540
0
0
0
0
0
125939
0
58180
0
24121
0
73925
0
0
0
0
31629
0
0
0
39822
0
0
0
0
0
47784
0
0
0
0
0
18302
0
89888
0
0
0
0
0
0
0
45790
0
0
0
69741
92738
0
80612
37770
0
55904
23593
0
0
0
256210
0
109521
0
0
45399
0
53528
11515
0
0
0
11068
25083
338973
30173
82318
30781
0
0
0
0
0
0
0
0
0
0
72548
0
42051
21459
0
52965
22746
31136
31824
0
0
64635
0
0
44735
0
0
35892
20889
0
0
0
0
0
60852
0
36690
39701
0
30983
31525
0
283604
23205
28422
53779
0
0
40977
0
21968
21697
0
0
34486
112787
21330
0
0
1.19542e+06
93284
0
0
22513
67665
0
142428
70265
62026
22595
0
0
0
23715
0
0
0
63229
0
44199
0
0
22679
0
0
106584
0
0
0
157219
0
0
0
0
0
0
0
33949
54652
45655
27772
0
36528
0
0
0
32932
0
0
31318
0
174320
337850
29353
82033
0
0
0
0
0
108928
0
0
55962
10026
0
0
0
0
0
151613
0
139311
24746
147074
28198
0
0
0
78864
32356
44636
0
0
19278
0
0
0
23240
0
0
0
0
0
0
30113
19810
0
28847
0
251753
0
0
0
0
0
65153
22074
99498
0
56063
0
0
0
0
0
0
607167
40514
0
106368
24506
0
133393
0
0
106926
198991
0
56035
0
78246
0
0
0
0
0
43886
375689
21298
65991
340154
0
0
158297
24358
0
0
0
49607
0
0
0
0
28676
0
82928
0
54776
42005
212259
0
58092
0
0
0
0
44226
84077
0
0
0
0
0
0
0
0
0
0
0
33488
0
0
0
279959
0
0
64516
83886
414225
116165
0
0
60340
0
235489
0
0
90878
0
0
0
0
0
0
0
0
0
0
0
0
0
93262
0
0
29476
0
55541
237649
72309
0
0
52763
42573
0
0
49825
110868
0
35880
65483
0
43923
0
0
72051
0
0
0
0
0
40575
55235
48853
0
36518
0
0
211128
66715
0
0
0
0
0
88526
0
0
0
0
0
0
0
699893
0
0
0
105777
340765
0
81284
289023
0
20958
0
44933
0
0
0
48955
0
0
35993
0
0
0
36737
0
0
830536
0
0
67632
54271
72573
159276
64432
14376
233104
0
0
0
83036
0
0
13981
22939
21007
0
0
0
68813
73996
387907
0
0
0
0
37620
21459
0
0
