18
0
1
3
6
10
7
24
0
22
4
0
15
5
5
0
27
14
29
15
0
15
0
16
0
30
0
0
0
0
0
12
137
0
0
49
12
17
97
38
0
17
49
62
38
57
41
137
49
26
20
52
0
69
72
12
17
0
119
11
67
0
90
133
215
27
23
126
74
31
9
20
48
54
17
28
9
28
11
186
114
18
9
120
383
16
110
221
82
236
15
90
101
17
17
32
80
147
71
153
68
181
59
117
29
0
22
28
91
122
106
384
142
91
64
130
0
398
67
53
0
20
19
530
39
312
203
188
99
134
214
89
58
103
46
18
85
15
251
205
178
293
93
173
127
190
0
112
297
101
34
59
0
322
24
53
53
76
356
19
77
262
60
167
26
0
162
120
104
241
35
95
561
152
131
207
292
0
190
19
208
0
0
345
31
74
333
60
38
117
25
33
118
0
0
279
18
262
0
370
184
308
128
856
166
211
96
33
21
151
23
349
34
364
20
609
0
24
209
158
565
197
635
88
356
51
354
94
52
264
63
83
70
191
75
263
126
87
440
123
177
119
161
129
109
0
349
76
211
37
141
422
111
132
682
510
348
271
1229
30
369
298
427
52
584
421
305
494
145
154
281
172
595
223
78
506
124
254
417
163
465
26
56
26
103
157
38
92
0
98
342
240
208
28
214
198
229
269
186
244
251
249
68
208
222
554
20
117
84
46
81
626
126
584
319
258
444
166
178
263
194
218
100
268
441
244
299
92
791
99
520
289
221
148
137
0
254
56
1237
229
205
554
239
127
268
231
338
245
279
317
437
209
0
126
276
320
681
126
236
466
0
154
247
258
68
202
49
217
203
146
563
624
59
35
134
624
36
775
394
342
199
578
37
45
106
91
94
849
203
442
220
391
0
165
427
137
1029
47
0
364
234
376
210
57
277
84
340
285
252
215
120
236
212
76
95
609
50
142
319
41
239
157
388
361
152
328
116
274
396
148
293
277
286
126
232
456
140
199
332
657
559
70
0
152
34
374
238
216
95
59
345
373
1230
1004
0
356
453
186
44
259
159
247
145
260
553
706
118
265
27
166
201
232
425
316
65
199
280
191
352
251
81
429
175
33
312
0
129
552
427
189
172
320
349
42
131
0
196
74
80
165
529
210
89
214
64
245
47
143
46
178
247
81
344
235
234
261
160
287
380
226
367
49
390
190
86
102
663
306
395
290
268
268
127
0
174
90
88
134
123
134
99
78
167
319
203
275
115
241
212
89
49
104
974
299
433
90
268
184
216
473
211
256
55
177
128
156
443
148
81
131
0
63
147
196
152
154
163
143
450
271
153
127
365
56
30
201
328
164
194
671
129
30
1017
837
282
171
240
217
167
126
144
157
171
284
226
101
279
125
246
102
164
724
527
160
148
302
181
65
107
273
101
244
203
364
167
437
268
192
203
285
221
151
218
384
119
50
305
117
220
256
166
396
282
196
170
0
253
326
72
46
137
161
369
214
249
235
32
309
97
48
322
63
65
243
43
712
235
59
141
61
232
450
285
87
535
119
133
136
158
107
402
350
206
114
225
101
140
668
263
294
154
109
197
299
290
36
169
145
173
298
56
710
174
0
95
293
118
560
328
317
317
122
532
41
2021
785
147
196
179
459
121
617
322
1089
0
126
694
437
260
171
183
296
520
69
401
145
131
112
0
708
341
165
333
178
95
248
716
103
491
428
682
124
43
187
204
135
79
638
422
247
177
605
245
226
3509
84
420
472
423
296
202
383
317
428
194
413
122
54
39
306
590
171
712
764
333
407
225
324
249
931
189
511
192
603
230
238
132
150
257
81
81
109
248
215
1199
67
115
68
463
51
165
45
107
183
115
22
236
57
48
56
33
47
315
369
198
76
420
308
281
101
140
170
104
39
1005
354
780
57
91
308
141
64
213
439
86
43
180
59
549
449
571
159
32
58
97
62
73
508
310
79
61
102
140
616
162
381
65
128
24
130
40
126
772
363
202
25
56
42
181
230
72
130
140
268
630
236
601
129
322
83
204
296
245
53
223
36
164
501
280
277
190
64
356
664
228
63
85
256
422
558
288
103
453
135
169
118
277
385
38
184
103
347
472
1154
324
291
215
179
2499
483
131
469
329
158
276
75
2034
126
155
288
484
55
362
95
571
1398
159
571
156
789
372
296
337
775
169
252
675
68
134
264
371
1275
332
99
307
59
189
189
283
414
210
477
119
148
214
231
317
219
374
254
198
288
178
82
393
320
229
242
136
352
421
186
180
135
137
340
384
321
84
43
118
717
0
148
43
322
55
304
667
38
121
232
493
184
216
263
436
164
415
99
219
349
541
44
344
188
146
624
385
171
266
221
100
43
26
155
445
1034
152
107
407
667
176
176
200
118
228
108
833
384
0
62
1120
210
460
233
59
98
64
554
153
162
612
33
176
208
104
94
74
288
116
156
498
190
99
158
170
2296
482
239
410
151
179
1704
1224
513
45
121
296
61
59
72
126
66
286
259
101
204
180
110
122
124
283
109
138
61
474
210
277
122
113
199
146
172
239
489
298
218
125
178
165
57
123
183
172
579
266
528
218
192
209
311
0
195
24
36
94
101
209
99
91
34
153
397
358
80
238
55
0
171
137
249
125
153
348
271
302
53
110
125
315
210
236
155
95
261
253
188
53
301
236
111
0
251
334
376
182
220
212
684
347
89
414
381
43
188
387
198
149
42
375
289
250
401
313
243
192
179
131
234
193
82
256
38
228
167
191
146
190
244
105
383
254
192
119
347
69
258
0
40
54
253
204
98
61
350
240
143
180
158
67
505
154
24
259
305
290
256
570
35
184
892
342
155
378
188
232
599
324
107
214
172
268
194
357
98
52
847
107
538
448
300
288
91
57
0
0
240
253
246
181
114
318
35
39
99
0
45
258
42
414
70
191
51
42
95
264
72
798
842
248
387
328
152
100
153
66
502
339
210
48
331
245
872
333
305
289
743
334
443
337
262
190
114
214
1829
104
253
591
272
0
48
161
63
490
56
1106
102
356
278
0
724
263
79
228
118
104
248
335
88
349
145
1310
282
753
267
749
153
123
117
343
120
192
178
183
56
159
313
148
364
2623
116
4655
341
125
443
313
84
495
319
173
0
444
273
399
418
412
118
150
335
113
73
188
0
272
153
42
131
904
300
270
214
353
236
57
276
464
97
484
447
134
274
145
247
703
53
502
76
428
51
64
271
302
43
130
78
119
254
492
334
242
286
319
409
397
108
1118
134
174
45
726
247
201
273
317
237
47
270
1361
227
182
260
319
89
316
255
209
25
269
55
189
560
393
193
3226
615
316
810
624
53
268
63
87
181
75
194
719
278
658
379
590
189
518
164
416
251
224
451
60
553
38
49
784
158
351
813
229
120
150
231
236
509
343
256
130
60
189
295
366
81
271
379
250
222
64
587
301
43
238
42
313
267
577
77
220
74
5139
58
52
300
351
236
135
465
55
314
117
276
85
0
284
49
1333
58
317
169
109
65
312
344
412
441
265
334
125
424
602
227
404
39
708
145
858
300
70
60
60
587
0
67
768
960
275
1834
86
86
43
206
174
84
366
332
94
125
97
64
425
288
379
240
49
1271
601
313
363
22
123
654
95
73
765
155
238
909
57
244
958
849
115
202
43
253
233
236
312
233
102
273
347
173
357
31
607
351
122
80
35
253
144
156
527
632
109
161
171
899
242
964
392
931
74
351
26
481
417
107
54
85
245
89
355
83
1032
547
397
496
368
544
149
65
256
370
372
158
288
89
283
95
225
272
760
660
61
1144
98
332
55
160
427
353
208
100
289
852
87
237
239
33
778
1150
434
493
840
944
101
423
974
218
123
61
797
419
59
1276
287
319
78
225
117
205
849
262
191
520
396
283
237
219
172
42
350
183
292
310
173
469
165
457
269
402
1035
75
524
24
50
98
48
228
415
572
329
286
1048
360
44
442
150
274
391
568
415
525
293
278
98
165
756
199
332
526
430
292
574
395
459
263
859
108
107
170
504
310
492
73
407
225
679
333
159
1049
198
124
341
407
105
39
393
53
297
730
542
569
159
193
207
100
227
261
67
416
476
188
68
219
200
369
176
557
145
218
919
365
474
347
75
0
425
673
252
471
482
423
0
375
210
2249
527
377
182
191
254
64
0
41
37
111
141
298
267
73
573
641
292
1389
833
87
317
65
250
243
312
401
177
213
23
168
143
68
75
916
182
121
304
297
234
579
246
369
479
446
379
2129
818
297
572
424
499
111
494
111
398
365
237
147
417
1443
669
415
321
296
65
715
876
383
148
631
426
292
279
692
473
70
210
250
186
69
0
358
256
211
613
3246
280
95
249
51
150
226
725
469
522
163
129
410
388
1177
442
121
600
208
815
354
370
347
380
1563
194
1043
54
476
357
487
236
160
562
60
62
161
458
244
0
464
356
403
56
384
417
230
65
495
474
237
241
368
339
151
46
283
114
87
63
286
72
312
249
224
299
77
913
357
224
47
492
520
325
285
172
105
478
413
230
199
521
319
420
262
774
283
134
496
447
424
484
134
267
189
718
185
286
92
82
0
333
99
235
333
438
661
111
400
367
337
43
535
454
340
537
368
349
624
699
503
175
460
359
164
429
86
923
101
574
375
1295
306
309
687
234
360
140
356
559
1194
442
241
154
497
246
353
65
720
217
428
142
1345
391
106
296
375
317
470
2696
431
459
281
3737
182
934
114
155
299
223
52
405
250
72
76
422
79
381
228
381
514
50
458
364
930
72
381
303
381
98
341
148
238
445
50
200
506
45
200
588
455
414
910
507
499
165
404
109
253
55
409
249
187
0
265
298
87
145
521
40
499
214
116
324
359
180
196
170
186
395
216
526
422
480
362
409
84
153
188
730
225
342
93
505
54
304
488
49
534
589
62
561
166
1029
560
316
1448
297
153
575
188
516
44
764
570
158
449
88
246
642
325
567
978
279
1554
99
242
460
206
1086
138
67
470
0
105
62
140
541
1108
1224
91
497
407
275
185
100
192
220
88
565
144
185
88
574
566
416
50
68
79
1197
300
246
511
324
118
125
264
460
83
99
435
964
281
390
144
273
266
0
153
202
229
214
1863
103
339
469
178
438
269
226
147
296
96
173
651
281
241
200
131
346
136
203
444
364
385
617
775
70
504
57
92
428
184
297
1099
69
479
471
503
239
1775
123
220
655
353
652
303
383
779
577
1200
652
322
219
422
117
817
97
414
48
419
333
74
368
53
51
434
186
355
252
134
189
346
430
45
616
189
711
378
107
238
322
219
188
98
1078
778
273
202
2198
217
511
290
533
631
327
436
305
214
410
152
586
578
1246
338
3449
109
328
385
127
546
699
43
114
724
233
336
1057
178
1108
65
768
309
374
1000
875
348
480
322
288
304
981
264
408
109
186
865
298
353
158
435
155
510
117
835
283
295
150
240
155
71
316
147
192
119
107
145
349
73
263
349
155
133
222
171
1059
416
314
670
598
326
250
290
364
0
110
1896
251
94
421
337
119
558
206
282
304
335
506
403
332
273
350
232
392
770
269
161
37
123
1197
103
378
430
98
362
705
225
414
350
250
188
180
539
404
252
402
73
519
442
451
89
1820
368
220
316
719
340
136
529
462
72
0
568
71
359
1713
271
496
238
126
638
248
540
56
93
269
68
316
171
442
573
89
497
80
634
113
629
51
0
413
422
118
64
493
358
934
237
375
151
269
71
249
536
356
769
235
313
189
0
233
342
417
170
634
75
178
262
129
50
337
442
502
0
128
912
383
239
217
75
138
388
440
127
128
879
51
564
369
0
533
104
488
158
78
243
706
396
178
426
340
315
1386
499
179
468
351
195
293
391
279
201
353
483
92
285
161
376
0
119
424
566
586
319
77
546
556
398
4393
166
180
186
190
606
338
891
126
122
502
190
0
685
305
54
210
5395
1163
121
607
52
477
521
603
511
268
454
157
69
260
66
205
0
2423
643
512
367
110
236
52
263
101
367
120
248
326
129
1092
546
203
981
425
376
284
391
189
405
336
89
172
191
561
441
426
494
82
3868
422
614
273
342
347
239
132
137
221
851
383
79
117
332
365
204
580
386
349
133
402
469
52
137
622
1194
124
368
748
326
174
358
211
195
690
69
483
96
252
394
326
110
398
181
553
150
121
390
111
131
160
171
212
309
82
211
163
178
160
184
86
558
751
93
290
601
242
173
459
326
267
730
296
0
105
364
73
844
199
610
178
250
262
380
117
203
221
119
240
72
135
110
230
248
125
408
370
224
166
113
147
334
95
812
349
371
434
300
217
332
616
188
296
1115
152
462
855
617
80
227
458
460
745
549
298
0
372
388
651
362
182
447
652
572
755
295
764
459
1349
611
215
462
437
221
219
65
848
147
881
127
704
451
208
57
230
219
572
120
440
59
66
144
852
0
538
351
293
351
533
59
1178
430
325
129
778
71
1364
1018
475
89
788
1908
158
495
473
142
0
301
482
50
114
97
128
786
2117
159
412
881
128
141
221
2131
587
458
345
732
260
448
310
50
496
65
1094
771
741
480
621
69
499
269
252
520
1371
116
77
484
314
637
433
411
235
246
112
361
755
485
685
612
554
443
619
216
260
200
188
691
242
429
257
54
187
688
457
68
272
388
54
122
150
227
70
534
461
104
532
405
255
263
472
435
230
474
73
107
166
1186
841
192
674
272
1651
262
410
134
2276
52
662
292
148
144
0
274
543
367
225
1254
538
272
167
89
197
1459
237
458
143
499
136
839
397
289
189
132
247
54
70
128
1264
194
738
173
354
461
73
284
185
146
181
294
75
292
730
99
424
100
234
209
124
218
532
255
1132
140
65
461
394
547
127
53
231
242
214
394
60
190
136
100
0
473
335
386
112
390
0
133
50
140
344
0
121
1483
79
386
138
396
52
83
599
361
256
212
260
95
204
451
51
386
373
45
103
372
140
0
0
0
0
0
0
170
288
55
404
351
64
1209
150
113
250
655
282
0
532
292
295
226
415
185
87
329
151
562
136
492
110
0
177
276
80
227
61
114
195
183
192
499
105
251
304
278
91
102
344
420
44
442
124
255
256
240
120
50
194
266
110
339
104
109
546
1195
619
519
80
372
542
488
412
523
54
500
528
510
383
972
0
571
0
60
212
461
532
341
569
551
603
610
460
83
507
235
435
568
668
650
80
524
598
231
638
479
442
554
223
91
701
1265
578
458
345
798
178
285
575
535
984
0
751
610
359
301
684
83
0
87
564
628
946
559
339
793
241
163
510
1667
208
326
417
320
423
66
202
135
170
341
2209
567
109
58
326
573
71
110
583
161
116
377
580
95
534
317
213
61
611
202
504
215
516
408
33
284
599
227
115
593
0
165
654
545
76
351
52
75
367
301
652
80
141
279
78
0
156
468
77
484
685
580
50
941
548
381
0
312
213
126
211
213
54
102
213
137
358
57
1209
929
262
185
420
363
88
133
1082
658
86
702
79
317
361
0
297
98
256
31
212
596
171
882
63
283
347
70
513
239
236
445
297
238
55
0
42
898
283
572
479
469
1121
2401
118
915
506
1573
327
180
454
91
482
0
741
690
271
432
416
83
204
280
419
395
185
157
270
186
162
154
211
223
956
112
419
50
0
515
703
95
373
452
318
524
84
50
311
607
418
379
305
213
84
0
100
75
163
317
31
524
181
552
0
418
747
376
1402
1040
283
460
125
45
225
82
0
188
56
235
157
265
158
333
803
104
66
271
291
614
120
519
543
759
0
53
139
1087
33
972
314
522
247
486
110
170
411
121
477
217
3709
0
3886
473
29
158
0
121
58
487
2929
193
250
360
125
201
202
139
2518
256
348
495
122
98
356
539
0
0
433
303
410
63
184
193
476
113
39
539
767
577
569
469
0
386
375
516
463
291
1249
146
624
276
1467
226
777
888
122
457
180
366
520
1553
269
113
274
107
437
663
545
295
100
84
115
153
517
243
0
587
172
60
488
105
687
102
232
5413
834
49
174
723
649
269
174
749
158
528
185
141
197
147
99
59
239
0
187
332
367
128
296
55
333
305
54
289
305
446
297
103
140
93
679
312
92
530
100
439
305
55
368
565
85
263
62
353
159
592
207
329
326
397
546
776
111
389
184
255
826
109
230
1132
454
244
529
590
274
934
97
318
143
262
324
318
393
793
578
546
54
358
674
130
372
198
241
208
508
305
884
0
340
367
395
133
453
140
183
416
99
442
590
1394
426
291
158
866
279
424
674
338
33
114
729
340
606
410
359
79
74
0
307
2361
426
508
250
33
129
1084
112
811
470
615
1094
35
4004
429
498
826
745
83
324
205
748
210
1568
433
118
335
528
257
105
185
631
67
444
659
342
342
564
443
69
125
2219
0
465
619
395
533
533
663
185
692
242
103
845
68
827
701
348
381
549
708
557
1432
55
146
515
167
296
263
622
715
762
87
571
34
288
512
278
275
518
667
596
62
0
62
574
510
425
639
366
1490
57
0
335
623
1036
94
98
615
163
55
63
205
837
239
85
0
163
354
61
472
174
661
630
221
701
535
602
1113
258
407
631
124
132
95
211
423
1221
133
70
75
0
234
123
367
138
93
277
661
354
402
510
0
448
995
93
393
546
165
2106
403
0
1726
567
689
810
122
112
3725
170
366
986
108
317
76
307
434
522
269
55
465
121
96
131
1010
83
126
226
102
82
111
46
121
290
737
490
166
231
162
258
328
677
322
232
113
2332
0
114
170
444
40
684
112
434
564
177
578
314
140
1135
865
0
202
249
269
920
116
41
38
474
495
0
1252
164
2207
64
511
0
173
155
139
385
963
134
3501
400
92
307
664
264
240
709
0
612
210
79
623
681
425
113
151
639
1020
183
851
105
152
702
179
1515
0
0
70
383
485
139
607
96
150
556
687
620
486
674
561
270
731
274
126
623
245
85
299
377
0
92
61
44
77
668
122
327
46
0
98
214
106
506
0
237
180
296
71
153
2107
420
0
471
0
279
95
77
76
388
78
426
140
421
368
274
0
114
441
395
326
176
279
225
521
442
141
305
121
269
1425
63
63
418
160
417
804
996
306
184
209
249
721
1598
162
355
1390
0
1422
655
120
1309
61
81
624
587
468
92
203
103
101
1093
1720
615
445
396
346
402
277
609
407
367
572
301
112
509
621
310
105
186
1797
597
0
684
0
127
167
630
480
479
307
73
252
56
686
748
804
1379
721
328
1512
178
113
691
78
772
92
0
213
0
74
364
246
71
382
318
399
335
425
66
704
431
724
82
90
64
582
247
626
98
743
0
68
546
553
59
638
129
293
64
235
232
0
61
1525
687
737
986
551
549
250
153
575
108
224
697
168
211
127
144
0
0
725
743
75
0
546
549
1198
608
902
636
142
503
1054
698
547
662
652
322
627
481
444
0
146
0
2065
673
548
580
647
860
685
286
1279
431
271
104
0
1519
758
586
568
652
737
95
303
583
622
0
252
92
673
424
632
1021
602
115
826
469
183
343
71
57
186
100
62
83
373
249
587
380
521
838
496
65
270
98
272
476
442
225
651
378
296
0
975
276
92
134
405
201
155
98
149
283
196
1970
325
1376
150
529
0
415
513
214
59
139
0
0
123
60
37
441
952
290
678
875
179
101
171
1228
127
138
188
303
292
173
82
3104
241
405
287
314
175
320
436
77
182
278
446
203
590
335
0
589
447
58
58
189
700
131
160
0
556
430
79
83
390
102
977
809
512
64
726
616
113
451
812
489
175
671
386
929
404
230
651
268
336
234
1280
612
240
684
170
684
639
861
290
68
0
189
0
187
115
143
93
67
884
601
477
137
1337
578
97
626
233
2178
420
89
332
366
824
56
536
311
0
375
520
515
148
197
488
559
131
975
2543
82
474
180
453
925
237
504
585
595
269
64
725
319
457
0
103
154
374
624
352
888
471
393
341
361
863
0
707
650
406
165
60
110
578
0
1411
564
61
313
573
305
0
365
97
120
187
482
255
160
356
594
357
618
0
326
701
566
875
421
414
1789
156
161
134
386
1947
401
215
355
0
290
253
699
1167
112
703
119
1556
155
203
516
679
560
663
230
469
210
432
1802
396
483
339
649
679
0
442
1058
203
1000
96
3491
1468
1346
279
1200
584
583
0
435
68
49
130
385
1213
620
75
479
715
548
141
88
327
315
112
540
609
420
576
575
844
530
589
654
693
1019
70
298
854
73
742
854
1101
638
84
0
243
748
192
667
221
206
291
1140
0
548
982
720
752
1064
1098
1062
863
358
96
631
772
645
1025
123
703
1247
63
502
509
573
693
206
115
4029
158
977
67
42
560
381
706
590
0
633
497
477
386
46
425
568
492
146
486
278
850
394
212
1405
728
787
158
1154
832
498
756
61
49
685
564
877
926
1069
1847
165
668
739
64
360
610
955
721
688
100
58
205
493
1128
603
238
591
0
759
1159
2178
676
1950
583
71
247
367
791
405
400
462
210
345
287
68
407
388
92
268
62
1114
355
90
279
338
1117
919
766
210
820
287
327
421
1071
282
714
708
668
300
954
762
681
320
146
810
675
799
698
879
913
0
681
117
276
944
686
0
660
127
382
143
103
1160
504
1342
139
1069
369
518
431
383
595
417
438
68
536
131
64
90
48
527
588
482
1740
1201
113
731
340
711
548
614
129
0
708
419
1328
529
215
2399
523
70
90
33
445
262
227
438
4021
1162
64
1055
513
777
608
152
1145
2225
1216
1217
621
338
1324
1576
897
696
3183
1024
681
0
968
774
821
593
1183
235
127
1247
1588
954
3834
680
685
790
554
126
638
1339
858
1247
744
971
828
727
621
1587
928
405
1359
2306
897
852
1701
1260
401
546
836
391
1058
884
1240
390
515
831
172
134
1563
1086
788
559
38
931
1228
0
830
169
178
555
578
1056
1559
538
1003
3289
780
490
843
1057
528
453
547
2064
518
446
1679
1090
1187
1130
721
713
213
488
969
988
208
1659
1111
0
684
115
59
513
1175
1164
1295
872
677
1311
706
168
184
895
593
434
1061
1180
758
653
0
160
672
1538
707
125
1801
97
188
683
1264
1500
664
