0
4
5
5
0
15
8
37
2
56
5
0
0
35
5
92
5
56
42
22
8
0
20
0
6
7
21
23
14
7
23
0
73
33
0
35
7
0
43
96
13
55
34
71
23
40
0
23
34
31
13
41
20
52
0
0
0
42
0
10
0
92
0
111
153
0
19
91
93
27
27
0
50
36
77
20
9
115
27
66
92
50
9
113
100
29
118
260
96
54
62
61
65
206
0
45
0
74
46
124
61
126
58
41
14
0
0
17
69
54
94
252
133
94
51
100
105
391
36
0
0
215
25
150
0
391
232
113
22
104
23
83
42
0
62
29
40
68
295
176
168
288
90
190
94
299
30
167
281
252
0
152
0
121
30
20
0
53
46
72
123
386
76
107
0
145
52
183
185
230
43
138
44
167
60
252
107
162
222
21
229
368
212
0
45
114
310
145
52
102
122
230
436
392
178
267
124
528
77
102
184
283
0
110
33
192
99
20
26
47
0
221
126
322
447
233
545
22
233
108
296
0
0
0
714
0
227
0
39
30
0
0
31
287
101
167
57
130
129
30
57
0
289
0
111
66
228
64
109
23
171
112
0
89
151
0
258
369
167
43
151
265
332
37
433
376
249
154
115
164
265
96
187
258
20
31
219
227
131
43
144
0
416
41
997
86
31
58
0
143
171
97
372
31
123
174
464
184
297
175
180
102
83
195
210
381
0
23
32
159
128
281
85
0
334
229
374
0
0
180
221
263
56
230
581
109
864
100
1523
88
585
311
160
0
25
38
90
0
236
157
201
521
127
0
452
76
194
161
146
301
317
127
482
43
85
39
164
124
210
452
0
210
205
415
0
289
242
162
211
150
899
251
289
38
53
457
54
360
1312
611
635
496
0
186
0
308
37
0
137
209
243
129
64
104
481
451
73
207
38
1198
135
394
179
73
213
407
97
301
284
446
126
252
193
328
159
551
75
234
375
32
301
203
191
73
158
324
128
338
641
110
347
179
508
527
127
32
384
169
0
376
548
85
269
50
31
488
215
125
74
0
281
1097
505
162
74
460
259
93
39
271
190
122
215
409
214
62
516
178
57
236
234
216
368
297
188
257
266
298
159
155
27
374
305
22
328
474
76
360
513
168
246
264
792
52
268
189
457
379
51
58
651
191
62
205
61
301
125
0
31
116
202
95
212
219
133
314
288
416
453
268
576
58
381
789
89
106
300
330
479
262
262
141
241
160
307
164
75
273
118
204
207
72
357
295
561
265
193
420
161
48
110
123
659
299
184
83
238
211
133
922
214
271
90
0
410
40
95
577
272
212
137
0
51
239
84
148
175
138
292
487
165
129
307
103
39
111
100
47
28
164
255
29
322
270
52
182
216
218
178
139
170
131
161
423
159
74
288
120
273
33
191
234
232
277
240
275
57
297
53
125
100
244
311
427
450
819
253
187
135
789
215
138
176
406
140
49
111
206
136
46
179
267
423
135
144
106
299
163
101
34
141
128
188
266
318
189
214
250
122
0
263
152
24
262
111
356
304
27
61
82
247
483
293
524
434
364
43
151
614
316
562
278
215
97
168
264
158
0
193
327
251
52
176
33
0
31
107
133
194
142
70
664
165
300
227
164
101
276
747
335
246
298
0
42
3000
744
186
197
238
316
423
353
90
0
651
127
694
807
249
178
168
346
368
154
410
100
364
201
49
163
70
89
339
212
0
343
660
49
506
50
790
282
31
154
357
279
37
315
398
134
108
304
146
208
73
108
662
467
259
245
126
526
355
260
171
880
109
33
29
169
571
267
378
700
1078
508
123
655
293
737
290
269
113
475
123
231
87
74
678
82
334
277
234
231
3394
490
159
59
160
116
384
43
126
149
111
0
982
279
685
49
164
45
200
430
112
68
64
319
337
433
142
593
75
42
380
306
45
56
71
29
71
99
66
362
379
331
300
195
517
383
202
34
438
54
64
77
164
476
321
403
49
52
104
27
147
1340
1002
355
21
45
48
809
223
2332
611
32
63
41
125
1033
63
59
160
210
173
709
201
934
270
82
198
51
127
125
41
72
159
230
34
188
46
44
268
304
429
65
62
214
412
304
309
476
151
138
158
37
266
34
56
119
0
318
247
371
202
324
187
201
484
347
166
305
235
165
462
50
752
121
171
245
443
46
421
120
560
443
145
455
134
393
415
408
339
296
168
242
1884
115
99
346
305
1326
367
77
239
70
87
151
263
59
223
1034
86
161
194
197
391
170
451
229
32
300
171
0
333
420
258
0
80
179
421
173
34
121
108
1509
169
528
37
96
273
181
62
149
37
270
46
235
251
0
158
106
689
276
266
341
90
135
750
131
223
828
57
41
283
189
165
250
175
582
300
554
427
252
22
82
239
132
152
138
308
193
115
145
661
176
650
793
67
23
257
47
1400
723
26
204
508
72
47
144
286
148
839
185
651
833
19
157
58
159
64
23
132
563
222
169
215
708
248
267
680
161
269
204
1106
1027
182
140
549
119
87
134
96
43
905
224
0
182
462
497
351
96
287
106
149
46
216
156
110
153
99
69
121
226
297
326
357
224
141
194
153
33
180
163
233
355
216
1353
178
184
325
38
656
72
134
217
217
121
225
151
133
38
750
186
350
77
41
0
44
121
97
230
283
120
377
466
295
129
231
517
356
270
197
217
43
284
333
175
69
396
273
154
38
150
138
130
155
154
521
549
135
69
330
339
39
72
327
209
46
0
42
306
291
767
329
0
46
33
148
184
281
44
88
168
230
249
0
35
112
107
81
349
224
69
174
80
193
251
139
41
44
245
518
93
963
47
288
131
231
136
0
149
127
59
0
101
175
198
154
22
157
178
362
0
0
0
0
141
241
290
289
765
205
274
346
71
62
1184
76
225
293
113
200
59
0
304
57
173
220
170
163
0
245
0
0
0
0
45
77
149
0
0
204
0
39
0
69
93
408
223
47
108
212
160
59
58
36
369
339
1205
50
200
147
174
357
187
728
638
444
252
342
186
191
53
175
269
110
245
475
456
0
0
294
0
553
52
307
497
613
245
84
206
207
91
339
76
91
189
243
87
135
252
765
289
718
244
271
359
143
121
351
163
366
208
949
70
459
243
141
101
1182
35
170
310
117
149
416
83
205
336
166
115
429
309
518
393
117
116
85
325
60
66
158
0
97
67
100
105
656
306
221
126
376
133
264
229
801
133
159
422
320
220
123
241
275
95
580
0
150
126
68
274
292
81
0
177
120
253
566
315
340
162
998
83
343
179
479
103
133
61
170
226
226
176
200
186
86
1099
140
154
147
172
364
189
348
90
85
136
120
38
456
322
312
36
223
414
199
252
55
57
299
46
62
129
214
571
250
100
185
370
208
250
155
151
324
39
280
354
43
312
111
54
2686
198
818
386
497
57
291
208
163
178
170
196
80
217
198
192
294
108
28
285
237
684
38
146
25
38
224
47
183
158
269
149
58
210
577
42
45
160
289
194
93
144
46
45
74
272
81
45
311
59
947
81
83
322
101
145
308
40
613
473
148
312
250
505
186
323
381
529
454
142
305
273
485
53
197
718
111
35
151
1012
357
301
0
91
0
74
187
116
86
439
125
172
213
62
68
332
256
341
45
1343
494
257
86
36
385
67
436
378
143
116
242
125
77
181
771
976
66
478
24
811
237
174
210
303
213
268
285
545
914
197
153
355
357
72
73
236
195
302
305
158
257
66
108
193
328
1016
0
102
38
186
87
940
550
0
116
182
235
207
216
201
236
540
352
436
295
1040
156
53
279
366
235
132
240
144
183
84
169
230
81
227
76
250
330
645
262
39
268
269
145
103
269
258
509
666
348
116
306
1091
473
472
727
811
57
91
3574
518
908
744
680
1569
468
873
505
1088
49
373
134
70
539
1541
205
623
608
288
884
141
153
99
0
0
0
0
0
397
1552
351
245
403
276
0
159
0
0
0
0
0
66
429
334
174
255
452
38
394
134
218
370
308
403
136
93
270
255
126
1058
83
1239
349
350
1186
486
326
285
41
805
255
537
544
174
180
388
94
738
88
351
244
122
273
977
0
240
1488
219
49
211
78
232
331
296
539
103
155
204
68
292
199
285
512
210
164
173
200
224
40
700
787
172
1059
278
278
354
557
50
45
263
515
209
133
651
392
312
1019
106
1218
385
527
150
136
150
65
660
67
83
72
93
442
251
107
69
52
947
73
55
83
69
41
184
150
109
378
0
189
41
233
123
1086
71
178
428
110
328
356
184
899
407
456
439
357
697
969
667
275
510
147
594
93
526
64
1053
312
65
164
382
84
1138
219
333
75
106
371
461
396
125
543
459
37
245
307
429
112
219
240
126
84
43
341
307
210
376
583
213
58
157
0
355
298
245
149
247
141
79
261
601
313
212
553
299
127
65
141
39
376
332
995
549
327
201
461
399
485
334
188
321
57
35
212
159
129
91
443
296
417
40
347
440
0
88
341
428
553
164
242
328
180
54
255
140
49
72
151
142
184
0
218
199
59
949
377
162
46
340
427
312
246
135
23
305
784
226
307
217
135
401
201
708
269
85
366
204
365
372
50
135
605
207
64
191
58
77
0
314
76
216
342
437
637
73
682
468
301
60
619
320
321
567
408
407
432
326
365
166
1291
44
323
333
115
444
89
452
312
144
309
341
583
417
322
90
283
423
260
573
235
175
701
510
366
282
4041
389
295
0
249
569
115
543
318
335
508
317
108
327
154
318
163
744
73
219
151
166
40
408
378
45
56
379
131
139
171
425
418
44
649
399
476
87
235
296
2634
38
277
122
37
490
45
236
512
53
262
494
504
336
640
370
325
124
371
37
190
54
427
271
176
37
283
149
147
392
516
74
300
331
82
314
426
242
146
131
158
206
136
404
353
499
322
302
56
113
233
441
184
124
68
311
48
364
403
45
343
494
63
364
261
753
430
232
637
161
0
261
41
391
48
495
304
161
87
199
1021
1291
313
509
175
1328
862
57
93
1573
252
951
84
69
124
117
124
55
154
390
1226
1268
383
290
217
229
182
100
191
261
113
578
144
232
51
471
1875
612
90
0
74
193
195
253
405
176
99
119
305
368
301
72
157
41
180
0
151
136
216
210
109
153
151
760
814
163
265
558
204
278
88
249
105
116
92
126
336
234
199
300
116
204
28
234
141
426
258
816
1664
83
495
48
94
502
106
320
1397
42
486
1037
441
196
1130
32
130
543
199
552
338
300
847
318
379
0
319
259
462
147
629
97
783
53
397
571
48
213
72
53
543
206
423
150
107
168
343
627
87
463
258
446
361
52
185
291
339
150
333
75
528
210
184
430
163
452
245
1608
547
483
374
241
120
317
126
818
453
768
208
388
334
464
544
235
349
738
116
298
315
148
440
401
188
131
51
659
232
507
450
767
379
655
299
286
322
928
264
482
128
995
446
268
389
220
626
112
733
86
351
311
342
308
205
137
49
205
88
337
60
128
148
241
70
233
84
85
32
319
159
3330
968
953
535
404
782
211
239
74
41
141
2142
153
123
376
276
90
485
258
254
443
323
625
288
497
311
390
184
749
773
160
289
41
71
1182
41
292
391
62
314
582
294
388
242
0
188
227
437
360
284
451
93
442
552
387
103
185
103
114
174
136
355
67
212
352
157
78
400
64
238
1079
236
474
142
88
592
227
450
77
152
215
32
208
236
115
282
101
503
57
225
60
208
50
30
560
368
95
58
421
99
813
197
307
66
198
66
270
488
410
409
278
200
229
58
193
296
249
1189
1107
102
1140
57
93
390
355
217
375
65
147
420
247
151
227
87
333
548
409
60
129
721
45
323
558
98
512
87
244
91
60
121
195
377
168
437
425
331
454
44
191
368
1285
61
177
320
132
0
273
399
96
203
134
298
42
145
531
611
509
74
48
54
1058
384
243
78
560
147
192
658
308
689
99
71
480
246
0
174
289
50
127
1157
1276
59
443
99
437
320
337
274
314
516
134
0
189
74
127
48
2057
263
292
389
74
159
29
259
94
304
107
243
231
105
411
590
104
338
378
282
113
336
289
57
312
63
0
195
307
377
238
415
61
273
478
589
221
296
309
212
63
52
200
342
324
68
60
304
1043
128
417
341
559
94
356
1152
45
315
399
958
104
267
602
69
49
157
361
1868
257
62
134
363
248
365
269
60
412
241
606
226
44
462
88
133
181
140
185
271
0
61
64
465
174
150
0
502
288
157
258
4357
136
208
414
131
219
116
266
49
326
147
93
0
454
193
141
245
193
157
75
619
275
43
241
119
319
123
308
205
0
286
58
69
0
0
110
470
0
300
239
193
691
242
196
383
341
155
238
376
142
413
759
576
130
264
370
356
620
449
151
0
397
198
461
249
157
515
130
180
405
349
667
1229
426
497
76
58
426
202
158
65
1101
311
316
431
626
71
87
80
156
186
439
157
496
70
42
126
747
41
404
441
234
325
550
58
1598
111
373
304
595
172
424
337
541
146
777
1145
132
291
350
0
403
309
412
82
123
93
106
442
627
414
326
790
121
121
144
1313
162
454
323
447
282
535
211
44
504
83
161
461
438
231
514
150
333
223
210
474
246
52
95
199
118
476
269
406
203
295
124
347
620
437
553
461
562
258
344
504
162
171
209
524
259
404
169
458
194
333
371
44
255
608
0
158
115
168
171
393
421
91
426
267
199
374
961
394
202
521
50
136
119
287
408
172
647
223
1459
190
840
211
270
52
0
434
99
67
41
289
434
404
141
447
399
112
71
75
168
380
107
296
47
417
110
895
490
141
342
81
176
37
118
47
111
225
959
111
263
405
90
277
164
173
190
292
63
283
297
152
384
152
144
211
125
184
480
533
469
147
50
363
319
220
95
45
270
291
147
135
77
123
69
231
27
552
274
1224
119
1547
237
76
0
472
384
81
71
750
63
830
155
351
573
95
376
43
208
212
858
177
182
653
83
596
194
43
119
210
127
186
197
0
111
187
49
84
206
0
0
138
105
725
120
150
157
939
1502
58
470
343
402
183
311
167
153
237
114
473
338
530
66
0
0
261
304
166
62
126
181
89
222
707
84
422
247
382
113
141
360
421
248
503
140
335
382
278
122
41
201
356
98
418
88
65
379
350
398
798
115
743
393
424
353
581
122
473
402
493
279
413
64
382
36
45
139
381
313
437
445
402
465
606
492
75
477
74
436
494
2570
661
90
503
626
252
548
1071
732
580
200
94
481
931
514
539
310
660
158
367
299
440
355
65
313
502
165
280
628
76
50
45
503
1571
416
283
194
436
140
137
152
220
245
321
905
123
193
101
215
145
158
520
431
235
60
52
272
934
104
0
810
176
161
579
203
36
106
309
135
63
272
131
329
592
2919
609
0
273
635
201
133
950
61
140
676
302
0
0
58
50
248
284
211
0
55
223
63
0
295
400
145
441
307
582
48
575
416
404
62
232
65
58
199
179
50
82
175
0
294
115
294
1519
211
357
157
397
584
110
358
513
62
508
59
305
60
54
245
96
80
52
288
334
130
247
0
313
543
430
410
468
203
463
232
245
51
24
28
103
166
608
411
49
505
1186
78
379
481
83
350
76
75
66
270
50
148
632
145
284
262
119
246
214
279
306
178
107
274
103
303
100
300
240
158
38
430
147
22
190
364
0
357
649
246
549
99
81
902
602
204
258
308
200
56
78
101
83
124
1342
124
281
222
186
146
219
248
493
410
375
210
359
133
51
149
59
45
200
54
275
0
262
79
179
207
37
72
140
377
386
120
301
0
583
92
52
0
78
51
249
295
185
152
76
113
196
425
77
182
193
3100
0
392
227
65
175
149
804
87
478
2857
105
179
290
179
139
49
121
910
272
337
197
148
46
272
440
73
50
326
176
548
66
245
109
382
159
37
419
1105
303
451
173
48
887
290
619
188
42
957
375
714
80
816
0
367
2960
88
891
216
467
543
577
94
83
327
271
369
395
664
262
107
98
556
176
1394
230
62
180
84
45
404
29
508
102
178
937
528
110
191
452
565
200
263
278
299
351
176
586
176
155
79
53
217
102
124
478
258
98
231
98
308
163
83
189
75
123
369
49
245
66
495
442
84
194
136
108
951
49
337
584
185
221
51
315
116
595
262
544
344
160
94
1000
86
432
271
263
689
209
239
561
389
342
365
468
248
253
146
776
132
720
165
322
467
428
524
374
146
738
455
134
255
119
203
93
246
264
243
0
423
158
360
155
426
132
201
494
74
307
340
1559
316
246
98
473
433
693
516
493
67
99
412
274
401
62
357
94
1244
0
299
601
497
389
84
106
124
364
66
419
419
400
774
119
449
260
542
109
635
108
200
719
639
147
979
601
157
388
143
205
48
158
392
0
727
330
415
603
619
195
101
126
1112
79
299
1140
349
874
465
520
132
613
155
402
0
52
754
627
222
322
279
525
480
209
39
116
540
158
299
261
516
383
624
82
531
58
294
542
353
0
260
695
646
60
34
35
564
533
479
578
273
1047
223
96
571
563
433
0
106
474
183
72
0
231
919
0
60
0
92
246
40
516
90
1110
174
439
90
4199
501
364
546
439
104
261
49
62
109
400
2277
196
0
69
0
365
29
103
190
80
147
598
198
326
598
59
334
1105
0
428
435
190
438
236
0
398
717
908
424
63
0
470
61
304
472
65
284
48
281
1006
789
254
63
136
51
0
90
335
62
103
314
422
91
103
98
409
166
1358
255
855
215
273
100
272
635
40
1721
79
572
36
204
534
306
51
610
61
103
711
81
475
526
80
242
722
95
166
181
236
1701
89
33
91
451
690
79
780
172
1729
86
458
135
234
104
110
157
844
92
597
322
80
209
453
125
268
462
94
493
229
90
630
290
323
222
108
595
384
114
799
76
186
1174
56
292
134
329
66
164
431
113
351
54
148
1117
581
687
439
393
538
294
517
221
95
579
263
62
89
420
49
71
53
35
73
344
116
119
0
51
80
261
102
599
105
126
184
271
34
80
3631
351
1384
103
50
219
69
108
94
400
103
1005
238
526
398
756
49
81
287
575
428
198
226
143
629
1960
145
417
116
251
1175
126
49
189
87
292
176
321
218
652
483
50
310
2601
188
348
431
148
1230
362
277
2769
124
50
479
529
636
111
182
175
53
1683
377
851
397
297
443
310
261
492
651
361
663
351
72
121
559
271
49
499
446
614
60
556
1378
161
182
606
599
472
447
106
473
0
247
391
733
218
533
117
1857
130
205
619
70
161
762
151
99
77
82
217
150
123
92
484
533
51
445
0
1398
266
4802
52
137
61
442
88
568
135
256
0
0
195
440
37
341
119
204
63
216
268
662
120
297
2614
490
299
551
629
192
171
501
115
203
576
290
169
152
117
272
0
705
818
99
54
393
484
1472
671
774
429
90
697
483
628
877
3448
762
873
595
436
488
59
131
0
1794
403
475
524
564
392
563
279
2100
338
958
71
0
896
384
527
545
613
562
106
1322
803
577
0
349
79
1039
414
562
548
1213
102
658
547
235
498
87
52
258
75
162
79
1649
564
552
172
371
482
543
129
253
80
223
532
423
181
182
299
163
51
621
348
52
152
229
407
299
169
41
498
516
230
375
233
138
2376
58
234
418
213
68
357
37
28
328
25
34
192
480
73
705
696
109
76
917
649
72
50
111
243
239
104
191
701
108
313
298
301
0
287
421
58
94
162
502
294
465
397
111
579
433
57
0
220
661
77
85
203
283
973
190
88
89
139
343
225
299
44
813
518
137
398
543
494
193
726
366
124
365
271
656
155
383
161
1435
538
248
734
202
473
588
679
169
113
248
95
78
418
203
183
98
53
473
506
1536
201
1087
464
94
620
230
380
331
38
259
127
292
36
658
316
57
336
290
221
368
186
568
512
137
1346
619
101
356
137
358
600
175
373
386
460
0
0
509
322
853
59
116
87
435
524
294
421
467
360
305
639
713
93
1626
541
257
54
84
116
138
94
3362
216
58
180
550
256
76
316
183
115
223
693
240
153
290
596
391
572
83
336
592
442
518
453
328
882
244
58
209
410
1234
368
315
304
183
293
322
816
571
214
644
73
931
328
687
329
1075
440
619
203
336
192
337
745
637
318
749
807
611
56
313
684
254
113
63
591
833
1150
202
545
681
706
54
567
56
62
165
415
934
563
80
438
671
501
85
52
294
538
229
468
706
695
919
554
705
643
452
1001
1003
389
46
224
451
70
3268
312
794
578
173
53
246
950
147
685
67
99
343
239
86
286
463
339
3819
506
2743
1643
368
383
75
608
897
597
225
45
679
217
0
869
492
525
171
551
165
100
201
5571
61
48
621
366
1626
515
82
626
1003
481
400
66
225
508
1020
165
478
324
625
405
68
1016
709
1675
282
333
383
434
509
90
32
1338
600
861
361
525
644
485
679
480
43
188
619
580
739
514
72
85
265
666
1178
563
219
2336
56
613
375
568
1052
549
399
0
1711
631
687
280
270
712
527
413
284
95
300
409
591
268
68
454
286
78
300
240
793
791
1127
249
662
0
283
166
888
833
430
556
519
247
1044
779
571
363
78
673
642
735
942
742
665
59
518
0
473
874
741
54
508
131
376
135
399
593
381
623
144
1374
431
801
829
411
553
228
902
63
737
120
46
151
203
448
249
285
282
602
87
1435
580
595
431
392
165
539
297
348
945
297
281
656
498
53
45
38
665
113
204
84
1326
805
92
896
512
591
533
103
1275
873
2870
3067
622
494
2258
1241
856
493
1350
1272
564
95
792
2739
3077
2034
226
263
174
3662
630
659
823
612
1167
290
544
0
837
1459
1020
1061
857
694
705
452
165
720
579
1977
913
1048
1173
1196
730
1044
363
517
1238
372
942
884
1112
395
362
760
390
94
337
1087
2699
2852
53
977
1483
362
1072
195
192
142
523
768
1240
424
896
791
3456
535
1742
966
437
248
467
1043
545
1849
775
941
1017
3622
1408
1041
148
685
463
1081
220
597
913
56
1792
63
59
829
1967
1139
1281
824
704
1104
553
136
86
831
467
605
972
403
645
841
76
180
647
1083
677
67
832
101
161
522
1112
1091
661
