7
2
0
0
7
4
22
6
4
42
57
4
13
24
44
18
49
35
0
0
12
14
22
18
9
0
45
41
46
9
29
20
48
0
24
41
59
14
50
52
0
32
33
60
33
9
45
106
115
0
18
69
9
57
49
0
16
80
69
91
80
151
38
0
205
25
20
67
67
34
21
12
35
15
0
45
9
109
10
146
74
54
0
71
123
12
78
255
79
127
60
38
68
54
35
35
83
85
34
179
35
296
85
98
136
124
30
380
94
68
48
356
83
129
33
103
0
242
116
90
19
0
101
276
83
131
461
211
0
156
256
65
65
73
46
184
77
114
293
165
158
186
80
158
81
238
286
83
135
176
34
0
57
83
91
128
158
360
238
52
200
0
0
154
75
0
56
185
262
159
127
196
533
103
93
231
108
173
214
54
24
76
55
70
23
65
245
47
165
287
174
289
109
35
0
24
64
469
112
165
193
252
382
775
209
262
323
68
50
128
127
412
41
283
22
173
485
20
230
193
229
201
67
37
72
65
476
140
0
34
25
360
599
84
197
232
201
60
317
189
294
139
603
681
260
293
308
83
190
20
200
237
106
107
284
197
585
555
195
213
169
348
265
123
292
423
440
373
120
501
351
451
1280
51
287
0
30
182
72
44
285
66
43
35
118
187
132
88
99
135
186
206
179
55
350
183
252
222
260
432
329
201
62
111
201
575
36
178
83
238
36
555
136
119
177
176
1798
47
283
314
266
539
276
274
1283
82
265
183
501
75
536
351
198
29
52
28
1065
43
306
247
528
505
118
90
274
318
292
145
446
162
444
223
109
29
75
42
422
114
218
509
237
200
227
549
62
688
0
464
175
231
376
282
0
0
29
501
607
278
2136
491
405
441
0
96
742
272
200
994
784
478
163
274
0
244
332
338
341
107
82
328
195
526
148
181
418
113
250
285
283
208
152
186
103
59
228
698
101
462
392
52
272
251
265
931
533
621
125
432
403
127
402
152
363
149
1218
196
178
137
330
35
714
0
96
185
0
378
173
156
418
52
192
401
380
275
960
732
356
400
488
228
1253
537
186
334
187
43
294
1060
35
199
315
662
419
319
103
214
231
236
297
303
87
344
531
46
275
200
62
339
186
283
184
357
945
113
168
104
298
164
175
95
299
328
71
325
39
436
160
378
177
258
273
89
318
1289
164
301
178
408
301
319
375
34
289
181
114
83
399
3281
496
420
235
216
226
86
252
35
79
592
133
140
180
64
393
322
165
253
147
334
195
0
111
335
110
414
77
98
116
255
34
414
185
392
444
535
167
48
256
161
151
75
159
100
364
1096
337
0
120
201
367
0
303
155
418
46
0
342
77
36
591
223
283
61
55
0
475
200
223
0
184
189
150
439
206
340
159
302
225
157
299
177
259
264
319
235
110
330
67
73
54
175
93
693
359
530
134
778
292
259
234
239
199
152
190
440
167
0
253
216
172
326
292
302
325
318
355
50
89
291
120
57
45
217
528
217
180
0
254
497
0
352
403
81
48
354
84
1158
467
42
176
114
227
564
365
340
485
83
302
157
211
0
634
277
220
83
190
306
237
642
157
370
210
246
241
512
62
52
231
146
143
161
64
695
267
163
265
50
164
121
325
476
342
175
1115
0
739
780
162
428
286
342
229
384
119
211
29
596
736
479
244
454
173
399
330
97
714
226
113
751
0
314
842
565
843
268
217
281
1197
462
2495
0
455
83
245
240
201
193
102
465
621
215
216
141
285
263
199
51
610
576
534
240
145
574
437
319
303
138
146
66
209
633
524
178
432
867
3355
547
457
584
515
800
323
331
140
449
244
909
455
204
311
373
94
83
269
1217
4195
209
321
99
206
90
882
53
92
280
650
0
706
0
72
0
277
50
917
1272
459
318
62
487
344
165
450
244
163
30
458
1105
72
208
32
60
155
155
47
27
45
0
174
118
35
59
663
202
58
102
51
196
252
382
514
94
203
110
195
368
53
268
68
165
127
273
92
1237
228
427
1162
323
174
0
73
283
80
145
161
271
438
221
214
88
400
91
117
486
157
257
302
42
475
394
893
201
66
52
403
403
258
71
102
37
535
457
350
432
266
0
0
369
0
1034
83
222
65
381
459
388
495
370
112
225
339
373
175
186
507
425
785
76
396
361
245
816
1330
39
481
217
1227
5670
245
615
124
718
598
248
359
406
212
265
525
487
173
399
451
303
423
130
348
192
205
221
297
332
270
507
380
179
261
558
437
233
349
217
2447
160
203
165
80
326
365
618
503
270
383
122
339
248
143
463
255
139
232
99
191
695
74
43
36
318
57
1113
151
39
192
175
492
289
467
373
183
312
422
87
331
209
324
93
281
209
150
565
240
222
738
245
257
667
0
35
267
152
205
191
502
138
319
216
268
68
228
50
92
52
184
805
198
134
36
57
59
0
42
189
0
177
272
173
223
242
29
138
27
46
71
49
134
150
205
101
226
427
507
311
258
36
156
804
354
391
55
419
135
84
109
212
399
55
386
300
85
225
633
189
244
367
271
162
395
2283
1236
577
378
233
162
431
117
329
418
496
442
1075
198
1456
396
116
248
230
357
295
239
658
302
223
71
508
110
187
159
41
146
106
956
135
137
58
279
345
368
72
372
94
0
342
161
440
176
140
344
425
365
190
274
300
408
192
274
228
126
292
366
237
255
552
398
113
0
243
343
2038
1347
308
249
557
388
234
399
559
72
204
450
661
301
82
742
360
291
287
424
428
40
59
93
310
231
177
299
171
323
526
214
236
244
445
279
476
939
78
724
575
185
63
181
0
579
840
0
39
0
184
326
191
203
228
101
236
578
25
130
202
212
131
232
93
236
294
887
63
0
149
572
113
1077
704
252
0
429
238
0
122
58
752
158
528
414
347
384
224
49
278
195
227
284
203
229
31
273
0
65
101
0
202
583
44
74
188
306
0
294
111
616
101
182
256
566
146
415
86
343
1625
0
457
525
250
30
415
202
212
355
201
300
456
394
706
422
327
243
122
185
319
101
255
446
560
71
132
2628
83
447
43
938
131
853
454
106
1010
458
50
370
135
120
297
669
124
604
229
714
250
650
239
611
267
128
148
578
153
243
232
535
113
187
358
167
621
2998
280
175
417
248
842
533
182
492
134
282
378
706
308
366
432
430
193
130
138
104
99
235
93
246
114
152
92
1080
348
480
299
426
257
61
261
614
64
198
494
619
225
158
883
3882
190
527
706
160
60
278
310
903
67
110
77
109
371
678
408
451
693
926
402
398
0
558
49
90
27
228
677
517
730
242
415
49
1079
181
694
230
658
689
85
290
242
265
248
72
505
494
403
379
746
131
452
153
259
652
94
326
510
115
176
120
221
304
123
213
548
294
639
180
650
181
794
638
487
0
589
46
343
1092
626
361
597
787
117
134
808
0
780
282
356
252
92
770
225
3197
94
166
1128
421
292
225
224
315
710
1023
61
208
713
456
119
83
89
6367
1619
340
721
793
258
862
302
81
76
270
638
110
476
1102
0
860
80
115
78
185
71
476
662
570
776
205
741
227
451
277
316
918
7826
275
489
329
918
662
160
288
110
66
553
209
74
598
1739
751
49
470
72
271
101
352
537
247
176
263
810
797
319
456
250
385
2533
4772
980
182
32
173
351
566
663
675
3137
1360
1092
65
33
130
109
1032
252
576
313
299
462
322
376
162
323
324
847
2340
173
291
402
154
0
50
156
152
90
845
582
137
116
53
806
68
264
738
1823
1262
47
191
137
1380
571
81
273
267
107
902
203
668
651
482
416
349
586
212
74
951
405
164
178
240
0
229
145
296
271
181
772
0
1125
146
721
51
96
139
334
177
108
273
407
227
389
1202
126
486
211
66
80
110
190
0
92
211
0
0
824
30
330
97
118
246
405
0
60
171
278
224
262
285
242
173
418
423
100
233
0
391
119
431
97
186
706
270
554
494
576
342
120
264
37
0
480
64
380
309
504
515
317
400
532
0
492
293
253
451
476
536
194
671
215
539
156
334
303
320
689
290
250
603
2059
671
95
578
400
494
255
536
290
1169
615
786
165
514
68
276
513
296
0
894
726
151
56
493
44
1676
841
499
1006
179
191
248
191
253
283
106
419
356
279
151
334
260
503
307
511
817
486
168
140
471
391
77
0
3192
902
458
535
592
496
0
1352
146
409
555
292
152
296
160
84
266
97
289
62
255
382
220
194
0
73
0
55
657
590
167
67
200
723
827
358
398
57
380
743
358
336
248
171
139
111
87
599
290
503
327
427
645
464
421
813
755
293
638
513
476
137
562
582
479
387
82
65
479
656
524
406
393
207
74
346
657
580
243
780
590
276
252
592
251
102
323
520
202
193
0
788
317
241
345
6196
412
159
456
120
200
408
664
1477
286
491
218
268
2305
1123
383
361
1582
224
333
253
324
1629
553
518
190
292
79
453
451
2048
270
147
687
122
495
175
503
284
0
630
223
859
0
467
335
281
0
266
548
229
711
398
500
131
51
1932
97
89
84
182
124
416
669
232
298
96
1456
407
403
53
731
558
379
1012
211
66
451
518
330
930
571
459
299
326
896
296
46
545
310
392
309
132
60
235
760
329
462
317
98
93
145
83
198
422
434
746
144
334
447
378
418
368
538
401
700
549
337
309
308
443
414
536
353
443
764
99
395
94
691
552
1915
261
414
697
118
367
110
757
635
684
468
196
183
806
577
443
95
763
348
723
133
485
665
249
648
3472
473
718
306
183
482
211
1309
310
363
70
263
333
241
107
438
358
0
139
481
61
217
275
781
486
80
607
702
561
75
243
386
463
106
295
99
0
399
0
3276
604
88
102
224
488
468
813
343
252
74
513
97
356
140
434
253
102
0
257
145
91
0
627
63
416
359
180
300
232
287
141
0
207
422
899
572
340
622
418
269
225
404
124
1473
1249
112
68
400
58
261
416
34
382
1195
450
379
244
533
396
289
636
263
172
352
378
694
52
580
485
214
141
0
319
451
680
1732
390
328
951
70
394
449
890
536
219
47
187
192
148
71
171
1157
960
977
745
444
362
320
222
152
194
274
118
670
425
221
92
915
360
751
147
138
90
294
388
247
555
339
125
126
368
597
419
148
254
253
498
120
175
203
422
0
339
879
150
202
1091
175
972
492
286
347
242
349
182
282
241
276
769
290
348
214
256
277
247
154
623
884
426
510
523
108
2559
61
127
512
185
231
396
86
363
426
980
272
1375
420
164
613
639
627
261
500
942
410
520
209
322
293
569
169
695
113
387
52
482
360
50
283
107
61
361
141
619
230
214
225
821
552
173
469
146
586
522
111
227
389
331
227
140
366
370
299
187
583
1045
452
390
563
743
359
495
490
2806
748
169
143
524
1170
273
1980
187
372
964
148
483
0
180
147
300
539
577
520
394
1085
78
886
312
646
795
781
907
663
403
362
331
741
325
552
519
1784
1104
278
440
226
432
134
772
176
361
324
285
167
216
220
232
252
600
542
432
96
189
271
0
406
135
167
677
271
225
746
422
313
785
545
1145
328
278
57
0
175
2267
430
81
701
1428
83
708
318
889
365
254
428
314
432
332
316
204
142
940
278
297
0
0
3418
150
299
582
100
338
3977
264
272
1241
1011
328
211
538
436
409
462
58
511
627
416
131
92
178
256
262
250
368
86
210
519
93
0
486
124
362
183
0
555
231
93
717
253
598
158
153
338
52
453
212
544
471
201
430
145
407
94
261
60
243
458
495
136
76
520
324
1441
130
302
138
285
512
291
570
365
445
269
195
319
0
238
252
406
176
406
56
238
97
144
283
439
1004
301
71
184
539
231
632
328
83
116
527
528
204
167
514
0
536
734
89
580
150
1605
110
81
221
267
425
195
472
482
333
389
355
333
538
668
218
386
335
658
0
401
556
93
330
186
461
0
172
498
740
643
477
158
0
588
511
369
223
81
196
294
579
378
1388
0
589
729
292
101
1154
261
128
258
704
289
95
502
89
564
602
482
361
279
596
244
167
313
64
118
54
1840
350
2858
511
175
223
97
217
44
370
115
405
489
119
989
587
322
509
527
382
344
461
357
290
322
96
262
207
997
880
281
518
0
340
535
2015
611
351
927
256
72
100
255
964
512
103
190
471
700
193
558
290
360
145
655
4815
192
315
337
731
113
361
1269
774
60
182
499
498
648
54
257
305
284
520
394
99
452
310
633
131
0
1040
195
208
465
103
174
413
73
72
194
203
183
81
76
479
385
162
314
514
301
474
360
314
405
304
327
0
77
1060
108
352
219
668
201
189
268
155
92
273
0
89
277
103
200
110
449
291
422
411
812
465
241
160
152
293
189
505
497
187
901
423
201
347
477
175
315
329
242
380
947
232
110
202
1268
324
596
419
226
0
760
278
518
405
194
507
507
247
1055
129
988
483
477
2945
147
364
479
326
210
122
559
293
931
165
2284
418
469
96
191
319
855
82
467
58
112
113
563
0
1118
405
329
372
683
56
3932
132
538
144
932
0
381
823
735
416
377
1003
177
389
452
99
0
309
523
70
102
120
94
497
916
262
482
591
169
128
275
270
263
480
604
760
168
507
287
132
575
590
360
785
835
511
1070
108
534
300
428
578
430
535
119
501
348
2872
855
465
283
317
96
467
788
461
691
577
633
558
383
288
256
293
112
713
317
521
259
79
472
726
425
96
342
592
87
100
164
216
90
549
436
118
503
487
291
342
553
438
189
102
185
160
173
2223
802
255
670
272
2099
234
410
125
2696
57
2142
471
187
397
0
713
592
441
246
2379
771
283
245
145
247
5958
207
759
86
497
149
865
563
267
333
180
291
100
99
81
7079
184
574
221
1260
447
0
325
181
147
328
424
119
294
933
134
521
179
332
289
166
266
710
292
2565
146
54
221
794
641
126
58
270
351
223
180
36
277
211
128
0
405
380
403
121
595
0
746
220
288
324
0
147
498
103
968
225
406
366
0
516
528
269
266
1759
6026
239
1064
111
714
649
65
211
299
146
0
69
0
0
0
737
55
261
0
136
767
113
829
226
154
212
2456
436
0
704
388
315
209
280
190
143
423
178
899
127
583
0
72
219
354
0
234
73
236
192
0
242
741
153
272
378
289
156
174
317
535
108
596
166
289
436
290
114
0
326
414
52
513
833
167
751
701
677
594
289
552
688
638
437
729
102
598
670
539
446
387
0
662
0
56
213
484
603
518
622
653
736
725
641
0
681
148
542
681
2357
869
116
551
638
281
691
2951
544
708
414
161
689
1494
728
555
352
879
195
345
354
409
419
33
3521
2377
169
1323
739
79
107
57
2086
746
1005
354
370
601
168
414
203
1520
278
190
413
253
117
159
153
222
227
356
522
387
95
166
255
980
110
99
715
186
117
507
606
198
153
416
187
85
959
257
1332
692
570
943
68
278
729
254
151
1135
62
142
889
623
101
269
186
92
379
364
486
61
227
265
0
81
216
1885
155
547
900
305
0
689
730
915
73
234
98
452
151
277
84
163
232
109
499
135
507
815
253
288
162
374
740
165
484
604
82
770
159
331
174
530
1262
70
83
39
446
401
133
0
355
579
515
333
566
242
304
515
347
322
56
0
0
195
301
622
605
113
746
880
130
496
671
64
452
92
155
96
466
0
465
1068
213
420
363
216
330
351
286
385
287
155
343
143
144
0
326
305
782
55
440
111
0
246
366
0
449
586
331
483
90
155
440
586
531
311
366
172
42
171
75
103
103
1376
62
1296
233
545
94
281
1029
616
960
796
391
1422
140
0
229
150
152
338
304
234
219
383
112
213
809
66
171
254
361
539
53
503
0
604
106
114
0
407
55
373
250
427
157
126
89
301
445
263
392
483
1972
0
461
848
0
246
177
1859
77
533
751
277
371
470
167
388
224
125
354
226
384
631
143
92
269
438
0
60
421
362
793
71
281
133
493
120
46
604
1311
611
590
195
0
583
370
1159
3141
315
686
649
524
294
945
158
538
4048
0
689
145
480
898
583
925
158
380
731
489
448
728
730
139
74
213
222
808
235
151
343
126
78
577
102
439
0
269
4645
696
188
273
638
553
172
145
317
218
551
292
203
274
179
306
0
323
0
234
585
382
80
317
0
331
293
47
418
123
103
675
149
189
0
681
285
0
311
110
440
277
83
934
601
106
222
102
273
232
771
126
637
380
3605
61
1780
142
443
403
559
896
171
238
1244
563
511
462
666
293
513
0
452
352
217
98
436
625
699
230
175
0
595
930
79
1088
122
356
166
402
556
576
0
339
196
701
149
463
114
247
733
0
641
564
1070
326
413
123
435
335
628
622
528
78
188
650
421
2520
223
387
115
158
288
331
624
637
577
187
81
182
479
0
564
544
825
1105
130
1303
377
639
901
725
0
258
274
839
213
1157
727
183
494
1076
256
109
253
661
244
963
461
433
719
968
304
77
220
1772
0
699
649
392
620
589
651
230
670
663
381
254
155
846
853
239
657
403
952
688
1709
87
171
598
272
391
314
608
532
892
0
867
63
442
720
373
185
710
939
669
0
0
189
668
802
547
616
314
1884
102
116
421
710
519
0
546
764
209
119
89
490
1129
222
0
0
109
403
89
624
192
938
691
244
1257
2382
653
534
279
521
865
133
102
82
155
1178
4417
444
156
66
0
357
65
483
77
354
92
584
259
370
726
0
611
1468
0
2798
669
173
410
183
0
1367
636
616
530
96
78
907
119
400
522
140
922
0
683
487
298
395
0
219
0
112
129
505
99
289
186
266
0
109
40
0
248
1294
597
1187
100
206
221
555
296
118
422
70
245
0
154
168
340
64
740
197
105
653
243
540
280
61
340
736
0
200
210
298
638
70
51
40
573
740
0
2060
191
8663
89
533
63
272
227
211
244
911
136
835
325
119
319
875
236
297
749
0
746
290
95
752
930
477
71
218
8891
727
174
929
179
244
766
0
1782
118
130
63
284
1276
101
695
74
183
631
684
686
525
454
662
245
924
998
140
661
336
102
673
489
0
137
0
125
68
595
89
371
451
0
107
269
222
792
0
426
243
443
94
188
261
401
427
217
0
292
149
81
173
591
105
501
223
122
425
379
0
135
526
396
544
193
256
184
607
590
692
778
131
387
816
210
0
302
346
503
276
424
325
1410
122
89
290
557
101
339
2197
450
456
567
165
1658
95
130
640
675
645
127
222
250
172
1093
621
694
558
1370
611
458
248
701
432
497
754
355
82
549
1172
320
573
330
10685
736
74
3821
1697
191
1455
730
690
512
604
154
265
113
858
759
893
3102
544
280
572
147
132
714
70
185
698
330
219
103
115
341
221
89
1173
1643
647
107
536
167
853
356
1955
145
96
60
519
253
647
143
520
0
0
73
584
148
457
0
320
86
234
231
364
0
588
897
965
367
621
710
396
171
528
173
294
830
476
126
100
199
301
302
957
1285
113
0
579
716
1332
731
1008
354
0
614
909
713
621
5419
652
607
878
600
640
0
486
0
1020
535
628
720
859
545
800
872
3330
740
831
154
0
1098
690
743
620
708
775
75
2628
677
744
0
1481
297
691
638
843
670
539
0
698
615
201
519
311
62
298
775
413
90
484
692
850
357
569
783
542
142
414
101
902
655
1277
202
207
386
855
0
546
382
90
160
373
383
653
94
67
343
592
4339
462
693
399
1554
0
326
2374
955
67
186
0
0
105
0
90
1540
687
158
823
743
124
179
181
1105
88
293
144
294
367
111
116
419
164
1161
447
352
190
399
320
0
181
217
501
302
880
448
104
1419
671
82
0
190
877
130
258
172
592
541
129
58
1159
107
392
299
531
108
884
564
106
438
843
402
162
1024
436
628
431
192
817
524
325
196
1438
520
360
838
297
635
586
870
226
98
82
94
69
263
291
296
154
60
551
802
524
165
805
637
127
671
333
1400
418
206
91
312
673
76
564
322
76
335
558
390
0
982
984
991
1130
1118
2335
114
624
177
2135
612
343
465
409
3499
336
62
716
290
1444
0
97
146
412
665
269
1035
482
442
516
348
790
96
6476
712
369
155
60
121
177
153
1592
73
0
229
472
437
0
433
0
261
258
491
258
166
377
657
396
680
0
371
711
581
691
591
435
1588
205
94
198
440
930
396
541
395
309
354
382
609
854
464
301
95
5143
431
756
490
1477
513
821
250
555
236
450
733
503
557
643
805
720
0
565
3699
672
2094
98
855
2451
979
1752
1348
1044
674
0
463
88
84
223
500
1307
623
133
590
751
730
0
59
475
706
101
853
775
482
590
720
834
786
673
623
817
450
133
340
559
72
832
655
721
813
311
85
343
691
206
697
91
431
277
2301
76
1194
806
850
810
4653
741
1186
1615
439
57
685
556
719
580
147
1017
815
0
655
3332
694
880
265
228
944
76
624
63
41
853
432
590
646
0
797
427
480
586
0
518
701
483
177
809
580
711
449
121
1620
1133
1746
134
552
514
111
718
79
80
1336
713
869
939
714
648
470
858
790
60
507
746
795
821
508
145
49
297
1289
1167
784
272
731
0
555
526
754
712
3320
1515
125
2201
360
1002
475
405
814
283
338
313
142
441
881
108
333
108
626
402
121
376
534
1542
1099
998
172
731
170
386
371
659
890
602
739
557
484
1741
907
676
387
110
793
738
925
2193
829
826
0
601
101
286
742
757
0
825
183
452
61
227
472
566
690
868
798
1020
1751
408
431
727
402
516
90
590
158
0
134
134
692
809
401
2188
856
131
1218
443
499
489
1148
149
158
4696
560
570
586
290
1973
2354
0
87
128
423
1017
183
145
2454
1135
231
686
1272
525
819
166
1646
1285
808
1748
691
387
1392
2750
766
730
1162
1089
650
0
1058
844
861
678
336
315
553
1291
1227
897
1036
841
744
1765
2121
0
1067
1393
1191
3835
879
835
980
716
938
1301
1022
471
1580
1176
1356
929
998
3011
397
647
815
830
674
3118
1270
543
648
902
452
92
371
2570
902
495
203
1022
1379
0
794
256
499
937
9701
1097
1461
407
910
12722
756
525
1245
896
567
156
398
1257
440
610
861
1187
1670
1244
1456
931
119
930
661
886
223
686
4159
127
793
78
0
600
4009
1350
2443
1313
933
1300
714
244
161
921
674
452
1126
1291
832
775
338
119
1586
1540
670
124
1129
304
342
774
1433
1394
1140
