10
3
4
15
2
9
3
0
3
15
0
0
11
43
3
18
0
29
0
18
9
19
22
20
0
44
34
10
53
0
25
6
80
8
26
40
14
32
0
21
102
0
48
46
37
98
27
0
40
29
28
74
0
51
51
0
20
34
146
0
65
123
36
28
17
17
22
110
33
21
7
0
36
16
61
92
9
29
0
224
134
16
0
83
119
14
103
206
61
19
61
12
85
136
39
64
38
122
71
128
64
191
137
209
85
271
110
46
58
35
71
336
120
137
106
71
108
121
71
14
252
95
18
101
186
134
111
152
16
164
215
111
57
78
62
104
139
69
394
199
127
151
111
94
126
252
285
166
339
657
157
29
313
29
37
621
238
226
322
62
85
146
47
76
49
310
0
181
156
183
147
123
462
60
30
123
93
168
91
202
30
64
34
376
31
147
266
49
63
111
171
44
97
36
0
33
191
281
82
136
124
289
73
65
43
228
100
615
0
93
180
538
63
225
293
343
680
0
234
193
546
203
106
36
105
62
318
125
0
349
0
179
673
84
104
185
126
65
1291
119
304
158
69
543
107
264
384
102
135
0
141
302
0
46
90
112
185
400
130
389
112
369
380
37
520
535
582
399
134
144
305
151
121
152
401
524
173
229
439
560
141
61
49
0
158
161
2043
36
287
105
199
222
188
32
321
167
288
250
177
201
249
291
78
205
293
371
40
149
56
136
63
618
161
81
196
243
640
740
930
264
265
300
1122
301
2278
358
323
127
617
121
624
311
245
212
69
0
133
547
330
263
270
581
678
83
272
321
351
209
360
172
323
203
101
77
96
759
308
84
296
593
156
180
255
653
591
159
66
214
165
227
519
231
108
91
50
660
776
330
367
492
406
687
378
104
384
89
166
7263
415
560
157
170
0
197
465
202
188
79
62
363
408
551
191
166
295
173
304
317
327
506
199
207
275
168
184
667
117
257
439
76
379
276
235
265
300
115
245
221
465
150
533
164
298
191
275
284
314
177
277
544
598
144
309
211
0
344
283
301
223
186
377
389
252
94
763
387
260
130
960
244
158
255
261
253
146
261
160
232
45
223
318
358
618
326
68
226
227
233
533
234
71
337
413
35
445
992
116
210
179
276
262
364
322
123
142
108
250
206
100
145
350
295
91
310
38
186
163
273
94
237
214
89
230
262
228
313
145
449
371
256
530
51
262
379
133
133
360
415
449
313
302
222
258
107
483
102
72
456
300
153
142
89
548
494
177
331
123
283
196
43
104
124
596
1206
517
86
336
261
172
212
245
306
143
341
154
201
63
198
115
43
293
48
174
205
173
185
145
124
471
290
221
163
280
116
33
110
130
58
263
430
106
237
0
103
404
195
324
204
181
145
216
625
174
255
357
125
500
117
309
178
224
287
269
320
121
289
116
150
0
199
120
1436
267
235
133
877
285
303
206
146
231
155
225
471
144
0
191
150
185
239
219
335
226
50
71
44
278
482
162
38
172
126
1506
340
372
326
415
312
150
407
236
90
48
265
185
257
269
77
278
78
302
535
333
88
0
139
368
62
115
92
944
353
249
68
160
301
322
1209
169
308
172
291
207
456
197
48
229
155
213
161
88
653
187
521
67
75
130
172
605
438
267
149
148
0
704
924
163
222
401
268
223
316
53
351
413
77
812
1001
272
159
851
334
273
50
413
222
182
226
0
139
182
108
350
255
303
242
796
156
520
71
885
64
179
220
241
202
41
278
538
193
239
97
4297
423
209
82
493
675
224
261
141
418
352
507
422
239
179
109
537
226
845
142
436
941
2395
484
363
379
185
738
284
2114
135
466
191
275
102
209
276
95
103
79
220
1120
336
48
88
125
212
0
216
54
81
83
129
289
248
0
32
0
46
51
199
195
121
86
96
429
583
145
151
199
152
0
549
291
33
206
0
45
149
75
84
30
58
40
161
47
0
33
73
0
81
157
61
230
65
588
359
96
57
109
188
406
0
436
0
145
27
297
61
142
215
1470
600
0
0
0
35
281
73
46
170
384
218
78
204
115
267
85
217
322
141
0
260
81
270
364
112
240
152
50
499
271
309
73
74
261
227
170
319
561
232
151
189
386
332
44
54
197
100
282
107
325
295
431
98
199
538
269
149
213
1006
178
488
93
380
40
253
246
506
52
296
1127
492
1130
169
3767
112
519
426
461
567
749
215
244
1040
317
198
273
403
236
348
225
258
244
182
143
255
379
239
283
153
410
202
549
256
175
311
214
0
396
469
242
410
351
137
346
215
261
337
173
281
262
58
343
420
38
120
90
183
139
0
119
262
251
124
181
178
359
371
281
252
334
274
311
181
182
347
58
258
286
300
82
267
264
386
466
204
200
697
217
107
764
0
510
1928
138
163
131
366
151
160
186
316
176
197
1252
87
683
805
43
176
58
466
234
47
0
0
164
393
135
774
569
217
260
23
110
104
192
626
62
143
147
654
195
185
447
234
266
1444
139
201
220
1282
206
41
1067
137
84
110
162
560
0
345
286
51
229
99
101
179
233
125
439
640
304
195
211
2834
153
155
128
144
303
1109
108
387
266
146
3464
263
117
226
196
368
835
1073
617
193
270
948
303
772
222
0
334
151
498
222
135
154
107
266
226
404
119
294
0
0
232
81
219
189
324
355
448
430
127
196
356
1600
270
277
352
144
337
229
358
260
375
268
122
0
318
326
203
544
295
285
531
486
141
1091
450
45
296
843
196
268
0
347
304
524
452
299
371
93
56
189
313
263
0
262
109
266
124
182
397
254
319
123
416
277
83
208
0
233
449
150
42
2068
275
238
0
888
204
243
157
195
175
75
240
180
843
73
2095
210
170
216
532
287
459
385
0
0
328
58
340
295
136
344
201
378
282
379
172
0
512
90
466
473
336
385
37
0
304
186
104
348
174
320
0
260
0
47
75
0
479
544
0
0
103
183
0
684
75
217
249
549
302
149
145
247
118
0
133
0
790
327
507
96
434
284
211
875
278
305
550
434
636
431
438
248
98
236
316
147
160
417
349
45
40
234
46
534
0
1329
133
246
284
108
558
266
193
306
134
110
2490
378
139
457
725
1276
270
2164
355
175
182
166
159
538
253
225
993
306
0
226
664
309
558
1281
245
405
389
759
1443
428
192
537
367
351
239
449
465
454
421
407
153
149
238
82
110
182
107
142
119
165
106
1245
361
435
216
704
167
233
329
610
43
224
627
377
210
133
288
448
0
454
1366
148
70
68
311
348
0
122
76
259
566
605
417
421
180
471
430
626
0
302
0
112
0
317
268
227
239
287
82
0
281
198
221
220
984
354
81
377
200
254
41
128
551
486
248
373
571
587
2162
122
263
678
60
268
526
108
221
90
597
214
169
297
272
221
1621
144
220
153
589
276
450
0
387
29
1226
773
321
385
511
419
105
165
1105
0
228
353
241
148
95
347
308
347
75
934
412
1659
750
951
213
1131
1045
267
1005
200
267
580
0
87
76
319
711
3378
305
539
321
160
117
0
1239
107
1105
71
522
391
0
831
98
110
86
168
80
247
550
1007
525
146
408
93
607
301
317
426
455
245
161
341
338
235
59
178
489
59
677
180
80
210
344
1556
748
757
95
191
44
118
300
164
118
1141
905
551
327
248
230
431
1417
503
319
84
0
154
4336
106
0
303
199
228
157
0
43
80
199
99
236
847
316
239
292
222
278
116
2065
348
482
780
764
204
374
111
0
59
263
123
106
310
419
120
86
174
63
560
308
385
228
739
57
97
203
277
527
80
216
317
78
267
93
373
683
397
375
351
504
164
57
261
442
260
121
166
47
226
122
365
289
137
292
142
1143
191
417
96
345
133
340
189
279
307
324
205
260
270
32
252
213
0
65
136
263
329
1020
136
0
122
109
43
250
691
110
238
350
671
186
132
0
579
288
0
545
308
394
190
223
182
45
457
115
451
150
196
516
1142
445
356
392
307
108
240
94
78
69
51
1020
513
671
340
286
460
426
0
468
161
352
425
536
465
178
182
289
155
175
712
244
573
807
926
271
561
407
906
51
581
110
395
558
157
205
321
617
604
128
1652
304
178
509
407
1703
381
241
122
0
308
234
363
697
505
376
151
269
326
112
93
237
0
373
376
124
129
198
152
462
58
1018
276
279
224
244
468
555
83
0
1631
632
277
485
539
460
0
1594
152
1315
579
262
130
145
232
67
1026
0
97
63
194
338
316
303
523
462
707
112
162
168
211
74
309
254
92
493
145
64
502
203
157
135
490
200
194
99
123
321
256
800
292
436
636
546
442
202
547
516
899
485
406
132
668
553
562
318
137
76
382
908
854
438
296
103
87
278
700
315
186
696
467
260
338
548
780
93
181
255
111
343
0
425
365
242
674
221
264
128
382
112
180
325
541
507
638
660
143
321
272
2085
314
140
1576
198
1318
0
634
1317
424
609
159
310
100
444
457
319
267
185
493
122
117
164
188
392
0
616
272
648
0
453
405
297
134
337
588
363
299
593
518
114
0
342
151
366
87
184
150
237
381
221
275
49
508
518
350
52
2305
487
339
2278
192
42
440
480
242
263
576
331
361
276
386
91
642
262
291
322
492
107
177
205
572
451
228
294
144
344
361
99
203
479
449
673
150
363
469
371
762
330
385
343
462
408
437
1106
369
469
141
393
330
289
548
89
442
78
967
401
117
329
300
667
236
416
101
337
568
497
474
249
236
522
614
1046
152
2867
853
581
149
481
1325
114
715
485
413
511
2833
236
527
107
537
204
829
115
281
297
242
72
441
272
0
125
455
131
173
232
418
515
85
558
333
2249
93
467
866
371
81
313
182
0
473
117
398
488
32
248
628
535
515
484
784
438
172
3506
116
225
128
357
286
209
0
1425
428
83
867
586
67
417
287
143
352
467
269
185
143
191
355
175
501
341
701
342
404
577
159
109
0
253
182
51
1072
54
461
1088
0
544
445
78
418
213
757
429
262
664
261
633
403
60
502
89
823
422
419
313
108
293
1446
368
510
337
329
565
63
150
445
266
775
154
0
148
56
99
0
114
492
801
355
1181
259
370
253
197
48
202
237
71
599
668
120
0
103
561
98
69
201
0
118
303
178
246
303
186
109
185
349
122
115
186
211
216
85
339
48
260
0
2063
211
1073
384
1331
138
843
416
180
338
232
282
145
239
77
134
564
279
629
194
162
277
189
279
620
715
502
153
303
75
436
0
100
485
182
192
424
0
218
510
599
265
240
187
178
704
384
720
291
305
491
472
334
57
366
977
1178
77
672
70
318
0
463
408
0
600
146
126
340
130
361
178
106
222
475
652
0
0
50
426
449
135
196
349
967
426
97
55
235
165
175
399
853
322
468
411
644
139
721
298
199
554
187
121
445
299
239
964
183
188
417
213
923
266
129
0
184
118
439
937
236
1349
77
471
273
484
522
596
292
840
606
527
283
1228
310
397
280
653
806
269
464
450
304
59
1321
89
516
286
390
224
299
152
204
256
117
117
134
214
200
480
0
582
94
128
611
214
159
174
410
1179
641
137
698
321
217
52
0
117
265
387
331
266
70
47
698
209
173
242
172
408
311
361
296
395
326
69
355
190
205
0
0
1876
107
444
515
108
197
281
448
393
406
169
233
197
520
411
363
3950
123
570
398
344
147
252
0
180
145
97
0
0
0
336
144
0
249
110
379
116
0
385
168
0
456
283
409
63
107
254
0
240
191
219
894
274
460
104
143
290
410
0
340
224
252
127
147
385
318
678
216
408
93
281
0
191
360
383
403
134
158
247
0
394
350
409
264
304
114
700
94
98
1092
400
424
600
75
107
476
200
236
203
64
326
1150
700
0
310
899
0
470
457
0
325
48
86
113
102
171
251
324
194
471
415
360
264
244
132
454
166
195
329
428
269
0
358
343
77
311
184
800
0
138
482
197
408
589
205
53
1787
743
436
177
117
212
268
285
340
1284
162
105
507
203
79
1058
343
60
2502
724
321
291
134
71
506
408
504
297
588
471
177
135
250
65
190
108
2496
330
392
374
132
314
0
221
0
442
87
278
280
115
557
186
145
521
469
546
231
438
316
256
226
119
184
220
414
429
291
289
0
324
366
659
256
224
276
145
191
219
536
282
378
74
130
510
324
230
929
673
285
125
526
775
209
308
853
1023
75
945
478
55
65
280
253
271
475
0
369
393
329
503
307
81
436
236
1255
132
66
485
161
249
235
139
409
360
0
74
234
208
101
285
82
301
293
135
545
486
313
387
550
69
529
364
216
0
120
720
85
207
188
438
201
401
237
392
109
250
0
92
261
0
190
112
262
290
143
353
390
214
487
463
212
276
204
482
434
520
382
280
193
352
440
124
614
398
750
418
1198
680
528
241
838
510
708
747
263
0
434
699
403
399
251
585
42
204
1278
259
775
445
3997
480
195
749
286
268
251
143
578
143
727
175
990
461
158
100
173
237
350
135
527
0
192
450
2960
0
335
396
272
355
1050
76
794
156
323
147
742
53
548
757
437
153
1047
1739
89
509
462
57
0
255
419
96
173
132
87
538
939
90
393
1083
252
161
129
215
193
484
375
581
1409
796
361
67
517
71
273
652
809
588
621
88
592
280
189
546
442
479
131
516
338
539
309
322
550
324
326
396
717
4375
655
280
606
424
336
316
201
264
234
444
156
643
215
325
188
516
538
0
308
564
85
189
81
724
0
469
842
123
452
224
308
311
603
474
1546
157
218
130
139
1614
303
232
733
449
2392
161
457
138
11247
0
694
360
217
85
0
285
676
433
247
1093
489
312
257
131
159
547
192
213
0
637
123
705
403
1369
132
144
255
281
111
0
597
154
540
159
657
678
0
318
199
165
267
251
80
224
624
99
333
103
273
260
104
349
552
308
582
175
0
87
345
619
116
53
247
275
850
194
103
446
0
113
0
549
462
418
167
323
0
313
276
306
219
0
189
2284
89
914
209
390
1420
164
1832
708
285
322
671
2242
161
552
114
1018
538
0
62
411
87
0
0
0
0
0
0
0
474
0
126
430
141
882
223
154
246
1767
314
0
1090
340
274
263
668
192
229
576
142
718
244
585
78
0
246
270
84
411
0
120
123
94
251
495
74
305
326
228
144
113
403
453
0
540
108
323
1258
343
147
0
255
343
0
788
707
152
522
660
441
532
161
492
653
369
213
355
0
620
505
428
337
281
0
1398
0
0
169
443
457
578
609
427
1343
653
642
120
1813
0
436
891
341
284
79
348
924
292
394
1658
469
766
315
78
392
825
439
587
308
544
175
401
1004
529
576
0
1028
688
139
893
553
0
131
0
547
971
440
375
273
665
110
167
638
1432
110
0
457
222
133
218
240
184
442
412
519
327
60
96
299
566
115
59
286
326
54
400
534
415
94
382
852
98
509
255
460
202
517
841
0
195
537
266
84
285
0
120
357
596
159
289
90
91
398
432
529
81
301
710
0
83
180
499
141
914
762
366
0
581
496
420
108
251
96
153
192
229
102
216
340
74
423
119
469
603
239
179
137
1113
569
151
415
562
78
707
94
490
174
554
307
95
117
0
663
633
116
0
277
380
431
379
480
231
254
482
393
660
0
0
0
277
324
480
415
96
465
81
148
402
588
85
384
153
568
108
376
0
235
801
211
485
308
162
326
244
281
370
202
130
383
171
132
0
295
315
2785
103
459
72
0
248
451
0
447
563
558
496
244
91
435
622
504
573
299
195
0
166
0
0
130
2511
0
327
564
510
95
255
675
551
224
1019
286
621
122
0
218
258
82
464
305
197
175
296
103
264
629
0
129
245
552
613
85
503
0
706
117
749
0
358
537
382
345
402
206
104
134
233
383
99
437
280
3658
0
863
420
0
198
0
119
82
469
1452
199
282
435
187
234
127
86
207
264
358
663
103
81
248
464
0
0
483
4737
456
0
320
72
462
140
0
627
1881
620
526
137
0
743
491
436
902
367
627
510
602
307
1074
192
444
1854
0
707
223
467
575
799
318
153
412
141
445
468
539
370
136
147
237
180
498
332
64
255
401
132
530
116
571
61
229
1585
637
503
350
596
577
163
212
326
188
501
231
165
225
153
177
0
145
0
246
576
445
122
314
77
343
390
0
354
227
0
562
36
196
0
650
180
0
145
153
439
407
112
336
546
227
202
0
307
220
441
241
429
384
957
115
563
69
397
350
429
278
144
221
1447
495
474
476
632
794
1816
0
296
297
339
212
329
322
641
1654
769
101
915
3884
178
449
88
412
144
355
320
374
0
477
451
697
133
1423
146
141
850
0
366
685
1804
1067
359
126
817
363
626
577
456
0
127
371
211
602
172
3514
110
780
242
416
644
651
880
97
60
558
132
497
487
502
688
679
104
926
546
418
500
712
0
183
209
567
193
1068
724
0
400
82
265
113
201
623
218
1067
396
323
311
1233
203
96
130
409
0
2024
534
353
1101
757
669
145
661
182
175
581
145
1133
633
309
353
289
455
514
861
160
203
506
355
354
390
509
556
607
0
681
85
750
525
327
174
509
535
617
0
0
417
651
524
857
614
390
1764
108
111
781
563
481
0
130
747
195
237
63
390
1033
124
0
0
57
349
76
631
153
900
680
73
2598
1321
548
474
302
408
2242
242
60
85
121
334
1206
201
96
111
0
254
260
657
106
146
150
451
233
410
418
0
581
496
0
2151
622
184
347
161
0
1265
648
507
447
62
64
4175
176
416
500
81
340
0
442
486
340
384
0
213
0
131
0
446
0
140
884
145
0
57
0
0
177
1377
0
1070
633
261
105
748
362
117
374
0
2993
0
159
1651
497
75
711
231
131
1468
263
559
365
105
647
871
0
221
146
278
414
0
0
85
502
279
0
980
93
499
0
388
68
215
246
437
142
649
177
1310
367
135
520
929
178
1075
336
202
355
591
99
723
736
309
125
118
6718
313
151
527
125
203
734
0
1261
235
92
0
249
749
82
284
0
132
590
205
372
325
456
610
190
485
838
129
401
305
82
474
486
0
83
0
89
100
176
85
352
485
0
91
104
127
262
0
273
285
554
0
218
228
766
0
68
0
150
71
0
67
474
111
175
233
0
352
249
0
162
312
289
550
263
177
177
576
569
1120
191
102
332
642
190
0
364
109
563
131
406
380
705
78
57
559
3864
0
0
511
518
968
393
104
609
116
0
350
668
359
105
179
99
98
728
330
771
427
790
444
420
332
457
556
361
608
369
127
572
481
333
136
0
1311
514
0
531
143
256
227
653
621
279
544
90
533
0
604
534
779
578
1270
1511
519
175
158
746
47
154
469
401
176
109
111
335
209
64
259
692
699
87
432
142
692
678
1008
45
141
0
556
177
660
113
472
0
0
166
495
0
353
0
286
61
339
225
398
0
288
529
1612
130
588
571
263
146
573
132
628
426
181
0
239
160
93
287
521
448
87
0
418
558
1522
693
567
631
162
135
614
739
566
3216
1203
629
642
374
354
0
1296
0
1618
539
554
566
711
555
707
246
2385
573
586
136
0
1395
1751
147
451
782
689
0
251
803
735
0
229
90
666
528
1134
666
462
0
595
586
209
501
121
0
250
355
105
182
543
387
625
578
314
603
611
157
379
114
0
611
487
200
1165
386
302
0
488
104
47
147
261
134
243
86
40
311
701
262
427
685
552
1054
0
312
532
275
56
179
0
0
136
0
0
402
580
155
1439
777
102
146
239
875
122
221
188
251
352
157
210
1556
146
402
344
422
68
321
607
0
185
193
385
1504
519
290
90
693
469
60
0
230
884
0
372
204
442
765
91
0
206
119
493
200
572
112
939
541
341
635
745
544
61
930
433
531
444
236
752
175
550
2315
1249
329
300
726
180
692
613
390
243
0
63
131
109
1170
366
200
158
110
500
643
564
92
273
0
85
114
287
983
476
129
241
386
703
0
588
252
175
377
568
553
540
295
487
734
175
894
704
103
535
168
459
584
263
563
463
143
618
0
632
286
929
131
128
0
256
353
477
806
943
430
338
347
1011
88
657
476
285
0
0
152
213
0
1189
289
0
238
163
374
0
389
0
151
62
667
275
0
169
636
421
348
0
188
606
324
353
187
415
2497
341
96
191
595
8869
432
312
162
1411
347
334
497
280
149
614
63
349
346
1189
434
674
441
620
274
246
217
211
621
297
519
871
518
737
0
402
3013
243
781
0
762
651
1371
712
873
843
623
0
240
78
42
240
312
61
342
73
405
776
538
0
191
695
367
0
500
276
457
235
1124
785
506
762
599
769
397
132
271
560
60
565
464
561
729
128
60
408
1189
233
271
105
373
403
784
92
531
751
181
1243
882
1368
1568
649
402
58
690
572
573
769
147
959
521
0
529
584
697
549
205
108
655
129
3496
0
0
561
227
468
458
0
735
460
359
323
0
455
557
1163
213
668
1012
663
275
82
466
1049
1235
154
554
516
740
780
0
0
942
1451
507
827
770
778
702
781
708
88
519
472
826
756
579
0
0
323
1133
1198
610
258
654
0
614
413
1440
1016
1540
432
100
484
387
2633
417
411
617
316
384
367
85
389
817
86
322
116
589
313
60
448
372
974
916
5100
263
802
167
353
354
1325
468
558
710
661
289
1030
920
267
365
121
744
707
1671
633
892
765
0
563
96
273
602
608
0
500
118
377
0
138
458
366
600
194
1215
958
606
560
387
443
1246
491
124
603
160
82
129
76
910
561
482
1067
704
139
3714
844
784
528
645
724
293
3466
589
658
547
273
2994
628
0
0
0
624
267
180
145
556
1023
120
768
425
1018
587
129
1724
1007
1320
1559
584
480
1333
761
1072
626
1633
1080
617
0
852
783
882
1821
297
296
113
1281
2888
919
944
549
572
1921
1929
0
687
2089
1389
1238
836
910
254
488
207
1259
882
570
601
1013
1402
1416
272
1510
225
491
826
602
543
928
1072
547
545
790
168
186
430
888
1287
532
0
720
1330
0
1684
211
734
867
340
1002
1361
381
1969
13995
563
558
1132
923
788
178
446
1718
400
651
1132
1701
1482
1220
424
573
69
377
529
652
173
438
3122
81
840
98
0
635
991
1111
1719
1235
568
1444
740
165
150
991
971
492
1124
895
754
776
0
102
697
1381
940
206
947
277
223
780
1208
1368
628
