3
27
1
5
7
12
5
12
17
0
25
0
25
44
64
15
50
18
50
20
8
24
35
20
6
50
33
38
46
17
58
19
87
0
32
43
0
52
55
56
88
29
32
8
12
128
47
55
0
17
0
0
0
0
63
0
19
78
132
132
97
66
154
195
114
55
15
61
60
35
224
73
136
10
18
156
222
26
10
340
83
16
0
220
318
153
336
259
82
158
59
39
33
140
35
98
69
57
55
108
92
201
141
121
235
251
0
0
395
61
76
270
151
107
86
130
60
331
97
56
204
79
0
161
140
121
195
182
0
119
129
118
0
74
45
207
98
144
143
297
337
365
138
181
232
180
291
134
239
461
108
104
294
28
31
845
359
259
535
183
117
324
51
156
35
357
46
173
296
247
169
199
356
277
174
102
208
196
178
291
31
32
21
263
39
257
1130
63
98
128
324
78
665
54
0
32
196
1288
371
226
436
1163
417
50
34
879
120
406
0
129
108
418
33
395
490
103
335
0
355
207
310
282
99
31
150
410
491
304
35
289
0
96
766
188
194
212
270
96
362
169
328
139
429
285
83
320
389
99
203
48
155
331
362
459
62
198
75
505
261
359
81
264
433
28
680
602
307
283
102
255
400
145
202
339
143
163
126
1134
1492
603
245
33
409
27
1227
389
243
43
445
395
226
204
217
37
260
295
348
402
195
407
357
239
92
195
239
451
54
181
71
222
169
643
151
758
329
310
650
579
1163
241
298
226
758
1530
1908
173
374
658
844
232
703
440
249
419
285
0
568
158
0
230
181
569
289
109
548
237
377
0
396
310
201
209
313
278
98
503
246
145
138
608
276
232
281
530
594
303
146
814
291
98
491
362
119
204
111
482
338
444
457
349
1834
641
384
0
573
105
113
659
437
333
221
643
0
285
163
271
129
84
59
476
524
690
251
290
351
265
550
334
491
351
277
278
252
225
141
721
73
322
551
64
509
366
548
386
100
319
260
493
598
76
428
329
235
375
289
319
0
0
317
637
0
167
447
109
0
397
234
271
332
196
400
260
346
126
848
584
540
153
1117
367
258
433
301
512
277
289
81
264
0
277
903
332
387
515
56
429
220
215
403
249
86
356
440
69
390
507
383
344
134
479
273
929
338
164
0
203
398
209
388
177
773
540
213
377
120
312
274
362
66
298
102
312
412
440
303
448
159
470
687
435
970
62
438
488
146
134
586
3629
982
222
262
314
212
153
352
229
95
371
417
243
167
118
1231
426
214
363
172
377
239
0
89
214
427
442
252
115
423
381
83
1629
793
592
179
372
0
0
139
0
190
284
0
45
267
325
211
185
1714
116
606
421
375
96
663
104
68
177
155
107
365
143
178
483
509
299
588
256
295
266
272
326
173
698
186
415
200
133
937
286
340
264
265
394
203
298
188
467
45
164
68
492
238
197
243
115
312
378
400
647
247
319
197
87
74
402
189
0
257
236
352
101
62
435
84
154
302
0
813
446
107
0
257
164
1419
342
726
393
368
525
332
848
237
95
0
134
234
354
408
0
606
148
127
724
506
63
286
942
978
75
349
88
677
754
322
93
298
644
427
2121
241
410
238
166
235
891
267
0
125
224
177
218
0
919
293
652
0
90
356
190
465
652
1239
164
739
0
1022
1063
253
417
377
696
0
741
0
464
342
91
354
679
288
252
223
417
352
114
510
69
150
368
0
279
282
261
489
188
216
314
1024
453
722
303
1150
233
268
248
374
149
90
500
757
389
324
428
449
286
193
176
629
853
611
402
230
1071
545
506
619
0
0
117
308
433
286
127
646
1336
1002
782
476
455
537
482
344
561
145
395
322
339
725
496
298
140
131
298
2001
555
6057
548
47
307
261
61
208
780
600
298
137
332
412
119
374
0
56
190
256
197
137
102
454
414
501
188
154
346
517
27
536
247
551
423
190
262
539
401
426
45
47
189
351
283
54
38
154
0
569
327
1062
620
69
174
276
371
64
418
681
5599
0
1221
183
816
562
993
62
436
246
607
771
807
284
0
48
350
612
59
273
352
328
661
476
255
475
108
229
485
146
200
464
81
241
368
691
269
120
99
508
422
387
48
92
329
219
421
1664
1432
251
109
259
499
359
406
108
243
103
677
610
510
528
598
319
299
1298
624
339
104
349
269
307
76
880
70
980
353
538
0
494
159
5369
1499
241
699
155
261
355
892
415
542
302
303
516
929
195
361
467
3459
3039
289
777
269
194
204
440
371
152
577
429
637
434
930
528
347
440
229
386
229
237
303
527
408
390
417
611
137
479
197
815
320
163
685
596
261
587
62
679
482
147
851
241
959
90
445
269
452
625
1137
0
363
252
305
246
211
810
147
345
0
450
47
311
285
544
1547
214
275
784
252
1028
115
0
404
2332
242
890
657
653
180
551
724
272
145
280
350
1304
266
870
917
220
1187
127
329
739
0
0
232
281
3015
2306
424
235
291
41
544
110
318
1301
85
171
183
216
223
394
2168
346
746
406
91
535
431
2660
557
131
346
206
384
558
212
1088
0
455
885
208
1709
251
136
244
762
803
572
422
685
176
253
403
827
673
102
680
333
539
1428
590
403
1125
2440
746
402
421
962
1827
1033
402
870
258
700
441
379
145
586
0
105
181
217
431
162
559
90
638
866
423
104
408
0
0
223
87
320
272
417
242
446
343
526
332
1245
550
324
103
674
199
825
468
600
363
988
668
204
0
292
458
188
255
353
365
726
442
197
613
627
78
287
527
252
402
0
755
428
309
1708
483
487
78
70
472
310
435
605
456
142
246
161
69
367
593
360
451
87
634
108
256
774
614
515
189
74
1685
328
324
210
566
224
65
0
747
836
77
188
191
961
354
584
978
782
252
934
476
560
453
0
0
750
358
196
351
134
218
239
389
289
680
148
170
889
71
576
548
60
113
91
87
346
221
273
396
356
703
50
1220
0
75
103
0
564
532
0
0
169
194
235
919
304
450
386
2826
296
158
280
279
185
460
226
0
567
522
306
163
585
309
220
480
526
364
493
1791
697
334
582
302
130
250
365
140
241
770
344
202
0
4366
117
583
57
1682
219
791
442
176
615
352
224
784
137
187
337
468
271
482
192
1493
435
2639
309
417
223
143
161
624
186
298
392
346
0
263
448
161
361
1084
144
266
1133
142
805
568
310
563
511
76
203
738
437
805
440
557
162
152
278
45
136
97
306
131
180
0
120
1814
105
358
292
0
76
127
314
241
68
234
548
476
0
181
355
585
0
665
1114
205
89
81
61
414
0
172
115
161
416
180
0
101
195
0
437
515
0
71
0
138
0
323
5907
261
318
230
286
0
450
289
875
236
747
449
121
0
281
308
0
116
1017
562
746
818
1818
145
213
408
313
552
66
0
786
0
236
140
527
280
163
268
443
294
1422
213
258
0
938
1122
0
0
487
103
1574
0
278
462
501
296
51
167
410
0
589
426
0
220
330
0
210
124
95
1179
481
1384
0
1175
165
1455
1310
229
1368
366
556
692
225
180
183
0
1000
1171
432
488
0
0
234
58
3076
119
561
124
630
425
0
239
73
113
117
0
107
392
2204
877
604
178
491
221
245
0
0
490
630
310
460
374
411
224
82
316
708
112
941
0
77
100
313
323
943
1076
83
0
118
73
507
206
119
1724
1180
749
0
362
143
553
1160
773
463
146
0
189
775
76
32
399
3110
1237
661
82
38
151
206
1054
277
1049
434
0
531
0
487
173
0
0
182
1317
1134
263
77
202
0
75
0
180
169
451
246
239
138
99
127
341
359
1000
0
561
53
35
336
131
478
53
0
0
194
442
82
506
55
560
605
87
688
222
55
651
509
339
218
381
143
131
206
385
166
227
318
0
0
223
626
75
53
266
0
214
134
450
422
264
736
84
26
574
373
0
77
0
200
363
951
88
58
0
49
43
367
350
110
1454
273
323
225
165
408
841
332
278
1860
320
521
198
215
278
53
394
190
948
280
216
738
525
542
390
302
363
160
253
73
179
205
159
1205
423
641
390
354
287
0
111
625
239
87
61
421
120
262
167
432
238
217
690
375
1201
700
416
175
766
458
613
152
1194
210
559
0
256
333
815
989
1060
130
529
410
243
427
535
1492
0
492
866
0
1723
480
4208
718
598
522
132
338
318
155
293
352
163
459
217
336
178
357
268
600
115
2477
430
334
322
258
590
633
134
0
306
1363
498
562
667
550
0
833
188
1179
1682
316
129
159
291
0
847
0
124
182
338
511
885
245
838
425
556
0
208
803
162
52
231
345
66
4249
0
89
203
221
811
152
659
0
246
337
111
0
1435
901
1646
497
748
693
544
155
1125
362
1194
968
1017
154
708
762
532
58
158
122
515
1154
471
610
424
56
0
249
1149
2431
133
1011
564
284
343
1037
734
131
268
438
181
284
0
488
379
248
848
1826
309
167
405
96
247
349
675
918
366
504
181
405
3876
3178
299
162
2599
453
3377
309
553
1155
470
538
248
650
698
969
532
634
377
217
1524
156
138
483
527
321
0
652
472
589
0
838
632
334
128
435
579
693
386
997
531
1760
0
483
119
133
103
219
141
373
3318
273
174
42
1984
504
585
0
5418
607
407
1007
239
0
619
625
314
1231
611
329
521
352
884
567
195
573
394
467
526
135
215
365
898
730
733
226
0
407
517
120
676
565
479
874
121
815
678
643
911
358
530
417
826
521
634
968
491
447
155
575
367
314
596
930
3195
185
775
1936
8696
459
410
771
547
593
169
400
1116
973
521
310
241
747
596
524
174
891
643
1525
239
859
2212
0
858
625
486
660
1502
484
1088
206
557
243
1420
102
374
295
307
0
491
390
40
181
604
161
217
254
521
1355
80
545
473
693
97
320
905
535
82
427
117
0
542
112
1281
731
68
287
656
0
538
1743
497
562
158
482
74
296
134
894
312
304
0
568
402
109
4724
794
103
514
316
148
464
784
442
262
190
270
749
268
653
542
726
659
497
843
152
136
0
703
170
132
434
97
763
810
0
738
578
0
548
816
675
624
359
6612
378
473
477
0
1170
119
580
2048
340
188
103
319
667
953
707
467
453
1217
224
190
540
542
455
196
0
629
125
192
0
340
638
1235
503
533
417
314
352
186
192
265
366
106
554
324
678
117
263
344
745
265
521
76
370
957
239
736
370
193
139
339
1183
597
136
372
345
502
139
505
268
326
0
163
282
1138
287
711
197
794
187
111
336
308
359
125
422
185
151
566
330
729
315
187
327
226
271
783
332
391
401
727
134
635
55
227
584
215
609
790
85
476
491
932
324
1266
254
221
807
394
721
380
431
801
609
1119
128
392
335
1226
247
908
190
612
80
985
405
0
1063
398
120
422
185
722
0
207
347
558
550
88
146
207
676
527
133
357
358
424
386
148
489
1586
403
227
940
561
682
378
640
790
297
581
360
196
687
194
112
617
982
381
1026
326
669
822
293
712
1251
483
204
311
545
566
549
841
155
91
845
273
887
772
836
393
735
444
574
830
707
417
809
203
1309
1145
310
419
1876
505
118
381
269
751
447
349
234
425
1143
207
305
75
263
789
153
194
390
0
614
137
238
725
548
289
202
751
4053
861
693
970
367
375
153
0
916
1908
875
0
514
723
397
709
221
407
400
279
466
406
459
414
547
252
93
722
255
319
0
0
6709
129
1186
561
218
832
4878
607
352
390
882
371
257
611
1134
417
736
174
669
661
590
167
391
182
306
587
431
660
0
240
466
84
36
592
253
275
649
0
284
213
125
843
1997
562
109
141
385
0
241
239
980
433
277
509
98
491
668
333
0
703
1383
564
142
43
855
131
1470
513
410
64
394
264
853
1725
413
475
339
274
273
0
348
1185
1154
204
653
327
825
206
191
616
469
976
626
84
202
599
382
272
287
73
185
1012
947
67
205
104
0
510
1072
0
679
111
253
117
82
649
298
195
250
530
518
707
416
468
459
970
323
180
394
578
270
0
337
795
358
286
246
376
0
337
794
560
564
416
296
546
476
1085
740
186
207
274
314
694
412
2337
189
301
780
445
0
752
495
360
557
2298
1351
111
693
0
534
472
569
469
1075
378
1169
164
439
0
91
44
2016
401
2582
582
149
779
121
269
0
487
168
377
614
197
836
479
245
634
532
647
357
498
458
301
375
110
277
282
626
415
379
473
0
467
618
769
339
413
465
360
369
140
666
398
487
129
257
412
462
281
1827
960
647
156
545
3743
169
553
492
323
187
829
465
301
172
269
778
319
1022
0
1155
799
360
665
323
134
532
414
710
133
0
1068
120
194
200
123
453
761
116
172
232
349
375
390
0
1308
936
366
171
679
305
665
145
411
834
487
402
0
0
343
67
341
299
823
251
736
313
412
149
346
0
124
380
0
228
96
849
277
473
394
641
262
671
222
438
252
638
819
407
244
474
866
465
718
635
181
685
615
459
534
1150
791
432
449
506
806
713
521
264
0
534
463
765
482
252
703
542
256
1652
247
1536
1099
493
713
202
873
1001
409
263
192
832
245
526
249
2109
621
110
140
274
357
1256
369
581
0
125
503
4020
0
678
456
2084
463
600
90
411
215
428
146
1056
106
604
986
633
159
755
1203
416
591
633
116
0
384
556
157
174
367
122
825
559
256
485
819
185
148
193
303
266
601
908
785
870
526
360
93
1195
96
635
859
551
804
1820
154
1377
411
449
662
528
511
0
665
261
2999
431
602
352
675
138
568
930
563
1286
712
1321
490
357
288
349
246
362
1013
767
463
276
422
260
1658
588
72
564
521
124
139
165
441
129
789
1535
153
833
419
307
495
674
1627
268
676
251
156
181
2287
454
721
934
502
6492
220
503
134
3268
0
960
631
284
94
0
374
618
494
387
3303
762
379
296
141
239
426
280
347
57
524
95
1050
512
336
650
223
339
1982
75
54
657
372
625
476
2113
684
0
413
290
143
272
347
128
370
1003
172
568
153
440
269
265
270
753
388
1395
187
49
79
1588
682
163
109
292
348
264
395
161
390
170
185
0
644
828
603
200
964
0
390
303
508
470
0
249
463
133
1970
309
606
311
310
559
612
393
270
1101
202
301
876
205
810
697
71
273
104
0
0
0
0
0
0
1221
71
0
272
212
509
106
1295
256
186
336
2876
1129
0
4627
910
294
467
578
176
111
463
214
826
311
937
463
0
358
345
107
394
80
163
173
198
307
784
117
401
441
316
333
115
1157
506
67
662
164
372
560
840
180
0
351
437
72
806
937
158
719
919
628
627
608
537
607
1062
437
598
109
505
978
740
547
453
0
793
0
0
247
642
612
611
724
658
871
679
707
130
705
335
633
838
2982
953
134
825
1101
326
685
861
712
794
375
389
801
1813
949
1266
396
759
291
809
450
1227
740
0
3561
823
442
380
889
0
201
0
672
1167
648
396
390
623
226
209
892
1074
591
78
1483
378
158
305
254
299
346
599
631
458
0
153
460
1823
149
121
944
202
170
550
511
159
543
303
249
88
398
313
443
202
834
466
0
222
751
472
502
1820
0
189
688
628
102
345
142
127
462
416
594
106
166
313
0
117
179
590
331
527
918
368
0
899
1071
4148
70
379
132
181
247
344
94
250
354
123
68
152
502
1332
360
267
831
367
952
212
438
746
177
885
140
427
192
885
552
127
129
135
674
757
203
0
392
489
588
376
576
331
344
597
398
346
0
0
0
304
235
758
593
134
985
1632
230
1028
1024
85
2052
239
464
124
369
0
401
848
239
402
424
260
365
292
386
469
279
179
269
155
213
0
373
292
370
113
548
91
0
306
0
0
331
0
0
771
233
87
410
716
663
410
423
251
0
99
0
0
203
1379
0
879
373
288
0
379
2233
883
234
523
565
3991
138
0
259
105
238
458
66
339
242
414
162
361
687
80
148
293
434
1563
156
660
0
1178
120
939
49
882
422
3197
0
426
217
122
157
269
504
147
420
569
0
0
1053
498
0
312
193
311
113
557
692
285
327
631
163
452
174
116
924
332
455
702
214
94
345
941
62
97
536
212
538
91
402
145
712
372
81
1020
2544
696
778
180
0
1144
486
536
1043
402
709
1805
577
590
1012
232
811
4934
0
823
279
567
1077
706
625
179
452
130
4905
655
637
456
108
86
220
244
742
263
772
330
231
40
824
137
672
77
357
2800
757
204
475
819
693
266
210
497
95
581
284
161
232
310
193
0
432
0
337
859
542
120
426
69
488
347
72
207
238
0
1020
178
67
0
743
387
0
429
168
942
184
150
517
662
242
312
40
317
234
859
285
1649
330
569
117
978
157
528
404
801
295
254
599
1348
545
603
628
1197
901
1489
0
1832
276
736
176
177
478
3321
743
687
99
1258
3431
151
746
148
462
167
570
648
667
0
574
478
912
79
884
185
803
990
115
936
766
1634
578
481
433
971
376
830
725
575
0
227
860
632
742
301
312
108
204
326
494
653
983
1293
203
148
211
524
603
976
640
866
757
139
1746
510
1497
854
1003
0
305
336
884
241
930
3380
188
932
6765
315
125
269
719
251
656
520
405
1001
1538
336
70
175
846
0
1444
762
1232
1061
969
1046
157
759
272
241
874
140
960
940
364
440
912
641
868
1814
151
209
917
430
390
402
803
709
1017
0
788
64
918
669
455
213
1005
836
1110
0
0
521
788
1083
1123
794
408
2986
109
124
603
761
594
0
189
846
239
0
272
3182
1453
275
0
0
149
434
135
775
198
1147
804
332
1599
697
694
656
324
666
6083
201
139
137
470
421
6249
273
166
95
0
310
70
1349
116
182
120
619
539
539
777
0
692
1907
0
4501
675
210
506
220
0
855
977
727
988
153
110
1191
48
127
581
123
443
0
449
567
402
480
0
7748
0
0
162
689
0
246
0
181
0
138
47
0
323
1092
0
965
309
0
190
1019
662
147
672
76
727
0
209
198
478
107
250
242
153
1533
426
2901
438
270
1413
1207
0
0
80
357
1455
0
105
44
692
786
0
921
169
1457
0
619
126
0
265
176
442
385
81
899
342
162
964
782
200
319
656
124
733
255
126
350
873
913
170
187
863
1313
215
1282
196
200
1054
0
92
106
0
0
334
469
157
357
0
170
404
350
834
1089
1212
828
303
1084
1211
234
868
374
108
0
615
0
220
0
430
67
841
134
453
527
0
129
428
372
830
0
404
209
425
99
265
207
501
0
185
0
393
165
0
127
433
139
1458
193
0
412
273
0
151
607
856
1126
333
315
270
737
370
301
738
107
348
1418
82
0
454
224
1918
500
700
477
249
617
177
910
1256
491
0
1940
764
1033
421
235
625
144
146
682
911
931
186
182
182
198
6186
659
939
460
848
1095
522
377
718
348
187
745
765
191
244
831
498
76
482
1168
905
0
2277
831
327
287
865
728
722
914
184
245
90
1282
276
1095
989
451
377
438
178
170
1514
93
235
592
453
232
121
139
402
257
154
338
411
1678
105
619
209
1134
1903
2358
106
201
114
658
285
803
152
602
0
0
171
1052
0
543
0
1495
80
377
293
269
102
2849
1427
776
434
692
662
275
132
1499
222
294
1107
244
0
630
81
69
1071
210
1417
207
0
688
632
1040
965
652
851
275
820
815
917
659
6598
719
599
809
870
1140
0
1628
0
970
728
868
802
773
646
903
414
3110
719
478
169
0
1527
978
740
4290
875
836
0
405
880
744
0
505
112
647
484
981
766
0
0
721
96
266
676
148
0
0
458
160
253
2269
1501
930
276
598
675
400
129
326
192
515
740
677
251
570
1936
399
0
555
578
68
232
1248
226
1049
372
42
354
2065
328
429
847
761
2469
0
410
1550
306
247
153
0
0
122
0
55
562
996
221
2492
862
188
297
202
297
122
327
209
1593
523
175
176
1763
217
435
528
428
253
440
746
0
230
257
602
421
149
447
116
691
631
89
0
228
841
0
276
196
971
594
581
0
610
332
595
592
742
68
988
705
192
517
967
897
253
2035
1699
1254
534
384
858
201
432
3339
632
633
340
7237
258
760
731
817
237
82
165
145
105
956
790
232
206
80
827
1029
893
235
1941
850
140
942
542
1294
646
396
355
452
496
0
726
463
160
547
691
463
339
225
483
2412
420
1873
2205
140
1209
216
572
747
298
906
581
1284
614
0
645
288
531
107
117
178
453
1322
337
1011
486
548
389
407
916
112
5087
938
421
172
0
192
192
0
3670
324
0
210
560
453
0
520
0
204
410
553
320
181
377
781
559
864
0
572
779
697
915
714
610
1128
435
350
204
771
2093
479
442
382
956
449
678
930
773
1297
890
139
3037
621
2354
479
2176
792
929
249
512
246
512
1194
553
1108
1048
895
810
0
419
2043
384
1458
77
926
1601
1378
352
1394
749
896
0
575
99
97
332
728
2213
685
180
1018
945
899
74
229
266
853
163
703
1212
839
609
895
1485
1096
870
770
721
872
314
907
557
91
748
475
660
605
186
122
556
784
237
936
206
770
811
2522
88
1022
911
993
717
8700
1148
1863
1238
479
83
1140
702
698
638
203
3057
1630
0
691
882
830
719
334
274
744
266
1071
0
0
941
532
455
804
0
936
559
1436
542
0
605
672
545
284
743
374
903
590
155
1376
1305
1221
184
474
702
548
738
0
102
1367
750
812
1060
865
1050
963
1098
848
80
572
743
994
879
774
0
80
397
976
1886
762
315
845
0
851
421
1251
789
2738
503
131
475
618
1809
552
4410
715
156
493
425
186
379
583
135
413
188
757
639
114
387
1605
851
1020
1478
283
803
1078
403
519
813
427
507
1402
898
321
1328
987
921
446
123
983
859
1011
872
1069
1014
0
877
203
514
715
1030
0
831
200
501
81
175
604
813
828
193
1318
550
651
761
677
869
1929
823
102
669
183
81
197
105
656
165
433
3570
1081
231
7414
620
871
642
762
458
179
1810
1476
715
671
272
746
775
0
0
73
1494
276
178
504
659
1228
155
821
610
799
1646
143
1986
1458
1216
1744
604
560
1669
1214
3071
785
3581
1212
736
0
2663
920
1017
751
1067
1396
182
1543
398
1385
1307
954
907
395
2144
0
1093
3027
1445
1595
1188
1045
849
870
308
2955
1008
2050
2114
1344
5636
1034
649
1537
504
920
1447
490
722
1201
2929
684
1911
1046
337
209
446
1304
1385
4132
178
1216
1818
0
976
273
1087
1065
809
1118
2141
582
1495
1628
1070
650
1479
1418
984
266
1024
1499
353
4744
1089
1885
2103
1853
1343
927
188
526
576
875
237
914
1506
145
968
165
0
690
2361
1377
1218
1073
1090
1714
778
148
230
1343
753
538
1359
1369
823
936
556
202
1558
2442
1087
149
1741
202
298
714
2121
1730
1249
