372331
72786
394357
50622
69022
351350
171610
171306
231371
630651
617904
21513
167530
936963
269492
162201
450272
456487
392638
110722
0
22250
0
86052
0
176850
0
0
309818
23126
165920
104554
865145
265383
36818
0
356559
255416
319716
504249
616072
193131
146822
767945
486953
277873
541006
475686
1.19165e+06
133032
269363
682892
0
1.16535e+06
74300
0
0
108956
175839
120442
20405
0
556071
21211
738945
0
45281
353108
77149
0
0
0
0
27943
0
0
0
0
0
0
28544
0
0
130677
74579
0
0
97421
748931
231250
751334
0
366991
140562
114626
89307
263846
146328
129031
777169
97005
449692
159134
404870
126768
416631
45330
229074
844402
133117
619913
2.34231e+06
207599
392606
310367
583763
119743
537497
410731
360512
98166
169276
127492
458836
406381
1.42489e+06
1.18404e+06
126980
0
238471
666547
14145
0
41712
0
0
49465
261606
1.18667e+06
809845
541532
736281
149720
327013
76067
572543
449525
247435
229063
172121
0
79407
46721
167148
140413
37088
698550
397340
52283
0
470614
151945
52152
358797
0
46283
612396
408948
384614
409610
21594
219306
1.42052e+06
177605
79189
205327
405573
105031
48235
0
0
230073
84022
0
0
0
22328
0
19316
0
0
19098
0
0
0
0
20135
98612
12159
0
37192
78715
0
64527
0
129300
36609
9735
0
51706
72515
433546
0
713158
498423
473864
44714
0
62853
296958
205099
36328
164084
0
221363
0
476158
0
0
136766
0
147936
524716
171456
131982
92261
11361
0
165416
0
0
82198
12644
622221
79816
52605
245179
52095
156981
0
51217
208182
0
0
330319
119025
225976
348352
130596
250940
227450
883243
88781
60278
759772
219916
324980
408981
106445
239708
370971
195191
357041
60395
0
10113
0
0
0
0
0
0
0
0
0
67936
120950
0
68336
0
0
310007
124114
0
915719
244005
152604
269800
910901
0
0
21076
0
248912
0
64752
0
88253
23864
10871
77116
460720
148275
41504
186560
205900
621492
142344
223983
188048
72369
213618
66733
0
0
17385
68666
0
187527
0
204238
193161
60821
45459
0
0
0
786037
890366
163087
575465
231841
232155
13848
138819
193241
0
905865
149595
50486
670244
65934
0
0
69402
388430
253491
0
162553
664673
0
0
386913
47420
273466
351340
102222
0
0
84136
579372
284079
831196
0
112123
882834
292038
407331
725934
513501
185574
214562
193168
176501
0
0
57931
1.80705e+06
332811
493407
41648
48156
0
98717
1.9286e+06
176064
185458
20180
0
52566
482550
261296
41506
9737
0
169112
119965
130078
160947
502035
243399
109640
80348
77015
47171
508649
41545
201285
194963
49918
82406
149337
169136
372788
351417
136967
132518
254772
145594
156095
794483
103804
238765
159088
108671
193169
487635
675057
119111
1.40944e+06
2.09144e+06
24977
138518
238386
0
286265
234444
154197
65073
13558
0
339549
402834
198312
324594
312995
61663
146556
242508
22666
161568
0
80200
50749
187333
99173
98012
130185
31279
21335
400016
208080
360514
578253
68763
124894
332192
51515
1.37239e+06
444611
0
264471
187418
0
233537
74253
0
215641
289980
38229
0
34356
245869
0
508839
37861
282319
314897
11037
21382
0
82710
19212
30016
0
391997
104640
104382
124259
0
153849
9833
383434
0
112567
47635
138691
155611
120137
317205
189077
0
77805
45936
0
180963
0
384429
335647
337984
120858
31109
92099
0
0
10690
0
106413
0
0
91624
40826
0
91978
0
99691
20058
41090
25631
121009
59506
44256
57306
48749
298603
0
172374
111561
0
9396
53910
69155
111759
334165
269432
186922
0
448035
0
91341
72584
0
505015
0
24560
90693
0
29885
0
63420
52266
106883
297130
0
0
137075
13534
0
71418
203295
127214
45622
0
137568
368969
44546
0
0
40793
48767
84810
139319
56368
268126
34007
31363
88413
0
20659
212362
289137
147883
0
0
10396
81386
110353
96502
50095
0
0
98453
866016
919669
104930
32393
0
86583
102090
0
51246
372364
89078
697067
10516
0
15664
26062
0
1.86204e+06
57166
57193
21791
0
18844
22182
0
45486
14645
0
0
169884
0
114591
0
0
505842
0
0
60241
60412
0
0
717836
0
12249
0
31588
261804
0
29989
75481
95962
67669
10106
0
0
0
82893
66251
69021
54730
267134
20526
0
1.32443e+06
0
0
0
18599
0
158037
0
84818
0
0
268693
84757
291733
22760
209648
80815
44683
0
296304
69904
0
65146
63681
306501
113523
64558
78526
0
343613
220105
131458
0
111150
145210
343737
0
0
1.21424e+06
0
349606
1.68965e+06
794019
40407
156556
155725
104473
69414
0
79013
290128
126491
339465
0
123592
0
106928
78633
389855
0
30110
1.53662e+06
92257
357035
0
343002
133291
0
15815
122369
87450
0
117068
28211
92927
439581
0
56978
0
0
0
101359
150071
607934
118744
84650
170155
44794
125064
0
490793
221050
35689
80596
260642
949802
199579
356066
180202
21513
21544
816003
56542
798383
1.2808e+06
51289
0
0
282101
0
48103
0
63849
90551
0
0
19048
0
0
0
0
118930
0
51580
0
0
0
0
30008
0
0
0
0
0
0
0
0
61225
0
0
0
0
10532
26793
19969
0
0
0
0
71338
0
52248
10121
0
56673
0
0
0
0
23585
0
0
0
0
0
0
0
26460
0
0
0
0
0
0
0
0
0
0
0
0
0
0
0
0
0
0
0
0
0
0
0
0
0
0
0
0
0
0
46052
76649
0
0
0
0
59216
0
158621
10127
153658
41160
0
0
56656
85325
13581
54311
0
34768
88446
82249
25890
0
0
22208
76741
0
172373
0
32929
21716
25982
109051
0
0
0
0
0
0
51551
0
0
88718
0
0
144967
0
236095
335672
95607
278747
0
119183
192963
0
118446
0
0
10429
41023
114109
47316
196701
193487
101365
1.35711e+06
0
59595
43542
23184
0
0
22056
0
88635
44117
0
259388
149621
23835
0
0
0
25570
0
0
0
596887
0
84767
23974
0
102206
0
21309
53669
0
0
63883
39630
29618
79480
40887
0
50149
37936
309481
0
0
0
0
39811
0
0
77277
0
0
116723
0
103286
0
326861
0
430942
122117
44765
26642
0
86395
256631
20963
207470
0
31496
181939
50232
0
252045
92276
0
90264
17897
35884
103754
267494
464214
110930
26491
26411
0
0
0
0
0
0
0
0
0
0
0
0
86534
0
0
66078
0
0
0
0
0
0
0
0
0
0
0
0
18695
0
0
0
0
0
0
0
0
0
0
0
0
31236
0
0
0
41757
0
34093
70290
115582
0
0
13767
0
0
89480
205959
0
218069
60229
0
0
28250
0
0
61715
0
387133
329437
23802
24067
0
0
414128
420010
0
0
0
46253
27687
486069
0
55280
0
0
0
37771
0
0
0
0
0
0
52552
0
0
0
771168
0
21090
0
0
22465
0
0
0
364935
0
0
0
45576
459390
112777
0
0
0
30366
0
128393
246572
20440
96289
585203
286821
0
0
113902
233561
453872
256644
609290
0
241773
366696
0
81069
160296
69229
0
0
95561
102151
121041
122695
0
646692
98334
168892
31655
358836
230107
0
0
31381
0
0
0
0
219812
51419
0
0
0
0
0
62460
0
0
0
464646
0
202998
19710
16580
0
318467
0
23291
324304
0
0
0
0
284979
377640
0
19441
59227
0
178264
0
63923
0
625095
204146
417406
397784
0
0
0
0
0
308141
440570
382764
0
397439
310543
0
0
0
0
0
55937
0
0
0
171363
22902
243659
23517
133027
0
0
185820
19369
192563
0
407665
364495
123633
0
28213
0
217312
569263
115138
78261
0
0
0
0
15963
0
28548
274831
0
0
0
11232
0
35877
0
0
0
354059
0
0
0
206141
38331
0
31510
0
257377
125176
78567
0
98454
68839
83926
296277
87145
112287
89899
171488
258329
438160
279317
54713
45261
20905
219469
0
0
460410
35073
0
21613
120583
0
120121
0
39407
0
52564
539429
0
105788
152549
0
35219
0
0
432109
0
0
1.39781e+06
10375
216660
43457
179260
88216
58575
105487
0
0
0
91758
0
15216
88911
0
1.11464e+06
0
0
87621
96887
31104
334295
788425
30063
705782
317279
0
45361
238274
235915
43955
292701
287503
126678
0
0
0
37195
0
0
26879
194690
0
151564
40990
37875
0
125402
105932
718899
0
673054
260794
0
0
43474
0
0
278332
0
298622
11767
73080
158359
0
0
462880
0
0
0
498165
0
0
0
11045
0
131836
40523
250590
205534
0
486841
105297
54206
0
46170
0
11183
0
30609
112648
20983
36521
0
439589
0
358316
0
155377
0
0
131676
0
395273
20663
170345
19537
0
0
76845
67048
57327
79202
0
28007
0
0
257784
22937
252992
0
128034
0
0
0
0
20085
0
161079
27026
65304
0
0
419177
143544
54232
436812
0
11460
0
771456
649282
0
0
241040
153588
47587
0
30961
0
21653
9869
496524
46669
28857
272271
146170
296259
0
550364
0
23265
461724
643885
0
12402
642759
0
0
38350
0
11987
0
0
0
390794
35336
0
98399
0
420497
416353
0
0
0
0
51556
0
87089
0
0
793645
0
0
0
219259
0
109760
424960
0
0
0
35273
0
255007
314192
315123
20069
0
0
0
0
0
44081
0
0
172164
0
0
568753
0
29503
33973
65371
0
61386
0
249941
21466
47983
56253
0
0
135759
116545
20863
483100
23511
0
279643
22117
0
0
0
0
0
0
53813
0
85131
0
0
33267
0
0
0
150844
0
0
68825
43670
463715
111099
294984
58764
61144
395486
596769
0
0
0
0
0
0
0
0
424632
0
0
13759
246289
0
24551
0
0
0
0
0
351460
67071
19696
0
76719
19903
280067
0
195312
357216
0
0
0
39482
710179
0
197658
149549
149425
68543
0
141834
151723
115954
33511
60138
0
854375
0
0
218204
0
202685
24967
401300
0
0
10779
65998
0
275530
54606
0
34036
0
0
0
0
0
0
0
0
0
107194
10903
0
20444
0
28890
160657
0
0
0
23474
59312
0
208377
120325
260955
0
0
0
39199
0
286853
34220
45543
49195
33439
0
0
181565
0
0
0
0
9435
37863
42636
212601
265083
0
28390
0
0
0
0
0
0
28954
156616
220200
25304
458756
372411
0
39215
10044
43162
201368
321060
264746
0
22657
35103
22224
39745
13204
0
44527
517445
9669
186093
62110
97747
62297
82418
93604
20546
182222
267144
79289
85840
497617
391301
74470
27241
225176
132260
90150
114854
51320
500375
237317
145071
0
0
0
62292
81868
140040
0
102832
87782
120903
157350
9699
0
0
74356
58194
210682
21247
0
62326
10964
91193
259388
0
12996
124956
56701
0
120051
214814
0
0
283197
244450
71014
0
0
189850
0
532815
0
0
72845
0
11118
0
0
30279
0
0
60484
0
29375
0
45860
0
34763
27484
10408
460694
159279
0
785171
0
132930
0
18942
124860
221900
0
0
0
0
25517
30917
301353
71101
0
0
354861
104480
180197
12963
91703
355771
432049
91770
9829
58789
109775
49912
51537
142265
0
20220
97586
62172
10270
0
0
0
32572
127740
91486
43015
69073
43768
60226
127654
21441
83821
134141
117492
0
0
21471
33445
0
141270
0
0
0
0
39480
111400
229110
10451
37633
24736
0
195492
0
0
0
0
126439
0
281298
0
0
231686
0
11996
0
0
0
0
0
0
636878
37410
26636
90216
391542
0
724070
926892
19673
328904
0
511329
0
142892
0
140595
23192
0
181486
62470
173250
0
1.44549e+06
0
0
0
0
345129
0
130293
88876
325881
22292
0
0
10315
0
0
0
0
92756
44334
86365
121263
0
107594
0
103789
35423
60261
0
58777
46839
0
9564
73355
55976
45965
0
89556
11726
64996
0
25592
20486
37284
137737
38846
21397
98914
0
45565
16635
118675
61519
49634
211186
86245
13973
67399
0
103944
34126
84295
367443
22274
111084
156358
0
0
39153
37333
409393
546694
100339
0
0
48958
0
64879
0
61416
0
21098
0
124667
90327
76166
0
0
12333
90058
0
37174
10725
0
0
189383
74341
32525
154489
0
0
202130
21231
0
37089
0
0
0
364130
104793
97000
0
64277
0
44318
47303
0
167358
33477
57239
0
0
10366
0
29182
39256
0
190408
161014
0
0
121218
0
0
0
54906
0
0
12853
287083
206491
0
0
70243
150182
0
78147
0
0
78582
0
42512
42346
0
70222
509456
684851
110732
23770
34722
0
25684
127767
22043
36549
0
29897
74920
0
0
0
70419
0
0
87671
0
73565
0
27400
65995
75442
10259
54735
0
0
168627
0
116001
143698
73571
85443
203067
86329
167302
86267
16524
0
110439
0
226429
0
0
0
0
117307
0
0
25409
49792
57523
0
69343
166312
106063
192107
50545
46851
23297
31290
193068
220077
50027
66547
56759
88947
61094
0
346653
25100
0
43837
74490
48599
0
0
0
0
0
29088
27707
0
0
0
128479
109846
221336
81940
28982
0
720616
126327
10174
107123
38058
0
507266
41131
9676
27580
274814
106962
0
0
0
9557
48734
20700
428951
57934
65737
49936
69607
111003
21356
103542
0
0
50551
13978
9962
66669
37851
47760
0
13674
101638
0
218787
199972
112650
83338
389141
212119
245606
46163
46782
84268
0
0
126386
22602
105515
217161
0
0
130518
0
0
12720
162187
95106
706014
1.81669e+06
12596
74820
0
54006
56492
0
146994
40325
0
28301
886640
74298
21782
0
0
0
280365
94862
569985
0
0
202740
0
218814
114803
74716
0
226904
0
35059
22602
0
0
213387
305445
0
258965
0
23865
119896
15321
46037
167200
0
100768
168040
368140
0
68896
0
136733
146492
37965
165250
91567
44951
0
169404
0
60952
0
24706
448102
235877
0
123633
142859
222544
0
65396
73823
9839
0
30291
25999
296432
0
94448
316049
235371
757184
152735
0
0
90086
0
0
0
46064
38158
700439
21672
42392
12722
53359
143935
52436
98030
256576
58603
170438
153927
255483
263683
360336
102984
0
180949
45368
1.73012e+06
160306
21154
119952
83089
0
81798
0
0
0
236467
140346
181291
82337
101401
0
16133
71117
151890
60571
66749
120550
0
29200
47838
0
292487
146646
0
0
177759
173147
111770
199611
0
379864
9948
0
0
27256
106912
54702
117688
0
0
82960
153303
81591
82863
78222
10255
208894
0
77970
0
105916
28577
34922
99369
81305
0
0
0
57246
0
194072
0
30085
12322
134726
0
0
77049
75242
10937
71293
18504
0
0
0
10387
49053
83511
0
12842
101662
25780
0
51209
91968
36110
9939
91863
136565
0
41325
73118
0
140993
0
0
369291
0
0
379469
72048
157887
19656
30713
0
0
281552
0
40490
62268
0
0
0
45319
63604
146467
0
66310
158576
412387
0
0
128386
23450
134366
36991
88361
24370
0
0
99097
0
113215
119961
0
56604
0
0
102829
0
94290
16529
33908
33977
23076
0
0
103819
11251
29422
28734
0
36847
209937
0
65363
78539
0
0
115303
0
0
0
79544
0
209836
55975
0
89711
0
105230
25517
26618
0
40308
140219
37596
108610
74986
37548
35494
150255
89172
132517
0
31397
124997
59297
46703
0
45246
121540
0
66174
44359
89615
0
45863
0
52423
164766
261504
0
0
30054
107928
152559
0
64265
231860
844374
39682
452597
120932
0
145608
256248
0
60427
33175
0
0
72353
0
140045
0
0
33808
231425
128764
218309
269052
68898
52848
0
0
0
18831
131000
0
69290
438721
454977
1.3441e+06
0
96230
0
20274
0
39872
73619
0
130347
30952
0
0
69515
104457
72152
110686
71613
0
280255
0
0
0
51661
46599
46577
225280
132673
102116
0
0
58440
146684
13208
149815
86199
100147
0
55758
0
0
40042
0
0
143437
155250
0
928256
50051
131402
0
108180
16334
70355
113062
84169
188863
0
403029
55429
1.11994e+06
0
0
0
73593
39770
0
228516
22754
0
70656
135833
41269
0
0
104594
0
26932
88636
0
16205
0
0
0
0
0
0
0
0
0
59861
23343
51610
0
0
26233
301884
66347
0
65674
45050
0
0
48880
0
42637
554364
0
0
24843
174328
37115
9862
59265
0
0
208877
0
0
156068
0
0
49977
0
0
257146
351168
205517
0
32537
51019
198560
150346
54875
279257
106852
16092
187205
20148
19814
510700
0
0
452463
24203
80788
71377
0
13555
58484
0
81690
0
91208
63416
25429
0
357330
201547
0
87838
0
180483
133946
74942
64171
72362
66231
0
292738
51959
0
11791
190906
0
57858
0
13287
44120
47455
37408
31308
14231
32111
0
0
12035
100500
0
0
0
0
61854
0
0
0
0
29735
0
84289
0
142284
17692
0
70921
64875
32226
30997
25052
146090
28847
55318
138940
23671
114528
79197
11399
0
0
34463
0
24373
44856
0
79446
116401
0
28143
108234
312590
9773
50863
24781
111084
38710
25259
0
113093
0
0
0
0
25679
0
0
28065
0
0
22674
0
25361
0
77953
86346
0
0
70253
12116
112227
0
82290
38589
36388
0
0
23780
66422
72919
38807
0
34927
89502
30967
18447
0
68247
74578
85849
58904
0
26899
0
162291
0
0
32341
80152
0
11840
0
84083
31260
23592
75510
0
0
19682
0
123840
0
0
10565
0
0
10895
0
17652
0
0
138885
35022
0
13539
0
0
53707
0
46076
66248
71070
0
0
0
31579
59026
0
0
61837
39900
22913
0
0
0
9952
0
0
38342
18978
74212
0
0
0
0
13821
24309
27806
0
55548
67030
0
24552
0
0
0
0
0
45286
0
70034
0
40842
59335
0
58886
37580
0
44245
0
124360
229236
21090
38356
56020
0
0
40645
154849
10185
0
78767
386985
33882
0
0
65393
35223
204334
0
1.30337e+06
0
245589
0
157756
0
0
98453
79021
41467
0
0
37305
58208
26876
69571
40105
0
50928
286487
68078
65797
202712
184569
0
131867
0
0
50500
0
0
0
285048
103673
0
0
0
0
0
28361
100770
274109
0
0
252368
0
69399
0
0
174810
68688
0
0
39699
527284
47642
22006
39062
84231
0
81516
81577
378346
380034
14846
0
0
112275
45829
30172
10095
0
0
85961
137324
25320
0
119570
109927
37632
0
0
146086
127904
259798
0
21172
0
81199
95444
47709
0
0
54656
81587
0
228353
0
0
190416
94150
118032
123903
0
86575
106645
0
175531
194534
0
243568
240827
61379
0
98225
0
25298
0
27021
0
141377
121823
41396
87943
166437
115250
83652
68327
0
351339
0
100925
0
105761
123287
0
0
80583
12712
0
158042
82697
73813
0
0
108782
239093
108873
64631
56383
0
0
0
123799
0
152817
0
189119
290472
45497
36371
12138
0
22325
0
0
73753
21586
86337
106187
169803
0
75815
0
0
10260
0
0
0
0
23639
30466
38447
70781
0
51538
83114
31447
0
0
0
0
0
0
0
0
0
12540
89128
19752
58062
9473
0
35947
94590
170262
42995
50476
0
0
0
123510
0
46593
9845
0
0
0
72135
0
44394
0
0
0
0
0
0
36754
32266
0
0
77145
34988
18968
53968
81360
55684
0
59330
55224
44355
0
51924
0
23668
14315
0
0
22892
75783
0
0
0
71386
0
0
0
0
0
0
37618
45596
83171
0
223143
0
0
82226
58526
802410
0
0
0
321665
132662
0
0
0
0
61657
0
105160
47761
0
0
61533
27450
0
0
0
0
0
26568
32809
0
38095
0
0
206960
0
0
137009
0
33518
0
38797
0
13670
574009
27783
0
0
0
130387
0
0
0
0
0
65089
0
0
0
26777
0
24099
0
65669
0
0
12395
0
0
0
0
24766
0
0
0
0
104599
24198
41081
33809
0
19579
0
0
0
0
47610
0
34212
25890
0
50151
16661
219464
202524
0
151113
0
0
0
0
56378
0
0
0
0
109676
29844
0
0
0
142586
0
36406
0
651310
49334
0
0
0
278014
105281
20289
0
0
0
26716
0
0
0
0
0
0
145548
0
88220
37914
196032
0
0
71571
0
0
0
0
0
0
40438
61260
24064
0
43773
159343
21696
25792
0
0
34131
0
28189
0
10881
45910
0
0
60715
22208
65514
0
0
0
82261
0
0
58117
0
46845
93272
25836
0
129200
0
165057
23767
12657
85176
0
143073
54029
80316
0
146738
50851
0
12903
0
31723
100928
0
11766
62996
311498
0
81098
83879
197743
50458
38188
0
0
21393
0
22383
76557
160512
0
0
0
0
98145
0
0
639453
1.10656e+06
0
102621
44228
206670
0
51685
78780
204454
772348
0
19835
0
0
0
0
40006
0
52724
105139
13780
0
0
0
59847
82418
0
188960
24770
0
0
0
0
0
196854
34203
0
0
0
43082
28784
0
52494
65285
24444
133142
0
43503
0
111144
31596
62027
161262
58590
0
123533
0
0
0
64607
42268
0
63121
52045
76893
167326
74850
357881
0
23614
0
11148
53971
0
0
217514
72671
44236
0
9977
0
104703
0
11917
98415
0
81992
0
0
43542
0
0
0
95557
22762
21337
321865
0
24749
0
0
137669
43911
139374
202631
0
0
0
38876
106095
0
20638
19197
0
175074
166861
0
57762
119181
0
0
0
82505
90428
155268
22964
0
0
0
37196
134261
56344
0
98324
406953
0
55717
37900
76359
282640
197654
0
0
0
137632
0
84218
117423
0
97401
0
0
0
0
92706
0
61393
34353
13490
76125
114589
51686
0
0
0
0
33226
144292
69779
45343
135677
206508
0
110633
79332
9723
26751
0
35628
0
0
75036
0
61800
58777
44018
0
23329
140582
12194
62819
67246
0
0
47451
0
0
0
0
0
29941
20424
42205
236147
44357
0
0
17219
57266
352493
19896
64194
56050
100446
31283
20015
0
69242
0
0
0
0
0
0
0
0
96350
0
0
0
0
0
0
0
0
530428
12830
24980
52203
607348
116026
49325
45547
0
9485
0
0
50120
66605
0
23210
93501
13295
0
0
18551
0
0
0
26374
13730
23339
24742
0
0
0
75434
0
0
98482
0
22543
52394
10225
0
23645
24217
0
99378
0
0
113345
0
28248
0
0
0
0
32260
0
0
46922
0
0
0
0
0
0
0
0
0
0
0
0
0
0
0
0
29967
95260
0
0
10218
9412
0
0
0
0
0
0
0
9835
0
0
0
0
0
18236
0
17185
0
0
0
78684
0
0
12038
0
0
0
0
0
83052
35406
0
0
0
105708
0
0
0
0
0
0
0
0
0
85663
0
0
54687
78968
28135
69944
34623
0
76900
23152
0
42711
131873
20356
0
0
48058
50430
0
0
0
0
0
0
0
0
0
0
47746
58106
0
18199
0
0
0
38901
0
0
0
123409
0
37285
51166
0
66176
0
0
0
107041
0
0
0
0
0
0
0
0
0
0
0
0
0
199766
0
0
89119
32666
0
79235
0
62866
0
0
0
41014
0
0
57010
149492
0
107909
600794
0
41172
47776
0
0
0
36474
0
27072
0
0
78307
132707
0
0
29938
11972
67867
0
0
0
0
96457
11252
14926
0
0
83829
0
0
71581
0
0
175581
0
0
81144
0
0
0
0
0
0
106315
0
0
0
0
105397
74111
53050
66100
127529
32699
44180
24805
50064
59045
28982
97252
15368
12275
0
43915
42795
0
0
36821
81838
0
74266
69602
0
0
0
0
0
21731
0
29273
0
62098
38040
34745
113250
16885
0
0
0
0
0
0
0
0
0
23128
0
0
16117
0
0
34661
36645
105973
0
91465
0
0
0
116460
0
0
0
40959
51089
0
0
0
0
0
0
95415
0
194505
0
0
0
25664
0
28947
0
0
22337
0
14798
187655
23919
0
0
71953
0
12883
66945
0
0
0
0
0
0
39865
57297
0
0
0
44916
214978
0
65523
44258
0
132962
0
72650
69303
143688
79423
73290
0
110599
384140
0
419542
0
53820
278138
23299
0
0
37337
125767
20955
162468
356370
1.51352e+06
11491
0
96422
58797
0
43749
32793
202199
0
0
28205
120493
0
198944
61267
154073
267491
0
28678
0
0
259935
0
0
0
0
0
26856
0
0
9987
273434
0
179239
0
281525
19856
40364
0
167311
52034
0
45972
10712
18028
52602
0
0
0
0
0
0
30573
17589
11795
115139
0
0
0
0
0
10465
22460
22116
0
0
0
54145
0
0
0
0
0
0
0
0
0
51972
0
65734
84248
0
0
71241
158317
23811
223982
0
31091
71656
31710
0
38986
36548
101244
30492
27697
0
32714
39630
0
0
498503
47469
0
0
28324
0
97223
269572
0
0
38266
148299
0
0
43631
0
143432
0
0
84736
0
44699
43397
0
28139
86989
37720
24532
142504
42748
442980
0
0
83312
34984
11404
0
0
0
0
0
27218
100371
54295
113404
0
0
129629
0
0
0
0
0
0
98007
0
0
0
0
151255
0
14738
37153
10098
51688
0
67863
0
0
53840
0
0
28819
0
0
15408
0
0
0
33946
0
0
19450
49600
375801
0
95685
0
0
113525
0
53188
37681
0
0
0
0
0
0
45996
29869
34131
0
0
0
0
58392
0
174398
60426
300853
0
0
353078
0
0
0
0
0
0
0
0
0
0
0
0
0
14962
29829
0
121644
0
0
0
0
0
0
0
0
33532
0
0
0
38678
0
1.70896e+06
69568
0
0
0
0
9648
0
33453
24289
19260
0
22232
0
66368
46639
0
0
52529
0
13362
0
10524
0
0
0
128516
0
21135
0
17016
0
0
93666
0
25117
0
0
61493
137884
0
63673
0
0
114805
68297
24953
43457
76060
0
0
0
0
0
0
32115
0
45185
0
206053
1.4686e+06
239239
0
92847
841517
65948
25613
844451
0
22351
24445
114808
47697
53929
0
0
41245
0
0
684778
0
927109
643460
94642
789221
89354
0
0
248516
474228
0
369712
21524
0
0
0
0
125439
669018
55278
50448
0
0
130669
0
21764
10083
31578
70790
28612
0
0
98665
38080
0
64785
70242
93014
78931
12806
0
24097
0
42776
0
0
0
680503
20870
0
0
0
20396
78000
0
0
60973
18629
215893
11348
0
0
0
106149
12076
1.12534e+06
0
197465
0
0
38697
0
65032
0
0
0
44435
119345
45346
73350
0
43384
49499
104556
0
14845
441679
12460
76064
0
0
0
29328
116480
251473
19633
20631
0
0
139370
125094
80181
44471
74808
55461
0
0
0
0
570738
0
68123
13259
177817
9944
9718
0
27460
59531
0
0
0
0
23478
0
0
444487
462220
67236
0
19128
0
41688
12122
22980
0
44983
111478
0
0
84245
130779
31085
59601
0
33552
23682
45969
45646
0
0
0
0
27348
99571
0
0
0
0
0
0
0
0
57913
455407
0
66302
0
0
61001
54332
0
73296
255510
73815
0
0
0
0
23796
16602
323198
1.13314e+06
34719
0
10988
0
0
0
107507
28038
37165
20053
0
242831
0
222535
118982
39723
0
118688
0
0
0
199664
0
0
0
0
1.20304e+06
0
0
0
17785
25509
0
986507
112845
33334
756738
12396
12304
59747
0
226585
150590
0
0
33193
0
0
0
0
0
0
0
0
0
0
0
106405
44262
21967
0
74893
0
13038
0
341932
76359
77605
41849
0
0
43535
0
137312
0
47583
172316
231031
0
0
80481
21400
0
262741
22697
109520
0
48989
0
13686
54296
0
0
0
28661
105213
0
0
34897
87420
0
0
0
0
9824
54424
55638
138036
0
43689
559379
43122
30711
1.33328e+06
409521
0
0
62964
1.34666e+06
64190
12958
37364
574915
0
111435
125389
22596
13130
19642
52620
130455
0
42315
253813
0
9715
45160
0
80222
51255
158769
204201
50460
250859
556236
170900
0
22455
77296
0
85415
35340
158318
54732
78733
0
0
0
203879
0
0
31528
0
0
0
360964
49406
87546
