82952
122444
167282
144829
108772
166490
259690
365985
187750
371927
1.23138e+06
0
224361
404536
732129
123562
96501
43166
554945
871354
0
0
118092
127016
0
1.12748e+06
313765
244294
128814
0
0
0
993015
121634
513724
435912
249368
407399
226337
856588
707503
92785
163027
382027
543436
623230
457129
915475
44673
295425
57869
87863
0
87944
153769
0
25911
141537
330976
0
150902
112802
0
1.33349e+06
0
21891
27022
251466
240042
142391
810115
36809
0
24498
19296
0
520690
463718
0
0
178017
0
0
754674
1.05349e+06
572276
57347
502575
535470
519719
346062
223746
530593
1.33028e+06
114851
35893
414520
206634
173533
342863
121559
411490
0
450152
126603
355482
0
78184
1.17719e+06
256435
234112
1.78204e+06
594200
191219
324488
307839
136307
1.48125e+06
278818
0
595657
320268
0
1.61766e+06
176017
1.11929e+06
1.73856e+06
414834
111468
398267
821546
390707
21364
514748
212989
179908
157354
119161
1.6225e+06
1.56603e+06
134134
318050
206557
276307
346976
462968
69522
365158
1.67357e+06
344204
102028
361221
554834
264089
0
647726
260708
0
600275
267914
470583
999096
270882
0
0
840526
512359
275705
307530
412509
86886
230556
1.27574e+06
124490
125951
54667
37756
163451
435708
0
157945
219409
68950
22812
0
95221
69253
35399
0
0
0
0
29167
0
0
0
0
0
48241
0
0
0
0
0
0
0
26065
0
0
0
0
256899
0
35633
125963
173257
46378
0
50016
143155
320306
54847
140334
0
223773
58199
0
125807
19310
106794
0
0
25625
248553
0
32846
152428
22003
0
109764
109000
11270
0
311249
254984
0
591665
80357
122587
0
190975
300496
196064
416757
88726
318871
0
734438
237064
82764
0
460972
0
0
269415
1.05808e+06
174364
588375
98699
257896
358096
0
0
455085
0
18809
596613
46551
0
611476
534726
0
25082
0
54198
50962
0
0
353925
0
465627
144310
343777
0
0
224519
408737
52815
290100
19081
0
0
130151
104867
90528
131475
0
98819
38291
107500
79949
0
0
91093
404519
309307
0
434885
378793
167853
206036
15183
433668
461196
95343
30543
0
0
603930
574154
279765
134323
146091
26769
174246
0
314536
142211
565541
13732
198723
172659
347765
24988
65694
319628
66392
212937
0
388419
292923
22255
110403
123535
21769
256451
0
65397
84412
43954
74947
77188
252182
405553
208479
0
233885
380528
30669
22890
891294
444477
22319
126773
58614
503713
58634
0
182258
134894
53224
147010
89791
92690
419069
0
0
262605
0
41716
13831
0
0
0
0
124387
0
49623
0
132059
81068
65959
102096
0
0
0
0
90652
243880
227286
113056
103518
90320
91712
0
553834
0
25700
0
0
212740
244450
103282
0
0
0
13755
234530
262514
82354
50920
0
151340
205873
0
96241
243314
319932
82412
0
222142
264677
26442
44688
0
149179
164028
150410
112552
103547
217269
117685
282378
56927
201786
225446
126306
0
294935
199054
47438
12277
0
83969
127407
156049
174200
177391
0
59709
111960
93592
161033
120010
0
0
84420
55984
0
0
0
33081
13703
0
124386
214821
193279
381374
130921
22974
0
21559
261455
62753
65393
0
512690
170038
255474
37452
131270
0
0
283122
9788
0
13437
21432
12398
47715
72143
0
120724
86007
78096
44996
19361
127834
14057
0
179394
0
110727
66834
0
0
87384
48168
0
214483
130190
114805
0
63213
20995
48202
25256
0
138569
0
9555
10115
14050
110620
0
167813
48718
0
13550
0
48330
129024
77994
63022
135328
11405
110297
0
13567
43525
0
44533
0
89737
91178
47750
0
105602
34214
0
0
0
0
101694
21655
19969
59357
43604
148174
0
125179
104683
93443
0
0
0
52942
53168
0
200359
56276
45262
0
0
10022
137524
73637
0
21006
0
42095
72884
0
73092
81870
0
108642
21522
36125
42840
0
0
0
42607
11331
71142
0
14102
20323
166080
22042
40851
95561
0
114403
98883
166373
0
57651
9510
18925
54123
103773
164340
0
0
34985
41583
26839
79928
0
82521
0
0
0
0
85032
99208
0
0
201480
0
27926
42444
71702
0
134131
44112
10134
14080
22845
0
0
72986
9672
0
44272
0
91971
0
28893
114061
138729
0
0
145577
105846
0
50414
0
35505
330966
55526
46689
52570
11605
76052
0
45468
0
56795
0
72892
0
20793
0
47104
102851
0
0
0
41347
73431
116025
84502
16887
29153
51124
249707
261705
66401
0
0
0
591958
29581
74466
64699
0
115858
0
423997
10833
191902
40856
0
230090
57322
64177
68732
68124
0
15435
0
187982
0
11485
0
0
201727
57158
0
0
69377
21553
39360
553313
0
0
58570
295306
0
155807
56326
68714
21724
0
391465
1.44819e+06
38306
0
602954
0
996916
0
0
34291
87128
148162
46458
104116
0
469426
123951
84440
0
0
20930
139497
0
21848
133598
1.05168e+06
344114
763022
0
191539
105923
44851
228790
42778
64548
0
17355
124223
0
96850
0
16136
0
0
0
44600
0
0
0
0
0
39048
0
0
0
0
0
0
10566
0
21856
0
0
0
0
0
0
10452
0
22173
35135
34863
0
0
0
0
0
24866
0
0
0
0
0
0
0
0
0
0
46091
26582
0
0
0
85954
0
97775
0
0
19687
0
0
0
23922
0
0
0
0
0
0
0
0
0
0
0
0
0
0
0
0
0
0
0
10403
0
0
616258
54741
21408
615862
344220
0
168813
0
138834
0
0
0
0
9572
54380
38695
25910
75719
0
0
110181
54654
106061
0
0
72014
0
24298
96483
0
0
181618
234152
0
365953
72326
0
29907
0
0
127929
107500
114909
117837
78893
0
138588
0
10506
184084
98935
208415
0
0
38984
0
137351
0
42068
0
39483
0
35343
37912
13448
93336
32384
140889
177376
0
23148
245593
0
0
0
0
0
46631
0
179361
0
51902
23565
0
34561
0
113739
0
63766
33604
0
53102
40802
94139
65429
0
0
41001
0
0
0
0
0
0
33687
0
37506
63788
79212
0
56005
119496
0
60823
0
26629
84404
0
249389
270091
0
383466
135658
124955
22749
0
53082
22101
113374
298544
30684
0
58439
48680
0
22563
20080
0
49574
77548
138696
15718
114502
0
42692
0
98183
0
0
0
0
0
0
0
0
0
0
19711
0
0
10743
37277
0
0
0
0
0
0
0
0
0
0
0
30433
0
0
0
52883
0
0
0
0
0
0
0
0
0
0
0
0
0
0
0
0
20488
0
181943
22687
0
0
0
0
0
0
0
0
0
9889
0
0
0
0
0
0
0
0
111333
0
20073
20328
0
0
0
0
47295
50916
22375
0
0
33462
25559
29285
0
0
0
0
0
0
0
0
12082
10114
0
31836
0
99708
0
151032
47484
189647
0
0
0
0
0
17929
0
0
24779
0
134299
0
0
10126
349882
0
0
0
29668
32323
0
0
151024
829851
102749
34042
179956
273697
164691
79511
0
254942
283262
202149
58718
0
97946
77568
0
37539
0
0
0
91979
37289
0
52655
121572
21130
9635
90826
134967
0
26272
0
0
0
0
0
0
0
172972
84226
0
0
128157
0
0
572326
0
0
50497
65959
0
263547
0
11340
0
0
674533
0
0
0
9929
0
296030
0
10001
0
0
282283
0
478971
152887
20868
0
56308
0
0
0
0
0
0
0
0
0
25809
39017
0
0
0
0
0
0
19990
44049
0
0
18419
0
0
226130
656738
0
29713
111598
0
131991
0
0
28452
0
0
0
0
0
77112
44811
99639
0
0
0
0
0
0
0
0
0
0
0
0
29774
0
0
0
0
0
0
0
0
0
0
0
0
0
180363
323457
68584
0
26464
0
126392
74250
88408
37943
498673
31060
37122
101345
82226
0
0
97991
114723
50796
0
231894
30767
14563
0
0
0
189240
0
0
0
239762
188960
20531
29827
281221
9801
11197
0
134057
0
984576
58255
1.07563e+06
0
149174
64855
11438
0
480607
163117
85901
0
121770
0
19062
10084
106268
0
10688
80127
38774
0
24085
0
48704
175559
0
0
13062
0
78749
29824
128537
0
73253
277843
0
45585
112509
0
0
199850
48166
28180
100667
25645
90895
28916
23292
0
35417
54915
39581
0
0
0
0
0
51762
0
0
0
75765
45584
22055
0
30463
0
0
0
19105
0
0
0
0
0
0
33694
0
0
83637
28235
0
0
199637
81547
32443
0
0
0
0
0
0
0
0
0
45866
0
0
0
0
0
18989
0
111850
0
128127
85386
0
0
0
42874
0
10616
81157
57079
45384
0
31085
10441
13289
50003
0
0
0
33199
21786
332854
0
0
15819
0
0
58899
0
0
83859
95742
0
152264
0
78486
0
40737
35964
0
0
12488
236441
0
0
0
0
0
0
0
0
30468
14316
31485
117818
0
40859
0
9327
25403
102569
0
79570
142166
0
0
0
0
33230
0
21685
0
196041
181010
51996
0
0
41721
0
0
0
75193
0
0
46403
0
0
0
0
0
0
0
0
0
0
199326
0
0
0
0
0
356265
53028
0
0
0
10883
0
25859
0
0
0
0
31837
0
29575
0
12383
0
0
0
0
0
0
0
0
0
156618
0
0
0
0
0
18792
48591
189680
0
31083
0
0
0
0
50261
157613
0
0
0
0
0
0
0
0
71615
73331
0
0
0
0
0
0
68913
0
34149
97036
21246
0
0
0
63169
0
0
0
0
151491
22157
37576
0
0
49114
17359
0
0
0
0
139053
207205
0
11184
0
132590
62182
30230
0
264029
80244
0
0
0
48692
81045
326938
0
39618
0
11919
13185
76796
84883
54721
54722
604281
217126
0
21807
27406
29054
26628
0
0
117906
0
21293
0
28753
17087
0
0
54278
0
0
0
0
0
0
0
49473
0
0
24432
0
0
10092
0
0
0
0
0
0
50816
69010
129855
119577
0
22913
0
0
78194
26697
0
207699
132371
78917
41205
29846
0
0
275427
22131
23753
0
0
55943
43276
235878
0
0
0
0
0
0
23071
0
0
96832
34723
53614
65089
23280
43116
113069
0
0
0
31863
0
11786
581203
0
0
0
0
0
0
33533
0
678769
613434
0
134688
0
0
0
162560
0
96483
137021
0
137068
0
173003
141124
10867
64832
410948
186412
490611
82507
126409
0
1.42138e+06
136128
0
387078
42884
0
0
40801
41212
0
10484
39485
0
0
0
0
0
91120
0
0
0
0
313205
0
247666
0
172574
182402
9876
38930
0
0
0
87744
0
37158
25565
141252
137379
0
55777
39026
144004
192354
0
0
71263
64543
0
0
0
0
30387
0
0
128365
0
48168
0
19306
64326
0
0
83130
0
133926
0
0
202762
0
9209
25681
109771
10085
0
0
109718
55047
72452
0
0
107619
83087
267991
0
58078
332727
23596
0
0
189722
41953
527305
96563
173043
48060
708267
455162
0
10761
0
0
0
475174
543319
30047
340023
52576
17432
591145
0
39092
30559
576162
404149
48547
31670
45034
121217
527157
68803
20445
240449
0
381438
1.5246e+06
0
268207
107898
0
0
23534
0
92396
148442
128192
0
60496
57743
0
0
323846
0
26345
0
0
0
143145
0
0
0
21408
131259
0
205567
69805
130001
178936
0
169928
0
0
0
0
10018
0
48655
0
159717
109996
112442
0
106914
0
55454
0
21700
149203
207176
0
0
60797
0
0
35728
19858
114261
0
0
0
0
30672
0
319848
0
0
21404
12290
0
92889
83141
98465
12230
103845
21884
48565
21369
0
20718
44232
174012
0
0
43190
0
0
31297
57993
0
152702
0
0
0
0
0
0
35225
0
0
298919
21417
54617
155340
0
146313
0
187284
1.06221e+06
96601
56425
31771
185112
174732
209214
27218
23336
73898
260511
52717
0
10037
105546
0
240603
0
115356
46263
296752
102520
30895
40290
33938
216958
0
323639
0
11225
354555
44991
30757
72132
13402
369029
86695
348715
22286
0
140433
69296
9960
227560
0
0
152738
228163
238492
251760
121739
121611
556444
0
165925
71132
92868
21841
0
0
0
0
171382
107032
22373
0
54796
0
47502
0
101649
83835
0
13658
175128
198018
0
130032
21148
44416
15231
0
0
0
233069
0
0
0
0
94330
246471
0
36276
25656
10099
0
31906
78954
0
0
0
246075
77078
38439
0
578871
217586
28962
0
461255
0
108435
0
0
54812
200595
0
79303
63808
0
46551
0
185659
58646
191489
0
450226
78272
0
64695
0
0
173907
0
0
0
0
24168
33517
204262
454989
0
69502
0
63528
61386
0
160933
32119
56930
86053
38828
23798
0
136236
29832
0
0
0
16710
0
445856
34203
0
0
0
0
0
0
0
0
0
0
0
0
29694
0
0
0
54157
0
0
0
77140
0
0
0
28120
0
0
0
0
0
0
16080
109607
0
17016
0
0
0
0
24146
0
0
0
33291
0
0
87537
20139
23105
248001
38909
50335
61106
0
0
0
25996
0
87042
0
25559
21621
26591
139850
0
0
0
62095
0
97153
0
0
19859
0
40517
21055
0
9926
0
25587
0
99580
96863
50346
14203
0
0
0
0
0
19440
0
85136
0
0
14022
96176
19907
10087
202276
0
95595
80330
620645
536281
122610
151328
78875
47295
0
0
77288
43809
0
75449
43480
0
0
0
32996
0
0
0
61815
73944
0
0
0
9164
0
12349
63884
0
23195
21597
138824
242809
0
74601
80975
99640
24045
0
0
93661
27171
77916
0
24174
115277
0
0
73612
42168
0
117108
0
48124
10142
0
81968
13932
15925
0
0
173767
502578
0
92726
87984
0
0
0
22360
26157
161773
89045
20049
34022
0
0
0
60849
136735
52386
62997
26361
36351
70545
68157
0
0
0
0
409895
45644
0
51949
0
0
0
10014
0
0
28326
0
38129
0
10281
0
24025
32774
11563
0
9292
0
0
14119
0
0
70776
30305
37728
0
50358
19651
0
13605
178884
125924
21509
22510
0
0
39275
80198
32110
22308
9524
0
95387
0
0
72926
30857
24807
20484
0
31915
269178
52711
0
0
0
95871
0
19318
69729
0
21566
0
11661
51839
0
0
73749
0
67497
27807
0
0
55243
0
0
0
30634
0
0
31777
42529
0
0
29093
0
0
0
95077
0
0
0
109338
0
0
0
0
0
0
22619
12146
53812
9681
0
0
110662
0
0
10939
32443
192321
10320
0
0
9564
12487
87419
0
0
0
0
0
0
0
0
0
44731
0
38825
0
0
21605
24635
61233
115881
0
0
20338
0
85896
101460
114980
16856
55499
0
90517
41020
0
62515
0
14674
76375
0
0
144749
122211
0
13417
31141
17616
34487
0
0
0
264336
0
0
101020
0
0
0
0
0
0
0
0
0
0
0
0
11931
0
0
0
13725
85668
0
243880
116756
103869
0
0
90901
0
0
0
0
0
39605
23369
0
32090
114929
0
25634
0
49589
37337
18410
0
0
53166
44065
57433
152484
341727
22350
0
0
0
54720
41948
0
205818
0
174628
0
0
0
152848
0
110803
10848
36914
29431
0
0
9879
0
0
0
0
0
0
76806
0
20965
0
117811
0
136257
90298
0
0
0
0
0
0
87337
0
18832
0
0
0
13645
41570
9679
0
0
40039
153958
62660
148487
0
0
64156
231886
52543
0
0
0
23207
0
0
0
0
0
0
0
89064
128627
134204
0
92970
0
0
0
0
0
23884
71743
0
59438
100408
112009
9899
29065
9997
0
0
0
79151
112722
13301
69218
161994
0
48627
0
56059
66340
0
46428
0
28984
109533
0
0
236244
0
0
47766
0
17753
50908
0
0
147434
18779
0
249230
0
0
27558
0
98566
32754
146434
23483
153416
22645
0
198288
77801
0
0
63231
0
26822
0
0
0
0
0
42640
0
0
0
25013
0
0
0
0
29591
0
9310
58542
0
90948
60912
88976
0
0
36546
0
0
0
0
0
38064
24813
0
12528
122719
41939
219374
53509
86698
58226
52910
0
0
0
95559
71225
14387
0
166189
157536
369815
79712
50650
76341
42282
0
0
96475
46517
40773
0
28587
9511
0
34655
0
0
121710
0
0
0
64696
25628
91868
65493
0
0
78404
13874
0
12685
0
42480
121215
0
0
0
57545
62306
0
236531
31502
70698
403303
239113
31386
182625
66259
0
210348
107569
0
0
0
43593
0
0
0
34087
38912
349680
67982
39564
232237
0
0
0
56238
0
170887
108753
95588
168408
78618
18072
11249
100163
0
212060
177396
238840
57305
113290
22431
49603
0
0
107894
77663
128638
0
115888
53170
14570
13428
55708
0
0
0
0
52764
37866
0
51960
46654
73765
241581
42380
194908
0
22900
51043
0
0
71373
0
0
80269
54249
0
0
0
0
0
33321
35105
97007
47971
28231
0
75207
150710
0
77175
0
0
0
451103
295844
0
0
79216
0
525906
879842
0
0
69150
610410
0
85634
0
42125
74649
0
0
0
0
11572
0
100501
26125
0
20997
42143
0
0
99770
23303
26874
0
87244
0
65951
22982
0
0
0
106253
26150
0
0
58217
48809
102501
0
20882
0
0
0
9756
0
51290
0
0
0
142899
21580
159396
0
0
39269
30873
56385
73683
0
113321
0
0
0
54874
29741
0
0
31993
296624
63279
154831
0
23485
76354
12096
0
191329
0
39677
0
50430
0
0
47489
0
0
0
0
77722
0
28257
0
22826
10350
25662
104697
40950
38208
0
0
0
0
28582
0
165602
61369
0
28055
0
0
0
10420
0
0
0
32748
0
0
43322
0
0
0
0
0
0
0
0
0
0
67171
23550
11258
0
0
0
0
0
0
0
98342
164955
71320
0
0
10051
22475
0
13188
12769
0
51393
0
260154
0
0
26102
191075
67358
0
0
0
0
35309
0
0
72309
67671
0
0
35335
70341
0
29167
13127
0
118525
148878
92956
196747
0
174983
281661
0
23266
54847
0
31382
0
110125
0
103764
0
0
0
0
0
0
33624
79670
46950
37389
28970
0
590790
165878
48190
0
90944
28403
105714
86559
40555
55794
71957
12798
44957
0
0
44862
0
0
0
40976
12264
168719
0
60256
0
0
0
181643
59266
0
0
101932
0
0
29448
0
0
0
42080
72094
141862
0
35046
24107
0
0
41986
247281
37051
69214
866350
0
0
48036
77754
60690
59663
53886
155181
32822
0
0
40121
92058
0
0
48067
10447
12076
0
105308
0
0
67890
0
0
0
0
65258
0
70978
0
9526
0
139592
22413
0
131355
0
0
50672
28238
0
0
0
21911
285137
58477
108042
0
33599
66949
0
0
0
75395
0
39214
343325
289755
0
239480
126945
73911
9729
220256
24381
0
28291
0
0
0
80508
89344
64827
22463
0
61705
12466
70604
81720
118703
0
0
0
109079
76332
165564
0
0
109862
216329
0
0
0
0
887188
103736
0
0
0
124173
0
0
0
0
29949
0
98977
401940
0
0
0
60944
0
90899
159677
22413
30486
0
0
400987
0
31766
134087
378913
0
0
13548
0
300569
264070
0
46345
191456
0
145366
61865
0
0
49041
0
19690
11030
10214
0
138083
0
49149
0
171216
0
0
0
67989
0
0
44127
46958
29328
0
0
0
48881
0
0
49472
298169
0
0
0
0
76522
0
0
0
1.20792e+06
172908
0
0
272678
123729
0
103883
0
0
0
0
0
0
0
0
0
32345
28195
0
0
0
153622
0
0
32574
33045
201830
32985
0
0
331276
0
0
26973
0
13028
0
0
0
228402
0
0
0
247620
0
202573
210179
0
0
948479
72796
0
23819
0
47727
0
422223
14275
145986
0
11997
0
585498
42224
0
97910
220677
14205
148346
54191
0
39716
97999
0
0
0
42906
96947
0
429203
47532
0
0
0
49207
0
64575
63711
0
0
1.15511e+06
899684
87178
170364
0
284037
53534
145672
53763
250030
0
38834
1.12525e+06
0
1.03174e+06
0
77424
180413
65597
105761
11627
0
34849
41732
63649
273389
0
0
0
55720
0
109381
0
24423
142287
0
0
62903
0
228991
0
10235
122170
72069
0
0
49071
232371
0
37321
20797
0
80187
0
0
0
10061
0
0
21858
0
45752
93024
0
0
0
0
0
0
31758
34089
0
0
195385
10035
30718
29597
36421
11782
0
0
169525
33683
13614
0
0
65090
43003
49970
0
178806
0
112483
0
37683
34604
21075
26139
150941
15917
0
40162
62485
0
0
46629
10774
0
121776
103125
326891
145819
588469
0
91328
0
786263
115006
59328
0
0
0
11519
0
66064
31604
0
60344
0
60508
0
190637
0
152665
0
26617
296056
102427
0
97427
91382
180384
189767
0
0
26296
11812
106125
165448
0
84396
0
95767
85774
257039
0
0
0
39127
55824
44972
45804
0
0
0
10030
134591
24387
0
25746
0
12996
32781
61907
0
0
22370
0
0
107569
31850
0
42679
0
18957
28260
0
34592
0
78394
179678
20159
151757
0
0
0
61726
85302
36570
61488
0
12420
67326
91368
75748
0
0
200396
0
85998
168715
100729
92090
198572
173704
0
71596
0
0
17144
0
109102
0
78495
0
0
0
0
0
0
0
121138
0
0
59353
39391
21372
119946
0
94762
21021
54508
146625
0
28950
57886
175980
134345
0
0
0
0
10018
0
0
55866
0
34938
0
30668
92225
137142
0
0
33820
0
0
0
0
51112
10692
0
0
0
0
0
0
0
88305
58412
63296
129111
86617
68736
0
0
0
0
0
71939
0
114732
0
0
467640
0
0
0
0
0
0
0
0
481153
318515
186719
246081
18576
0
0
0
21726
240479
48493
32415
250009
185213
0
11015
78564
0
0
66743
0
233295
0
0
0
0
0
0
0
98494
0
0
0
582240
69672
0
0
86056
0
0
21773
0
30843
0
0
34194
13349
0
0
0
19636
0
0
0
0
22635
0
0
0
0
0
0
179350
0
0
21485
0
0
50059
0
40920
9857
43318
238999
0
0
0
70133
88569
0
0
0
105094
57636
0
0
0
30095
0
0
0
0
0
0
0
57133
0
150535
36692
0
70129
0
0
0
0
22090
45622
0
0
108460
54147
0
9504
0
39602
70684
0
0
0
0
48722
0
0
24310
0
0
42529
0
21510
0
0
0
0
79503
0
73190
0
81192
49868
109448
69989
0
0
39165
0
0
115008
0
0
0
0
0
106244
0
0
48615
0
0
0
0
60056
0
0
26576
0
0
0
0
0
0
29956
0
99952
0
0
130213
27259
26004
81770
59342
0
209472
0
0
22054
54833
0
76889
0
13419
30010
11647
11959
28470
22184
0
0
75672
37879
0
0
0
0
9616
98308
27996
0
36085
0
0
95988
0
0
122038
0
10326
48169
30439
91889
0
0
0
41047
102036
0
0
0
0
0
66052
64837
129679
77222
127445
47256
0
0
20515
0
0
63539
0
0
0
0
0
9942
123421
75967
0
167423
0
0
0
0
94487
31448
0
0
77799
0
0
0
52690
0
69748
0
63146
13068
0
0
0
0
0
0
0
0
0
0
0
0
0
0
21157
0
0
0
43949
20666
87847
0
0
0
62434
0
0
0
0
0
0
131341
27011
0
0
0
0
0
0
42131
0
25125
86506
0
0
0
451810
0
0
26570
41431
0
26612
70287
0
0
0
0
0
0
0
577470
164369
0
0
57154
203221
0
33779
1.0665e+06
61934
0
39065
0
23602
99327
0
30654
0
52304
76096
0
0
0
0
10126
0
0
0
36003
15524
0
50025
39300
0
0
0
0
92093
0
38649
10276
88230
0
0
33612
62514
0
0
0
43835
39775
0
0
19577
0
224837
0
56271
22203
59338
0
0
0
140056
21357
0
35597
58151
0
126351
75193
62530
0
0
0
0
0
75166
0
0
0
0
0
33623
0
0
78406
0
32271
19312
0
0
33435
0
0
0
0
10771
18881
0
0
43419
0
0
0
0
0
0
0
0
0
136480
0
0
56223
0
0
0
72083
24230
0
0
0
0
85767
35232
42129
0
50054
40411
0
0
0
105415
0
0
0
46689
0
0
44828
0
0
0
0
0
0
200002
0
22547
0
199602
91883
0
29688
30149
19876
60679
0
0
0
61318
12604
38052
10382
42101
113131
33882
9243
321489
105922
0
0
101838
19848
0
0
0
54516
0
38236
0
0
54047
12364
46131
0
0
0
0
274100
12560
0
0
0
33248
0
49218
0
0
0
31921
38468
272546
20679
99211
0
209120
0
259482
0
0
0
0
27590
0
878673
61818
0
72617
34086
93785
98383
95441
0
30747
0
90807
101060
0
0
0
0
0
0
563776
58464
33334
26352
0
33539
0
0
0
27038
0
0
0
58758
337486
13951
2.25317e+06
18744
0
21914
0
696354
0
0
9361
24475
0
23830
114296
0
0
46579
0
0
31589
0
0
30984
78920
0
743209
0
0
0
48854
335085
54034
943614
0
11534
70586
0
0
0
0
175245
0
0
0
0
0
0
69027
20258
183425
0
822496
23400
0
195898
424985
0
1.17376e+06
0
0
0
174547
0
0
650558
880054
1.02701e+06
45527
0
32524
145301
0
0
0
263465
30432
51313
53724
44712
0
152907
0
0
0
0
0
173007
24742
508839
0
0
308272
20280
22548
0
0
54779
0
0
53043
0
230562
22556
312388
38418
0
430097
13349
10276
0
951596
806919
0
69985
0
14737
73652
61212
0
48581
0
0
377556
0
0
107755
0
0
0
21685
23530
0
337525
22330
49752
319841
1.1988e+06
0
1.65865e+06
23624
12100
0
0
2.00204e+06
0
0
35838
35834
237244
124398
18536
64105
0
0
0
0
0
0
0
148145
11343
0
209479
30450
0
23662
0
71635
59560
107224
0
62225
0
113323
87086
15471
846016
22790
791116
0
0
213694
0
1.03599e+06
0
0
28973
35317
63982
0
71300
0
319302
150217
270091
0
0
0
0
1.58604e+06
108895
0
0
27203
33665
228115
22326
0
33116
0
0
100179
74042
618045
654680
0
0
91944
32078
64162
0
1.26908e+06
585347
96628
107012
0
0
58134
96418
25483
105505
0
34807
124514
0
0
24318
410977
299764
29946
0
0
104547
103013
0
0
0
0
83310
0
90301
80508
59736
264506
13252
0
0
305271
0
219273
23681
12585
0
76362
0
0
147923
152342
0
1.15676e+06
19996
803989
0
0
64939
65542
710040
0
97843
87405
0
41040
116783
132354
49339
61537
76597
105146
133486
0
0
0
0
313043
57834
525739
954357
0
1.08857e+06
14451
115044
195161
0
40309
0
98021
961654
0
197983
56281
179929
154726
0
0
0
0
0
0
0
0
245748
0
479218
378183
114027
872046
0
26674
1.18068e+06
127584
644688
43127
0
1.01247e+06
160291
135323
166940
0
231214
0
0
164748
23878
70809
24673
0
0
0
183117
22606
195967
437865
206042
518770
23417
359588
0
88585
424653
28754
14403
409116
76575
76430
0
26277
138523
64018
24736
232164
171225
18081
64928
65540
74923
134467
77342
75715
0
33662
53599
165101
79968
24093
34444
0
0
0
29064
61148
0
0
142442
54212
0
89839
0
0
0
0
33110
35016
0
580379
0
0
0
151577
46644
52998
36861
62708
0
22950
22665
88808
44181
397114
53651
27101
0
0
0
108665
35845
0
62388
0
0
47009
0
0
70317
0
21980
165409
0
0
252149
0
0
0
25727
0
37592
0
0
53386
42169
0
0
1.27466e+06
29874
52249
0
0
0
0
694077
120372
0
52215
