122584
616814
104956
94066
44881
0
131296
217822
368901
97009
820643
152025
49907
623858
70550
421005
400331
288326
0
0
404143
214548
783584
157481
116191
0
1.35232e+06
776169
730298
144350
1.32861e+06
0
1.00626e+06
205365
134723
478403
87753
132786
559104
781376
639801
185612
267441
811200
531632
282120
437761
499574
0
0
21525
142747
45544
0
0
0
0
672770
80150
51796
50713
722627
527347
234734
1.46501e+06
0
0
374804
48240
0
0
0
0
0
0
0
0
20905
0
0
82731
0
0
49156
0
0
0
98043
0
212216
657989
121619
636991
185786
0
151247
55422
0
85646
605976
238064
114685
0
86593
106520
278167
44488
269127
27346
137601
423641
1.39344e+06
414094
481467
206984
752588
83551
237460
0
259096
333183
39093
175546
844340
301368
416771
198992
45799
0
259724
615065
331236
0
65170
264133
91975
73295
0
940409
954824
524616
564695
211067
44306
0
462932
354862
181550
1.00755e+06
602962
205460
229414
90401
0
149770
126804
136998
43629
152169
0
216181
0
45360
335536
0
278119
446875
0
430241
414466
95013
248511
38970
219127
158702
327617
132148
806946
289675
19454
0
599731
360972
0
0
0
1.57064e+06
0
0
0
24806
0
0
590896
216827
0
0
0
567164
169205
76857
67679
28597
0
0
60430
490903
73066
0
0
21850
65932
18834
39138
0
0
108452
0
0
0
70607
24841
0
0
0
0
90033
0
0
0
0
149546
137343
0
0
87528
17884
75211
0
56403
173349
116054
35067
140230
72250
266965
352513
118381
205130
0
82979
0
14218
0
0
0
102654
414347
64990
247004
0
391687
829124
0
747932
949963
115871
326352
0
49061
445571
78708
343316
114974
0
0
0
0
147289
22885
291108
0
0
9227
0
0
0
0
105297
0
0
119706
68225
0
158741
30614
0
50872
368765
0
173531
263063
29821
51187
91391
182642
0
65398
0
133020
52449
584470
24572
96406
240101
185168
276047
0
321138
0
0
198661
38130
0
0
0
0
0
124871
0
22649
115288
133131
0
0
19204
0
0
0
51732
87113
554745
0
0
85971
281966
175769
0
20196
0
169543
0
52609
0
0
0
0
0
21887
226413
56692
185401
246674
0
96112
14340
67538
0
231558
166871
777533
0
115976
0
0
410459
259265
0
142125
61470
44863
101134
63240
100680
22597
10252
26734
415163
359092
255241
97107
71816
43039
38038
380972
67301
111638
82149
20505
156427
80845
136295
112966
102583
70011
22907
0
49281
52638
245294
58060
101477
110401
0
0
322296
24282
305735
246123
0
172008
288718
121303
331148
187917
120193
140433
103086
77973
0
118989
21357
34136
64997
212035
0
0
0
30002
96070
142449
0
575828
57432
0
242784
105766
0
0
0
30582
144177
0
0
86092
133148
0
12345
354834
128131
44811
313923
59914
301290
0
0
225819
0
0
0
103368
82543
25235
0
0
61018
58622
38724
337850
123302
0
379861
24375
0
85511
224967
0
0
0
33667
209243
0
88332
0
0
276372
98078
18582
0
0
0
49853
0
82225
0
33452
150983
155399
0
0
0
0
267304
22338
0
68217
0
16025
0
0
0
29699
105835
229586
0
23669
60216
174781
89401
148891
10117
46370
79100
180958
162093
0
0
326253
183646
43589
0
0
375027
0
153555
0
10334
0
12264
0
20751
76963
0
165621
105014
0
132619
0
0
0
13615
217210
130869
85917
70227
0
0
116284
0
0
69471
0
58218
0
0
0
0
0
0
0
0
48301
0
21451
0
0
0
0
214157
0
46615
0
0
0
127180
28814
123390
0
0
0
119541
18371
24306
0
56493
78341
313534
0
0
50717
22326
137956
38137
214381
38237
191142
0
0
0
26890
0
0
10921
78953
0
0
22726
40114
22126
0
0
69576
0
96689
0
0
28511
25156
0
61889
49441
0
0
62091
56114
0
167615
0
16772
0
0
66986
173021
0
19873
0
0
86018
57522
24950
0
0
0
225439
0
26469
0
0
41890
9615
68525
107057
0
21583
0
0
0
0
65494
32159
70269
125576
76153
0
25316
331742
99961
81702
0
61905
97095
50668
99693
85111
0
0
30394
0
250584
0
0
35089
23624
174970
0
0
0
0
195732
0
0
141654
0
0
0
238939
32443
0
0
0
145503
0
0
0
98938
111693
332219
143505
131744
112876
74382
95802
37414
0
49010
88742
0
66957
0
0
224541
16259
27899
13681
75676
371519
0
102011
332612
0
236883
113310
0
0
0
144288
0
338452
0
11936
0
0
37063
0
0
0
136644
306215
11215
107130
27125
87900
78568
125230
58890
78892
10668
0
27920
350118
0
42711
0
261961
506526
194353
111909
216096
193750
13371
246939
22365
0
58690
93426
0
29816
0
15455
0
0
0
0
9370
0
0
0
0
14323
0
0
0
0
0
0
0
57051
20544
0
0
0
0
0
0
0
0
0
0
38348
0
0
0
0
0
139706
0
0
25675
0
0
0
47167
0
0
0
0
181446
0
0
0
0
0
0
0
0
0
0
0
0
0
0
0
0
0
0
0
0
0
0
13197
0
26736
0
0
0
0
0
0
0
0
0
0
52723
76625
0
0
0
0
42047
0
95842
60164
23632
52821
121704
0
0
31796
73711
58778
0
0
141758
14310
129745
0
0
0
0
0
55108
128286
0
77017
17812
79593
0
0
0
0
38803
177323
89929
29087
27771
66733
0
64224
752589
107009
29232
73666
147051
48358
109549
24389
0
169985
195691
105634
315556
0
436103
38467
1.53973e+06
1.21102e+06
79533
158763
0
318983
464182
200321
170520
81519
66974
200979
244856
108246
106997
207664
364968
0
40210
82365
68361
131849
30451
100790
243599
0
330747
167937
114381
225506
0
58882
22763
19563
20797
43565
100395
144266
92781
74202
411876
0
75075
178267
84119
177090
368837
0
137091
177427
24680
0
9798
0
15031
0
29634
0
47431
229135
70980
327021
25383
364505
0
99728
26371
38822
157054
163037
244065
22097
0
0
38320
0
106521
84486
0
0
76704
0
54638
174878
93243
70603
134055
0
542676
0
0
0
585593
0
0
0
415860
411634
0
11751
493622
339419
0
0
0
0
19287
18052
272130
0
0
0
0
64817
47514
15873
0
0
0
0
484112
0
63959
0
228041
483404
384425
120198
0
0
0
0
53233
0
227766
108120
38786
0
22647
0
0
0
0
0
36435
0
0
0
19891
0
116430
0
0
0
11733
0
0
0
11393
77925
26750
0
0
0
23087
0
0
78041
0
0
0
0
0
0
0
25475
40566
0
0
0
46365
0
0
0
71769
50873
0
0
206809
0
27159
0
0
0
0
0
0
31339
0
114349
26682
0
23023
0
0
0
0
0
29826
71996
0
64495
155777
86963
190409
280542
117625
66187
0
22675
0
11106
42559
0
0
0
139056
73280
0
51989
0
29704
0
0
0
311952
85387
0
69971
165013
19400
96982
74016
0
0
0
79744
0
10298
118053
62502
21819
0
0
88808
49148
181710
0
30591
127499
146418
0
0
99144
129330
376000
56819
85706
69069
0
27190
0
147680
75021
515741
0
64454
0
0
0
0
0
0
0
0
0
0
0
0
0
0
78386
0
0
0
0
109745
0
42923
0
0
21872
294902
0
0
0
0
51722
119367
183660
73380
37899
0
137084
0
0
215268
153005
148212
24740
0
1.20913e+06
168153
215601
20446
42154
103945
0
10600
0
0
0
0
10759
109612
0
0
0
34572
0
136664
0
29695
0
0
0
0
0
54040
12252
0
37780
0
227396
194789
37199
0
0
89520
185051
180596
0
188373
522667
55393
137727
197412
122133
95261
0
45972
0
0
24205
286701
98411
24032
0
111199
12057
166363
0
76212
29246
166435
50256
53988
0
65364
25535
80756
55371
53554
657108
44863
0
65085
21335
215571
108252
0
129160
0
182251
57907
72522
0
0
37686
0
20310
0
9743
43023
0
11300
82562
52328
81096
42257
51747
112239
274707
0
302790
110465
31145
207724
124890
41550
1.27607e+06
110734
295292
65001
10044
65527
0
63643
108582
74038
31848
19883
0
65846
197999
122590
182646
117716
188476
109974
9866
0
228875
0
0
585662
0
90914
31947
0
206166
0
176665
148610
0
0
0
58711
65975
0
40348
0
56013
0
67988
167408
52132
0
38431
64107
9933
0
56909
0
0
0
0
0
0
10407
24229
0
0
11483
0
0
0
15714
151108
0
83092
107080
74675
0
0
0
74419
59760
107570
186968
0
0
0
0
0
0
118032
10044
0
178349
0
16635
0
0
0
91364
0
19840
0
0
0
79432
0
51904
0
0
0
76115
0
0
0
100305
94138
0
0
72888
0
11518
0
0
0
0
0
254887
0
0
12573
36367
0
0
0
0
0
89968
0
10797
0
0
0
0
0
0
80876
15761
0
18070
0
54648
119137
0
0
0
0
101671
0
11642
20956
0
0
0
0
0
10720
0
95662
36998
0
50003
0
122675
0
0
70003
124267
0
306040
0
0
0
130707
0
30281
229016
0
19752
601070
0
0
66645
0
64314
0
22374
0
107061
0
0
311193
65808
22693
0
23493
11782
55929
0
0
53087
0
0
0
0
0
0
0
11221
0
0
166404
99949
0
0
0
0
0
71403
72405
39113
26307
0
39055
0
20309
0
0
0
0
117129
21431
0
157231
20490
0
25807
14434
0
0
32113
122397
11260
0
0
0
0
0
91483
0
133126
0
0
0
0
53242
0
0
20645
0
28274
0
0
841471
57989
0
80262
287473
34473
0
0
234980
110178
29631
88641
13981
53686
10595
0
0
74527
45464
0
0
0
159948
0
0
0
0
0
0
157505
0
0
0
0
0
0
0
0
0
0
0
0
0
0
0
0
0
0
0
136831
0
0
0
53526
0
0
0
41784
98250
10506
68319
248214
191191
71977
0
110298
0
0
0
0
0
0
48228
23432
93525
24967
20357
0
0
0
0
0
17837
0
11651
0
92864
163784
0
149963
0
0
83214
0
45746
53378
0
0
0
0
63355
0
0
196125
0
0
43405
55550
23195
285386
102025
136843
0
0
0
106598
19429
492320
25734
165972
71914
94154
0
0
55708
79268
0
139364
355289
299193
1.01484e+06
58830
0
0
24436
16479
275365
166167
12416
87015
78443
235840
0
0
9780
120815
105008
0
293121
0
295529
96205
404426
123228
0
16272
118153
0
0
140763
59516
54195
0
140604
516600
0
29598
200034
196005
0
228163
45505
0
307847
73842
0
0
26386
0
31196
10975
54622
169935
319075
50871
432252
22057
0
0
68736
0
0
0
77956
12386
55444
0
0
193724
54302
0
10223
53028
0
38509
0
0
0
0
0
89909
81648
141872
38177
299298
303637
518830
110603
0
0
184725
139645
180439
0
28682
0
130703
22775
9739
0
0
55206
0
0
179000
57032
0
0
0
173133
87088
46510
454111
134144
46583
0
11827
0
0
0
22863
0
73625
0
173923
48055
0
0
0
22900
0
43630
0
47759
139790
39356
0
77275
107681
0
21647
110397
54285
0
0
0
0
0
0
0
35436
128716
84924
30836
63152
93857
0
165056
23347
0
0
35387
0
10882
0
0
0
0
109113
14479
96761
0
46924
53147
10239
0
248536
0
260803
40215
151269
137845
44846
0
90370
15356
0
0
0
36587
24892
133594
69405
0
0
219108
107201
58157
0
97816
83623
74130
27683
0
0
100281
115714
95478
59125
107793
122155
107129
0
354062
86637
36633
210860
78136
57247
45242
0
0
87678
167771
12003
101676
56256
0
90930
13597
10065
43670
78912
247961
0
0
249815
505354
102744
196114
95383
243315
116887
0
60751
197921
415745
248506
200083
93844
179185
78319
170822
47506
0
196949
0
187646
0
52947
64121
134633
47533
16205
142103
0
135422
97838
157398
0
14146
102776
121623
94676
26320
0
37527
240455
20278
0
145378
343747
0
87475
371849
402370
218471
40547
0
307057
0
0
44799
0
0
209837
11483
56476
0
0
54535
0
0
0
0
0
0
225199
0
0
143705
10604
44443
0
128779
12130
0
0
0
9260
0
287881
0
284523
38226
10182
18566
207296
195770
219212
748916
140153
185505
48222
250842
0
94066
0
0
14575
0
0
57602
0
23309
0
0
0
0
0
0
102471
232739
19210
24866
152530
58576
143222
0
132991
63585
91752
12454
43003
0
67161
10867
0
187747
0
0
0
0
68355
188597
0
108690
236777
0
33426
10820
74376
171063
80433
56376
0
0
58016
0
0
0
143623
69578
13686
0
0
111342
0
357637
0
0
0
0
0
0
28211
0
0
9599
0
0
30305
27076
0
30234
0
84475
0
110968
0
0
0
0
0
19626
55532
0
496621
58209
0
0
197174
53284
52379
0
28181
0
0
0
19912
77804
63640
0
0
0
55809
44198
0
174805
47401
512099
51193
129575
99476
49111
0
0
59120
15820
0
13921
80140
0
42895
0
54183
21071
155902
0
42178
0
0
46803
18456
109657
0
26451
0
23509
0
36482
118473
249678
63108
0
14039
157578
0
29535
134958
0
78581
145583
0
31010
772708
207508
89993
24467
22674
128643
523980
169837
126013
528461
37922
253948
10008
74667
175394
181464
0
66715
0
45397
46545
106039
0
0
0
0
44881
0
0
133849
0
74977
0
0
13666
89507
66921
0
0
40054
0
184682
0
25615
94698
211462
0
10959
37936
50592
0
0
23857
41488
25084
149784
0
34331
9585
21088
11010
66976
73624
0
0
133304
0
51259
74395
40127
0
0
11560
30420
0
0
0
19797
81738
89403
68841
0
0
0
0
95048
169153
162543
161514
56906
10134
81500
61163
69663
91612
0
144719
0
13177
46273
24449
60089
91763
11581
0
36542
0
46444
0
14804
0
0
0
0
19864
0
0
0
0
55573
0
0
100910
0
0
95693
61979
57153
0
87149
59587
119718
53301
86679
441850
89116
0
0
78829
0
99465
10248
132804
21662
75839
264977
0
0
0
0
0
0
0
0
12021
0
0
30784
24087
0
0
0
1.50894e+06
0
0
204788
11929
32234
115159
58350
76461
0
0
0
50581
164823
0
107569
100535
0
23172
75940
99603
33722
62817
39683
44578
0
84308
41562
0
0
205885
0
21056
131930
0
57115
0
0
102270
67451
0
67562
159481
157811
0
0
248098
0
46367
0
0
38098
22368
17070
0
91655
27132
38131
0
202055
30535
62933
0
0
206261
0
50063
0
253772
22572
0
0
189275
166848
163462
510078
0
0
0
0
45494
57820
694892
68463
28878
0
234939
26038
0
431172
163724
144589
134956
9804
10859
44449
28735
41340
0
0
0
209810
92118
0
20886
175337
0
248729
58699
26862
16339
0
17425
0
0
44649
33356
290445
126001
11522
36403
24223
0
35951
68059
256594
0
77052
28503
30258
0
0
45501
75161
0
55804
35077
124754
0
0
0
94048
241704
235663
0
0
0
159640
92256
30042
33105
40383
243670
88385
0
220482
0
62648
336197
33478
27240
249118
93536
0
0
0
133318
0
23635
0
316659
269544
63376
82648
88792
0
0
28429
0
0
0
11033
261705
95293
195618
881967
0
0
13402
233754
0
179174
30841
77484
148552
0
9570
40530
75824
205876
216877
187422
80868
38621
153315
22905
42082
0
16396
33262
945429
205956
332178
49458
0
51653
923541
466347
0
46535
92847
100695
0
0
0
99736
127889
0
9684
0
222722
0
450870
173588
209950
0
128906
35029
90051
303255
0
0
0
281800
39097
156087
22358
0
13287
40505
59604
0
134727
622306
173422
172742
138586
0
106588
301185
487745
0
0
448258
49024
0
61869
22183
125257
155547
0
0
0
0
73327
0
0
25813
300967
0
0
21407
142485
47040
28871
0
125910
45962
11622
22432
0
208140
0
214841
35831
214200
30088
92831
202437
188029
0
121643
0
0
0
0
30668
0
0
0
0
57335
119249
50309
0
49674
0
0
25068
271871
241981
139485
127461
0
54726
399551
19904
24010
119627
129688
34844
0
633959
15554
35327
11986
48835
0
319966
275778
57005
0
50191
68305
12652
69257
0
71683
76672
155139
307150
110763
147628
508621
27702
383920
45381
0
224076
11711
43899
0
284771
32033
0
33791
104205
256735
0
0
69189
10094
91903
0
993523
0
0
176447
0
0
377126
22173
84189
204404
36267
0
20425
114706
201221
16955
154455
10518
111551
90036
260853
76806
81146
118882
59030
211227
169448
28842
48356
61104
0
44141
55897
92898
0
0
155076
0
46594
0
18399
0
0
100766
37512
69227
44630
29252
131480
34195
16101
0
150772
0
213546
162209
0
60615
18066
0
214893
13315
124804
262896
152621
110999
27481
57428
96454
242022
51514
0
44646
209581
22448
129966
358963
63258
700937
180663
853988
191172
158122
68884
0
120386
44522
220930
13260
220594
27599
27706
39237
255189
107092
0
0
228771
0
0
70161
97100
47714
127468
12000
0
50286
100999
40117
121117
174592
92172
22631
0
22964
71051
69091
185154
180885
20979
185138
152340
0
11542
174154
0
265309
22383
178790
155126
0
0
0
145274
21386
339748
617842
881452
1.01274e+06
141357
71646
27849
0
0
0
71805
0
145213
0
427306
109800
0
82108
59933
35316
84904
0
0
0
84044
53875
93130
21730
0
0
104759
72615
31924
134951
71478
26011
33151
124553
9999
197990
0
96140
115181
38571
30009
153882
90105
268764
48773
0
0
67859
256846
0
0
159262
431927
132474
306952
0
143476
71995
0
0
1.16781e+06
276076
761108
10410
142707
0
47102
77911
129994
277446
0
60456
115357
16450
64558
62740
190554
38233
0
220059
68182
282702
81883
106421
19246
109802
191178
21658
129239
97298
0
119039
73172
24700
190040
87787
0
81864
227517
93274
0
124826
27135
0
0
40955
120407
0
51009
86195
289356
134573
0
0
114718
130868
0
56563
37716
0
137492
65820
170782
77522
382741
0
21886
124087
0
0
0
0
52904
9869
0
0
223601
0
155558
73383
58791
22672
0
59667
92737
0
186954
50571
103212
625278
182747
22497
25862
175779
104565
0
232182
0
51874
138592
240956
264820
223699
139292
0
51464
268886
143400
149670
0
188008
137864
218800
94955
0
0
66976
0
0
41147
166357
277948
230085
1.0953e+06
90489
1.14932e+06
162100
610085
0
440591
0
83534
490100
349694
86785
0
72395
220936
143049
210894
49141
329925
139211
122999
0
160595
499782
362343
151108
299166
297141
67012
159152
159086
1.15388e+06
0
22200
1.95578e+06
1.43616e+06
49443
80094
0
0
23547
0
113372
173866
461661
0
60810
163911
0
16998
0
0
96966
0
160724
0
59229
0
126992
40772
70744
103852
161043
97218
0
0
74577
71096
0
27049
264775
10687
11740
96367
72141
0
29986
188490
0
0
155314
150172
47198
56518
90087
340633
0
71070
300235
10035
20723
241507
25962
0
74090
425265
0
55931
101287
0
127231
12489
338736
0
38470
68046
0
27438
96781
76765
55575
129118
282729
0
0
183595
305313
105211
28999
92421
29129
22560
0
0
0
19516
75040
0
0
24970
194145
18097
662824
284144
25330
199251
25655
119893
99296
160284
10382
94216
22852
0
0
100791
229987
0
0
0
0
204005
0
0
0
0
240426
245586
166293
72069
54492
161049
0
0
0
0
0
0
0
151778
255904
76509
74361
0
0
0
23035
23532
43614
0
96622
0
0
0
0
1.16741e+06
176166
139080
175867
252159
44173
70675
42298
135264
0
0
74322
27410
68299
33557
90629
146084
13746
42306
53592
0
0
69221
27394
0
71647
207894
0
268557
20390
0
82287
310562
52214
29704
117145
17010
0
177108
0
21969
73922
116511
0
79216
21495
41453
23319
0
230892
20934
0
66144
91169
135311
71044
0
114409
64083
47203
75288
46204
0
0
58403
42565
135924
88073
20147
0
55602
148697
0
0
147698
0
256131
25302
52347
0
30779
0
150945
0
0
0
0
87190
95563
89558
0
139435
73136
13126
0
102999
38600
0
106441
24057
33704
0
89423
0
134529
0
58991
10482
16897
70900
30768
192450
10949
436965
127018
0
0
53142
75352
26537
29070
63305
20456
480344
0
121144
51552
33234
9672
0
34575
23332
160308
225341
79687
0
97692
299231
131903
0
78971
194201
13310
192922
0
95057
19891
0
0
0
661527
0
79487
64733
179134
15049
159830
134933
52778
59766
0
27176
0
37625
0
10104
0
276214
38957
0
0
61968
0
145646
0
538549
0
0
30707
1.13362e+06
0
54845
225613
196623
183713
337277
220994
36015
139509
35020
0
72986
0
43876
0
0
0
124164
312501
0
21808
0
0
105427
36009
0
29066
0
0
97982
35226
79649
0
251116
122518
0
121164
284362
94802
38841
0
202033
135129
55693
19850
0
86931
26989
116004
70315
48464
71511
0
0
176453
46813
80763
153684
113383
0
102499
67376
187639
478369
169471
0
143580
29060
99344
0
54369
0
0
0
40575
71891
0
0
0
14286
190853
131154
0
51192
39484
43670
9540
0
0
84543
0
0
0
0
0
156936
65957
55256
135528
0
27484
41362
0
95469
85639
0
129164
0
91500
338114
56410
0
0
53368
0
132809
0
28052
23198
15717
28598
73680
210372
178963
23868
71151
0
72776
0
115761
0
95682
183802
84363
9504
278711
171608
983186
125222
280505
0
32981
88899
2.00363e+06
0
172253
238361
65749
236794
54216
44958
0
0
307635
85793
45757
62221
83606
432501
57521
155541
0
21184
190646
0
413407
369604
153164
92735
122782
396857
47606
244024
161674
0
30981
0
226928
269825
10890
167489
30050
133725
538814
115618
0
116450
256383
103992
109343
144000
372212
153039
235013
9940
540738
0
74927
274745
75375
0
881923
189623
101688
0
0
16951
203463
0
50753
207512
42009
325355
16808
76501
44778
553358
70380
0
36058
63319
78829
0
0
0
239342
156323
0
0
9677
148968
9909
351603
0
269855
118780
0
248548
64497
233661
0
39723
9911
0
25735
0
26072
0
242322
265307
0
48915
0
0
34081
0
28871
0
0
0
70653
40887
131591
0
0
25084
259588
0
43171
41371
0
43637
10694
0
129459
75802
0
13966
0
0
362401
48482
0
459780
0
65772
20075
36422
34729
20732
152389
0
63492
0
0
28429
359700
10622
12077
22079
31667
14852
10529
0
0
98883
9363
38073
35854
84560
0
36789
80432
95934
0
84268
20299
67701
0
28156
0
91300
0
163289
52035
0
330748
23039
62996
129852
35722
0
151927
0
0
40541
23513
280224
0
0
9621
30711
294392
0
128056
9270
271406
0
89092
122845
0
19629
0
0
431962
49425
739638
51317
0
73283
0
0
128616
289380
79787
83300
12966
19372
0
481335
180213
0
116080
34278
237304
0
72001
0
43854
0
0
46763
45373
29789
9475
0
303544
0
27042
26020
29084
10887
33269
194599
0
132815
248535
99305
281142
94730
13766
62249
203727
46851
0
109901
0
42610
0
0
0
500648
22232
151822
144571
0
22237
33501
0
335719
0
80613
0
329829
0
46648
74655
105762
32919
63787
0
134887
62617
28125
84843
101719
26578
171778
602998
0
112685
658885
0
10426
758672
95046
11471
15534
53344
0
186037
233045
122272
61920
27795
64340
100752
38529
0
0
326836
44617
0
93065
81441
0
171585
0
123250
258754
0
0
177433
43632
246218
0
46854
195479
36262
0
73334
79527
594694
0
51363
54793
0
223941
121211
132117
48853
458779
293002
129644
90034
108036
106147
57887
0
86491
363734
9924
100251
0
14487
0
626798
11599
23061
146701
97374
123034
225486
510309
0
45420
1.49472e+06
0
0
0
0
332471
13431
0
0
140851
327216
75039
12299
915469
0
21953
104353
334787
98744
52743
59126
66134
0
41816
69433
235169
325546
0
98359
0
424495
23441
179893
46447
26617
0
341154
0
73957
0
136490
0
0
69410
266600
0
0
0
139473
19192
62022
105515
58680
0
166852
153737
49005
0
69792
86621
37278
29533
153283
0
0
0
79248
9133
42821
0
35222
32516
34264
232174
24023
0
193100
508339
846983
181305
100961
135123
0
882374
633475
0
0
295065
173875
196150
126896
353980
149132
0
312805
0
148370
0
130379
182691
135776
0
380247
211623
290905
183935
245186
0
0
68573
270161
151808
78658
576821
157822
0
0
146424
226854
0
205250
0
68856
97588
161451
389204
0
55648
65338
1.15934e+06
10731
11423
12960
11018
0
98600
0
0
105831
0
87782
0
0
51728
81155
0
233481
25219
25950
164580
64367
105577
10957
0
0
0
0
24370
0
0
0
0
42707
0
0
54516
38103
102333
0
196873
91813
0
0
85579
112112
0
0
11738
0
0
0
0
0
0
200458
82752
331778
99731
0
27164
0
0
0
27473
0
59501
91261
54825
45430
0
0
0
54333
92663
65194
83544
269359
10456
0
34554
112890
0
0
106007
0
230798
121553
0
0
55426
61337
0
0
70266
230010
66593
26654
0
171033
0
150193
0
29912
11916
265487
173620
35797
130284
138814
75765
30689
199099
138598
270037
102808
0
192265
0
50651
96084
87846
232939
41656
363609
63651
0
627658
89827
0
27478
141827
0
23821
59743
44109
74271
147430
12904
267234
1.02356e+06
119680
78083
140214
113373
0
11740
60536
0
121152
0
85863
0
92648
9555
85002
11652
0
0
43970
639224
0
0
76490
137776
46883
1.30428e+06
61338
0
34744
68579
66976
42794
0
349132
0
17279
9780
0
427355
0
0
30243
33588
29457
687477
189585
46357
159120
390648
131210
106639
0
241731
32222
26111
163615
172602
0
0
0
0
0
0
0
0
0
33632
0
0
121385
0
29069
34092
485038
10546
0
44303
0
513214
72747
9579
109975
141750
195960
1.14855e+06
0
83942
76611
59820
0
0
63807
116085
338328
377654
96178
0
42404
75550
374692
674784
0
100706
0
66851
0
29087
177636
80315
54495
1.10566e+06
80739
0
53093
197799
1.07779e+06
10289
35803
48782
0
560080
0
195705
0
66582
208734
0
314585
220397
248749
120313
165861
134644
10760
0
185117
21862
0
0
40618
24135
62882
22335
469334
343996
10500
0
0
110424
164982
0
43625
649591
1.29553e+06
413600
48846
158920
370247
254627
28772
29866
0
0
1.1999e+06
54451
0
585209
0
899920
0
0
0
0
167870
0
80463
0
56548
164692
15966
0
241649
50410
0
325467
260806
0
135687
0
80937
21114
155479
113971
190429
10440
0
727823
26912
0
495129
165992
0
145237
0
27320
131337
0
968227
20599
11420
48722
16808
69925
914863
0
694855
0
248047
108631
0
112773
40208
138880
38201
137760
45602
38495
133469
41408
874495
0
12544
22112
230382
0
21813
57933
0
0
299671
0
208843
114025
24557
41077
0
54780
81109
10119
63233
0
429077
25839
74830
0
0
0
465308
371117
157074
112485
272781
0
415373
34275
15676
16389
0
44484
0
49952
0
212614
82550
1.0345e+06
23861
57734
127454
0
0
0
49712
27091
51742
0
38533
249096
0
459555
167414
62974
93049
192655
21772
43213
0
54633
99826
50061
170183
0
101534
52561
61878
29829
109730
0
210676
19010
445132
93757
362370
0
1.40502e+06
85494
0
86598
23490
144918
395276
198593
0
73084
0
92593
61628
10158
117725
151224
224964
0
216515
87222
22917
0
97520
69995
0
162211
0
24695
43224
0
0
0
560160
0
132321
111392
125509
10451
9543
41273
158170
112585
108278
35520
0
0
51306
0
184325
39178
203471
65698
0
0
0
21040
0
20117
0
18535
197130
0
23252
0
91129
0
24432
451319
1.0721e+06
591866
147985
137335
10426
252737
70303
0
183275
277417
182870
110951
0
0
184866
10608
34593
9996
0
26328
82454
52875
398200
401463
864351
31133
23994
0
0
267486
239249
92545
140213
11944
178063
32047
17586
0
265295
0
110298
134993
0
201649
315957
22249
599871
158206
163687
434364
21891
98901
0
77719
65543
146097
343139
0
0
37751
0
61517
0
0
87059
202274
0
319623
0
130173
140148
173508
568330
51461
99024
418131
637255
95133
147214
41336
457568
166660
38867
9640
220701
0
28030
148051
33430
225087
179244
247546
0
88179
152628
210570
463156
53501
183481
41043
28113
0
9572
9382
79821
193120
606463
246273
351067
231545
604659
238066
0
0
272988
90548
130503
347928
513967
256773
197802
22904
0
122719
445559
90539
0
82042
12065
11984
115275
649687
553433
446223
