495592
145110
96688
21797
995567
0
366378
482228
0
101867
648750
290847
530809
202901
123908
103791
779885
438445
1.02007e+06
0
0
516528
161163
575244
0
88450
0
326846
226281
83572
0
446635
1.67299e+06
214412
212357
47350
194346
243395
441963
917759
400399
260487
397880
364294
419577
623071
620458
1.05654e+06
0
78170
0
80941
0
0
1.13388e+06
18816
281821
0
1.86225e+06
1.46063e+06
978858
195890
849317
276898
243255
44184
26403
278974
293804
0
0
24810
0
0
0
0
54221
0
0
21518
284528
0
0
176386
49518
0
0
206172
646017
658651
613833
201758
884901
1.18581e+06
153325
138585
362446
0
612745
876918
144982
171882
30284
220117
0
10985
49476
163531
719236
83196
601157
1.96067e+06
419763
319102
121470
83928
53540
1.66182e+06
0
85889
316686
315181
124890
290368
174392
1.17805e+06
836350
500022
20627
0
717084
0
22554
390225
221932
20993
179676
0
1.13492e+06
1.11978e+06
607389
409512
132997
242208
245442
61149
0
0
105044
521390
21742
163979
117510
320705
162294
241491
37691
510673
201163
0
234810
229298
25359
266943
53642
0
524892
106171
153765
579193
0
84107
1.59657e+06
304908
328269
272218
178751
0
60317
0
0
0
36845
21365
0
0
69678
0
0
0
21447
0
0
0
0
0
46598
38861
0
34958
225009
0
39380
0
32459
70321
0
0
0
103652
73450
0
0
213638
29401
107277
0
0
95450
131884
0
381010
443853
101860
0
342810
47513
403482
0
0
13959
318720
0
21960
69243
192263
234100
50219
306244
101758
97443
278987
86472
535069
119865
86567
201591
86088
223417
0
181820
424169
226887
178445
388552
576853
418480
610653
400121
0
147660
242405
347776
91932
897476
609633
475549
513813
94697
55227
496531
170965
350795
66831
0
0
0
10805
54391
51565
0
19231
0
0
0
0
0
19510
44433
0
118412
270842
0
9340
385832
77714
100940
250411
161001
112369
40142
318883
55726
36999
250052
270005
21643
201074
23058
0
82750
257204
79744
233606
422752
312635
618858
150595
45803
416350
222129
40177
0
21355
125985
0
59396
0
100390
0
198638
128112
138146
107084
92317
0
53621
16441
147641
295820
78747
516446
208303
137530
353097
102992
166330
30023
236326
85107
400023
214129
0
51398
71484
0
129257
97976
132396
544524
13751
69953
386543
480714
38994
318927
59060
19430
22207
288725
804176
129094
0
23663
112320
33230
0
183752
299257
997261
34802
315556
24497
0
104305
35507
94302
181483
417222
268156
76334
267283
0
212785
960344
0
108948
129621
0
1.17099e+06
911337
344344
165769
41464
580448
82191
45103
1.00097e+06
20076
174101
227274
268367
130287
10237
299409
941043
41511
30359
118709
34395
55372
276185
987673
508069
302713
536179
77044
387037
44766
0
98343
0
217629
0
792472
900218
0
0
868831
573789
0
0
69659
84694
0
197662
113694
12256
0
55954
158313
189129
543307
236035
0
1.21114e+06
117583
91763
91667
83455
20054
232504
234170
289381
212557
46721
47446
169075
18322
0
21618
177985
37371
259230
70779
0
125636
0
423674
63913
19847
148279
0
0
0
0
54578
303989
43918
134111
95733
52434
686186
0
0
0
0
54683
24050
0
0
207485
0
164678
0
196766
56612
78121
42966
10438
28210
0
0
48979
24270
146564
120284
270804
546296
22138
58374
42400
69262
141526
0
0
586704
503932
142474
445220
0
117745
0
24964
98459
0
78395
185557
19118
0
0
40973
242510
712660
0
70702
0
110890
0
0
274107
98120
287535
59470
395176
0
758018
23977
45776
0
21592
285573
0
13435
0
52238
61343
268289
0
0
27446
18049
325917
21374
0
62886
46317
114072
904984
0
0
111677
0
123253
0
74878
214578
55246
516172
308022
0
0
420590
74219
1.59187e+06
73465
57935
68261
51201
117152
40476
0
87639
704189
46534
119889
181033
72863
80492
0
93008
126885
126935
386997
0
40823
128077
0
0
70595
10546
500045
0
87713
0
0
76489
158188
0
80453
22167
0
235604
393538
20255
0
0
0
76620
614781
39502
128863
218711
55781
0
0
0
0
56297
18548
72392
23227
58588
21499
918364
33678
0
623797
58528
724943
0
0
10010
44150
0
0
43484
29632
0
20344
0
0
1.22579e+06
0
69171
0
0
21392
43452
26423
329068
391409
0
0
0
66310
0
146550
20357
136692
429055
0
0
0
10509
0
191954
53712
192315
59073
58112
335733
24990
0
22608
49920
24700
0
0
200320
0
70515
96287
0
0
105351
0
102460
170251
68459
0
84770
43309
366421
130066
171720
293735
0
246661
46202
113996
0
251144
0
21855
97490
0
131917
0
0
57019
88882
81522
165279
48965
85018
1.80896e+06
96244
231668
31159
233905
0
0
24011
0
19570
0
121755
186094
55854
53681
76074
194350
0
24493
0
65366
219509
90607
0
108525
334409
274603
61906
77308
54863
25019
24280
0
555207
124961
0
416782
269825
14800
0
84220
266202
80351
334778
95998
76832
0
123252
225103
24693
30036
0
39039
0
0
0
0
0
173138
0
0
0
0
88968
0
52106
19770
147701
337913
80131
0
195080
9777
25193
0
0
53028
0
0
0
573104
22024
105340
281577
0
10178
0
28726
35485
0
70688
0
0
431993
19344
53429
0
0
0
0
0
333207
0
0
47539
0
0
0
0
0
0
0
0
0
0
19274
0
0
0
0
1.0185e+06
0
0
0
0
0
0
136843
0
623896
289418
9241
0
0
0
0
28678
128105
40925
0
20852
0
0
28794
39564
87544
0
121905
52283
109413
21477
114799
248947
56837
47327
20535
0
178694
0
54219
0
0
22956
0
91258
0
100797
0
0
0
34017
34851
69044
0
39543
202602
55479
127724
72248
65813
32334
117002
248110
114900
0
0
294909
0
86554
0
0
195058
0
202572
121124
0
13360
0
0
348767
33295
0
0
844491
0
112263
423977
0
0
50380
181326
0
22469
118946
20590
65213
220439
0
115765
77353
0
64572
99673
20757
109747
279110
0
39311
53502
159408
385708
0
62598
35141
432575
79807
124110
247784
74202
20522
228396
343248
147593
48037
0
19118
492654
221054
0
117661
19160
53503
186186
48460
735111
163458
120088
205961
0
53216
0
156248
20045
76303
0
0
21040
56180
166668
67006
0
13478
157832
16139
83680
81347
51946
0
61478
60379
163848
113477
0
0
24239
0
0
0
0
0
28400
0
0
0
39126
0
0
0
63672
0
0
0
0
0
0
0
0
0
0
0
0
0
0
0
0
0
27580
0
0
0
0
0
0
0
0
0
0
0
0
0
10800
0
110713
259137
601927
209647
0
23179
0
34155
0
0
54061
0
0
0
0
25531
265868
97638
0
0
182230
0
0
0
174995
30726
0
0
0
0
0
0
0
28848
0
82932
45014
0
0
23595
0
77889
0
0
84275
0
17626
0
0
0
13364
0
0
38218
0
9728
0
0
0
0
0
0
0
0
34088
132692
0
0
0
19403
28265
0
0
120886
57930
0
87247
0
10483
0
31536
113238
0
202376
76404
0
0
121480
30940
174183
0
216029
76753
43910
27185
124362
0
0
468830
119105
877069
135746
352539
142232
296687
128988
0
12844
140660
0
11405
0
426402
444311
298814
140616
343412
39063
0
0
0
35750
123279
320629
80224
0
323876
0
32578
0
0
38571
403484
39290
0
19085
109195
612360
66054
0
0
0
11961
0
0
534433
0
0
0
0
21295
0
0
0
0
0
0
35638
0
0
96438
25021
199670
21899
151852
0
0
0
50294
0
0
0
34239
9787
0
0
471824
9498
49010
50228
0
0
76629
0
0
0
42632
0
120732
219189
405994
0
0
0
0
0
0
0
0
0
0
0
0
0
0
0
0
0
0
0
0
0
0
0
13627
12240
0
115931
0
69478
87408
64675
0
179143
0
72801
234481
595968
103155
127946
120312
126074
0
94371
118181
16611
0
226828
0
177900
142017
46485
123567
74673
21027
13665
107151
0
87523
0
142624
12508
0
0
21525
0
34995
0
0
0
0
0
0
0
129247
0
30870
30886
96424
10794
29292
65631
222287
143772
261608
60898
63102
0
0
87833
0
33875
0
0
71805
232831
63297
52663
209756
0
0
219259
197682
29157
170188
74584
161995
41638
105897
0
0
0
0
0
50241
79875
52156
13993
0
0
112099
0
58840
22274
110816
0
0
0
0
0
0
0
0
25849
0
0
0
0
65578
11343
0
0
0
0
0
0
11314
34874
48765
67683
67705
74059
0
0
0
0
1.02626e+06
54753
363626
0
22295
30682
40373
0
353844
16765
0
0
0
35462
0
0
0
0
0
0
29899
0
35913
0
0
0
32122
33613
441474
0
0
0
0
0
0
0
47330
0
0
0
0
0
0
19937
0
48941
25828
0
0
0
38607
0
0
56576
0
212784
0
0
0
0
0
45726
28196
10728
0
0
0
37208
0
28131
0
0
157696
69905
127272
0
0
0
0
0
0
0
0
0
0
0
0
0
163872
93073
0
0
36559
0
0
58185
54598
0
22455
9569
0
0
9493
61422
0
49944
0
0
0
0
0
0
0
0
168310
136206
0
111543
0
48808
0
70868
0
23430
0
0
30906
18663
0
60296
0
47332
288309
0
0
0
22196
0
0
0
0
0
45926
0
0
0
0
246604
0
0
33999
0
0
0
85486
0
35150
0
0
50053
0
0
0
0
0
0
101657
0
19569
0
0
0
0
0
0
0
21510
0
0
0
24239
24414
0
36929
0
0
0
0
0
59810
0
0
0
0
0
0
16170
0
26222
32727
0
25192
0
0
166183
111306
0
11044
0
0
0
55425
0
0
0
0
50159
0
284585
0
0
0
11309
76764
80682
13667
69464
75333
112516
0
54330
45527
475184
0
0
206752
0
279457
0
0
0
300267
19641
44113
0
45401
11116
83181
90702
0
118597
95698
246386
85796
9651
693240
252805
272856
452016
602607
0
649101
0
10076
0
512126
0
632174
409642
583697
373736
23367
0
0
9551
12058
129067
108344
0
58080
228132
235887
0
105845
75381
14477
371865
139373
635066
282648
320121
70975
148896
49878
47232
82403
0
68688
0
93454
56157
354278
32136
240732
220427
111744
211337
43857
228930
0
69810
103283
10632
76202
275198
54996
750015
0
25879
120266
0
0
61924
0
17150
37691
62147
159056
12425
172035
127548
0
22394
0
0
0
24290
69706
284172
0
147472
0
71016
59223
22490
203019
0
22866
58444
0
102312
26856
10032
0
68727
16608
0
72997
11889
52442
51537
0
24888
45967
60622
0
0
0
0
0
58698
0
218306
27970
54551
0
221730
45211
190127
315592
9143
15942
209303
12724
49021
91742
87896
54692
0
74022
44356
37568
237898
20966
36062
38361
31033
0
0
0
0
0
0
163773
85469
0
0
0
0
34708
96452
12750
75092
0
60991
0
0
114647
31788
0
0
61407
9942
0
41778
0
0
0
9569
25853
59021
37137
127773
41339
302754
93967
107231
44724
192833
20992
0
35685
56074
42022
23872
84929
33370
0
0
0
0
88868
131344
0
67535
60718
0
0
35861
53746
36225
88818
0
0
22794
0
0
0
0
0
0
39448
0
0
89369
13924
0
0
0
0
0
20336
0
24197
32387
47447
0
0
0
0
0
0
0
0
0
0
0
0
0
84359
124969
49883
9861
228104
171849
69344
66064
280204
310839
0
44317
14440
0
0
135348
0
0
48212
34262
413439
21763
130164
126795
293153
0
132842
366904
31019
213572
153418
463916
78573
0
21007
22921
54422
0
0
55728
65006
40874
11912
0
0
21596
324709
14466
35853
45606
73548
83617
82229
0
0
167593
0
0
0
66377
173167
30518
0
121820
0
0
243493
199401
52810
63225
0
10335
15241
74230
14503
304677
0
0
276729
19792
0
0
330274
327296
268944
10246
25988
197797
19420
134383
112028
311963
164483
216312
131634
215344
22128
295404
191694
24709
54473
126840
33525
132982
0
239035
27171
143482
50833
30222
117495
89619
219845
100236
84407
34453
153633
356069
121840
60896
115498
14843
162793
255923
244330
10387
168684
121499
0
79231
200864
51374
0
128070
144531
96010
140099
87353
12519
118817
144601
62026
136612
10026
0
37975
56965
122252
49894
24933
0
24468
0
56106
0
0
205214
278635
143899
0
271583
239609
299763
48109
129729
145461
85979
0
0
32933
0
170102
0
215841
267333
36305
88323
0
47994
117331
167123
46624
122571
49806
55454
0
128553
0
241362
195217
0
26412
0
46028
20268
0
105238
10103
0
48548
71313
161224
81520
61346
11165
16565
0
0
103435
337133
0
350278
80483
0
0
33849
87562
16084
127693
77271
0
106998
0
0
19513
33364
0
42817
9429
194677
90093
0
105790
80361
31788
124612
0
0
78746
23478
0
195385
76932
0
26813
18829
252871
107482
579140
40603
0
31193
0
0
21613
26236
33025
55079
0
0
41934
0
0
0
94951
11034
0
200370
32238
18030
66855
211525
67716
9899
49677
23344
0
671654
75000
35715
37521
18488
119065
108064
0
92590
0
12238
73686
100592
107551
62295
0
20388
31926
42169
0
70394
54795
75904
17414
24831
108637
73182
57626
0
73703
143593
63626
28261
15030
67341
0
117943
51026
134910
0
0
46530
0
25573
25498
79080
0
116138
0
0
138778
40761
130118
232257
0
208007
167976
10512
23278
95923
0
0
0
24479
20618
17982
22172
131016
76462
70388
52510
41225
0
0
52209
51561
128369
491303
28420
45024
36209
90759
90132
64233
74707
137562
61267
220091
12647
43884
23355
102964
187818
0
51505
0
29926
0
0
39222
0
0
33328
70614
68262
90628
173658
0
223567
171002
0
282676
130918
121913
345987
25431
19775
12804
107940
138435
744602
110825
382879
0
197917
330888
231833
0
95923
11208
40548
0
38065
91878
14291
32782
0
12963
20232
199773
22850
0
63729
59272
0
23018
0
0
43979
44057
13115
0
127846
0
50379
37717
33636
300802
105943
288684
44319
0
288979
59598
196122
37333
22406
0
41129
0
99130
22357
0
0
0
0
0
9877
82512
104844
85074
0
0
36070
111704
29061
135251
0
83977
0
0
36685
0
0
138665
75858
36803
73140
0
29932
1.04908e+06
0
0
44172
26637
18241
0
839551
69331
52636
39273
0
19166
40041
0
157119
0
90462
404239
58132
72820
28634
250089
0
31427
38493
315056
0
0
25819
179222
0
103686
23338
0
53067
254026
156396
346921
24407
0
0
0
97662
20290
68929
24014
47455
179047
22434
0
16621
35259
65224
0
191922
0
176184
57033
113027
102473
57083
26036
157780
0
0
0
0
109115
20310
38906
256823
101345
0
0
0
241947
0
0
44572
0
0
0
0
0
112736
90098
109483
9861
0
0
128063
0
0
119290
49371
0
0
0
0
0
72378
159117
158946
31213
52318
9746
81669
39819
0
0
132982
142498
84444
0
50460
136609
18267
52694
192081
41966
205973
162718
0
100565
212788
0
19243
53350
0
55746
515480
20667
0
0
0
0
249387
0
0
299972
19508
200234
10111
0
19773
46543
0
88053
11324
0
88989
27289
44432
24385
373911
76956
110181
78379
152522
80460
11458
286970
232183
19234
49051
0
129506
0
27254
67573
30962
290646
147723
0
13100
36266
80189
119907
39635
0
0
83469
295196
0
157740
0
100414
271346
54049
0
50382
0
0
100293
18635
27839
22111
50551
44436
114008
78150
69451
0
0
30018
0
0
50431
0
14998
10490
206119
0
156493
58965
34144
53414
23257
0
0
181852
94258
9728
63462
72924
0
232638
11454
231527
172658
20994
99493
22718
97971
0
0
0
0
34222
87467
114094
42472
245100
0
9341
802062
42051
52330
211458
25134
0
25493
0
0
181588
0
0
0
27273
83214
85732
83955
112213
0
9814
13520
0
0
55164
111669
0
47269
104718
67794
50559
0
72118
0
91695
29376
9627
26246
276795
305773
374492
0
0
116917
0
63983
0
25664
183885
53820
31620
21197
0
0
50833
42742
12781
20144
28564
97938
0
0
179778
22371
0
0
117735
0
0
0
66086
30590
0
0
0
0
0
0
55576
51486
0
38012
0
104742
36110
0
57208
0
0
10386
0
0
0
10070
28772
0
109311
17425
19254
0
0
0
77464
14804
73359
0
15239
0
0
64942
387887
194102
88268
214398
203855
287593
320459
286519
56202
124537
475238
874126
28252
156291
254120
51891
24265
0
94519
191297
118204
31653
174583
46935
54118
486274
0
308379
43493
0
128688
26211
22872
186255
0
0
0
81352
50910
21740
63482
26192
0
0
0
48474
0
172468
12546
57249
0
0
0
552962
70165
50354
0
105988
103077
262941
23520
129636
0
154701
58859
129345
0
138622
231401
113468
0
201341
181507
69169
40635
55659
93356
0
99941
71522
0
19910
19117
0
210376
215602
129174
0
160625
47223
27453
10474
0
0
0
80047
0
355696
81884
0
0
0
0
148693
22679
428838
222213
171008
0
0
12994
54185
95778
172941
0
0
81941
0
115455
10346
38748
10885
92478
10386
62927
95659
22516
51853
0
147667
0
135571
72142
18383
19111
0
110295
130227
61069
37289
0
9631
177618
79388
0
84445
139625
9535
12851
0
43020
0
0
0
0
135536
26719
0
42484
0
48401
39140
0
0
0
0
23359
68103
0
157459
73387
30220
0
0
0
92988
0
0
24941
0
0
28497
53063
94160
67725
36414
93010
239849
38022
0
14206
0
10013
0
0
9875
82474
0
139832
39243
21446
0
0
42012
0
0
25695
11436
101828
43692
38401
0
29296
0
0
0
0
133148
60411
0
11465
256198
0
70989
23490
20337
89485
0
79269
18698
0
170053
0
0
0
107100
99415
46741
0
125072
104318
23225
147986
0
33868
22847
0
0
83388
21891
167423
61677
112410
27810
0
0
0
135984
9424
37746
37258
0
93539
20238
0
0
0
202017
31476
0
0
75316
0
0
76055
0
0
139527
9520
74852
53516
23996
0
0
19658
0
0
785009
39176
25516
159012
514528
48054
0
187378
0
0
34752
189690
0
0
143943
75822
0
0
349727
0
27916
33775
0
153093
0
0
0
19405
19945
32983
0
0
0
0
12968
0
41449
99613
0
0
0
43055
0
9546
0
46129
73389
356421
10496
57368
124653
53428
0
0
117266
73236
42328
0
108727
403555
106185
99317
10944
178488
0
178085
174212
84708
253515
268568
21397
110943
202630
281097
64809
172524
0
237408
9852
0
0
95535
116665
10670
41366
160067
686360
198900
180578
10785
332548
81887
11519
192729
159530
339599
0
78241
351357
168951
279267
0
94873
130068
58930
37824
248132
139954
0
26664
99226
0
69098
20920
134589
11489
68671
0
135549
364851
20116
30952
131954
0
0
0
133892
21016
0
106440
94526
104200
23211
38188
42044
0
12072
57864
0
44522
27935
0
0
63581
0
0
191996
0
0
0
0
71432
25934
0
109229
0
31825
107101
0
0
53649
82647
0
0
29659
76705
49498
0
30019
103852
0
0
167211
0
45027
77750
0
22353
104087
249001
0
0
0
0
55568
90314
57354
21573
72106
80571
0
14110
17553
137978
0
59540
222595
51434
0
27957
173313
66269
0
0
0
0
0
61512
0
31439
0
0
0
0
167835
107337
43311
47352
86304
45016
23210
17972
0
12154
0
147139
0
64031
0
0
221559
0
0
0
62825
56103
20151
0
27282
123161
63415
46528
40372
55081
9782
0
183380
0
0
0
0
76389
27384
178521
73257
0
44268
0
0
32488
106963
0
90042
0
58943
0
34031
10215
80710
213551
0
0
25103
0
0
0
13996
52705
10545
55223
0
0
0
0
12686
39405
0
0
73045
0
0
22262
0
0
0
0
0
62157
0
0
0
0
78129
0
63306
0
10803
0
0
0
0
0
29731
0
0
43653
0
30099
0
47476
0
141960
33326
76692
12688
0
43636
14588
0
0
0
91738
0
92314
0
0
94881
0
0
0
0
153668
0
0
0
75741
0
0
0
0
0
31154
21884
54389
38162
0
0
118775
157196
0
103623
106015
22653
0
98748
0
0
33182
9880
81197
27727
70808
84581
29510
0
0
0
0
116288
15689
151700
46918
70489
0
0
0
30781
73095
0
0
65560
0
182154
0
0
78765
29536
0
12147
200919
54289
40740
72775
107420
9495
64274
31217
210464
0
0
62182
71959
37662
28556
141995
0
74967
245963
0
81462
48486
36224
229782
0
201572
38710
53700
9577
51280
22457
64982
120045
10727
0
0
57734
0
112158
0
74762
0
0
40049
0
47635
10669
0
691197
48788
16342
0
0
1.25123e+06
49050
0
36180
0
207488
131134
0
29069
9834
12372
0
75872
0
99318
44458
108631
0
64598
0
41483
14350
0
143773
28574
27037
0
0
26827
34199
88189
0
0
0
0
133557
138335
0
116853
60427
23533
0
18871
60672
40876
35718
0
0
0
0
38044
61479
71048
82473
13044
140288
666353
0
0
0
0
74792
20369
111125
81537
300856
0
90397
47875
53781
39871
17340
107366
73663
0
0
0
171019
0
24055
0
63717
0
0
48307
111364
150426
0
47807
27069
0
0
84855
0
29128
0
0
80947
133915
91737
22456
48325
0
0
26001
34179
37808
22289
0
26446
149942
74753
356588
43414
0
0
0
23248
0
65759
34720
207785
68757
0
23134
307257
0
259045
38390
66087
52490
0
0
122374
84526
0
12822
10275
58379
25880
382778
0
101746
0
0
0
9780
0
0
35188
0
30996
48328
30496
0
115287
297396
115895
0
0
64087
0
126092
64830
71489
12491
31541
96014
0
105138
48758
20719
0
0
288082
69000
0
23977
11698
52698
67453
17303
0
13965
17325
26173
0
0
171696
39582
153088
0
60680
40001
0
16990
12892
40328
204028
0
0
0
11998
0
37352
100512
0
33312
84580
295881
0
0
0
34613
0
0
0
40512
33793
0
23583
0
0
43160
0
0
0
24813
0
88420
0
207925
0
115892
0
149471
38193
173271
0
24657
0
0
0
0
23823
24620
22547
0
0
0
0
0
0
0
0
120403
40552
50913
49487
0
0
16314
0
0
0
0
73503
0
51593
0
0
0
43643
40716
0
0
0
169517
0
76142
34921
9560
0
0
0
0
0
20807
0
37361
0
18613
46172
36606
0
0
0
32185
0
0
0
0
0
0
14458
0
0
0
40867
0
0
0
30415
0
0
9604
0
0
22360
0
0
14528
0
0
0
64241
0
0
69942
22926
0
0
11049
19738
42755
0
0
0
104981
187045
0
0
0
0
0
20335
11225
0
11657
15804
0
467366
0
0
36202
0
0
29589
0
33495
96250
11860
120937
58588
0
140630
0
64455
0
45464
60056
210153
0
88720
0
19785
0
0
185462
20174
24732
9545
71023
177529
0
0
0
0
178280
259366
23372
10998
0
10169
0
116974
125131
31103
60955
94843
0
0
40641
0
41917
0
17976
0
28970
0
64905
19018
0
0
77768
0
275988
0
0
0
16086
0
0
0
90501
0
0
0
88225
28211
31186
12067
62919
0
290602
0
11021
207421
20300
0
0
29437
10876
0
34897
0
0
0
52175
0
75126
0
27094
76243
23872
0
0
0
0
47132
0
0
83027
0
0
0
53059
31498
0
167651
16981
75291
21533
0
0
0
9999
27017
61935
0
0
22992
40204
26762
51008
95491
0
23815
162254
44574
0
0
0
0
63931
83821
43230
0
28182
89772
28145
0
18379
84137
154040
0
54171
93878
13260
57807
70187
82500
130602
0
0
0
10676
46665
0
144831
131457
81053
55630
56458
23395
36258
104670
0
0
72443
64184
0
0
18360
170080
0
0
44737
88886
96708
0
115745
0
31009
20096
70102
0
0
9677
35347
21981
156967
43492
108578
0
20411
90619
160975
0
97158
9527
0
9575
36531
79575
14391
0
74971
82874
23932
69506
0
0
10346
0
53321
9132
0
0
0
0
30767
31724
0
0
61196
192476
26303
0
83522
82112
109311
156175
63081
108499
0
477126
21183
196267
0
234392
128019
50857
91705
136357
94399
0
120846
0
211169
146293
129040
114165
91137
97218
147140
130658
0
172971
67787
82912
0
57175
119598
265322
176157
135977
256195
0
0
112357
282778
19206
304525
21663
39809
122875
140522
22010
0
0
0
0
14362
32132
0
10276
0
0
0
0
270598
0
33407
18742
32463
145227
115930
0
95255
0
0
15644
476788
23476
231299
0
0
11519
19061
43860
0
0
45628
10901
323224
0
0
20411
0
28806
22870
434320
0
0
0
0
441476
0
0
0
16614
13589
0
0
0
0
97065
0
0
135221
0
0
0
59942
0
19496
19799
0
73811
46846
0
32982
9649
0
25203
14526
45575
130024
164139
0
24531
38660
0
0
11567
33790
0
222968
68800
0
0
0
148706
0
0
0
208107
0
0
0
176674
0
52724
0
52092
0
159960
109145
0
34098
0
41490
42180
72768
73667
158575
20881
0
185375
0
0
28650
0
13052
0
202162
19828
816861
122889
23736
0
0
0
0
0
75594
0
0
12285
0
224951
400346
243329
94999
99876
242391
42393
102880
0
9752
30425
17304
0
0
0
0
37826
0
29108
36792
59697
47086
547238
0
0
72771
47999
125037
31307
34552
0
0
72149
52008
21637
61906
22775
0
24579
0
993739
0
32295
0
152657
76831
0
569673
35798
755079
264398
95715
131107
17731
127909
0
0
152824
72859
0
0
0
36644
0
110497
317083
0
22883
161653
13169
0
104519
0
14074
87678
0
22283
55522
91871
26158
92183
60062
0
0
0
114955
218486
155120
23682
0
0
0
0
44321
0
0
0
88150
0
0
49389
0
0
0
78403
0
48809
75114
33369
61888
52222
56734
0
0
0
0
112722
105743
99750
79279
13185
52690
91322
9744
0
57639
10542
136288
0
39153
67597
15606
0
35552
19953
11476
9690
119496
0
0
0
0
0
14427
0
127042
140973
0
9556
0
0
174322
11601
166405
0
0
0
247889
44048
171667
34435
79271
19873
106983
0
52631
0
23038
58135
29953
23262
14527
28758
0
42327
72246
0
583320
0
20645
13230
0
0
54476
0
69563
149360
49105
0
51699
23301
51627
0
29478
0
0
0
0
54492
49555
0
26736
50810
99320
0
0
0
0
0
0
0
0
0
81621
81126
102759
0
110935
13569
44911
9444
0
0
35721
12687
19415
52575
0
0
102622
0
114526
108285
64139
0
65238
0
25035
88532
0
20547
16024
53289
0
446371
0
0
66091
40523
0
0
93187
267562
13332
1.02932e+06
45661
0
0
0
514430
97764
55476
0
0
0
71316
69262
0
125287
0
31241
0
82038
0
149871
31743
79663
0
0
0
0
0
0
0
0
0
0
148305
39456
0
29207
73047
76390
40882
23358
0
0
9274
0
0
10249
289092
47105
28636
35590
57688
334118
108201
159480
13014
0
17112
93630
168277
0
485565
22378
0
23495
13504
51055
35912
0
0
28697
0
20271
0
0
0
0
154781
0
48346
30530
0
22978
0
0
146516
0
0
0
0
0
0
0
66502
0
38117
45900
65013
0
802729
0
25841
48199
0
65775
0
387605
0
0
133889
0
9816
0
9800
0
0
485505
0
0
0
0
86195
0
0
68988
0
0
0
47587
63431
85342
298403
0
0
62165
0
19179
128817
33206
0
27480
0
0
0
0
670984
0
0
0
0
0
20280
50275
0
68642
0
78967
61752
0
85854
245638
51807
69404
97128
28509
84130
32197
35685
86488
0
49315
224252
169344
264238
72806
49329
0
27243
0
12467
29951
31858
147893
79227
517421
232875
0
0
479111
190496
0
0
0
0
42952
0
78796
0
0
0
186521
263940
28528
0
146705
519584
0
0
114835
129670
37069
35718
300715
0
0
86876
42002
205975
89814
42853
46183
0
0
37343
167095
60566
0
60326
211566
9776
0
0
0
97237
77376
238611
85146
25947
121260
232207
113967
0
0
102955
131273
121571
109268
170619
113320
46637
0
0
65469
320733
390537
65462
99615
0
0
0
214683
201015
42215
