33
8
15
0
12
34
24
12
21
29
7
8
15
90
4
33
42
32
8
0
13
23
95
26
9
0
56
96
70
14
56
31
108
59
52
58
0
59
96
59
15
105
63
99
49
102
56
134
192
0
61
104
17
163
103
0
22
49
200
119
142
135
122
186
395
18
28
167
83
0
203
49
122
16
58
837
67
0
11
78
125
44
0
9
22
16
157
560
110
92
103
32
122
32
16
64
112
88
75
257
104
245
115
116
175
105
289
164
98
73
137
547
117
168
111
268
0
416
65
103
190
21
110
475
163
403
177
260
23
304
284
149
95
130
76
242
105
0
114
191
305
544
149
392
288
428
231
167
132
385
117
33
375
202
172
1137
205
547
409
353
154
0
0
214
50
102
148
233
370
381
211
192
809
284
180
337
192
260
272
117
28
82
68
195
45
875
552
117
193
457
1788
525
221
116
0
52
678
1208
211
278
540
1280
639
1205
323
1087
804
195
24
208
150
652
127
666
604
424
267
33
461
405
282
309
176
55
158
169
725
412
0
209
129
480
670
134
236
289
290
200
315
203
565
245
270
768
96
228
518
150
266
46
229
477
350
353
397
297
858
526
274
234
299
798
646
224
925
768
1024
516
255
214
522
740
1602
116
515
100
34
1010
1394
70
132
83
138
51
906
182
197
147
37
512
133
337
539
72
943
487
440
398
337
441
505
345
111
252
496
650
71
273
94
249
76
1088
277
296
402
416
983
236
565
569
387
1090
313
169
585
428
571
249
720
223
1061
543
480
182
250
51
709
345
598
476
638
1194
280
140
527
334
503
1100
651
319
684
357
39
222
179
441
727
248
1113
908
224
455
409
730
467
1192
199
715
393
296
1039
515
126
136
88
1132
631
721
944
554
552
1072
165
205
904
256
341
895
1138
2397
384
465
0
395
810
239
444
107
135
789
428
749
285
244
562
234
176
531
533
414
237
457
389
72
268
1255
134
470
608
75
530
529
474
1413
843
765
326
1132
673
380
623
361
568
722
664
224
362
559
636
1095
1524
0
1145
436
95
504
333
387
346
185
1659
723
547
364
1107
788
1474
599
513
577
256
550
325
671
457
204
248
2544
41
396
546
437
340
585
121
447
528
394
1721
396
142
542
371
90
571
265
660
444
264
448
350
714
615
253
470
346
471
272
421
390
172
499
238
489
89
604
433
403
611
419
102
154
755
601
289
547
242
854
639
568
1686
116
472
2417
199
646
1232
821
942
515
485
350
379
198
610
185
95
521
359
203
196
140
997
1267
314
454
284
498
356
489
130
296
389
660
507
444
548
405
219
262
389
531
303
444
217
120
375
315
239
357
63
141
1606
290
261
212
235
188
651
540
217
180
626
154
82
382
422
48
857
339
248
136
42
239
600
257
507
506
363
395
277
1079
285
444
258
137
591
277
667
321
343
445
503
442
306
604
128
316
92
641
210
334
708
664
285
580
511
535
316
372
348
361
510
665
237
0
731
655
353
419
413
7072
585
369
506
50
1070
539
197
75
119
216
287
692
573
413
343
637
536
747
427
133
31
870
421
699
495
70
563
179
559
923
541
440
126
317
545
148
281
227
928
531
418
155
1009
771
547
528
382
565
299
335
347
721
297
48
292
291
386
260
262
1204
313
768
230
113
393
219
745
714
538
275
517
0
1039
2451
375
399
553
545
269
704
201
676
468
826
1360
2380
685
1512
330
619
1327
105
689
332
256
870
0
124
1294
840
493
430
306
591
1239
726
3302
337
1631
248
180
302
636
353
164
942
672
363
760
464
455
470
189
1818
1050
1084
1024
518
229
899
565
827
302
499
209
108
395
822
1017
150
535
1239
1916
890
540
716
676
1428
545
624
498
1030
551
409
466
232
454
168
169
311
2814
1876
1296
337
427
134
1040
140
1414
1124
659
359
256
400
1148
141
152
0
527
109
1330
907
587
1615
1060
895
546
206
314
924
263
41
1118
214
1024
530
49
163
698
316
496
29
78
87
393
265
86
116
437
257
181
330
1301
233
2805
776
952
560
525
208
3946
1398
31
251
116
247
394
1351
378
552
399
29
818
474
265
0
107
3398
940
138
160
413
406
466
470
281
520
142
590
569
277
404
834
111
647
609
3414
470
145
134
1142
837
483
100
178
49
368
4725
669
445
410
0
0
397
0
566
52
363
90
693
738
610
690
2952
481
374
971
404
415
292
622
250
916
107
330
559
606
1060
1124
52
902
290
1239
803
373
884
657
1078
1096
629
525
510
322
445
414
273
334
609
639
619
686
240
568
368
307
3273
622
493
343
1200
2747
323
578
611
614
384
589
361
491
617
323
1586
695
559
395
550
952
1508
788
370
437
294
191
884
291
45
228
151
782
284
119
599
64
772
67
8638
566
189
965
835
768
586
543
395
272
327
1673
2360
517
257
461
318
609
2700
650
381
435
426
603
420
345
614
0
376
419
474
762
949
406
310
510
591
397
302
1346
370
1672
197
115
1028
68
81
130
803
68
0
63
1655
647
409
2214
733
443
979
58
441
163
277
264
133
617
992
277
1074
669
2033
571
525
510
128
948
324
7357
1980
450
935
1805
133
631
382
984
60
3943
1123
131
387
605
839
1057
427
606
666
768
898
435
432
1080
288
3107
821
836
672
582
97
848
1430
950
1688
321
427
385
398
1997
1064
503
588
1148
312
694
353
1107
759
302
488
410
646
511
242
329
167
627
1210
1064
212
150
109
0
483
181
453
362
341
717
627
608
744
345
472
555
605
439
263
190
458
1942
325
307
627
493
614
0
435
480
324
343
502
490
1118
465
180
832
724
105
359
658
965
126
81
513
1040
453
847
1082
514
104
48
453
762
522
315
510
242
467
748
288
332
818
647
335
160
1332
157
561
780
601
448
313
107
1605
1124
113
126
0
123
488
252
1033
887
185
322
1332
386
253
1211
976
638
400
871
692
243
1450
86
0
553
2088
298
1346
1025
447
365
540
303
48
186
472
1439
143
1164
712
515
1735
302
57
432
264
445
804
357
479
314
1446
0
54
98
0
419
904
60
46
221
347
0
542
395
872
276
960
465
757
358
530
172
486
258
0
669
461
895
102
612
335
323
764
359
631
698
926
676
875
1483
414
189
331
590
159
492
1253
2031
88
208
800
114
1032
53
716
545
532
355
141
320
490
221
446
183
180
471
664
269
4704
313
3514
339
386
442
550
264
224
331
1045
398
462
695
412
74
407
629
2264
530
727
452
1082
807
349
3747
773
235
1464
772
295
223
827
490
658
811
637
242
232
318
192
181
495
188
616
307
170
197
1416
589
542
462
741
379
184
954
882
79
336
787
621
615
262
1697
2726
139
1299
1084
253
80
319
1056
1111
350
204
212
222
1054
308
529
1134
910
941
662
669
0
1159
68
169
82
453
1047
711
849
468
574
359
1023
386
758
317
833
784
113
750
372
416
306
139
369
413
604
643
926
148
282
171
408
2145
89
531
536
202
289
241
517
414
252
2300
810
388
1463
314
1363
562
1013
1011
884
70
730
93
1869
1225
841
122
789
891
182
196
1060
0
1010
131
1096
334
85
1695
1549
943
194
1571
1520
307
2201
1626
317
2232
1649
1102
553
462
826
1593
213
215
136
627
780
627
1075
1085
1660
1244
361
82
787
391
1095
109
485
4600
0
1937
105
203
119
487
84
708
750
289
1508
306
1054
378
487
739
624
1206
5477
467
996
1671
970
302
261
1133
1031
118
716
563
60
851
1373
1462
388
998
131
600
159
445
784
408
260
855
1130
957
1152
613
279
656
769
1687
1184
254
41
171
426
716
600
1429
1029
1477
1405
83
49
195
274
1283
466
1214
567
1088
643
863
585
2965
4088
1459
932
1620
487
360
1616
244
0
107
711
243
230
2464
835
367
138
83
954
259
356
3092
794
1605
77
315
291
241
883
111
196
681
195
777
320
697
1733
619
779
541
804
261
553
807
819
784
256
630
0
392
157
275
446
727
680
69
1607
179
775
124
230
259
600
356
169
486
609
217
234
577
220
816
304
99
122
235
399
1098
607
302
445
1336
1294
67
550
289
136
731
499
560
370
221
222
734
430
93
815
657
1046
348
374
392
337
778
221
675
105
418
1018
336
660
547
758
634
185
396
110
0
592
92
1232
532
897
686
421
1805
863
93
2495
349
518
821
971
692
375
736
1221
733
265
471
288
827
464
369
430
1945
682
829
148
980
469
662
283
701
940
1390
882
1369
192
1307
185
135
706
670
814
1330
338
353
61
1930
165
2504
1367
766
610
327
318
503
115
99
462
179
638
1044
372
205
517
363
578
329
1392
914
402
937
397
838
699
110
0
596
1274
513
1225
939
1076
0
1836
220
694
883
628
765
275
299
41
174
161
650
1009
254
321
1424
265
329
254
1475
152
827
995
401
143
321
809
179
637
584
79
760
1374
682
740
301
1247
339
463
151
1790
264
1335
405
721
1112
934
715
297
610
455
888
119
880
0
1014
74
455
117
110
141
1215
3647
287
154
603
0
0
128
544
880
336
1212
319
221
566
628
739
109
0
388
342
166
0
402
147
375
749
213
435
312
2059
151
386
537
675
698
897
836
288
514
463
438
2831
1505
378
81
545
86
270
1311
821
649
291
633
502
784
2000
1118
444
256
1030
240
220
427
410
573
0
1029
1150
7179
0
890
936
1573
125
637
878
636
985
1265
1693
304
75
926
145
164
131
492
160
4005
1341
351
200
127
913
677
595
115
1069
913
659
470
453
0
1032
785
4415
608
1054
530
768
506
1087
216
214
758
928
606
1290
160
288
382
723
554
745
646
177
276
308
188
375
800
654
1196
209
836
631
778
1200
813
881
1196
1112
831
1501
853
338
820
564
744
724
513
741
172
798
140
854
740
571
433
693
1240
613
404
157
707
593
858
1015
975
499
549
1365
801
53
1328
794
954
240
691
844
227
2160
1274
463
587
1363
769
778
354
517
343
693
0
507
490
1099
175
480
612
0
2659
1977
156
293
284
556
882
65
1045
525
815
193
519
486
836
143
707
224
0
669
102
1083
925
98
533
1110
825
769
853
642
674
344
763
70
629
748
568
520
412
0
317
212
148
672
1256
98
1359
645
192
697
796
901
308
325
349
722
3424
687
608
1053
748
635
497
3951
113
216
1430
250
53
509
104
709
1191
0
948
764
126
1263
393
523
743
595
735
972
307
700
757
1224
463
939
1538
328
294
430
1155
284
765
970
597
10670
989
140
572
818
1262
152
216
77
423
125
270
47
832
719
747
911
613
1036
467
992
351
139
328
370
116
2255
498
273
144
411
519
437
711
274
84
800
589
468
882
376
213
258
493
835
732
200
644
382
741
622
780
486
513
0
997
441
1114
264
1146
346
498
910
359
644
397
499
278
487
201
259
725
522
986
544
282
535
279
644
1017
1247
794
744
1485
215
1464
118
412
1775
262
3228
532
138
1094
906
935
370
326
342
314
1275
650
1251
400
822
1689
998
4159
519
579
427
857
280
1748
195
735
107
3577
1218
84
965
265
0
1198
1578
732
498
150
365
858
1078
331
306
271
937
710
169
526
634
401
598
259
429
1882
1678
330
910
3595
688
659
2679
2561
672
773
448
345
1154
354
130
973
656
1510
1006
654
703
1016
292
1058
378
1516
275
415
584
792
1132
704
679
68
488
476
921
2590
2419
1680
1002
650
747
619
1312
634
904
276
768
2878
501
650
783
2576
283
752
318
1071
581
536
347
2202
333
561
615
329
1617
315
229
342
816
0
577
146
235
565
838
323
363
1207
634
1276
781
789
543
480
71
0
346
645
795
676
983
690
374
963
396
544
554
633
812
540
588
543
444
311
201
771
458
361
0
0
666
213
707
1024
136
510
2182
1719
586
563
1054
787
358
1025
911
477
858
186
5081
999
858
207
363
213
433
530
569
694
122
333
756
162
82
982
202
465
210
0
844
290
122
1322
416
917
192
258
499
115
768
399
775
908
489
132
241
606
193
859
119
1735
1197
735
126
65
870
338
979
237
594
272
94
700
922
3140
1308
1169
85
424
535
0
467
473
1290
318
979
103
688
138
309
2268
582
894
851
123
250
808
678
331
452
243
642
1692
834
220
227
337
0
722
622
114
1117
185
546
187
1444
3733
1674
774
332
1345
732
575
739
452
490
2840
339
284
551
719
304
0
597
1195
233
497
331
1944
0
287
2868
321
949
885
1276
371
800
1275
2701
267
778
415
479
884
725
858
0
289
1112
550
128
1102
1317
416
562
643
473
107
774
155
1619
660
1079
1060
502
449
319
180
403
110
151
88
1268
601
830
1909
262
1055
119
459
105
531
198
480
778
291
225
1477
447
873
2712
1192
500
1232
632
227
355
101
319
298
861
800
335
2031
0
515
913
1336
414
500
2089
387
363
392
157
895
648
146
264
1063
1075
303
1652
1163
595
224
1281
1233
253
722
680
417
132
1118
660
1257
178
466
332
433
469
149
1576
1499
634
837
511
3169
923
461
1369
148
97
1701
254
281
390
301
514
789
52
255
245
716
401
285
81
1942
1087
485
265
936
464
143
282
440
1086
1967
471
0
0
1126
135
353
296
1083
309
530
518
1196
127
423
0
130
412
0
307
171
431
964
521
664
1099
378
871
202
352
498
286
605
1707
380
639
482
360
647
1355
265
801
929
1089
6404
705
1153
3812
531
765
1027
1280
1247
389
0
725
750
1198
1266
963
1110
781
400
1245
132
1485
1875
756
1035
233
1049
774
498
323
158
801
298
663
287
823
561
299
1007
372
352
893
354
639
103
145
446
662
0
837
138
3159
891
1082
109
2882
963
657
686
1194
536
1903
1195
821
244
677
1513
675
746
779
205
0
580
824
181
239
238
79
1352
680
364
542
893
269
258
320
3193
1376
919
633
1638
506
1170
550
73
1364
74
1675
1087
1198
990
994
0
4289
491
1063
960
3084
743
127
1358
1101
1352
660
1179
1077
838
189
808
1347
815
1226
995
1143
1029
850
1122
242
322
419
1238
397
715
352
167
437
1076
778
91
567
1133
164
190
165
1090
77
1027
1799
252
690
1270
534
776
1033
722
349
193
193
348
241
734
1002
212
3034
631
661
365
484
245
642
102
2648
811
313
154
0
1615
997
642
745
1048
1113
642
513
232
319
290
216
531
147
921
309
1437
755
367
156
233
1105
1000
145
122
1493
374
588
561
370
385
0
6993
442
290
533
694
122
398
1947
179
641
273
480
598
270
421
1056
341
1069
272
753
325
990
826
286
99
425
791
445
278
111
768
156
385
0
938
848
1054
218
1680
0
435
134
1008
687
0
197
926
211
853
400
945
237
0
2941
842
542
359
575
265
439
1607
254
2077
1474
66
333
548
201
0
0
0
0
0
1228
165
735
0
229
698
175
1843
356
209
315
1534
2394
0
1824
612
597
407
829
305
269
682
250
1246
499
928
0
83
342
566
0
770
0
552
240
146
454
1656
104
890
655
439
374
248
632
788
170
1116
321
409
804
642
244
0
539
818
541
1007
683
254
1010
1568
903
979
845
999
808
1086
816
1201
84
994
2682
836
671
1457
0
1055
0
75
207
1024
997
879
1038
882
1151
1132
1093
0
982
435
906
1086
1360
1216
86
992
1082
549
2825
991
1112
1020
486
231
1209
1653
1078
848
606
1222
445
986
704
1697
925
147
883
884
224
510
3824
77
232
148
2073
1132
1041
637
583
739
326
806
255
856
548
170
828
298
156
201
331
236
475
762
1233
608
110
146
2942
627
173
199
1189
420
677
779
2076
601
349
694
296
111
611
474
760
411
795
1673
0
294
1200
406
141
698
103
1236
427
882
123
430
1482
111
524
674
1655
156
212
2525
0
1835
3007
3582
236
850
994
301
0
1923
1514
792
0
364
97
1195
1185
402
99
254
675
106
0
275
4211
1557
407
3744
364
594
209
5834
665
1019
80
1508
178
2447
139
2160
1459
244
117
47
623
624
156
0
175
499
719
1391
923
331
498
1731
391
417
104
0
0
610
467
1304
2234
177
2784
266
171
727
1004
137
1889
97
287
1276
541
0
1553
1135
361
613
471
363
390
370
429
686
361
252
593
138
237
0
363
479
662
115
863
83
0
750
1584
0
1485
1733
568
879
336
284
1861
1473
850
979
1264
231
124
236
90
103
164
681
146
1686
315
224
163
728
1339
861
216
1222
525
844
297
0
368
282
297
432
177
481
275
470
773
397
1287
349
4005
2123
4396
849
221
1112
0
1231
131
480
0
962
1036
1177
103
915
134
219
234
527
685
575
523
226
415
0
650
757
0
433
94
310
170
553
800
346
609
728
248
290
270
251
775
305
612
1114
179
228
520
1950
53
105
1383
478
737
163
327
220
878
206
113
1065
679
10554
1069
313
0
706
425
998
1844
568
1356
787
1240
371
634
250
862
1047
0
1153
411
898
992
890
1354
664
792
868
799
1358
840
551
241
162
249
291
1139
416
287
445
203
165
897
237
912
121
1155
2042
1181
448
465
1703
1606
303
737
594
670
967
461
467
374
586
156
0
837
0
389
1100
700
199
584
141
456
467
0
618
180
113
1126
151
992
0
2765
542
0
460
224
2114
421
122
1330
1097
145
2917
151
752
319
1293
387
179
881
774
116
2221
216
4384
607
872
378
230
312
925
862
710
674
2309
567
459
0
821
413
482
308
702
655
526
149
285
52
803
990
182
483
186
674
229
866
1182
802
0
627
345
1773
137
6581
182
1424
1234
46
689
881
1163
866
540
267
1259
558
1088
946
500
141
237
1082
1339
1315
420
1127
238
172
86
588
956
1008
1021
343
81
360
795
158
912
933
1185
1401
102
1211
1926
1159
1225
1328
0
439
405
1263
380
1983
1184
294
753
241
496
204
492
1085
301
862
549
737
1462
1614
879
98
230
1383
0
1720
1191
557
1119
1105
1061
209
1160
838
290
293
94
1254
1573
277
471
632
2098
979
542
113
267
1226
577
569
510
1557
1085
1653
0
1391
149
562
1390
617
485
1474
1246
1405
0
0
695
1375
1293
1517
1359
577
5990
786
172
802
1952
865
0
141
1746
382
177
152
5836
1636
381
0
0
178
1270
144
1632
273
1041
1200
661
8216
1063
1064
1033
375
671
426
676
140
213
0
637
849
241
169
82
0
553
84
1044
119
395
178
943
179
420
1020
0
979
976
0
763
839
1682
447
0
0
1346
1319
1333
956
0
101
1506
128
1309
1060
166
2171
0
865
2286
464
629
0
244
0
86
163
1558
102
479
616
434
0
119
99
0
473
475
972
352
78
397
202
608
110
240
1023
127
445
0
358
272
498
148
1061
357
259
944
359
964
936
94
1060
1262
0
254
347
371
2990
89
91
53
1294
1220
0
580
304
920
141
913
144
373
199
241
390
1358
263
938
507
685
3802
1385
303
500
853
254
1118
420
209
1338
1270
914
175
455
1242
3464
252
1359
1476
914
1323
0
370
305
219
99
489
4080
123
532
114
222
1047
1276
1086
844
668
1837
474
1820
1258
975
1413
615
186
115
670
0
241
0
148
114
1060
542
475
715
0
189
2096
324
1080
0
458
543
829
122
324
390
549
86
283
0
631
277
123
183
798
114
848
336
168
736
414
0
235
816
617
965
363
368
433
1040
973
860
716
128
584
576
1171
0
752
356
621
574
1676
630
259
393
211
409
1010
158
466
976
844
1317
1022
204
1323
304
574
831
1148
1877
222
346
256
234
1444
1074
1166
868
1144
853
652
497
1077
750
673
1005
628
959
258
1058
513
107
0
2689
1150
106
1067
308
329
329
1048
969
1680
913
147
224
153
972
1466
1631
760
875
518
1794
223
205
1228
97
279
1499
1540
269
172
242
565
469
246
593
566
1674
179
954
143
3748
1235
2744
106
304
108
966
241
849
248
781
0
0
176
2629
169
750
0
968
181
543
497
140
0
2725
955
357
439
896
1174
602
750
1050
185
592
1026
443
127
236
266
589
157
639
1177
158
0
1090
1247
1380
1232
6950
508
0
1031
1178
1286
6180
1498
1479
1299
1293
1020
4178
0
1806
0
1222
1583
3047
1143
1183
1092
1143
1555
1283
1177
1572
247
0
1292
1091
1289
1760
1209
1171
103
199
1083
1666
0
2025
502
1017
898
1425
942
1182
0
1426
1202
258
265
207
120
415
364
129
265
731
1861
1748
557
698
1021
3508
161
584
333
85
905
883
402
390
966
367
0
970
3224
151
309
1853
258
1001
521
52
1295
4886
430
270
756
661
758
0
655
1057
676
220
449
0
0
348
0
171
695
999
245
1730
1786
244
318
268
575
142
369
349
574
517
192
257
670
258
774
2382
781
274
675
1193
0
282
374
846
467
190
694
147
5948
764
85
0
400
2344
405
252
311
1076
2271
532
0
2015
286
7135
412
917
645
1677
1760
276
850
2109
718
195
1785
728
1509
669
353
1212
1354
1188
316
717
884
434
3749
390
1184
1151
995
435
63
191
213
89
861
1138
346
363
189
1333
1156
1061
239
1424
1031
136
1309
390
848
880
292
249
379
827
52
1041
440
291
599
1113
1048
496
394
601
1768
400
1816
2867
1621
993
285
724
1730
367
2456
736
219
176
88
1490
772
2335
343
193
469
875
1016
495
1355
1220
796
530
594
1288
0
1097
1296
702
221
55
199
292
183
1027
270
0
225
595
574
0
729
0
272
602
835
381
218
486
1076
473
1187
0
724
1192
443
1756
487
565
848
255
532
205
3972
2219
574
556
530
601
875
668
8718
1193
579
433
105
2159
900
540
525
857
874
1130
388
457
355
607
4639
1007
706
226
1044
1216
0
805
1284
815
1069
113
1008
1025
1337
296
1783
1444
1038
0
676
104
152
389
785
94
766
94
1049
1204
1131
0
126
510
1243
211
1538
1080
1098
1139
1305
974
1218
1069
981
995
968
326
506
848
119
1017
1960
1076
1781
731
529
5150
1219
424
1283
180
942
3250
603
77
1339
1200
1259
1014
943
508
1380
1390
493
72
1633
1549
1137
988
123
1141
1701
0
4727
965
878
939
272
170
1709
172
1319
131
137
1321
694
735
1076
0
1201
894
1977
780
0
731
1055
1908
272
1278
668
860
528
96
1638
1654
4926
264
740
914
209
3782
56
103
1184
1245
2509
1454
1199
1305
470
1440
1178
96
960
1031
1388
2497
999
50
279
510
1493
1885
1045
1007
1389
0
1224
984
2292
946
853
664
1269
927
712
1923
800
655
933
1367
510
626
251
658
640
92
585
240
1901
583
368
521
694
1245
1588
1919
389
2828
135
552
711
1029
652
682
1169
1140
548
2013
1170
1496
676
172
1304
1212
1326
1050
1687
1370
0
2765
146
489
1003
1138
0
786
160
608
126
286
1394
753
796
345
2045
1058
860
953
2079
972
3915
775
0
1079
170
95
146
156
900
227
3292
659
1343
172
1811
559
1196
832
991
158
679
836
1504
1003
1443
2173
864
3359
0
149
193
1675
570
191
179
2632
1438
383
1215
1932
1358
1967
142
9790
1631
2044
2314
1959
919
1844
934
3711
1875
1064
2514
1063
0
2693
1443
2212
1200
840
922
277
4066
405
1551
1658
1360
1969
1303
4001
0
1707
2278
2670
2204
1095
1587
1508
1173
3013
1187
1323
814
1865
2005
13129
1925
3790
2097
598
1070
1424
1146
2912
1744
5620
2417
1121
1477
404
126
581
3894
3198
775
276
1739
2337
0
1350
335
791
1311
1711
2186
2436
772
3152
3421
2771
1066
2897
1951
1238
955
934
1942
662
952
1599
2527
2004
1915
2196
1825
1249
712
1128
1581
387
1103
1909
180
1218
97
0
4523
2556
5349
3095
1465
1368
2257
1471
336
213
4968
1339
847
1832
1782
1291
1667
426
168
1186
4617
1202
128
2351
252
3855
930
2047
2352
1408
