13
0
4
2
5
2
18
21
0
29
39
0
13
37
39
0
45
20
31
21
0
18
0
42
0
39
0
0
0
0
0
25
189
73
16
160
92
64
39
101
98
55
85
57
50
329
90
128
22
53
24
144
0
74
101
13
38
0
205
107
102
0
90
42
89
40
59
72
145
52
82
66
12
71
22
22
187
35
15
273
173
37
10
177
183
105
106
271
148
179
72
77
15
218
41
58
242
226
140
197
99
316
196
304
213
226
26
46
489
158
176
281
210
153
127
84
95
432
98
41
0
236
19
483
132
151
328
277
81
186
372
270
75
110
38
167
151
80
323
434
170
558
143
215
221
442
258
218
379
289
0
117
0
416
23
149
91
361
418
25
291
305
273
160
30
265
247
242
210
413
100
1068
518
212
485
366
224
0
253
136
294
0
0
391
35
339
33
102
73
150
410
82
24
0
0
304
150
554
0
191
354
463
172
969
250
398
22
166
17
159
87
887
53
547
35
765
60
20
534
248
474
284
666
114
418
57
780
82
54
306
127
166
848
233
192
300
209
135
254
174
333
192
268
481
348
43
479
290
229
36
372
515
0
506
770
620
419
734
297
299
505
456
505
107
540
778
563
570
166
355
356
240
1047
347
82
606
214
60
345
479
289
32
28
0
152
360
128
137
218
64
297
427
458
31
440
323
448
284
362
622
405
273
109
274
372
808
71
198
84
209
65
576
242
182
561
358
858
254
566
457
383
320
186
180
1421
511
405
174
465
193
746
427
304
276
188
0
50
70
1492
356
443
901
254
107
430
322
423
429
481
450
574
353
134
173
324
419
790
130
2937
750
252
406
284
566
191
402
73
139
380
232
539
838
92
55
149
678
916
949
476
618
538
648
171
82
0
97
141
308
239
369
541
325
0
340
667
263
100
204
34
625
355
650
281
229
593
236
153
456
427
454
231
321
305
157
162
860
168
306
497
79
441
332
473
444
171
343
152
605
446
184
496
329
1206
239
209
498
189
438
468
1065
1696
239
152
833
62
702
523
300
183
81
324
589
1615
758
766
744
661
221
392
415
277
286
234
405
681
588
120
367
53
385
322
397
457
465
91
337
354
339
551
1549
104
443
323
44
422
154
188
713
500
578
180
430
433
163
155
0
371
330
58
242
172
310
130
336
92
367
113
532
210
321
123
182
970
511
224
410
219
764
621
415
566
174
588
462
136
747
601
631
760
441
398
345
259
81
674
106
132
330
353
175
167
154
443
626
197
377
304
454
588
412
127
183
677
437
326
149
416
317
276
184
340
587
240
285
161
205
641
299
146
361
0
104
530
330
232
370
259
169
508
432
258
166
408
155
97
212
446
182
289
944
284
168
297
932
413
234
480
395
495
224
197
1366
239
3891
364
135
480
170
449
176
412
509
895
259
329
304
230
157
166
349
216
316
752
635
282
559
450
281
329
319
288
354
354
607
219
59
294
634
358
445
432
3485
474
201
143
45
724
386
114
54
251
273
167
364
629
547
448
550
152
463
374
95
77
522
102
695
397
62
110
159
402
1346
613
120
157
93
169
71
270
177
672
475
359
184
288
247
253
456
344
522
306
180
371
702
411
38
279
190
269
369
120
1056
278
519
39
273
157
214
623
585
408
329
196
40
1012
1185
303
1523
556
450
290
658
427
1418
92
290
1423
1068
443
504
339
488
493
99
593
271
211
290
0
763
370
270
493
348
268
435
1355
312
709
672
1172
164
191
295
607
253
40
946
705
546
642
499
514
419
178
1228
600
655
673
294
283
766
1429
589
573
1086
203
98
440
398
851
280
777
1340
449
655
1904
733
615
1209
408
670
572
834
419
1049
704
441
924
446
447
58
773
475
4061
93
131
77
354
73
252
377
125
244
178
183
487
68
80
133
76
31
429
283
313
814
1170
615
463
172
81
301
59
46
508
504
762
178
106
421
182
604
243
586
70
629
355
341
682
639
690
229
25
52
403
571
170
116
317
98
229
497
882
629
212
31
99
1062
1010
409
41
191
1079
49
76
33
156
44
295
300
2039
145
305
373
648
69
875
380
505
121
466
532
267
242
391
43
325
503
636
275
185
148
2172
1464
418
44
112
103
364
844
515
443
654
170
287
304
499
422
71
664
65
1292
706
816
531
611
238
353
838
258
338
169
366
281
725
95
460
142
279
295
1453
101
631
216
374
249
217
1016
617
706
341
424
607
496
380
379
233
191
182
412
327
486
665
141
418
151
287
818
201
425
56
696
252
218
485
294
639
340
748
234
307
220
358
307
550
501
365
499
776
301
539
215
264
158
308
534
104
40
393
52
0
818
0
0
100
395
0
190
728
138
0
0
565
456
330
429
213
268
599
1608
258
296
686
90
1068
344
354
223
193
448
536
302
86
43
35
198
90
154
109
31
86
108
305
73
218
134
336
127
1278
480
170
61
0
49
442
538
71
0
0
317
46
150
939
234
89
162
0
49
42
60
79
0
116
285
186
327
592
624
945
448
531
172
724
357
1127
753
77
1513
348
98
823
119
260
55
703
339
187
1245
672
212
256
173
825
391
266
62
464
204
314
819
717
182
216
305
1459
114
210
417
1911
826
660
108
866
1044
848
278
464
1456
1007
517
397
675
0
284
0
92
627
156
398
137
253
57
2716
399
646
178
483
116
0
279
179
478
787
209
532
527
424
0
257
603
576
366
797
542
196
504
478
276
156
556
249
214
0
450
374
1160
279
332
337
682
355
266
517
1319
82
392
655
334
141
50
441
472
361
754
1759
483
210
58
418
733
797
171
831
123
267
192
334
209
50
203
347
657
493
265
267
602
110
597
0
79
676
379
295
110
989
383
377
258
193
59
112
669
255
465
66
279
51
365
720
90
372
350
861
81
156
299
46
806
466
230
360
343
481
940
347
85
41
913
138
672
703
371
441
67
56
0
132
199
417
266
400
721
436
29
37
91
0
332
478
86
483
61
1202
54
384
125
1952
155
61
1164
306
474
400
282
148
220
55
585
476
1151
65
664
241
198
429
424
503
1144
489
477
494
848
185
117
244
584
187
536
993
1319
0
59
408
64
3973
54
1089
234
740
587
140
389
378
382
437
98
205
364
603
150
430
209
570
256
971
527
985
0
89
85
706
215
322
679
266
48
216
451
2463
229
1102
658
284
581
398
679
515
188
732
792
283
0
1119
347
533
495
564
99
225
264
140
53
336
0
424
153
121
95
1622
370
564
248
556
236
74
790
873
82
648
382
482
476
204
1903
647
50
813
802
606
74
122
383
578
51
0
167
366
1156
243
415
739
359
756
1039
578
70
863
186
272
78
1830
505
344
346
356
404
60
449
748
304
238
487
814
104
645
245
532
95
280
345
314
517
565
693
143
195
154
947
1747
125
1955
424
423
192
85
507
801
336
888
635
786
641
659
321
554
721
464
743
65
729
71
493
447
329
112
704
734
147
1358
519
29
343
239
241
240
120
446
261
612
136
530
807
267
533
234
621
680
1936
452
487
328
2605
2166
71
330
126
710
666
618
502
715
300
553
515
89
557
174
1033
75
552
617
56
72
117
483
224
134
90
458
8554
253
946
436
622
185
670
671
558
661
254
860
668
3925
489
210
140
182
478
51
394
852
1455
104
1068
269
358
663
221
339
121
429
656
196
199
5783
555
588
350
513
417
340
556
1024
513
544
25
182
877
168
150
2617
677
618
1250
73
336
1218
1112
368
389
551
1293
169
373
431
454
878
2351
301
183
562
417
810
690
271
224
59
858
170
190
1732
769
125
193
210
903
303
1050
1319
1131
301
322
61
584
377
5799
63
356
497
147
625
109
786
1043
521
2155
790
514
724
117
395
760
666
191
1261
506
327
117
238
439
243
550
59
2072
199
570
100
257
477
516
328
144
472
1153
177
126
176
60
1055
1395
931
701
992
1214
445
547
1188
231
238
95
1098
490
190
1429
185
426
294
361
207
184
775
406
0
748
456
1118
273
295
583
232
801
182
643
353
324
794
628
846
509
624
1541
138
644
33
79
115
322
0
561
957
654
477
665
822
68
616
216
473
782
826
645
798
371
965
227
204
277
229
510
488
1105
586
1434
765
1350
105
731
189
233
286
414
3406
1242
709
929
157
935
423
285
1184
1032
411
456
325
0
97
76
140
1154
633
631
577
248
315
256
81
58
370
71
591
450
300
154
290
391
478
277
79
410
263
1196
176
855
935
93
0
559
521
371
687
1761
748
0
578
206
694
528
557
190
402
331
63
110
0
57
2220
233
269
459
172
721
813
245
1211
1004
146
254
0
935
354
302
765
1149
261
0
53
70
126
524
2177
204
142
418
1222
697
848
600
607
463
672
626
209
508
365
716
541
953
177
802
448
675
117
255
117
4634
10337
2449
580
3387
479
72
304
997
742
338
348
733
791
385
1503
517
164
301
875
163
625
0
756
635
334
668
282
531
679
844
135
309
741
682
877
968
130
203
327
268
574
666
655
220
54
1174
90
241
710
547
473
275
1028
105
779
584
807
405
219
762
237
313
392
736
408
0
1372
480
6396
58
649
799
340
117
521
855
488
498
438
621
325
52
514
128
167
110
238
104
381
738
382
368
98
660
518
2080
88
1284
1276
528
969
324
135
520
738
281
366
713
470
580
409
535
173
150
635
670
622
1158
172
249
290
450
768
871
216
152
222
576
284
371
706
390
1105
160
3259
621
572
730
636
838
628
1033
776
653
606
900
640
199
679
1061
323
1485
216
499
156
866
723
598
624
450
1186
387
527
172
413
932
791
700
986
194
915
863
597
150
3562
572
799
197
555
753
116
909
1056
672
830
613
1103
805
461
652
347
638
93
333
405
751
59
634
553
131
1264
1833
220
347
250
434
766
75
566
523
692
177
250
527
708
110
564
196
480
508
89
254
770
0
393
643
734
585
597
498
698
231
571
102
753
634
607
416
423
0
630
617
167
174
1356
131
725
869
243
429
1411
278
280
56
138
325
2205
845
494
837
495
884
346
379
144
95
395
451
89
543
72
498
672
46
868
876
81
773
473
326
702
554
2303
357
776
3368
462
243
383
889
1366
212
372
127
487
259
612
819
1284
1052
1436
190
425
770
583
420
236
97
1175
177
209
65
195
665
635
844
410
3540
1645
781
347
122
246
289
103
2057
1987
281
124
514
450
552
89
239
90
387
974
373
802
326
194
192
450
779
92
216
358
433
518
274
681
325
491
0
264
291
564
270
241
169
440
651
298
632
385
294
185
505
118
417
1099
534
505
379
263
608
846
275
724
792
433
1230
736
115
861
82
165
1618
213
479
479
88
647
279
796
575
462
727
0
605
876
871
453
765
931
634
683
232
413
322
674
166
858
124
915
60
1006
997
129
656
464
36
759
1163
672
361
176
462
738
735
105
208
134
883
987
123
967
633
492
321
133
704
1056
1033
269
761
718
4823
614
1558
2294
610
700
470
257
712
214
118
906
374
1094
500
286
490
1328
330
810
291
2127
485
554
598
668
1914
296
222
604
439
412
1138
800
920
999
1316
516
656
361
690
700
668
199
652
1305
556
545
189
1123
196
1401
118
836
537
1522
275
378
307
175
435
163
3047
547
246
891
518
64
412
100
229
353
562
911
204
550
501
1081
775
1273
248
382
135
0
323
442
564
100
745
707
0
700
372
506
496
434
793
450
576
463
660
276
112
633
320
254
102
53
496
198
536
638
152
1053
2663
862
617
500
507
378
960
801
639
484
651
92
938
963
942
188
373
443
528
306
937
523
241
515
566
48
0
868
156
344
169
33
698
129
93
1020
200
794
110
150
336
35
319
410
559
700
243
115
113
472
748
375
61
97
464
748
122
39
650
346
870
259
523
161
85
187
924
1147
987
290
107
468
301
0
489
464
363
362
1657
74
204
117
245
222
837
799
750
0
307
684
459
320
811
206
240
876
655
61
152
307
73
556
682
0
941
173
1251
191
466
697
760
498
593
1136
1062
779
623
433
436
437
403
266
801
1171
338
119
638
707
164
405
247
920
0
251
2099
906
437
62
1398
312
667
740
450
262
627
363
479
938
475
871
253
338
708
609
123
1605
270
162
300
177
366
126
706
160
604
517
931
530
443
221
288
153
455
134
173
0
209
514
593
403
305
362
0
146
93
458
180
410
642
162
266
571
295
519
537
247
525
550
416
204
1148
250
239
314
929
620
337
745
72
501
534
607
387
518
549
349
82
477
121
1082
467
113
194
1282
398
374
887
679
324
174
408
1145
110
251
857
367
136
615
758
301
223
476
483
1165
460
58
571
0
290
669
197
1847
773
278
572
360
193
791
316
216
215
172
434
842
72
256
245
278
185
406
84
2212
558
102
277
1324
85
0
125
391
289
933
657
0
145
848
95
1257
331
935
173
1231
0
456
132
626
82
92
393
83
289
78
557
379
144
521
646
511
238
537
401
463
192
271
468
316
458
406
337
663
848
214
527
924
836
707
543
1024
417
326
1595
653
847
542
363
0
660
272
785
567
289
1198
242
231
1218
151
1252
712
1153
584
405
582
1231
392
317
509
482
265
547
337
876
565
207
327
1109
496
1009
225
1061
36
70
328
695
0
2152
91
621
374
945
78
1089
148
785
729
1141
0
777
1158
764
74
1222
739
382
3668
814
1770
0
439
778
147
132
234
116
745
1406
227
626
1261
185
213
743
662
433
622
619
944
689
1830
729
188
1698
65
587
1048
1118
754
3634
98
1053
402
1691
421
590
562
64
973
330
628
533
604
331
353
75
667
415
999
883
419
547
422
1048
398
370
108
278
945
592
494
1948
186
278
1062
601
56
438
905
84
171
447
1585
0
955
1120
379
751
490
304
431
1347
594
281
263
185
179
189
250
670
195
1097
330
572
225
163
167
0
0
926
744
272
185
0
331
888
824
246
673
758
226
240
162
263
437
290
410
36
789
219
471
778
343
0
0
889
382
96
149
1165
379
0
209
271
352
80
400
270
526
399
555
336
382
987
165
565
228
408
228
1198
622
791
471
991
238
192
370
1336
563
157
81
371
354
221
385
54
554
267
147
105
662
662
373
229
1819
0
587
99
339
366
0
254
489
69
1066
253
184
70
99
530
1128
204
143
427
350
287
940
161
6078
1611
59
705
490
243
0
0
0
0
0
830
320
283
0
484
677
123
917
346
226
214
638
481
90
1079
313
571
457
867
1188
183
1708
137
786
254
882
83
0
121
969
375
721
66
671
275
348
393
860
142
336
534
860
192
226
525
916
88
859
137
327
1044
139
173
0
229
869
480
885
902
198
2886
959
900
1403
285
666
922
639
1097
797
99
563
798
668
1559
1393
0
865
0
66
284
809
597
564
534
635
937
1007
673
156
1742
387
678
517
3471
997
138
829
751
450
929
928
483
851
319
154
813
983
680
782
414
969
327
510
1000
859
1433
0
307
721
222
532
1034
76
72
76
3057
1000
475
694
520
887
257
848
277
90
420
352
672
304
104
198
216
178
191
606
712
540
111
140
486
569
184
96
1012
349
184
851
839
927
605
360
268
343
340
226
752
222
2996
301
83
1159
716
359
136
1172
0
904
1504
875
90
486
124
79
435
809
1103
110
154
968
59
121
548
1405
277
524
1153
852
105
1604
886
628
0
379
194
641
308
383
77
310
562
193
131
250
1345
3257
333
298
316
500
158
1231
513
1659
74
1000
130
981
373
2078
730
376
317
31
518
470
65
91
55
455
536
229
539
288
738
1067
382
464
92
0
55
1155
383
770
552
80
1569
325
164
638
985
71
701
217
0
502
715
0
5425
730
193
537
380
179
331
372
461
554
395
265
564
625
203
0
488
365
484
0
1423
82
0
335
625
76
625
1121
472
125
136
215
772
286
788
1386
446
348
181
105
85
0
107
567
42
1450
465
266
86
477
434
1110
139
641
362
884
202
75
0
113
0
443
82
344
352
429
585
0
924
0
301
1616
247
828
112
819
85
765
0
310
148
106
43
1241
55
518
242
200
190
500
715
180
477
833
423
0
839
318
90
238
0
248
123
669
507
347
957
584
204
1037
352
170
625
415
630
1417
210
161
1021
520
0
0
753
340
627
37
248
227
680
297
56
806
617
1398
876
199
0
759
803
890
852
518
684
230
836
376
561
216
1025
1204
110
913
299
557
851
360
70
224
422
225
825
667
743
457
410
114
270
292
733
403
252
615
146
106
694
114
821
74
386
2321
730
255
479
786
1167
188
100
473
173
626
364
257
390
191
186
134
863
0
633
701
704
144
487
76
406
405
98
569
384
112
709
304
444
105
1911
225
96
301
0
924
621
81
523
955
116
303
75
713
271
1344
375
81
831
831
354
602
418
2573
291
874
361
90
577
688
628
1201
681
1926
1847
431
121
757
436
380
527
551
658
464
96
1543
0
431
527
160
443
89
575
177
639
1337
515
0
1050
563
846
238
783
112
1611
707
198
1997
1179
1100
449
491
188
648
474
1139
1070
875
106
283
1190
539
2440
567
1672
275
151
0
539
554
683
867
465
61
114
1447
103
2101
795
935
3083
0
578
414
879
1048
1221
58
373
387
754
297
951
721
149
520
299
607
241
350
674
96
1058
659
442
614
935
265
82
282
0
0
401
576
594
991
3159
758
158
804
191
230
363
40
822
1039
317
86
557
1600
312
478
121
268
401
254
461
201
316
861
1107
0
730
87
474
394
513
372
739
1018
979
419
0
961
995
910
1038
1027
399
2166
76
0
2545
1707
590
135
84
929
105
48
245
3479
1401
84
58
0
170
1231
0
734
195
1563
849
335
1117
954
861
1157
314
702
371
181
206
112
211
570
708
296
143
75
0
330
129
780
171
147
372
855
568
590
939
0
1563
790
107
767
930
410
669
346
0
588
925
1125
889
187
87
553
0
543
0
154
568
0
674
3843
400
251
38
463
229
195
104
0
0
295
516
214
0
0
115
869
387
482
0
218
0
245
149
479
0
587
609
0
443
0
199
220
348
91
759
103
353
626
333
1092
807
0
1853
1150
0
234
73
400
1041
90
37
0
892
488
0
238
216
217
120
859
0
375
228
166
327
1390
83
874
627
2427
721
1092
262
386
697
0
2324
376
0
1176
898
276
178
75
2033
834
197
1341
669
234
1153
100
284
0
0
0
493
286
136
393
0
176
1017
2353
707
738
455
665
272
653
2923
814
1162
233
0
101
663
0
285
120
136
109
779
139
272
360
0
137
1095
336
780
0
204
344
591
66
173
140
580
0
137
0
580
72
0
282
658
152
497
263
52
582
358
0
170
551
591
988
2021
392
263
395
874
0
1015
117
462
718
536
83
560
105
669
631
120
386
172
223
284
139
725
146
313
639
341
525
921
499
855
96
503
651
936
881
217
326
157
120
780
556
1083
653
416
350
457
1471
913
505
637
891
1327
0
250
903
416
0
189
647
1679
0
1086
143
133
181
843
905
1104
395
143
288
81
1758
110
1325
1669
872
1326
959
234
112
679
65
176
0
103
135
0
74
642
375
0
402
183
1110
92
894
73
627
655
1512
0
234
89
479
186
2192
243
552
0
412
725
776
50
927
74
265
137
507
197
0
85
879
692
166
456
4114
1021
476
258
870
134
358
990
111
0
328
285
0
0
547
529
110
0
1036
630
652
764
1799
6600
151
816
726
1137
1008
919
1700
946
1669
980
746
0
403
0
1169
793
1418
757
1133
1028
805
791
740
864
401
181
0
823
500
1344
981
958
944
77
185
727
950
0
372
210
939
762
870
0
1007
0
1295
1073
310
369
383
0
899
112
124
314
489
216
1629
478
666
798
681
94
199
101
0
1053
819
142
260
528
1176
0
1542
413
167
208
737
468
764
190
174
394
582
139
144
680
364
580
0
548
782
268
111
124
0
0
169
90
51
4655
747
0
262
1158
234
165
179
425
149
450
363
510
416
131
177
2394
295
633
1032
641
440
970
1659
0
249
253
749
302
150
632
50
1388
682
136
79
261
1912
372
267
169
3124
738
0
142
1084
101
1116
846
858
0
995
1559
787
566
824
583
171
1303
568
860
860
282
1021
258
431
294
669
633
749
1304
116
836
787
542
341
0
0
198
0
1402
134
116
309
104
957
1259
831
231
1320
545
125
1201
332
801
416
328
528
408
871
0
831
666
282
535
1273
390
188
310
758
982
303
911
6115
1175
891
144
1601
797
347
484
577
134
0
83
1015
486
1425
0
395
1012
575
431
398
1357
2137
1284
487
476
619
0
1123
959
0
231
92
3095
753
106
874
537
93
250
1834
527
73
591
63
195
364
640
318
220
365
905
597
987
0
466
1102
516
957
980
427
457
175
180
197
652
1078
336
411
486
418
394
391
2712
649
400
307
144
905
665
612
386
1184
1614
963
186
470
128
517
1540
1164
814
333
1067
788
0
603
1252
339
1114
91
309
1296
1209
337
1052
2341
1040
0
644
0
145
230
1871
202
2929
106
699
730
954
211
125
410
862
221
1130
884
697
494
1303
1247
960
822
949
983
1313
165
411
1585
105
984
4938
718
821
292
452
519
3912
285
1473
246
461
0
1073
65
1339
899
1139
720
622
114
925
1125
647
0
877
658
941
734
40
4226
1762
267
653
905
1039
709
257
194
2327
129
1111
0
0
1156
593
954
1441
0
1301
709
288
514
45
769
2833
674
153
889
370
2227
884
169
793
1492
1459
276
712
726
154
4255
140
78
219
901
718
1335
1081
1167
855
1158
1069
0
818
813
74
2969
897
80
85
416
1259
1303
921
0
1044
0
1101
2774
1389
1206
840
610
841
654
701
1084
525
831
1127
402
537
580
659
668
622
505
418
139
1117
601
42
510
258
1219
5145
1340
318
1501
336
499
633
776
596
881
1114
1000
630
1881
1145
1028
136
138
841
890
1323
1030
3272
1360
0
2069
146
163
0
636
0
886
178
746
0
232
699
560
555
304
1733
677
826
933
2158
836
556
508
82
998
134
80
142
155
479
139
393
512
1314
257
1020
488
933
802
959
715
369
951
558
893
421
408
1065
1070
168
231
61
1412
312
200
306
3230
1377
137
5584
508
1246
1918
261
2113
1131
238
2156
552
378
777
1923
1439
1088
0
1180
614
0
1366
2556
1409
1881
290
233
666
1453
879
404
706
830
1903
432
4875
157
1041
2027
1775
2121
1340
1285
2300
1659
960
1090
1098
692
1743
3364
2032
1342
3552
1821
331
659
471
611
1405
4807
3239
1591
2135
662
190
147
519
1357
1871
2060
37
1522
1990
0
232
250
453
1641
885
339
2426
761
473
1970
879
665
1771
554
1383
379
825
1456
698
1001
1421
1498
2165
9907
2006
1203
0
572
708
109
274
857
2353
0
1174
145
0
935
1304
449
2188
327
1287
745
759
242
119
940
871
703
1016
382
1373
792
275
135
1051
1593
1121
155
2948
0
595
683
1743
1794
122
