9
4
1
23
8
2
16
29
18
0
28
0
14
0
38
32
56
34
17
48
12
33
26
53
5
44
34
78
19
20
62
14
67
0
55
41
0
57
59
91
35
26
45
28
22
83
30
125
0
20
0
0
0
0
189
0
26
82
159
119
143
73
149
197
133
19
21
107
196
38
260
41
134
17
21
845
128
154
12
78
104
20
0
214
154
79
210
379
139
187
86
61
161
156
37
42
74
139
111
168
80
390
187
214
116
111
23
0
103
62
59
337
212
326
196
91
37
420
0
32
253
94
22
491
92
339
252
251
82
226
173
126
71
108
69
131
91
114
463
263
168
165
106
263
197
185
139
209
417
311
131
140
348
148
70
783
60
147
315
167
98
261
78
157
27
311
0
164
183
286
162
91
500
120
140
351
177
254
264
86
56
67
36
120
29
1317
445
101
73
120
533
271
218
56
0
37
230
372
313
201
273
450
493
163
52
517
165
184
0
138
124
169
79
137
0
111
159
0
369
207
704
363
98
38
255
771
480
297
56
163
0
118
376
189
276
661
215
107
245
140
294
198
143
323
173
326
432
167
307
29
170
368
341
1113
145
262
239
538
268
161
141
395
549
120
739
773
450
533
153
232
344
249
201
456
116
102
277
756
1078
186
384
34
356
31
3272
209
110
54
347
367
292
217
411
34
330
761
505
216
246
361
376
265
118
268
294
504
42
206
172
198
78
627
225
260
406
585
732
224
556
485
479
270
342
171
426
389
1576
161
421
292
921
430
350
164
381
0
637
0
0
334
121
915
239
137
361
299
448
0
542
450
239
294
131
327
144
373
329
116
540
828
174
282
363
584
291
191
211
653
308
251
920
505
129
148
62
534
855
249
161
367
403
677
49
0
561
105
170
117
367
241
268
378
0
253
435
288
64
120
57
540
426
526
288
223
421
146
103
385
444
273
222
335
292
192
180
960
171
405
812
74
659
558
426
400
274
229
235
429
415
108
322
411
375
317
296
184
0
0
462
49
0
218
505
191
0
535
376
434
1052
187
1037
319
741
216
1028
706
542
188
676
444
232
523
337
594
461
427
168
642
90
358
163
441
101
176
81
344
335
350
366
877
163
492
372
71
445
305
510
406
628
807
397
1389
643
176
0
598
401
60
366
215
225
401
179
368
116
288
369
372
0
283
0
138
588
433
252
642
336
685
822
247
660
82
447
577
160
61
607
562
967
275
465
438
399
2351
341
234
128
471
323
172
388
182
674
624
309
1774
262
476
416
0
115
232
516
565
396
176
555
371
212
240
417
511
141
357
0
0
227
47
153
214
0
82
48
332
291
304
259
182
644
620
420
203
717
142
61
539
289
81
869
1130
122
199
54
339
455
264
371
423
430
238
236
969
366
724
618
192
618
301
458
113
172
481
436
356
286
703
47
194
0
560
282
412
243
279
297
320
474
416
286
333
416
144
541
269
276
0
512
608
300
111
389
1868
590
224
282
0
923
553
288
75
278
170
274
385
643
330
74
1028
297
474
334
107
61
50
354
910
537
84
162
149
461
907
581
112
0
998
1075
94
276
192
1052
588
216
155
355
301
409
491
335
497
306
157
309
1462
205
57
209
402
195
310
0
1213
312
729
0
93
357
451
2344
603
448
261
228
0
981
1550
276
414
863
620
0
753
280
113
145
338
656
718
704
315
346
674
840
138
612
71
211
136
0
203
389
308
590
200
247
527
1026
318
751
278
1800
152
281
337
585
252
139
1733
807
857
654
510
505
443
198
1383
807
885
457
523
397
734
677
1049
408
91
117
351
459
470
345
177
723
1315
2162
883
629
784
502
677
475
713
702
850
362
414
355
350
468
226
170
415
966
641
3223
685
61
324
365
44
313
352
934
374
240
192
566
104
1112
0
93
201
479
270
1006
2270
969
624
900
208
638
296
447
28
648
186
270
253
49
240
211
258
129
28
1153
405
300
321
84
37
712
0
598
509
790
203
1335
230
476
926
305
200
7347
854
0
830
115
214
372
453
79
202
384
47
1110
618
168
0
64
1911
953
45
298
472
414
537
558
312
471
157
304
459
196
839
597
173
351
580
697
377
224
104
1190
1346
544
62
117
78
272
658
677
417
440
1276
331
3122
593
482
61
397
111
655
574
1749
511
1068
378
899
879
488
374
213
492
377
432
114
382
64
553
543
734
61
757
223
995
746
250
1145
283
526
879
558
607
522
313
399
475
282
331
540
687
445
1136
212
558
279
240
1193
457
440
360
712
1428
321
354
333
649
323
619
309
357
250
324
1837
1202
552
392
491
459
415
728
207
324
308
205
1040
122
128
248
97
717
367
227
962
153
576
74
874
290
205
1603
1032
477
305
328
557
52
467
572
739
461
84
444
90
992
1289
327
352
513
161
493
389
238
909
0
643
376
751
969
706
319
322
653
847
457
283
356
1881
175
177
117
958
65
577
548
1507
897
0
0
720
202
3085
986
295
362
1390
35
615
138
452
268
153
743
239
161
308
417
1347
579
464
898
105
1211
304
1524
329
137
385
414
96
196
122
382
0
5591
1947
105
372
285
227
261
180
411
407
298
354
104
233
323
288
867
353
305
314
465
0
217
427
672
539
308
173
377
310
496
396
538
500
386
356
155
406
319
308
0
497
474
167
435
171
281
177
2664
402
521
106
460
0
0
327
140
481
168
315
691
818
620
359
358
883
417
350
245
277
237
459
233
356
714
673
469
240
0
470
627
257
286
451
380
1612
439
1643
568
1046
58
328
1095
333
121
0
436
525
404
723
3488
459
82
97
418
725
542
177
149
203
234
281
960
363
0
481
418
272
518
135
325
667
72
0
283
103
717
389
55
136
585
289
53
0
0
0
131
262
264
394
420
0
0
0
357
59
54
207
535
0
0
361
421
499
462
249
212
257
338
436
451
211
187
594
90
835
659
183
169
56
52
435
238
345
400
347
454
310
483
0
55
71
0
714
0
0
0
119
293
54
583
157
375
228
0
425
342
284
197
151
481
237
0
620
586
358
51
615
292
460
404
423
541
654
650
380
437
182
416
102
438
413
169
482
731
1437
213
0
480
102
869
69
652
328
3580
475
150
398
409
155
401
632
177
419
601
244
446
412
1039
412
358
440
414
333
175
218
920
212
365
322
532
0
318
513
1943
222
633
653
241
616
477
317
773
186
741
496
349
239
929
490
608
656
586
188
156
877
200
180
112
327
117
190
65
146
1659
536
361
293
180
152
111
448
955
65
315
666
524
0
248
1511
774
0
723
49
271
110
116
44
557
0
195
100
197
350
256
94
488
300
0
603
946
0
1099
0
657
0
415
580
400
424
382
227
0
570
281
368
311
416
731
145
0
269
51
0
178
380
410
698
687
681
220
276
192
399
491
91
0
504
0
314
186
472
410
251
614
1400
435
1808
292
289
0
620
491
0
0
631
160
66
0
356
117
621
352
171
126
391
0
395
122
0
276
85
0
302
209
101
51
706
387
0
52
299
753
77
421
553
325
357
1060
200
163
133
0
762
600
783
579
0
0
218
72
582
212
636
142
513
7883
0
69
118
177
155
0
140
584
74
306
968
278
581
249
437
0
0
654
361
421
594
748
459
257
133
841
291
90
547
0
111
309
351
288
359
557
110
0
144
232
1284
282
270
901
1059
564
0
640
458
78
408
646
516
179
0
217
467
243
79
533
827
1084
378
81
39
195
183
1072
432
659
501
0
327
0
430
257
0
0
234
436
459
364
771
181
0
122
0
246
236
1296
247
275
103
133
149
213
333
1023
0
376
62
154
710
416
405
93
80
0
159
435
183
647
85
558
682
332
1071
540
118
1057
727
346
263
792
151
199
171
263
421
863
299
152
0
227
677
116
127
157
0
558
166
627
614
213
307
156
109
696
608
0
148
0
471
305
506
246
72
0
94
69
518
242
162
1441
386
167
327
198
79
229
375
79
740
1008
770
1897
407
349
233
508
247
618
314
358
824
341
780
719
506
575
554
343
53
184
258
72
1102
539
694
675
392
322
0
153
846
271
558
813
448
337
300
264
1226
301
271
506
400
652
435
594
356
1601
700
818
0
836
257
376
0
565
802
341
503
1123
289
349
368
261
923
617
334
68
850
702
0
1771
478
603
776
745
727
153
513
306
157
113
447
197
575
297
336
170
515
365
500
500
1546
588
843
438
573
746
773
123
0
644
1219
442
690
1938
808
0
964
359
745
970
557
203
261
344
0
146
0
64
2478
1020
262
559
220
2082
269
178
0
441
874
166
108
247
414
101
642
0
93
708
841
711
375
147
0
394
422
134
0
468
1422
396
642
1242
825
1230
295
669
398
938
715
910
190
885
550
795
157
132
168
5506
2862
585
828
607
140
0
68
1113
644
469
1195
784
412
624
797
481
230
338
449
278
888
0
693
490
348
649
248
494
506
704
111
364
619
684
714
581
319
253
392
344
788
691
852
174
83
1075
90
231
568
724
1618
112
327
699
625
635
869
384
270
339
178
193
268
682
3901
0
921
485
1324
0
674
902
313
166
616
855
580
313
585
556
287
0
658
214
200
136
426
156
1276
999
242
284
64
774
616
581
0
989
918
632
586
335
0
889
1889
545
482
819
512
641
428
2440
266
134
875
920
661
5609
189
292
956
551
371
489
144
0
252
495
239
429
1424
727
1853
122
752
634
715
566
714
746
551
792
1381
626
757
535
749
217
689
467
518
850
222
671
70
932
681
284
1073
560
1330
441
699
195
516
848
806
2291
1935
410
879
796
693
153
3121
882
862
185
710
779
0
955
1100
630
928
1565
1048
762
684
720
352
655
226
471
1068
996
121
595
540
71
173
1886
146
269
286
623
843
87
955
377
883
200
436
418
571
137
454
236
0
1086
100
870
949
71
515
390
0
648
812
1032
597
3476
719
0
410
116
641
493
399
0
544
537
157
546
1286
116
1259
693
211
563
952
690
288
261
286
528
360
692
1686
1508
1002
707
380
241
97
0
535
199
149
646
139
592
1027
0
1222
899
182
985
340
755
660
498
787
348
234
588
523
589
277
768
1277
252
247
110
378
297
766
989
522
1199
1129
0
163
794
529
160
221
0
731
80
221
0
262
410
1114
616
3248
543
509
479
207
86
327
410
150
522
280
290
106
136
430
764
226
211
0
284
535
257
763
250
201
174
459
811
5305
220
508
1493
518
168
372
357
562
0
240
369
1352
833
263
213
463
309
41
329
349
1250
231
440
176
126
727
541
589
612
275
430
314
301
894
434
613
517
454
505
1708
104
165
1938
280
804
599
100
744
681
1001
332
248
464
219
1031
540
866
472
657
712
668
515
235
654
384
842
142
2262
132
684
127
1984
488
0
488
198
123
1078
744
2916
0
176
314
671
792
71
242
198
946
699
69
313
472
469
706
519
336
556
1194
278
819
398
692
532
1639
981
521
699
510
285
757
309
98
818
396
457
605
187
640
723
323
739
541
1122
187
450
427
630
807
959
429
358
1211
342
957
1610
938
928
784
421
466
749
592
410
795
106
605
1850
489
559
1395
1177
104
802
280
780
472
426
399
1340
642
127
672
706
533
144
208
330
593
0
558
209
173
443
504
248
209
1179
214
1135
717
703
374
443
127
0
259
2658
699
145
1471
488
68
845
325
504
421
800
570
484
501
460
629
299
91
722
327
393
0
0
482
247
623
742
721
1489
2938
1042
525
518
1065
307
454
1152
735
487
728
245
1288
894
733
131
366
124
434
602
325
647
0
249
1146
147
76
1072
163
616
207
0
358
295
154
1119
406
860
101
216
411
0
88
293
688
428
448
139
128
594
617
750
0
385
1292
301
124
94
1113
98
999
499
562
172
149
262
468
2015
647
813
165
440
315
0
839
575
640
358
773
142
534
232
244
1644
546
1368
909
68
237
577
496
269
941
151
210
1079
707
67
226
436
0
612
765
0
1585
192
375
216
1190
1062
434
313
409
1755
1095
537
999
439
298
1113
390
454
510
1318
384
0
456
768
168
425
884
539
0
330
2912
371
717
736
1260
1221
825
3694
533
233
523
210
211
882
550
879
284
224
782
433
0
712
662
320
1465
188
470
145
610
102
1212
582
590
372
500
301
262
145
410
0
423
98
492
457
2241
667
235
384
70
447
0
1050
223
386
843
235
218
485
348
795
4781
555
528
1910
374
264
343
338
287
275
660
794
275
623
0
510
832
1079
492
385
592
510
393
561
125
503
748
151
200
1018
493
407
877
733
510
232
876
1142
204
471
637
300
173
452
664
265
116
335
338
1460
507
0
610
967
520
2876
603
1547
768
431
1355
232
92
1928
199
190
479
269
500
810
115
197
238
281
424
239
0
707
1019
362
238
886
473
158
159
583
809
1876
444
0
638
255
95
416
264
1110
286
428
485
443
124
220
0
91
334
0
255
69
369
849
418
631
523
333
732
284
151
353
1178
614
501
378
618
509
344
522
811
278
511
873
410
1251
601
1113
985
393
1289
913
972
767
291
0
653
456
659
718
316
808
174
448
1084
324
1360
1119
599
1085
230
8117
794
427
316
169
700
202
675
245
550
605
433
1169
334
409
1076
500
628
0
92
321
589
0
717
173
704
652
965
102
497
834
611
472
1178
148
1177
1178
2940
230
782
979
270
2854
728
425
0
526
697
139
212
558
247
668
828
236
806
852
270
332
237
453
776
871
718
1055
602
707
453
120
1162
61
565
945
1160
891
944
74
1228
576
493
1145
638
608
166
759
606
1049
545
1255
928
571
171
675
1257
1240
1837
817
911
940
515
963
741
385
649
1047
378
688
373
243
326
1189
660
134
492
868
163
158
167
772
75
886
1093
154
689
526
426
711
762
704
372
222
212
319
220
683
870
258
1148
1469
610
458
540
217
570
0
1142
1052
240
154
0
1406
1340
724
1077
985
980
579
328
207
270
380
310
440
64
730
139
1317
692
354
95
285
437
135
97
57
1137
372
675
303
248
367
0
431
318
225
405
673
123
352
1122
216
758
197
445
298
1250
364
987
344
1080
200
160
314
308
5044
209
114
596
489
317
322
170
282
488
143
0
558
653
881
290
673
0
402
182
1439
875
0
256
635
102
763
199
1580
180
69
607
846
491
305
501
248
297
1243
127
1124
1558
61
342
75
0
0
0
0
0
0
634
121
0
520
258
418
102
969
304
220
220
968
494
0
1089
906
444
379
586
190
174
1317
228
967
554
888
173
0
71
961
439
554
44
677
214
192
508
953
108
468
478
518
232
110
441
585
70
892
254
433
885
1125
662
0
403
549
302
667
603
268
1047
1039
780
996
344
651
799
795
1513
1198
82
759
1007
923
624
1255
0
1023
0
0
253
767
727
803
1027
776
1065
1189
1105
209
867
415
801
964
967
1338
157
844
1015
467
3554
805
888
964
1139
201
980
1637
1123
1585
1066
1099
349
849
508
1801
625
0
1149
1014
253
446
1091
0
93
0
917
1111
800
606
450
1374
253
796
233
1017
472
281
950
232
205
1303
308
319
532
642
993
656
108
139
479
2740
159
175
1087
257
176
746
957
0
368
687
366
592
742
361
516
1862
798
2791
0
359
1061
386
103
691
0
2877
503
736
185
497
2051
145
540
479
762
126
249
1506
0
188
914
2294
340
3192
1131
648
0
1700
6997
680
116
512
140
546
6432
362
178
393
586
309
178
250
709
3798
429
300
287
567
164
1210
616
842
130
1025
65
417
118
605
541
181
91
125
1129
482
114
0
107
479
1273
478
867
359
369
853
470
520
0
0
0
446
354
879
1715
292
910
230
233
811
926
141
704
187
764
775
587
0
1413
1131
918
522
425
303
433
417
393
627
360
251
611
175
252
0
692
454
558
160
848
121
0
443
1283
0
687
1422
424
792
279
102
1357
1498
755
950
714
311
0
149
0
0
247
625
122
1135
399
293
0
1106
806
1537
180
627
483
813
248
0
277
272
237
492
163
386
321
443
812
359
961
405
124
2724
543
915
184
909
0
1096
0
327
75
985
583
3363
152
716
242
235
185
430
608
257
1118
479
211
0
756
768
0
362
143
364
118
721
735
380
412
575
291
275
272
141
606
495
601
1899
226
93
552
4138
76
100
840
441
749
138
472
219
729
152
151
1060
630
1795
4300
282
0
1579
732
768
1305
806
1719
378
867
381
761
271
894
1292
0
1060
250
757
2022
830
1153
175
670
277
836
690
800
533
322
92
286
380
763
492
161
323
183
136
782
169
1127
116
1028
1139
846
268
572
906
974
321
246
439
86
627
436
191
396
263
588
0
654
0
356
1065
630
196
514
111
533
375
115
408
583
0
794
178
531
0
1544
512
0
402
168
596
665
142
544
1001
190
2268
88
514
303
983
479
389
564
709
199
1420
253
2201
505
723
410
227
942
2691
675
652
728
1579
1262
552
0
504
290
434
346
245
683
554
254
409
78
1351
808
191
380
537
421
149
681
1419
743
0
639
450
1064
96
1049
280
310
1094
81
1001
876
1683
638
491
504
1171
942
992
843
773
0
286
1078
2498
988
215
685
165
156
85
613
991
733
818
277
177
289
880
199
1188
751
1193
890
86
1060
666
917
1112
1313
0
314
387
1481
377
1301
1419
334
731
211
466
249
384
1145
198
1797
569
742
1214
910
537
180
234
1259
0
946
999
668
1444
1484
1495
211
2644
410
206
364
180
1332
1451
367
538
586
1248
910
447
134
350
1041
873
631
452
968
918
1634
0
1656
176
540
915
2022
167
1005
1673
1214
0
0
1538
1897
620
891
4816
661
4916
492
197
694
1167
824
0
211
1045
362
294
128
2267
1797
301
0
0
171
864
118
940
193
351
841
346
1344
937
1674
1083
384
690
351
204
163
163
153
587
848
296
144
177
0
815
100
824
110
155
3894
880
443
668
994
0
889
981
0
725
763
1251
800
392
0
986
6515
1026
912
121
128
2016
101
629
1013
188
3280
0
1213
886
480
617
0
323
0
185
190
965
0
280
541
272
0
158
142
0
1323
509
0
335
160
362
128
548
148
266
900
73
447
0
334
271
487
142
987
238
221
2077
310
974
764
288
875
1282
0
213
455
461
1515
0
135
79
1037
941
0
583
263
936
0
832
109
403
219
208
372
1900
259
967
497
2490
2290
1300
242
638
1292
255
997
441
200
1027
1167
707
209
299
1052
2231
254
2095
184
324
1223
0
360
158
233
0
387
793
225
547
0
216
981
1271
1084
738
745
1019
501
1103
1025
282
847
509
163
113
700
0
281
0
139
192
1002
148
468
633
0
162
1387
253
999
0
412
241
1207
84
259
346
546
0
289
0
546
227
0
123
679
106
585
377
110
573
482
0
228
731
1052
835
319
292
399
1005
802
344
550
85
608
544
597
0
694
312
1311
571
3077
631
285
219
186
391
947
122
0
648
625
650
1048
181
1288
242
111
805
1025
1021
241
353
244
158
2585
808
1594
1174
1159
1144
719
467
947
875
666
1316
1388
557
291
1136
868
111
103
10687
1242
0
975
250
294
299
886
980
963
791
199
477
85
2444
361
2457
927
1698
431
791
185
203
1059
105
252
3245
601
419
177
134
641
382
234
470
588
994
140
1097
196
2186
1006
1165
102
484
117
961
249
772
247
666
0
0
397
1191
0
562
0
959
169
1467
508
109
100
1185
935
289
1362
903
1074
375
229
932
294
438
1130
280
0
214
275
1372
237
485
1074
301
0
1042
988
1739
954
1013
923
191
1222
963
1102
1117
1151
1250
929
1202
849
972
0
722
0
1203
800
2290
1089
1070
1067
1109
564
1006
1099
787
179
0
1255
1053
1010
990
1821
1234
0
190
3185
1061
0
699
221
891
1714
1311
969
1057
0
2739
1139
265
253
1142
0
899
1802
145
274
611
1680
1264
364
628
982
816
171
966
76
103
1222
1323
396
327
2023
369
0
873
1456
92
303
832
414
769
178
68
879
1978
412
237
738
499
665
0
598
1002
1042
352
651
0
0
675
0
62
686
1986
249
1625
1402
692
255
186
1621
142
84
349
496
443
168
262
1319
350
650
1623
657
213
1453
775
0
226
249
690
851
247
534
541
2027
701
84
0
254
2424
0
333
236
2427
798
627
0
691
315
1470
542
783
470
1329
991
342
608
1089
793
230
1261
2393
2412
833
276
1140
273
1515
282
723
761
349
3064
288
999
1069
535
311
150
172
169
129
869
558
319
297
213
1105
1671
1018
502
1372
673
830
1686
353
819
676
285
591
1524
780
0
1962
455
131
572
1078
826
348
345
597
3167
141
1690
955
1619
769
224
721
1952
384
717
692
209
104
0
1045
1432
1542
185
160
998
692
1425
455
1246
900
714
705
477
1230
70
1160
984
527
213
0
524
279
0
812
373
0
259
4012
594
0
592
0
264
535
776
328
212
524
957
735
1064
0
571
1074
764
1919
811
604
668
346
655
275
3262
1418
1331
609
483
887
1200
688
2503
1189
490
488
117
673
601
556
545
1085
787
1138
388
346
201
705
5699
613
896
299
1154
1118
0
671
2803
427
1067
105
1155
1226
1115
464
3720
1045
1082
0
708
173
147
337
2925
151
2216
163
1317
1212
936
121
749
692
1067
185
3197
1062
881
1146
1199
1278
1248
1004
1028
1084
862
131
491
936
0
1007
937
919
3039
337
890
5028
958
281
1302
145
557
898
518
147
1066
935
1097
909
1160
452
983
1111
695
228
1103
1282
1002
1228
111
1371
4007
0
1005
968
1053
922
269
232
970
163
1237
0
0
1152
728
717
1027
0
1103
730
1221
691
0
2895
1626
885
751
973
614
1050
642
101
1335
1410
1224
228
640
863
181
4418
0
135
1034
1109
3038
1243
1072
1045
559
1410
1285
159
3749
2886
1268
1199
893
0
89
405
1085
1731
1005
401
1250
0
849
1064
1717
1821
997
1143
1177
2019
768
1703
742
714
1042
409
410
522
128
672
635
77
537
238
1173
550
218
533
683
1275
1283
1421
402
1237
306
624
736
1094
617
781
1165
1047
555
1835
1144
1015
1208
161
1272
1300
1356
1486
1444
1180
0
5450
95
401
1039
1097
0
1088
265
691
169
270
1809
769
1256
274
1657
642
761
1070
2227
3917
608
891
173
868
214
83
132
202
786
176
613
734
1202
225
1360
872
1147
861
1044
201
142
841
1524
947
1001
460
1189
1049
0
0
78
1407
1193
191
146
836
1362
217
1146
1629
1189
2773
214
2074
1842
2327
1431
974
1019
2268
978
1421
1067
1325
2708
924
0
2739
1353
5345
933
1542
1300
259
2968
312
1249
1899
2478
1594
477
1662
0
1786
2322
1432
1932
1321
1281
1491
1102
1107
1009
1261
778
1949
1893
8726
1720
1408
1843
697
954
1289
569
1890
1492
2527
1838
2158
1688
348
149
504
5762
4152
729
173
1609
4132
0
1103
330
688
1425
1038
1934
2326
563
1578
2714
1018
1078
1664
1699
1078
413
1087
1545
560
1167
1947
1711
1994
1992
2052
4051
573
834
993
1389
346
1186
1514
99
1203
0
0
8718
2401
2014
2270
1436
1420
2137
985
265
227
4077
987
854
1894
1580
1208
1328
314
211
5003
2309
1048
138
2596
179
2158
933
1821
2184
1191
