0
1
2
2
20
18
5
6
17
47
57
0
0
98
37
25
5
40
23
39
17
8
45
34
6
67
60
22
108
12
76
0
136
0
9
14
19
0
10
90
163
25
49
101
46
67
24
57
24
76
25
33
15
26
0
0
19
106
57
17
33
90
0
0
321
32
58
234
51
68
66
78
80
68
218
35
192
37
27
126
118
130
13
207
197
122
135
86
70
122
89
118
135
228
45
203
72
127
174
203
125
708
173
280
157
449
0
56
165
120
243
456
291
226
131
241
50
267
115
32
42
105
26
50
142
235
417
321
33
89
155
151
106
54
165
79
108
109
652
262
224
419
222
241
201
460
416
235
586
353
81
190
0
37
0
100
344
168
424
60
151
224
107
153
45
212
76
322
220
281
190
165
365
86
0
610
147
293
970
349
349
595
387
563
75
269
581
310
84
941
377
59
476
577
273
402
339
417
172
232
269
521
0
197
61
428
462
434
36
222
29
348
58
814
702
426
748
33
793
238
476
45
82
0
969
0
755
29
101
518
0
54
922
449
209
312
140
197
249
132
248
0
162
629
213
325
661
153
154
29
165
154
0
0
413
0
130
469
771
522
161
741
617
0
450
421
582
354
204
298
320
123
280
239
599
727
145
88
175
285
278
29
429
64
2114
267
466
64
112
52
343
189
70
55
364
303
633
309
311
367
416
88
144
253
356
594
55
175
111
273
1155
990
275
145
319
266
736
844
1206
254
278
436
413
163
520
1580
364
794
414
165
865
464
317
239
0
73
0
699
654
245
381
893
170
71
309
633
549
85
391
406
574
369
399
0
183
1038
331
360
367
700
215
277
404
634
663
325
594
181
188
281
813
479
356
0
140
831
985
308
850
629
788
660
367
339
69
381
90
1067
277
795
286
186
63
177
792
693
295
270
53
403
137
581
258
246
393
141
202
281
502
570
211
392
323
420
99
475
205
456
591
127
411
415
233
342
209
215
260
754
433
175
495
255
380
651
43
179
556
224
41
530
211
138
535
284
63
532
238
472
246
269
271
605
39
111
918
308
589
323
1101
535
286
438
257
461
462
128
674
534
109
351
429
391
316
358
273
649
311
434
630
293
78
562
413
57
494
744
0
271
235
622
505
401
431
125
386
155
643
538
47
219
348
392
98
526
73
739
559
250
206
412
61
156
1476
243
469
407
200
846
261
427
379
66
414
666
242
695
585
723
691
257
432
848
365
1552
281
219
109
494
87
280
293
157
585
607
234
402
270
446
297
337
192
182
354
395
142
177
218
400
228
140
336
1869
155
412
525
48
193
751
412
571
667
97
330
307
259
331
224
102
504
583
286
207
426
190
126
258
83
133
63
232
465
354
0
329
84
269
328
369
361
200
222
1374
596
816
203
108
441
157
457
209
330
567
390
304
278
331
134
419
79
80
162
80
438
655
635
290
709
256
267
415
421
244
176
423
261
48
246
392
811
286
962
1777
455
212
228
113
65
345
39
43
256
144
314
396
241
499
739
191
172
0
445
176
21
450
181
546
464
45
215
181
424
772
146
603
0
513
498
194
781
506
854
485
304
150
155
635
223
660
302
590
59
228
303
636
269
85
434
183
308
328
78
892
347
523
324
169
147
445
1232
630
439
780
144
49
1800
1205
334
773
403
614
642
729
0
270
1459
240
1278
1391
232
237
280
674
433
59
648
295
581
411
40
440
861
276
401
294
324
392
870
44
1856
108
983
208
100
356
1153
442
67
442
800
248
381
406
325
498
179
82
881
833
674
411
184
976
556
569
423
1041
223
51
604
347
828
376
841
1551
881
750
327
635
1438
1196
499
712
216
667
253
367
451
270
420
150
153
43
792
127
658
357
171
161
364
0
637
241
231
220
69
120
1499
422
994
0
294
70
399
267
99
1668
151
663
416
72
160
397
174
0
542
186
379
56
86
42
147
194
60
509
502
299
61
96
759
548
0
51
879
132
155
307
1813
458
250
556
243
219
346
907
176
643
1393
790
332
226
96
158
330
163
259
43
50
0
192
220
1133
90
144
256
335
854
198
860
414
155
711
647
391
130
394
0
276
424
686
320
81
429
1476
497
701
268
76
77
403
1217
376
1437
301
217
316
458
539
595
46
322
132
223
592
567
214
1350
346
342
938
492
236
468
271
240
878
135
1332
48
1899
1681
787
65
828
177
885
602
548
901
540
871
458
811
414
514
241
499
357
513
235
348
512
520
1460
237
690
251
181
265
538
250
313
618
139
339
363
346
483
240
571
287
69
209
208
100
586
632
330
0
138
292
547
295
25
230
159
963
72
57
37
47
92
361
214
198
312
934
145
519
300
453
163
74
854
489
335
600
62
305
761
609
732
1956
719
80
953
288
162
516
269
351
490
810
672
412
22
124
437
171
103
82
481
286
134
324
351
262
334
1345
184
849
1045
64
519
503
61
284
918
108
105
172
428
41
1040
1387
341
291
63
289
123
223
277
71
175
228
1596
295
72
427
437
293
44
154
1040
746
1514
625
68
309
332
170
124
248
1182
0
1600
365
88
296
147
96
224
253
230
785
392
67
147
274
439
247
942
1388
226
299
458
54
198
769
508
495
342
88
608
297
1686
205
3050
459
250
813
456
412
1003
225
236
342
2281
161
1032
203
693
551
4567
417
475
156
468
0
0
283
132
352
1138
417
420
449
631
82
365
444
605
365
418
379
125
405
562
300
313
766
333
112
0
406
442
324
158
353
237
775
248
62
459
690
90
414
646
352
165
101
348
331
131
660
407
343
40
78
615
6779
411
77
494
170
349
393
400
601
314
529
76
703
510
132
243
73
63
384
288
110
1514
352
306
51
1340
235
409
215
147
65
287
253
282
1247
658
185
73
78
247
38
105
194
797
88
146
1064
800
296
428
440
418
352
494
353
464
214
89
480
87
574
806
455
291
115
49
419
123
308
425
304
323
713
434
73
123
223
51
659
310
71
462
337
228
309
877
553
278
871
122
376
42
162
578
192
63
162
47
1045
505
1205
163
560
253
301
528
386
362
735
335
694
757
653
436
93
304
434
164
310
928
949
0
0
492
51
775
74
1471
219
1151
460
101
310
397
253
472
138
230
623
835
109
466
440
1372
541
397
1501
651
215
150
150
1003
108
209
356
596
50
255
790
248
457
639
184
723
549
399
353
669
235
616
701
216
441
988
426
1675
468
499
213
219
344
89
113
190
55
75
157
115
129
2748
524
661
325
689
230
616
409
2186
169
314
712
898
71
249
447
643
114
738
217
299
243
82
193
561
119
80
113
130
443
759
429
701
298
50
626
157
0
729
120
143
0
1308
484
343
357
353
342
89
405
284
286
240
364
595
298
532
274
376
260
186
642
402
511
310
823
165
727
330
386
813
93
450
687
163
225
322
823
436
210
403
616
416
1834
263
251
175
844
447
433
66
469
176
129
73
279
325
1455
1809
109
453
347
48
628
112
75
250
262
523
452
651
109
56
595
587
473
77
243
1476
82
320
1516
375
368
1810
193
131
377
252
929
1191
526
443
122
122
227
54
1358
183
559
114
411
523
72
263
194
153
498
76
369
505
252
680
1113
243
624
302
817
143
216
694
1225
811
520
3578
476
568
79
1338
486
210
850
91
1478
630
161
5959
984
517
78
76
205
137
537
207
287
3610
1175
692
164
435
489
65
374
599
464
125
53
715
1307
638
574
2134
534
50
343
67
293
1144
1333
107
723
565
1166
99
394
86
475
463
58
72
623
1002
1201
417
810
461
244
141
73
205
526
2129
765
405
72
141
233
848
1424
77
118
977
211
172
1890
758
406
171
368
105
299
423
100
303
368
517
648
705
780
701
75
712
497
522
229
1052
179
267
112
140
339
906
320
90
1978
730
649
103
384
366
229
206
135
332
554
97
75
63
50
722
62
0
52
92
0
247
69
1211
716
1379
50
1040
83
628
49
0
1246
1065
672
232
0
151
193
48
719
501
276
613
213
280
387
264
0
260
73
49
742
70
693
774
844
544
54
299
122
95
0
210
79
0
932
1067
369
545
485
0
702
216
452
717
790
425
293
1328
1564
385
227
517
330
434
469
691
393
1873
464
692
96
802
377
1226
683
260
1072
840
804
544
177
722
461
280
726
1576
5352
447
2149
0
0
345
347
1055
1629
723
521
308
366
347
117
79
396
425
649
520
299
291
298
260
575
900
459
155
4239
461
391
542
462
64
0
670
1193
405
584
818
707
371
717
148
307
710
214
389
309
366
71
270
98
1144
788
332
295
389
279
735
591
2319
68
176
85
409
150
374
374
150
714
220
284
93
176
86
154
345
3910
614
131
498
589
347
824
451
740
596
601
524
331
365
499
702
755
994
481
895
590
1717
97
207
259
3733
751
2254
626
583
58
247
163
980
510
231
965
690
463
372
442
500
1136
287
665
177
424
71
585
486
370
445
327
321
401
544
61
240
1108
739
673
626
994
363
338
332
772
281
1305
730
227
109
79
214
651
719
949
420
348
52
858
566
443
121
360
846
140
143
189
906
340
64
814
466
936
0
682
623
0
120
490
1214
493
336
862
383
224
66
1227
220
113
115
149
294
364
358
290
342
157
716
396
394
96
673
1484
1021
423
229
116
424
715
293
486
1733
602
703
429
833
171
159
795
368
641
622
201
260
1030
518
271
276
269
168
422
403
217
417
444
432
1002
126
870
474
345
674
567
559
504
913
1036
693
160
972
984
282
1403
815
446
1046
152
549
203
771
776
246
432
546
985
270
485
231
403
600
717
1681
687
276
807
790
504
81
1110
541
761
100
719
663
217
1085
689
885
842
865
307
609
210
839
310
619
135
414
455
298
0
683
337
0
919
807
139
155
209
367
584
101
1146
547
629
54
279
340
1150
246
449
173
417
1113
193
314
723
0
938
983
767
698
654
1958
649
299
633
173
1362
632
372
253
359
0
472
484
166
915
694
81
629
303
122
407
748
1006
251
368
328
506
203
578
477
596
455
564
828
213
274
0
746
233
119
454
101
555
598
0
943
878
76
511
354
404
559
554
757
370
236
766
0
1339
417
953
850
246
587
115
185
470
587
901
419
1039
1146
134
277
1240
511
493
177
93
234
3434
232
62
1205
667
803
564
1345
3820
1054
644
296
60
596
343
130
1288
508
241
48
265
659
473
100
237
89
258
322
640
757
265
202
230
558
647
347
65
1213
204
363
92
305
241
680
251
148
1056
281
213
313
164
543
731
303
577
308
536
303
528
86
204
621
447
274
261
340
385
275
205
864
628
569
551
632
103
791
69
168
3179
244
554
570
67
448
865
790
315
807
216
245
1292
493
1005
409
595
1124
693
1393
960
927
310
631
122
634
212
800
0
1340
406
110
581
147
622
1179
865
556
166
181
517
1068
739
101
70
534
561
970
187
195
447
1286
229
227
298
528
402
291
778
980
430
432
1167
1082
189
649
417
246
782
272
0
867
429
569
556
324
535
733
186
568
195
117
183
294
329
604
867
437
212
586
783
581
1118
2921
1397
521
758
451
557
460
492
419
853
35
634
2706
506
662
342
980
107
570
103
773
425
563
453
308
320
170
408
67
921
223
83
296
516
73
732
472
196
646
506
134
281
566
441
1458
357
723
589
296
87
0
267
146
613
82
649
482
141
827
377
448
511
361
331
521
567
845
523
259
113
591
212
812
75
0
1000
192
285
1148
150
1281
1515
440
414
645
453
346
410
932
617
550
649
83
562
840
715
106
627
96
214
167
247
332
0
128
579
86
117
766
84
394
172
37
760
262
115
959
277
697
96
241
414
45
428
286
620
1342
227
111
108
927
497
563
0
555
565
471
130
79
1163
0
852
187
366
167
139
71
453
1881
599
443
135
286
1145
281
823
419
639
273
813
0
872
209
136
341
512
809
1375
58
248
638
469
287
788
158
482
194
675
152
224
580
67
585
503
102
407
121
304
61
158
268
336
641
252
774
533
495
1403
398
337
798
289
143
472
397
194
0
255
1495
162
771
294
1654
347
218
1625
303
461
487
428
260
104
567
1661
403
636
255
440
652
440
1946
287
476
762
374
99
405
346
78
415
103
325
592
783
0
1017
592
841
464
353
290
221
122
415
92
233
62
2017
506
675
832
148
378
0
378
106
443
171
387
649
109
222
205
278
785
817
584
566
1244
597
313
295
80
308
257
881
547
307
629
54
427
693
741
377
318
533
457
86
1968
189
460
845
96
255
506
1479
389
1013
673
709
162
769
926
183
475
1274
503
108
3276
1237
1014
145
391
532
557
502
0
550
387
220
286
476
204
647
347
878
181
82
1326
155
234
258
221
198
104
0
177
222
213
207
222
86
716
93
165
242
812
405
161
151
441
394
689
492
116
118
854
132
351
322
871
186
184
712
434
172
324
65
84
499
96
506
123
375
642
161
2346
636
307
331
160
256
375
396
608
506
549
772
551
378
427
470
215
401
1294
195
617
351
1305
270
316
432
770
854
666
247
0
578
440
640
569
956
680
550
400
987
544
1047
89
587
1244
373
754
643
427
353
343
960
113
643
334
1055
611
199
699
643
291
1723
102
741
98
236
430
465
0
588
467
831
676
1340
74
475
146
160
112
1024
332
825
508
979
237
649
807
252
1469
697
0
103
688
668
84
238
239
178
671
460
243
521
1223
345
1018
569
233
733
670
615
882
284
1201
421
114
153
83
361
983
559
666
868
318
168
855
455
1429
802
176
113
696
895
879
426
633
991
590
202
1160
1152
702
1575
742
1562
856
860
396
807
420
291
1113
175
900
537
858
620
755
1619
97
558
734
94
252
186
779
340
907
719
182
1065
590
362
546
761
658
362
186
190
256
224
503
455
211
945
724
586
293
434
328
516
60
1034
686
266
150
0
1066
1248
951
793
1070
650
457
301
114
307
252
215
579
0
664
212
2055
618
382
399
280
421
429
248
0
998
261
131
312
209
311
33
359
323
247
376
527
138
366
686
175
920
438
867
460
2354
461
871
557
1361
233
221
742
162
836
329
112
175
302
883
334
136
794
255
176
82
755
982
1637
203
545
0
150
368
1036
512
0
262
500
96
978
629
662
213
118
761
2136
425
295
677
224
290
1166
155
4280
566
0
0
373
186
276
177
0
144
283
79
0
587
0
78
965
162
811
291
161
218
705
440
103
1350
521
423
351
383
164
191
836
359
996
861
1029
136
0
141
342
242
735
74
764
538
155
547
818
114
439
451
485
206
209
538
544
0
560
264
478
582
625
235
87
442
523
0
810
740
0
717
893
747
1069
256
472
766
3681
379
740
58
894
684
727
552
956
50
661
0
85
185
709
705
760
1470
628
1254
1375
809
97
1015
86
1269
1050
1094
919
73
557
682
235
1784
788
962
738
413
150
967
1406
914
2042
801
963
450
78
495
156
733
112
804
997
320
511
980
92
88
151
2564
1209
1064
598
517
682
553
294
266
76
411
0
1062
261
161
295
289
225
231
845
1833
531
118
117
511
584
201
120
1121
288
213
923
842
743
137
413
282
122
824
301
588
331
713
560
124
2136
1008
406
96
501
113
128
916
575
162
387
894
101
607
739
1167
77
236
771
43
66
391
794
264
1903
1055
578
100
1634
2559
1865
169
351
132
662
366
190
111
179
378
210
159
151
615
3145
384
363
202
476
93
223
516
875
150
1198
155
358
118
842
584
192
67
43
446
496
91
37
67
364
655
1124
1017
252
429
1523
298
313
100
56
36
820
264
1360
1470
235
695
262
174
1388
1077
107
1349
193
211
1129
467
0
5367
1011
215
392
390
175
422
378
461
674
407
129
496
164
383
112
366
375
515
101
859
206
33
392
324
67
623
108
409
810
240
354
1981
997
909
405
7642
362
81
124
101
63
207
518
185
1341
306
308
239
355
1022
2985
147
474
2395
1339
165
87
320
631
181
480
126
281
381
519
698
455
1067
286
175
2037
960
1218
150
833
103
1496
240
971
155
351
123
1861
64
1025
242
236
161
440
614
208
674
529
416
87
1226
344
90
571
137
141
68
725
296
243
898
605
314
457
84
231
249
344
489
1680
220
123
595
1139
125
308
1065
234
766
87
358
68
728
331
0
791
798
1661
1078
150
0
684
618
919
613
438
788
289
1145
455
664
195
670
1168
72
722
198
600
1016
1405
142
162
670
241
700
662
725
514
100
174
218
269
800
458
119
362
160
120
800
191
1143
108
246
1094
1004
268
378
1509
605
268
353
904
155
969
418
203
372
363
155
99
307
40
259
884
629
130
533
90
502
358
135
559
174
0
618
191
672
0
1448
356
79
139
178
609
186
135
591
712
215
299
92
427
403
997
319
191
635
520
95
986
67
2661
456
325
302
261
332
705
597
708
736
909
503
727
111
300
216
995
152
490
373
360
177
728
314
507
418
133
393
177
438
258
627
652
261
92
477
426
908
277
664
265
947
863
129
569
769
1147
712
434
133
710
466
888
854
743
87
257
752
2286
1157
250
2260
228
253
339
568
1186
636
643
70
280
333
292
604
758
792
1510
961
235
964
436
953
967
1247
0
495
338
1148
272
1202
936
289
618
231
412
191
457
988
150
625
493
608
808
800
241
140
160
363
100
4297
1528
470
1040
2733
1125
201
2239
324
209
357
129
1006
1301
357
458
593
962
1102
448
205
218
917
494
389
397
726
631
2161
129
1127
0
477
831
593
105
1258
1059
1215
412
0
123
1026
783
860
1105
1370
990
1109
174
848
1267
731
151
97
894
283
172
94
530
2213
214
71
49
137
269
115
838
172
598
774
192
1421
1996
928
814
914
609
258
224
156
146
169
630
738
331
169
93
43
301
103
387
292
101
295
928
244
471
1010
0
795
1243
96
675
1303
254
707
294
68
717
1100
1545
1227
187
156
830
149
466
1475
245
3409
115
581
3458
1355
573
68
143
153
84
84
788
98
205
650
641
84
127
180
160
1140
785
397
254
302
407
95
721
382
200
689
101
366
0
415
217
867
148
939
165
177
659
275
1124
145
140
1640
1712
101
177
154
1037
417
67
52
183
2004
531
67
512
212
694
88
844
171
368
276
220
286
969
251
1294
840
556
1083
1562
287
474
508
104
644
464
90
742
1089
469
383
501
2640
837
234
1394
3203
744
1128
73
470
143
379
0
443
1637
109
544
114
240
746
492
1002
845
609
967
320
1350
2722
1154
1052
297
185
222
605
98
128
115
69
168
969
139
522
74
80
127
641
141
520
114
350
330
695
94
220
337
563
73
327
112
383
192
140
224
698
108
441
295
73
565
446
127
151
751
600
758
365
252
384
956
1443
405
636
125
417
504
835
83
215
273
477
1187
417
545
111
769
94
441
857
0
415
498
176
424
1007
353
1208
153
302
768
2019
814
149
304
221
200
845
880
940
858
1262
778
582
351
1116
640
506
846
1063
936
579
931
494
171
294
2350
1009
74
905
134
230
298
766
1165
793
900
179
271
0
1655
1125
1788
813
704
1408
728
194
83
1006
154
219
117
452
248
172
393
482
321
220
316
431
1703
132
698
174
3614
608
1220
192
186
0
833
204
912
169
921
195
0
630
808
125
589
0
577
94
389
390
283
149
92
2646
199
273
927
964
422
247
876
253
912
2692
464
79
128
468
950
162
528
647
280
120
352
1605
1138
911
968
874
138
419
1200
1107
1805
1003
945
938
1171
671
804
67
556
142
1088
621
2252
1828
923
835
967
255
992
1048
853
0
103
919
1017
325
760
989
1069
130
161
1040
1370
0
347
118
923
680
1424
844
129
181
1124
597
299
679
514
0
582
452
221
180
627
2230
858
479
616
1122
645
297
598
126
140
1476
2027
324
205
415
325
0
1016
104
94
270
730
598
224
239
89
369
1001
1104
128
343
633
597
211
241
433
320
132
124
0
0
135
57
47
609
668
232
1174
3945
141
189
228
430
152
227
447
361
508
603
314
3433
275
580
1211
565
77
1577
569
94
189
354
666
388
183
528
162
1861
764
94
53
202
2111
124
326
376
628
2292
179
109
438
96
2689
367
721
109
2318
1039
321
644
978
892
224
1243
660
1319
664
346
1306
282
1994
190
665
452
347
1027
345
795
1023
523
239
187
416
174
69
2972
178
313
335
198
672
1066
738
418
800
384
74
1135
370
929
660
140
534
388
1475
112
986
434
76
538
978
482
123
211
525
1392
111
5052
3537
536
881
246
660
1488
358
519
680
143
307
70
634
403
2670
109
96
128
459
502
267
1766
976
754
408
474
798
180
948
832
590
323
130
739
406
71
770
197
94
344
1633
1488
108
501
126
957
238
622
355
40
269
895
657
993
77
550
1018
540
758
461
535
660
441
528
196
741
2517
599
484
879
728
1907
753
1480
1139
459
314
156
656
515
479
578
1201
659
1004
338
399
187
580
1305
654
714
243
1008
1018
0
660
3074
322
803
103
1096
914
1010
354
1116
864
868
0
571
140
101
383
6490
149
2279
149
463
884
971
0
260
594
921
447
517
625
718
940
786
1443
895
1453
1005
1168
562
97
751
858
137
1317
704
806
867
255
603
1673
2309
294
1034
91
384
247
478
122
997
1029
885
990
1108
661
3295
1645
675
199
1122
682
859
625
197
1005
1028
115
787
814
899
954
251
303
766
272
1023
111
101
876
427
654
875
71
1264
1652
860
898
79
682
952
783
176
1316
369
1183
1184
158
1203
1405
974
366
516
874
122
813
136
52
1081
1298
12191
1195
990
1316
436
1962
1030
163
1236
1104
1216
807
992
82
121
421
1729
1729
843
277
1134
76
1152
696
997
996
813
1732
1549
2142
880
1501
2504
571
1098
923
580
507
807
639
542
105
461
182
1134
519
287
579
880
982
1566
1279
561
1105
340
480
581
1051
537
686
1056
950
621
1468
985
1050
614
150
1202
1084
1207
1299
1292
1071
863
916
81
312
1163
1651
77
971
199
1185
251
445
1020
735
833
245
1866
1562
1044
686
699
1040
626
633
175
954
218
122
227
357
668
161
1281
678
1017
177
878
931
1042
895
935
475
622
419
348
1616
837
456
1311
987
0
142
59
285
329
182
457
8914
1440
224
1117
187
944
875
129
2021
1520
1621
1865
918
447
1492
686
1526
907
606
1205
1146
85
1477
1244
1002
589
296
267
197
1481
277
1466
1756
3949
1201
365
2922
0
1092
1988
1632
3483
1145
1194
1375
1586
215
1251
1158
822
2032
1799
2476
1244
1287
1973
650
941
1271
1313
899
1487
3394
2255
388
1240
723
99
317
1082
1318
687
61
1458
2678
78
856
243
943
549
798
1941
2774
513
1381
2163
1028
942
1560
1702
1013
792
768
1761
697
1910
1735
1624
2833
2029
2169
1168
987
723
646
1295
292
907
1219
191
1386
142
70
2667
2200
3774
2269
1453
1269
1839
1153
174
101
1646
859
1161
1544
1742
1452
1337
545
244
4587
2085
960
110
695
78
960
987
2310
1881
1499
